#
# A fatal error has been detected by the Java Runtime Environment:
#
#  EXCEPTION_ACCESS_VIOLATION (0xc0000005) at pc=0x770ddf63, pid=8108, tid=6396
#
# JRE version: Java(TM) SE Runtime Environment (8.0_45-b14) (build 1.8.0_45-b14)
# Java VM: Java HotSpot(TM) Client VM (25.45-b02 mixed mode windows-x86 )
# Problematic frame:
# C  [ntdll.dll+0x1df63]
#
# Failed to write core dump. Minidumps are not enabled by default on client versions of Windows
#
# If you would like to submit a bug report, please visit:
#   http://bugreport.java.com/bugreport/crash.jsp
# The crash happened outside the Java Virtual Machine in native code.
# See problematic frame for where to report the bug.
#

---------------  T H R E A D  ---------------

Current thread (0x166d1000):  JavaThread "Thread-20" [_thread_in_native, id=6396, stack(0x18f90000,0x18fe0000)]

siginfo: ExceptionCode=0xc0000005, writing address 0x00000014

Registers:
EAX=0x00000000, EBX=0x00000a50, ECX=0xfffffffc, EDX=0x00000000
ESP=0x18fdda38, EBP=0x18fdda98, ESI=0x17cbaf60, EDI=0x00000000
EIP=0x770ddf63, EFLAGS=0x00010213

Top of Stack: (sp=0x18fdda38)
0x18fdda38:   00000000 17cbaf64 17cbaf60 00000001
0x18fdda48:   17cbaf60 00000000 7f055000 00000000
0x18fdda58:   00000000 00000000 14d5cde8 00000000
0x18fdda68:   14d5cbf8 00000000 18fdda7c 18fddaac
0x18fdda78:   02a24314 00000001 0a2a25a0 00000014
0x18fdda88:   04e87208 18fdda8c 1827f223 7997ec49
0x18fdda98:   18fddac4 770dde0b 18fde210 17cbaec8
0x18fddaa8:   17cbaf5c 00000000 17cbaf60 00000001 

Instructions: (pc=0x770ddf63)
0x770ddf43:   c2 f0 0f b1 0e 8b 75 b0 3b c2 0f 85 cf 5e fe ff
0x770ddf53:   83 65 c0 00 33 c0 89 45 c4 8b 06 83 f8 ff 74 03
0x770ddf63:   ff 40 14 b8 82 03 fe 7f 8a 08 84 c9 0f 85 c8 34
0x770ddf73:   06 00 57 6a 00 83 fb ff 0f 84 0b 35 06 00 53 e8 


Register to memory mapping:

EAX=0x00000000 is an unknown value
EBX=0x00000a50 is an unknown value
ECX=0xfffffffc is an unknown value
EDX=0x00000000 is an unknown value
ESP=0x18fdda38 is pointing into the stack for thread: 0x166d1000
EBP=0x18fdda98 is pointing into the stack for thread: 0x166d1000
ESI=0x17cbaf60 is an unknown value
EDI=0x00000000 is an unknown value


Stack: [0x18f90000,0x18fe0000],  sp=0x18fdda38,  free space=310k
Native frames: (J=compiled Java code, j=interpreted, Vv=VM code, C=native code)
C  [ntdll.dll+0x1df63]
C  [ntdll.dll+0x1de0b]
C  [ntdll.dll+0x1de35]
C  [libvlccore.dll+0xa3bb0]
C  [jna3384586444515819177.dll+0xd546]
C  [jna3384586444515819177.dll+0x2e5e]
C  [jna3384586444515819177.dll+0x535e]
j  com.sun.jna.Native.invokePointer(JI[Ljava/lang/Object;)J+0
j  com.sun.jna.Function.invokePointer(I[Ljava/lang/Object;)Lcom/sun/jna/Pointer;+6
j  com.sun.jna.Function.invoke([Ljava/lang/Object;Ljava/lang/Class;Z)Ljava/lang/Object;+642
j  com.sun.jna.Function.invoke(Ljava/lang/Class;[Ljava/lang/Object;Ljava/util/Map;)Ljava/lang/Object;+214
j  com.sun.jna.Library$Handler.invoke(Ljava/lang/Object;Ljava/lang/reflect/Method;[Ljava/lang/Object;)Ljava/lang/Object;+341
j  com.sun.proxy.$Proxy0.libvlc_media_get_mrl(Luk/co/caprica/vlcj/binding/internal/libvlc_media_t;)Lcom/sun/jna/Pointer;+16
j  uk.co.caprica.vlcj.player.DefaultMediaPlayer.mrl(Luk/co/caprica/vlcj/binding/internal/libvlc_media_t;)Ljava/lang/String;+22
j  uk.co.caprica.vlcj.player.events.MediaPlayerEventFactory.createEvent(Luk/co/caprica/vlcj/binding/internal/libvlc_event_t;J)Luk/co/caprica/vlcj/player/events/MediaPlayerEvent;+195
j  uk.co.caprica.vlcj.player.DefaultMediaPlayer$EventCallback.callback(Luk/co/caprica/vlcj/binding/internal/libvlc_event_t;Lcom/sun/jna/Pointer;)V+31
v  ~StubRoutines::call_stub
V  [jvm.dll+0x155cb5]
V  [jvm.dll+0x21b12e]
V  [jvm.dll+0x155d4e]
V  [jvm.dll+0x16245a]
V  [jvm.dll+0x1626b3]
V  [jvm.dll+0xffdc3]
C  [java.dll+0x3b22]
j  sun.reflect.NativeMethodAccessorImpl.invoke(Ljava/lang/Object;[Ljava/lang/Object;)Ljava/lang/Object;+100
j  sun.reflect.DelegatingMethodAccessorImpl.invoke(Ljava/lang/Object;[Ljava/lang/Object;)Ljava/lang/Object;+6
j  java.lang.reflect.Method.invoke(Ljava/lang/Object;[Ljava/lang/Object;)Ljava/lang/Object;+56
j  com.sun.jna.CallbackReference$DefaultCallbackProxy.invokeCallback([Ljava/lang/Object;)Ljava/lang/Object;+127
j  com.sun.jna.CallbackReference$DefaultCallbackProxy.callback([Ljava/lang/Object;)Ljava/lang/Object;+2
v  ~StubRoutines::call_stub
V  [jvm.dll+0x155cb5]
V  [jvm.dll+0x21b12e]
V  [jvm.dll+0x155d4e]
V  [jvm.dll+0xdae87]
V  [jvm.dll+0xdc708]
C  [jna3384586444515819177.dll+0xa682]
C  [jna3384586444515819177.dll+0xae0e]
C  [jna3384586444515819177.dll+0xd602]
C  [jna3384586444515819177.dll+0xdd2e]
C  [combase.dll+0xa0a0]

Java frames: (J=compiled Java code, j=interpreted, Vv=VM code)
j  com.sun.jna.Native.invokePointer(JI[Ljava/lang/Object;)J+0
j  com.sun.jna.Function.invokePointer(I[Ljava/lang/Object;)Lcom/sun/jna/Pointer;+6
j  com.sun.jna.Function.invoke([Ljava/lang/Object;Ljava/lang/Class;Z)Ljava/lang/Object;+642
j  com.sun.jna.Function.invoke(Ljava/lang/Class;[Ljava/lang/Object;Ljava/util/Map;)Ljava/lang/Object;+214
j  com.sun.jna.Library$Handler.invoke(Ljava/lang/Object;Ljava/lang/reflect/Method;[Ljava/lang/Object;)Ljava/lang/Object;+341
j  com.sun.proxy.$Proxy0.libvlc_media_get_mrl(Luk/co/caprica/vlcj/binding/internal/libvlc_media_t;)Lcom/sun/jna/Pointer;+16
j  uk.co.caprica.vlcj.player.DefaultMediaPlayer.mrl(Luk/co/caprica/vlcj/binding/internal/libvlc_media_t;)Ljava/lang/String;+22
j  uk.co.caprica.vlcj.player.events.MediaPlayerEventFactory.createEvent(Luk/co/caprica/vlcj/binding/internal/libvlc_event_t;J)Luk/co/caprica/vlcj/player/events/MediaPlayerEvent;+195
j  uk.co.caprica.vlcj.player.DefaultMediaPlayer$EventCallback.callback(Luk/co/caprica/vlcj/binding/internal/libvlc_event_t;Lcom/sun/jna/Pointer;)V+31
v  ~StubRoutines::call_stub
j  sun.reflect.NativeMethodAccessorImpl.invoke0(Ljava/lang/reflect/Method;Ljava/lang/Object;[Ljava/lang/Object;)Ljava/lang/Object;+0
j  sun.reflect.NativeMethodAccessorImpl.invoke(Ljava/lang/Object;[Ljava/lang/Object;)Ljava/lang/Object;+100
j  sun.reflect.DelegatingMethodAccessorImpl.invoke(Ljava/lang/Object;[Ljava/lang/Object;)Ljava/lang/Object;+6
j  java.lang.reflect.Method.invoke(Ljava/lang/Object;[Ljava/lang/Object;)Ljava/lang/Object;+56
j  com.sun.jna.CallbackReference$DefaultCallbackProxy.invokeCallback([Ljava/lang/Object;)Ljava/lang/Object;+127
j  com.sun.jna.CallbackReference$DefaultCallbackProxy.callback([Ljava/lang/Object;)Ljava/lang/Object;+2
v  ~StubRoutines::call_stub
j  com.sun.jna.Native.invokeVoid(JI[Ljava/lang/Object;)V+0
j  com.sun.jna.Function.invoke([Ljava/lang/Object;Ljava/lang/Class;Z)Ljava/lang/Object;+48
j  com.sun.jna.Function.invoke(Ljava/lang/Class;[Ljava/lang/Object;Ljava/util/Map;)Ljava/lang/Object;+214
j  com.sun.jna.Library$Handler.invoke(Ljava/lang/Object;Ljava/lang/reflect/Method;[Ljava/lang/Object;)Ljava/lang/Object;+341
j  com.sun.proxy.$Proxy0.libvlc_media_player_set_media(Luk/co/caprica/vlcj/binding/internal/libvlc_media_player_t;Luk/co/caprica/vlcj/binding/internal/libvlc_media_t;)V+20
j  uk.co.caprica.vlcj.player.DefaultMediaPlayer.setMedia(Ljava/lang/String;[Ljava/lang/String;)Z+302
j  uk.co.caprica.vlcj.player.DefaultMediaPlayer.prepareMedia(Ljava/lang/String;[Ljava/lang/String;)Z+19
j  uk.co.caprica.vlcj.player.DefaultMediaPlayer.playMedia(Ljava/lang/String;[Ljava/lang/String;)Z+19
j  com.sadoksync.sadoksync.Client.connectToRtsp()V+12
j  com.sadoksync.sadoksync.ConnectionHandler.run()V+462
v  ~StubRoutines::call_stub

---------------  P R O C E S S  ---------------

Java Threads: ( => current thread )
  0x18472400 JavaThread "Thread-154" [_thread_in_native, id=8064, stack(0x1bc60000,0x1bcb0000)]
  0x18475000 JavaThread "Thread-152" [_thread_in_native, id=8264, stack(0x1bb40000,0x1bb90000)]
  0x18472000 JavaThread "Thread-146" [_thread_in_native, id=5516, stack(0x1b870000,0x1b8c0000)]
  0x18474c00 JavaThread "Thread-139" [_thread_in_native, id=1512, stack(0x1bbd0000,0x1bc20000)]
  0x18473800 JavaThread "pool-3-thread-1" [_thread_blocked, id=3288, stack(0x1ba20000,0x1ba70000)]
  0x18474400 JavaThread "Thread-134" [_thread_in_native, id=184, stack(0x1bab0000,0x1bb00000)]
  0x18473000 JavaThread "Thread-128" [_thread_in_native, id=8080, stack(0x1b900000,0x1b950000)]
  0x18473c00 JavaThread "Thread-122" [_thread_in_native, id=4744, stack(0x1b5a0000,0x1b5f0000)]
  0x1845e800 JavaThread "Thread-115" [_thread_in_native, id=4488, stack(0x1b750000,0x1b7a0000)]
  0x1845f400 JavaThread "Thread-111" [_thread_in_native, id=3524, stack(0x1b7e0000,0x1b830000)]
  0x1845d000 JavaThread "pool-1-thread-50" [_thread_blocked, id=7072, stack(0x1b6c0000,0x1b710000)]
  0x1845c800 JavaThread "Thread-103" [_thread_in_native, id=7384, stack(0x1b480000,0x1b4d0000)]
  0x1845e400 JavaThread "pool-1-thread-49" [_thread_blocked, id=8708, stack(0x1b3f0000,0x1b440000)]
  0x1845a400 JavaThread "pool-1-thread-48" [_thread_blocked, id=8660, stack(0x1b630000,0x1b680000)]
  0x18459c00 JavaThread "pool-1-thread-47" [_thread_blocked, id=1624, stack(0x1b240000,0x1b290000)]
  0x1845b800 JavaThread "Thread-97" [_thread_in_native, id=8704, stack(0x1b120000,0x1b170000)]
  0x18459800 JavaThread "pool-1-thread-46" [_thread_blocked, id=5588, stack(0x1af70000,0x1afc0000)]
  0x1845d400 JavaThread "pool-1-thread-45" [_thread_blocked, id=7456, stack(0x1b510000,0x1b560000)]
  0x1845c400 JavaThread "pool-1-thread-44" [_thread_blocked, id=6832, stack(0x1b360000,0x1b3b0000)]
  0x1845bc00 JavaThread "Thread-91" [_thread_in_native, id=9172, stack(0x1b2d0000,0x1b320000)]
  0x18457c00 JavaThread "pool-1-thread-43" [_thread_blocked, id=3384, stack(0x1ae50000,0x1aea0000)]
  0x18458c00 JavaThread "pool-1-thread-42" [_thread_blocked, id=9208, stack(0x1b1b0000,0x1b200000)]
  0x18459000 JavaThread "pool-1-thread-41" [_thread_blocked, id=8204, stack(0x1b090000,0x1b0e0000)]
  0x1845b000 JavaThread "Thread-85" [_thread_in_native, id=2424, stack(0x1b000000,0x1b050000)]
  0x1845a800 JavaThread "pool-1-thread-40" [_thread_blocked, id=2536, stack(0x1ac10000,0x1ac60000)]
  0x18458400 JavaThread "pool-1-thread-39" [_thread_blocked, id=5684, stack(0x1aee0000,0x1af30000)]
  0x183c4c00 JavaThread "pool-1-thread-38" [_thread_blocked, id=8544, stack(0x1adc0000,0x1ae10000)]
  0x16677c00 JavaThread "Thread-79" [_thread_in_native, id=6984, stack(0x1ad30000,0x1ad80000)]
  0x16677800 JavaThread "pool-1-thread-37" [_thread_blocked, id=7484, stack(0x1a320000,0x1a370000)]
  0x16672400 JavaThread "pool-1-thread-36" [_thread_blocked, id=6560, stack(0x1aca0000,0x1acf0000)]
  0x183c7400 JavaThread "pool-1-thread-35" [_thread_blocked, id=8252, stack(0x1ab80000,0x1abd0000)]
  0x183c6c00 JavaThread "Thread-73" [_thread_in_native, id=4932, stack(0x1aaf0000,0x1ab40000)]
  0x183c5400 JavaThread "pool-1-thread-34" [_thread_blocked, id=6168, stack(0x1a0e0000,0x1a130000)]
  0x183c5c00 JavaThread "pool-1-thread-33" [_thread_blocked, id=6488, stack(0x1a5d0000,0x1a620000)]
  0x183c1000 JavaThread "pool-1-thread-32" [_thread_blocked, id=4512, stack(0x1a290000,0x1a2e0000)]
  0x183c3000 JavaThread "Thread-67" [_thread_in_native, id=4956, stack(0x19fc0000,0x1a010000)]
  0x183c2000 JavaThread "pool-1-thread-31" [_thread_blocked, id=1696, stack(0x19ea0000,0x19ef0000)]
  0x183c6000 JavaThread "pool-1-thread-30" [_thread_blocked, id=3672, stack(0x1a200000,0x1a250000)]
  0x183c6800 JavaThread "pool-1-thread-29" [_thread_blocked, id=4056, stack(0x1a170000,0x1a1c0000)]
  0x183c4800 JavaThread "Thread-62" [_thread_in_native, id=4508, stack(0x1a050000,0x1a0a0000)]
  0x183c4000 JavaThread "pool-1-thread-28" [_thread_blocked, id=1744, stack(0x19c60000,0x19cb0000)]
  0x183c2800 JavaThread "pool-1-thread-27" [_thread_blocked, id=8932, stack(0x19f30000,0x19f80000)]
  0x183c1c00 JavaThread "pool-1-thread-26" [_thread_blocked, id=5280, stack(0x19e10000,0x19e60000)]
  0x183c1400 JavaThread "Thread-55" [_thread_in_native, id=2380, stack(0x19b40000,0x19b90000)]
  0x183c0400 JavaThread "pool-1-thread-25" [_thread_blocked, id=4544, stack(0x19900000,0x19950000)]
  0x183c3400 JavaThread "pool-1-thread-24" [_thread_blocked, id=9192, stack(0x19d80000,0x19dd0000)]
  0x183c3c00 JavaThread "pool-1-thread-23" [_thread_blocked, id=3064, stack(0x19cf0000,0x19d40000)]
  0x183c0800 JavaThread "Thread-50" [_thread_in_native, id=3852, stack(0x19bd0000,0x19c20000)]
  0x16672000 JavaThread "pool-1-thread-22" [_thread_blocked, id=1532, stack(0x19870000,0x198c0000)]
  0x166d1800 JavaThread "pool-1-thread-21" [_thread_blocked, id=2036, stack(0x1a660000,0x1a6b0000)]
  0x16676c00 JavaThread "pool-1-thread-20" [_thread_blocked, id=3972, stack(0x19ab0000,0x19b00000)]
  0x16676400 JavaThread "pool-1-thread-19" [_thread_blocked, id=428, stack(0x19a20000,0x19a70000)]
  0x16671400 JavaThread "Thread-43" [_thread_in_native, id=4284, stack(0x195c0000,0x19610000)]
  0x16675c00 JavaThread "pool-1-thread-18" [_thread_blocked, id=8832, stack(0x19990000,0x199e0000)]
  0x16675800 JavaThread "pool-1-thread-17" [_thread_blocked, id=3804, stack(0x19750000,0x197a0000)]
  0x16671800 JavaThread "Thread-38" [_thread_in_native, id=6512, stack(0x194a0000,0x194f0000)]
  0x16675000 JavaThread "pool-1-thread-16" [_thread_blocked, id=7832, stack(0x19380000,0x193d0000)]
  0x16677000 JavaThread "pool-1-thread-15" [_thread_blocked, id=7860, stack(0x197e0000,0x19830000)]
  0x16674000 JavaThread "Thread-32" [_thread_in_native, id=7220, stack(0x19530000,0x19580000)]
  0x16674c00 JavaThread "pool-1-thread-14" [_thread_blocked, id=7180, stack(0x190b0000,0x19100000)]
  0x16673000 JavaThread "pool-1-thread-13" [_thread_blocked, id=6916, stack(0x18f00000,0x18f50000)]
  0x16670c00 JavaThread "pool-1-thread-12" [_thread_blocked, id=6532, stack(0x19410000,0x19460000)]
  0x16672c00 JavaThread "pool-1-thread-11" [_thread_blocked, id=6140, stack(0x192f0000,0x19340000)]
  0x16674400 JavaThread "Thread-25" [_thread_in_native, id=8848, stack(0x19260000,0x192b0000)]
  0x16670400 JavaThread "pool-1-thread-10" [_thread_blocked, id=8656, stack(0x191d0000,0x19220000)]
  0x16673800 JavaThread "pool-1-thread-9" [_thread_blocked, id=5292, stack(0x19140000,0x19190000)]
  0x166d1c00 JavaThread "pool-1-thread-8" [_thread_blocked, id=7572, stack(0x19020000,0x19070000)]
=>0x166d1000 JavaThread "Thread-20" [_thread_in_native, id=6396, stack(0x18f90000,0x18fe0000)]
  0x166d2c00 JavaThread "pool-1-thread-7" [_thread_blocked, id=4816, stack(0x18de0000,0x18e30000)]
  0x166d4800 JavaThread "pool-1-thread-6" [_thread_blocked, id=8968, stack(0x18e70000,0x18ec0000)]
  0x166d3800 JavaThread "pool-1-thread-5" [_thread_blocked, id=7740, stack(0x173a0000,0x173f0000)]
  0x166d4400 JavaThread "pool-1-thread-4" [_thread_blocked, id=3284, stack(0x174c0000,0x17510000)]
  0x166d3c00 JavaThread "pool-1-thread-3" [_thread_blocked, id=6368, stack(0x17430000,0x17480000)]
  0x166d3000 JavaThread "TimerQueue" daemon [_thread_blocked, id=3700, stack(0x18c10000,0x18c60000)]
  0x166d2400 JavaThread "DestroyJavaVM" [_thread_blocked, id=4276, stack(0x012c0000,0x01310000)]
  0x166b8400 JavaThread "Swing-Shell" daemon [_thread_blocked, id=8256, stack(0x17570000,0x175c0000)]
  0x165c3800 JavaThread "AWT-EventQueue-0" [_thread_in_vm, id=3236, stack(0x15e00000,0x15e50000)]
  0x165af800 JavaThread "AWT-Shutdown" [_thread_blocked, id=8104, stack(0x15c00000,0x15c50000)]
  0x151e4800 JavaThread "AWT-Windows" daemon [_thread_in_native, id=7876, stack(0x15c90000,0x15ce0000)]
  0x151dec00 JavaThread "Java2D Disposer" daemon [_thread_blocked, id=8804, stack(0x15b70000,0x15bc0000)]
  0x1511cc00 JavaThread "pool-1-thread-2" [_thread_in_native, id=6780, stack(0x15600000,0x15650000)]
  0x1511c400 JavaThread "pool-1-thread-1" [_thread_in_native, id=7216, stack(0x15570000,0x155c0000)]
  0x150aec00 JavaThread "Service Thread" daemon [_thread_blocked, id=2724, stack(0x15450000,0x154a0000)]
  0x1509a400 JavaThread "C1 CompilerThread0" daemon [_thread_blocked, id=5796, stack(0x153c0000,0x15410000)]
  0x15099400 JavaThread "Attach Listener" daemon [_thread_blocked, id=8160, stack(0x15330000,0x15380000)]
  0x15097000 JavaThread "Signal Dispatcher" daemon [_thread_blocked, id=7868, stack(0x152a0000,0x152f0000)]
  0x15066800 JavaThread "Finalizer" daemon [_thread_blocked, id=8768, stack(0x04b80000,0x04bd0000)]
  0x0287ec00 JavaThread "Reference Handler" daemon [_thread_blocked, id=8732, stack(0x04af0000,0x04b40000)]

Other Threads:
  0x0287d400 VMThread [stack: 0x04a60000,0x04ab0000] [id=6472]
  0x150b2400 WatcherThread [stack: 0x154e0000,0x15530000] [id=7252]

VM state:not at safepoint (normal execution)

VM Mutex/Monitor currently owned by a thread:  ([mutex/lock_event])
[0x0127adc0] AdapterHandlerLibrary_lock - owner thread: 0x165c3800

Heap:
 def new generation   total 4928K, used 1295K [0x04c00000, 0x05150000, 0x0a150000)
  eden space 4416K,  20% used [0x04c00000, 0x04ce55d8, 0x05050000)
  from space 512K,  74% used [0x05050000, 0x050af440, 0x050d0000)
  to   space 512K,   0% used [0x050d0000, 0x050d0000, 0x05150000)
 tenured generation   total 10944K, used 7170K [0x0a150000, 0x0ac00000, 0x14c00000)
   the space 10944K,  65% used [0x0a150000, 0x0a850ad0, 0x0a850c00, 0x0ac00000)
 Metaspace       used 10886K, capacity 11079K, committed 11264K, reserved 11648K

Card table byte_map: [0x02920000,0x029b0000] byte_map_base: 0x028fa000

Polling page: 0x01310000

CodeCache: size=32768Kb used=1595Kb max_used=1595Kb free=31172Kb
 bounds [0x02a20000, 0x02bb0000, 0x04a20000]
 total_blobs=928 nmethods=680 adapters=178
 compilation: enabled

Compilation events (10 events):
Event: 19.398 Thread 0x1509a400  612             java.util.ArrayList::<init> (12 bytes)
Event: 19.399 Thread 0x1509a400 nmethod 612 0x02b88488 code [0x02b88580, 0x02b88610]
Event: 19.403 Thread 0x1509a400  613             java.util.ArrayList::grow (45 bytes)
Event: 19.404 Thread 0x1509a400 nmethod 613 0x02b88648 code [0x02b88760, 0x02b888c8]
Event: 19.405 Thread 0x1509a400  614             java.lang.reflect.Field::getModifiers (5 bytes)
Event: 19.405 Thread 0x1509a400 nmethod 614 0x02b88a08 code [0x02b88b00, 0x02b88b80]
Event: 19.432 Thread 0x1509a400  615             sun.nio.cs.SingleByte$Encoder::encodeArrayLoop (236 bytes)
Event: 19.443 Thread 0x1509a400 nmethod 615 0x02b88bc8 code [0x02b88ee0, 0x02b899dc]
Event: 19.444 Thread 0x1509a400  616             sun.reflect.ReflectionFactory::langReflectAccess (15 bytes)
Event: 19.444 Thread 0x1509a400 nmethod 616 0x02b8afc8 code [0x02b8b0c0, 0x02b8b140]

GC Heap History (10 events):
Event: 2.228 GC heap before
{Heap before GC invocations=0 (full 0):
 def new generation   total 4928K, used 4416K [0x04c00000, 0x05150000, 0x0a150000)
  eden space 4416K, 100% used [0x04c00000, 0x05050000, 0x05050000)
  from space 512K,   0% used [0x05050000, 0x05050000, 0x050d0000)
  to   space 512K,   0% used [0x050d0000, 0x050d0000, 0x05150000)
 tenured generation   total 10944K, used 0K [0x0a150000, 0x0ac00000, 0x14c00000)
   the space 10944K,   0% used [0x0a150000, 0x0a150000, 0x0a150200, 0x0ac00000)
 Metaspace       used 6590K, capacity 6768K, committed 6912K, reserved 7552K
Event: 2.243 GC heap after
Heap after GC invocations=1 (full 0):
 def new generation   total 4928K, used 512K [0x04c00000, 0x05150000, 0x0a150000)
  eden space 4416K,   0% used [0x04c00000, 0x04c00000, 0x05050000)
  from space 512K, 100% used [0x050d0000, 0x05150000, 0x05150000)
  to   space 512K,   0% used [0x05050000, 0x05050000, 0x050d0000)
 tenured generation   total 10944K, used 1013K [0x0a150000, 0x0ac00000, 0x14c00000)
   the space 10944K,   9% used [0x0a150000, 0x0a24d6b0, 0x0a24d800, 0x0ac00000)
 Metaspace       used 6590K, capacity 6768K, committed 6912K, reserved 7552K
}
Event: 3.622 GC heap before
{Heap before GC invocations=1 (full 0):
 def new generation   total 4928K, used 4928K [0x04c00000, 0x05150000, 0x0a150000)
  eden space 4416K, 100% used [0x04c00000, 0x05050000, 0x05050000)
  from space 512K, 100% used [0x050d0000, 0x05150000, 0x05150000)
  to   space 512K,   0% used [0x05050000, 0x05050000, 0x050d0000)
 tenured generation   total 10944K, used 1013K [0x0a150000, 0x0ac00000, 0x14c00000)
   the space 10944K,   9% used [0x0a150000, 0x0a24d6b0, 0x0a24d800, 0x0ac00000)
 Metaspace       used 9198K, capacity 9390K, committed 9600K, reserved 9600K
Event: 3.646 GC heap after
Heap after GC invocations=2 (full 0):
 def new generation   total 4928K, used 512K [0x04c00000, 0x05150000, 0x0a150000)
  eden space 4416K,   0% used [0x04c00000, 0x04c00000, 0x05050000)
  from space 512K, 100% used [0x05050000, 0x050d0000, 0x050d0000)
  to   space 512K,   0% used [0x050d0000, 0x050d0000, 0x05150000)
 tenured generation   total 10944K, used 2479K [0x0a150000, 0x0ac00000, 0x14c00000)
   the space 10944K,  22% used [0x0a150000, 0x0a3bbfe0, 0x0a3bc000, 0x0ac00000)
 Metaspace       used 9198K, capacity 9390K, committed 9600K, reserved 9600K
}
Event: 4.658 GC heap before
{Heap before GC invocations=2 (full 0):
 def new generation   total 4928K, used 4928K [0x04c00000, 0x05150000, 0x0a150000)
  eden space 4416K, 100% used [0x04c00000, 0x05050000, 0x05050000)
  from space 512K, 100% used [0x05050000, 0x050d0000, 0x050d0000)
  to   space 512K,   0% used [0x050d0000, 0x050d0000, 0x05150000)
 tenured generation   total 10944K, used 2479K [0x0a150000, 0x0ac00000, 0x14c00000)
   the space 10944K,  22% used [0x0a150000, 0x0a3bbfe0, 0x0a3bc000, 0x0ac00000)
 Metaspace       used 9787K, capacity 9998K, committed 10112K, reserved 10624K
Event: 4.667 GC heap after
Heap after GC invocations=3 (full 0):
 def new generation   total 4928K, used 499K [0x04c00000, 0x05150000, 0x0a150000)
  eden space 4416K,   0% used [0x04c00000, 0x04c00000, 0x05050000)
  from space 512K,  97% used [0x050d0000, 0x0514cd88, 0x05150000)
  to   space 512K,   0% used [0x05050000, 0x05050000, 0x050d0000)
 tenured generation   total 10944K, used 2926K [0x0a150000, 0x0ac00000, 0x14c00000)
   the space 10944K,  26% used [0x0a150000, 0x0a42bb28, 0x0a42bc00, 0x0ac00000)
 Metaspace       used 9787K, capacity 9998K, committed 10112K, reserved 10624K
}
Event: 5.191 GC heap before
{Heap before GC invocations=3 (full 0):
 def new generation   total 4928K, used 4915K [0x04c00000, 0x05150000, 0x0a150000)
  eden space 4416K, 100% used [0x04c00000, 0x05050000, 0x05050000)
  from space 512K,  97% used [0x050d0000, 0x0514cd88, 0x05150000)
  to   space 512K,   0% used [0x05050000, 0x05050000, 0x050d0000)
 tenured generation   total 10944K, used 2926K [0x0a150000, 0x0ac00000, 0x14c00000)
   the space 10944K,  26% used [0x0a150000, 0x0a42bb28, 0x0a42bc00, 0x0ac00000)
 Metaspace       used 10272K, capacity 10448K, committed 10624K, reserved 10624K
Event: 5.200 GC heap after
Heap after GC invocations=4 (full 0):
 def new generation   total 4928K, used 511K [0x04c00000, 0x05150000, 0x0a150000)
  eden space 4416K,   0% used [0x04c00000, 0x04c00000, 0x05050000)
  from space 512K,  99% used [0x05050000, 0x050cff48, 0x050d0000)
  to   space 512K,   0% used [0x050d0000, 0x050d0000, 0x05150000)
 tenured generation   total 10944K, used 3199K [0x0a150000, 0x0ac00000, 0x14c00000)
   the space 10944K,  29% used [0x0a150000, 0x0a46ff30, 0x0a470000, 0x0ac00000)
 Metaspace       used 10272K, capacity 10448K, committed 10624K, reserved 10624K
}
Event: 19.406 GC heap before
{Heap before GC invocations=4 (full 0):
 def new generation   total 4928K, used 4428K [0x04c00000, 0x05150000, 0x0a150000)
  eden space 4416K,  88% used [0x04c00000, 0x04fd3390, 0x05050000)
  from space 512K,  99% used [0x05050000, 0x050cff48, 0x050d0000)
  to   space 512K,   0% used [0x050d0000, 0x050d0000, 0x05150000)
 tenured generation   total 10944K, used 3199K [0x0a150000, 0x0ac00000, 0x14c00000)
   the space 10944K,  29% used [0x0a150000, 0x0a46ff30, 0x0a470000, 0x0ac00000)
 Metaspace       used 10818K, capacity 11005K, committed 11264K, reserved 11648K
Event: 19.428 GC heap after
Heap after GC invocations=5 (full 0):
 def new generation   total 4928K, used 229K [0x04c00000, 0x05150000, 0x0a150000)
  eden space 4416K,   0% used [0x04c00000, 0x04c00000, 0x05050000)
  from space 512K,  44% used [0x050d0000, 0x051096d0, 0x05150000)
  to   space 512K,   0% used [0x05050000, 0x05050000, 0x050d0000)
 tenured generation   total 10944K, used 4820K [0x0a150000, 0x0ac00000, 0x14c00000)
   the space 10944K,  44% used [0x0a150000, 0x0a605070, 0x0a605200, 0x0ac00000)
 Metaspace       used 10818K, capacity 11005K, committed 11264K, reserved 11648K
}

Deoptimization events (0 events):
No events

Internal exceptions (10 events):
Event: 3.423 Thread 0x16628c00 Exception <a 'java/security/PrivilegedActionException'> (0x04ee9270) thrown at [C:\re\workspace\8-2-build-windows-i586-cygwin\jdk8u45\3457\hotspot\src\share\vm\prims\jvm.cpp, line 1382]
Event: 4.678 Thread 0x0127c400 Exception <a 'java/lang/NoClassDefFoundError': org/slf4j/impl/StaticLoggerBinder> (0x04c0cda8) thrown at [C:\re\workspace\8-2-build-windows-i586-cygwin\jdk8u45\3457\hotspot\src\share\vm\classfile\systemDictionary.cpp, line 199]
Event: 4.702 Thread 0x0127c400 Exception <a 'java/lang/NullPointerException'> (0x04c57b08) thrown at [C:\re\workspace\8-2-build-windows-i586-cygwin\jdk8u45\3457\hotspot\src\share\vm\interpreter\linkResolver.cpp, line 1178]
Event: 4.704 Thread 0x0127c400 Exception <a 'java/lang/UnsatisfiedLinkError': Det går inte att hitta den angivna modulen.
> (0x04c580b0) thrown at [C:\re\workspace\8-2-build-windows-i586-cygwin\jdk8u45\3457\hotspot\src\share\vm\prims\jni.cpp, line 735]
Event: 4.706 Thread 0x0127c400 Exception <a 'java/lang/UnsatisfiedLinkError': Det går inte att hitta den angivna modulen.
> (0x04c58370) thrown at [C:\re\workspace\8-2-build-windows-i586-cygwin\jdk8u45\3457\hotspot\src\share\vm\prims\jni.cpp, line 735]
Event: 4.707 Thread 0x0127c400 Exception <a 'java/lang/UnsatisfiedLinkError': Det går inte att hitta den angivna modulen.
> (0x04c586a8) thrown at [C:\re\workspace\8-2-build-windows-i586-cygwin\jdk8u45\3457\hotspot\src\share\vm\prims\jni.cpp, line 735]
Event: 4.707 Thread 0x0127c400 Exception <a 'java/lang/UnsatisfiedLinkError'> (0x04c5aad8) thrown at [C:\re\workspace\8-2-build-windows-i586-cygwin\jdk8u45\3457\hotspot\src\share\vm\oops\instanceKlass.cpp, line 938]
Event: 4.724 Thread 0x0127c400 Exception <a 'java/lang/NullPointerException'> (0x04c902d0) thrown at [C:\re\workspace\8-2-build-windows-i586-cygwin\jdk8u45\3457\hotspot\src\share\vm\interpreter\linkResolver.cpp, line 1178]
Event: 17.117 Thread 0x166d3c00 Exception <a 'java/lang/NoSuchMethodError': <clinit>> (0x04eb51f0) thrown at [C:\re\workspace\8-2-build-windows-i586-cygwin\jdk8u45\3457\hotspot\src\share\vm\prims\jni.cpp, line 1598]
Event: 17.978 Thread 0x166d3800 Exception <a 'java/lang/NoSuchMethodError': <clinit>> (0x04f0e9d0) thrown at [C:\re\workspace\8-2-build-windows-i586-cygwin\jdk8u45\3457\hotspot\src\share\vm\prims\jni.cpp, line 1598]

Events (10 events):
Event: 19.453 Thread 0x16672400 Thread added: 0x16672400
Event: 19.454 loading class java/awt/geom/Rectangle2D$Double
Event: 19.454 loading class java/awt/geom/Rectangle2D$Double done
Event: 19.455 loading class java/awt/LinearGradientPaintContext
Event: 19.455 loading class java/awt/MultipleGradientPaintContext
Event: 19.456 loading class java/awt/PaintContext
Event: 19.456 loading class java/awt/PaintContext done
Event: 19.456 loading class java/awt/MultipleGradientPaintContext done
Event: 19.456 loading class java/awt/LinearGradientPaintContext done
Event: 19.457 Thread 0x16675c00 Thread added: 0x16675c00


Dynamic libraries:
0x01330000 - 0x01363000 	C:\Program Files (x86)\Java\jdk1.8.0_45\bin\java.exe
0x770c0000 - 0x7722e000 	C:\WINDOWS\SYSTEM32\ntdll.dll
0x76b90000 - 0x76cd0000 	C:\WINDOWS\SYSTEM32\KERNEL32.DLL
0x74f80000 - 0x75057000 	C:\WINDOWS\SYSTEM32\KERNELBASE.dll
0x746f0000 - 0x74790000 	C:\WINDOWS\system32\apphelp.dll
0x71670000 - 0x718d5000 	C:\WINDOWS\AppPatch\AcGenral.DLL
0x76ac0000 - 0x76b83000 	C:\WINDOWS\SYSTEM32\msvcrt.dll
0x75530000 - 0x75571000 	C:\WINDOWS\SYSTEM32\sechost.dll
0x748c0000 - 0x748de000 	C:\WINDOWS\SYSTEM32\SspiCli.dll
0x769c0000 - 0x76a05000 	C:\WINDOWS\SYSTEM32\SHLWAPI.dll
0x73f10000 - 0x73ffd000 	C:\WINDOWS\SYSTEM32\UxTheme.dll
0x75230000 - 0x75383000 	C:\WINDOWS\SYSTEM32\USER32.dll
0x76cd0000 - 0x76dde000 	C:\WINDOWS\SYSTEM32\GDI32.dll
0x74100000 - 0x74123000 	C:\WINDOWS\SYSTEM32\WINMM.dll
0x72920000 - 0x72933000 	C:\WINDOWS\SYSTEM32\samcli.dll
0x75070000 - 0x75198000 	C:\WINDOWS\SYSTEM32\ole32.dll
0x74900000 - 0x74995000 	C:\WINDOWS\SYSTEM32\OLEAUT32.dll
0x72d70000 - 0x72d87000 	C:\WINDOWS\SYSTEM32\MSACM32.dll
0x72d60000 - 0x72d68000 	C:\WINDOWS\SYSTEM32\VERSION.dll
0x75580000 - 0x7682c000 	C:\WINDOWS\SYSTEM32\SHELL32.dll
0x74300000 - 0x7431b000 	C:\WINDOWS\SYSTEM32\USERENV.dll
0x73ef0000 - 0x73f0a000 	C:\WINDOWS\SYSTEM32\dwmapi.dll
0x71350000 - 0x7149b000 	C:\WINDOWS\SYSTEM32\urlmon.dll
0x751a0000 - 0x7521c000 	C:\WINDOWS\SYSTEM32\ADVAPI32.dll
0x743d0000 - 0x74435000 	C:\WINDOWS\SYSTEM32\WINSPOOL.DRV
0x74450000 - 0x74466000 	C:\WINDOWS\SYSTEM32\MPR.dll
0x76870000 - 0x7692a000 	C:\WINDOWS\SYSTEM32\RPCRT4.dll
0x748b0000 - 0x748ba000 	C:\WINDOWS\SYSTEM32\CRYPTBASE.dll
0x74bc0000 - 0x74d3d000 	C:\WINDOWS\SYSTEM32\combase.dll
0x740c0000 - 0x740e3000 	C:\WINDOWS\SYSTEM32\WINMMBASE.dll
0x740f0000 - 0x740ff000 	C:\WINDOWS\SYSTEM32\profapi.dll
0x73210000 - 0x73442000 	C:\WINDOWS\SYSTEM32\iertutil.dll
0x73490000 - 0x73665000 	C:\WINDOWS\SYSTEM32\WININET.dll
0x74850000 - 0x748a4000 	C:\WINDOWS\SYSTEM32\bcryptPrimitives.dll
0x76a70000 - 0x76aac000 	C:\WINDOWS\SYSTEM32\cfgmgr32.dll
0x74000000 - 0x74021000 	C:\WINDOWS\SYSTEM32\DEVOBJ.dll
0x74030000 - 0x740bb000 	C:\WINDOWS\SYSTEM32\SHCORE.DLL
0x76840000 - 0x76867000 	C:\WINDOWS\system32\IMM32.DLL
0x74e60000 - 0x74f72000 	C:\WINDOWS\SYSTEM32\MSCTF.dll
0x73710000 - 0x73916000 	C:\WINDOWS\WinSxS\x86_microsoft.windows.common-controls_6595b64144ccf1df_6.0.9600.17415_none_a9ed7f470139b3c1\COMCTL32.dll
0x5c160000 - 0x5c21f000 	C:\Program Files (x86)\Java\jdk1.8.0_45\jre\bin\msvcr100.dll
0x5bda0000 - 0x5c160000 	C:\Program Files (x86)\Java\jdk1.8.0_45\jre\bin\client\jvm.dll
0x6e840000 - 0x6e848000 	C:\WINDOWS\SYSTEM32\WSOCK32.dll
0x75220000 - 0x75226000 	C:\WINDOWS\SYSTEM32\PSAPI.DLL
0x74d40000 - 0x74d90000 	C:\WINDOWS\SYSTEM32\WS2_32.dll
0x75520000 - 0x75527000 	C:\WINDOWS\SYSTEM32\NSI.dll
0x69ad0000 - 0x69adc000 	C:\Program Files (x86)\Java\jdk1.8.0_45\jre\bin\verify.dll
0x69aa0000 - 0x69ac1000 	C:\Program Files (x86)\Java\jdk1.8.0_45\jre\bin\java.dll
0x693c0000 - 0x693d3000 	C:\Program Files (x86)\Java\jdk1.8.0_45\jre\bin\zip.dll
0x693a0000 - 0x693b5000 	C:\Program Files (x86)\Java\jdk1.8.0_45\jre\bin\net.dll
0x73d70000 - 0x73dbb000 	C:\WINDOWS\system32\mswsock.dll
0x5bc50000 - 0x5bd95000 	C:\Program Files (x86)\Java\jdk1.8.0_45\jre\bin\awt.dll
0x15ce0000 - 0x15d19000 	C:\Program Files (x86)\Samsung\Settings\CmdServer\WinCRT.dll
0x74790000 - 0x74799000 	C:\WINDOWS\SYSTEM32\kernel.appcore.dll
0x63080000 - 0x630b9000 	C:\Program Files (x86)\Java\jdk1.8.0_45\jre\bin\fontmanager.dll
0x69a90000 - 0x69a9f000 	C:\Program Files (x86)\Java\jdk1.8.0_45\jre\bin\nio.dll
0x61fa0000 - 0x61fd0000 	C:\Program Files (x86)\Java\jdk1.8.0_45\jre\bin\t2k.dll
0x73940000 - 0x73960000 	C:\WINDOWS\SYSTEM32\IPHLPAPI.DLL
0x730f0000 - 0x730f8000 	C:\WINDOWS\SYSTEM32\WINNSI.DLL
0x72730000 - 0x72743000 	C:\WINDOWS\SYSTEM32\dhcpcsvc6.DLL
0x72710000 - 0x72724000 	C:\WINDOWS\SYSTEM32\dhcpcsvc.DLL
0x76930000 - 0x769bd000 	C:\WINDOWS\SYSTEM32\clbcatq.dll
0x708c0000 - 0x70a2b000 	C:\WINDOWS\SYSTEM32\WindowsCodecs.dll
0x72670000 - 0x72689000 	C:\WINDOWS\SYSTEM32\CRYPTSP.dll
0x72640000 - 0x72670000 	C:\WINDOWS\system32\rsaenh.dll
0x72620000 - 0x7263e000 	C:\WINDOWS\SYSTEM32\bcrypt.dll
0x74320000 - 0x743a9000 	C:\WINDOWS\WinSxS\x86_microsoft.windows.common-controls_6595b64144ccf1df_5.82.9600.17415_none_7c5769eaaa0aa358\comctl32.dll
0x749a0000 - 0x74b51000 	C:\WINDOWS\SYSTEM32\SETUPAPI.dll
0x70a40000 - 0x70b7a000 	C:\WINDOWS\system32\propsys.dll
0x5bab0000 - 0x5bc4a000 	C:\WINDOWS\system32\NetworkExplorer.dll
0x6f290000 - 0x6f2b3000 	C:\Windows\SYSTEM32\thumbcache.dll
0x57770000 - 0x57779000 	C:\WINDOWS\System32\drprov.dll
0x73c40000 - 0x73c85000 	C:\WINDOWS\System32\WINSTA.dll
0x57750000 - 0x57762000 	C:\WINDOWS\System32\ntlanman.dll
0x57590000 - 0x575aa000 	C:\WINDOWS\System32\davclnt.dll
0x57580000 - 0x5758a000 	C:\WINDOWS\System32\DAVHLPR.dll
0x730a0000 - 0x730b1000 	C:\WINDOWS\System32\wkscli.dll
0x70450000 - 0x7045f000 	C:\WINDOWS\SYSTEM32\cscapi.dll
0x730e0000 - 0x730ea000 	C:\WINDOWS\System32\netutils.dll
0x57510000 - 0x5757e000 	C:\Windows\SYSTEM32\dlnashext.dll
0x5d5c0000 - 0x5d5f9000 	C:\Windows\System32\PlayToDevice.dll
0x61f10000 - 0x61f2a000 	C:\Windows\System32\DevDispItemProvider.dll
0x6f000000 - 0x6f103000 	C:\Windows\SYSTEM32\actxprxy.dll
0x5ba70000 - 0x5baa7000 	C:\WINDOWS\System32\netprofm.dll
0x69390000 - 0x69399000 	C:\WINDOWS\System32\npmproxy.dll
0x5b880000 - 0x5ba66000 	C:\WINDOWS\system32\wpdshext.dll
0x74130000 - 0x742a0000 	C:\WINDOWS\WinSxS\x86_microsoft.windows.gdiplus_6595b64144ccf1df_1.1.9600.17415_none_dad8722c5bcc2d8f\gdiplus.dll
0x5b7f0000 - 0x5b880000 	C:\Windows\SYSTEM32\PortableDeviceApi.dll
0x74e20000 - 0x74e5d000 	C:\WINDOWS\SYSTEM32\WINTRUST.dll
0x75390000 - 0x75518000 	C:\WINDOWS\SYSTEM32\CRYPT32.dll
0x76ab0000 - 0x76abe000 	C:\WINDOWS\SYSTEM32\MSASN1.dll
0x5b7b0000 - 0x5b7f0000 	C:\WINDOWS\system32\audiodev.dll
0x5b360000 - 0x5b5f1000 	C:\WINDOWS\system32\WMVCore.DLL
0x5b770000 - 0x5b7ad000 	C:\WINDOWS\system32\WMASF.DLL
0x6e850000 - 0x6e85b000 	C:\WINDOWS\SYSTEM32\LINKINFO.dll
0x72900000 - 0x72914000 	C:\WINDOWS\SYSTEM32\SAMLIB.dll
0x18360000 - 0x1839d000 	C:\Users\Alexander\AppData\Local\Temp\jna-Alexander\jna3384586444515819177.dll
0x61f30000 - 0x61f59000 	C:\Users\Alexander\Documents\GitHub\sadoksync\Client\SadokSync\target\classes\VLC\libvlc.dll
0x5b0d0000 - 0x5b359000 	C:\Users\Alexander\Documents\GitHub\sadoksync\Client\SadokSync\target\classes\VLC\libvlccore.dll
0x5b040000 - 0x5b0cd000 	C:\Users\Alexander\Documents\GitHub\sadoksync\Client\SadokSync\target\classes\VLC\plugins\access\libdshow_plugin.dll
0x61f80000 - 0x61f91000 	C:\Users\Alexander\Documents\GitHub\sadoksync\Client\SadokSync\target\classes\VLC\plugins\audio_output\libdirectsound_plugin.dll
0x5b750000 - 0x5b761000 	C:\Users\Alexander\Documents\GitHub\sadoksync\Client\SadokSync\target\classes\VLC\plugins\audio_output\libwaveout_plugin.dll
0x5b730000 - 0x5b74d000 	C:\Users\Alexander\Documents\GitHub\sadoksync\Client\SadokSync\target\classes\VLC\plugins\video_output\libdirect3d_plugin.dll
0x5b020000 - 0x5b03a000 	C:\Users\Alexander\Documents\GitHub\sadoksync\Client\SadokSync\target\classes\VLC\plugins\video_output\libdirectdraw_plugin.dll
0x5af90000 - 0x5b011000 	C:\WINDOWS\SYSTEM32\DSOUND.DLL
0x72980000 - 0x729c0000 	C:\WINDOWS\SYSTEM32\POWRPROF.dll
0x72cb0000 - 0x72d03000 	C:\WINDOWS\System32\MMDevApi.dll
0x5af60000 - 0x5af84000 	C:\Program Files (x86)\Java\jdk1.8.0_45\jre\bin\dcpr.dll
0x73cf0000 - 0x73d6e000 	C:\WINDOWS\SYSTEM32\DNSAPI.dll
0x73ce0000 - 0x73ce8000 	C:\Windows\System32\rasadhlp.dll
0x73c90000 - 0x73cd6000 	C:\WINDOWS\System32\fwpuclnt.dll
0x69550000 - 0x69691000 	C:\WINDOWS\SYSTEM32\dbghelp.dll

VM Arguments:
java_command: com.sadoksync.sadoksync.Driver
java_class_path (initial): C:\Users\Alexander\Documents\GitHub\sadoksync\Client\SadokSync\target\classes;C:\Users\Alexander\.m2\repository\uk\co\caprica\vlcj\3.6.0\vlcj-3.6.0.jar;C:\Users\Alexander\.m2\repository\net\java\dev\jna\jna\3.5.2\jna-3.5.2.jar;C:\Users\Alexander\.m2\repository\net\java\dev\jna\platform\3.5.2\platform-3.5.2.jar;C:\Users\Alexander\.m2\repository\org\slf4j\slf4j-api\1.7.10\slf4j-api-1.7.10.jar
Launcher Type: SUN_STANDARD

Environment Variables:
JAVA_HOME=C:\Program Files (x86)\Java\jdk1.8.0_45
PATH=C:\Program Files (x86)\NVIDIA Corporation\PhysX\Common;C:\Program Files (x86)\Intel\iCLS Client\;C:\Program Files\Intel\iCLS Client\;C:\WINDOWS\system32;C:\WINDOWS;C:\WINDOWS\System32\Wbem;C:\WINDOWS\System32\WindowsPowerShell\v1.0\;C:\Program Files\Intel\WiFi\bin\;C:\Program Files\Common Files\Intel\WirelessCommon\;C:\Program Files\Intel\Intel(R) Management Engine Components\DAL;C:\Program Files\Intel\Intel(R) Management Engine Components\IPT;C:\Program Files (x86)\Intel\Intel(R) Management Engine Components\DAL;C:\Program Files (x86)\Intel\Intel(R) Management Engine Components\IPT;C:\Program Files (x86)\Intel\OpenCL SDK\2.0\bin\x86;C:\Program Files (x86)\Intel\OpenCL SDK\2.0\bin\x64;C:\Program Files (x86)\Windows Live\Shared;C:\Program Files\Condusiv Technologies\IntelliMemory\;C:\Program Files\Java\jdk1.7.0_45\bin;C:\VXIPNP\WinNT\Bin;;C:\Program Files\Samsung\AllShare Framework DMS\1.3.23\64bit\???;C:\Program Files (x86)\MiKTeX 2.9\miktex\bin\;C:\Program Files (x86)\OpenVPN\bin
USERNAME=Alexander
OS=Windows_NT
PROCESSOR_IDENTIFIER=Intel64 Family 6 Model 58 Stepping 9, GenuineIntel



---------------  S Y S T E M  ---------------

OS: Windows 8.1 , 64 bit Build 9600 (6.3.9600.17415)

CPU:total 4 (2 cores per cpu, 2 threads per core) family 6 model 58 stepping 9, cmov, cx8, fxsr, mmx, sse, sse2, sse3, ssse3, sse4.1, sse4.2, popcnt, avx, clmul, erms, ht, tsc, tscinvbit, tscinv

Memory: 4k page, physical 8001056k(522748k free), swap 11146788k(1754156k free)

vm_info: Java HotSpot(TM) Client VM (25.45-b02) for windows-x86 JRE (1.8.0_45-b14), built on Apr 10 2015 10:46:40 by "java_re" with MS VC++ 10.0 (VS2010)

time: Thu Apr 23 15:11:33 2015
elapsed time: 19 seconds (0d 0h 0m 19s)

