#
# A fatal error has been detected by the Java Runtime Environment:
#
#  EXCEPTION_ACCESS_VIOLATION (0xc0000005) at pc=0x770ddf63, pid=8688, tid=5736
#
# JRE version: Java(TM) SE Runtime Environment (8.0_45-b14) (build 1.8.0_45-b14)
# Java VM: Java HotSpot(TM) Client VM (25.45-b02 mixed mode windows-x86 )
# Problematic frame:
# C  [ntdll.dll+0x1df63]
#
# Failed to write core dump. Minidumps are not enabled by default on client versions of Windows
#
# If you would like to submit a bug report, please visit:
#   http://bugreport.java.com/bugreport/crash.jsp
# The crash happened outside the Java Virtual Machine in native code.
# See problematic frame for where to report the bug.
#

---------------  T H R E A D  ---------------

Current thread (0x15e0dc00):  JavaThread "Thread-25" [_thread_in_native, id=5736, stack(0x18640000,0x18690000)]

siginfo: ExceptionCode=0xc0000005, writing address 0x00000014

Registers:
EAX=0x00000000, EBX=0x00000a70, ECX=0xfffffffc, EDX=0x00000000
ESP=0x1868df78, EBP=0x1868dfd8, ESI=0x17270f58, EDI=0x00000000
EIP=0x770ddf63, EFLAGS=0x00010213

Top of Stack: (sp=0x1868df78)
0x1868df78:   00000000 17270f5c 17270f58 00000000
0x1868df88:   17270f58 00000000 7e7d8000 00000000
0x1868df98:   00000000 00000000 15f259e0 04c00960
0x1868dfa8:   15bd5d48 1868e470 5c05752e 4ceefc32
0x1868dfb8:   fffffffe 1868dfcc 5bda6ef4 15e00100
0x1868dfc8:   1868e404 1868dfec 1868dfa4 237625da
0x1868dfd8:   1868e004 770dde0b 1868e750 17270ec0
0x1868dfe8:   17270f54 00000000 17270f58 00000001 

Instructions: (pc=0x770ddf63)
0x770ddf43:   c2 f0 0f b1 0e 8b 75 b0 3b c2 0f 85 cf 5e fe ff
0x770ddf53:   83 65 c0 00 33 c0 89 45 c4 8b 06 83 f8 ff 74 03
0x770ddf63:   ff 40 14 b8 82 03 fe 7f 8a 08 84 c9 0f 85 c8 34
0x770ddf73:   06 00 57 6a 00 83 fb ff 0f 84 0b 35 06 00 53 e8 


Register to memory mapping:

EAX=0x00000000 is an unknown value
EBX=0x00000a70 is an unknown value
ECX=0xfffffffc is an unknown value
EDX=0x00000000 is an unknown value
ESP=0x1868df78 is pointing into the stack for thread: 0x15e0dc00
EBP=0x1868dfd8 is pointing into the stack for thread: 0x15e0dc00
ESI=0x17270f58 is an unknown value
EDI=0x00000000 is an unknown value


Stack: [0x18640000,0x18690000],  sp=0x1868df78,  free space=311k
Native frames: (J=compiled Java code, j=interpreted, Vv=VM code, C=native code)
C  [ntdll.dll+0x1df63]
C  [ntdll.dll+0x1de0b]
C  [ntdll.dll+0x1de35]
C  [libvlccore.dll+0xa3bb0]
C  [jna2700485936710142167.dll+0xd546]
C  [jna2700485936710142167.dll+0x2e5e]
C  [jna2700485936710142167.dll+0x535e]
j  com.sun.jna.Native.invokePointer(JI[Ljava/lang/Object;)J+0
j  com.sun.jna.Function.invokePointer(I[Ljava/lang/Object;)Lcom/sun/jna/Pointer;+6
j  com.sun.jna.Function.invoke([Ljava/lang/Object;Ljava/lang/Class;Z)Ljava/lang/Object;+642
j  com.sun.jna.Function.invoke(Ljava/lang/Class;[Ljava/lang/Object;Ljava/util/Map;)Ljava/lang/Object;+214
j  com.sun.jna.Library$Handler.invoke(Ljava/lang/Object;Ljava/lang/reflect/Method;[Ljava/lang/Object;)Ljava/lang/Object;+341
j  com.sun.proxy.$Proxy0.libvlc_media_get_mrl(Luk/co/caprica/vlcj/binding/internal/libvlc_media_t;)Lcom/sun/jna/Pointer;+16
j  uk.co.caprica.vlcj.player.DefaultMediaPlayer.mrl(Luk/co/caprica/vlcj/binding/internal/libvlc_media_t;)Ljava/lang/String;+22
j  uk.co.caprica.vlcj.player.events.MediaPlayerEventFactory.createEvent(Luk/co/caprica/vlcj/binding/internal/libvlc_event_t;J)Luk/co/caprica/vlcj/player/events/MediaPlayerEvent;+195
j  uk.co.caprica.vlcj.player.DefaultMediaPlayer$EventCallback.callback(Luk/co/caprica/vlcj/binding/internal/libvlc_event_t;Lcom/sun/jna/Pointer;)V+31
v  ~StubRoutines::call_stub
V  [jvm.dll+0x155cb5]
V  [jvm.dll+0x21b12e]
V  [jvm.dll+0x155d4e]
V  [jvm.dll+0x16245a]
V  [jvm.dll+0x1626b3]
V  [jvm.dll+0xffdc3]
C  [java.dll+0x3b22]
j  sun.reflect.NativeMethodAccessorImpl.invoke(Ljava/lang/Object;[Ljava/lang/Object;)Ljava/lang/Object;+100
j  sun.reflect.DelegatingMethodAccessorImpl.invoke(Ljava/lang/Object;[Ljava/lang/Object;)Ljava/lang/Object;+6
j  java.lang.reflect.Method.invoke(Ljava/lang/Object;[Ljava/lang/Object;)Ljava/lang/Object;+56
j  com.sun.jna.CallbackReference$DefaultCallbackProxy.invokeCallback([Ljava/lang/Object;)Ljava/lang/Object;+127
j  com.sun.jna.CallbackReference$DefaultCallbackProxy.callback([Ljava/lang/Object;)Ljava/lang/Object;+2
v  ~StubRoutines::call_stub
V  [jvm.dll+0x155cb5]
V  [jvm.dll+0x21b12e]
V  [jvm.dll+0x155d4e]
V  [jvm.dll+0xdae87]
V  [jvm.dll+0xdc708]
C  [jna2700485936710142167.dll+0xa682]
C  [jna2700485936710142167.dll+0xae0e]
C  [jna2700485936710142167.dll+0xd602]
C  [jna2700485936710142167.dll+0xdd2e]
C  [libvlc.dll+0xa0a0]

Java frames: (J=compiled Java code, j=interpreted, Vv=VM code)
j  com.sun.jna.Native.invokePointer(JI[Ljava/lang/Object;)J+0
j  com.sun.jna.Function.invokePointer(I[Ljava/lang/Object;)Lcom/sun/jna/Pointer;+6
j  com.sun.jna.Function.invoke([Ljava/lang/Object;Ljava/lang/Class;Z)Ljava/lang/Object;+642
j  com.sun.jna.Function.invoke(Ljava/lang/Class;[Ljava/lang/Object;Ljava/util/Map;)Ljava/lang/Object;+214
j  com.sun.jna.Library$Handler.invoke(Ljava/lang/Object;Ljava/lang/reflect/Method;[Ljava/lang/Object;)Ljava/lang/Object;+341
j  com.sun.proxy.$Proxy0.libvlc_media_get_mrl(Luk/co/caprica/vlcj/binding/internal/libvlc_media_t;)Lcom/sun/jna/Pointer;+16
j  uk.co.caprica.vlcj.player.DefaultMediaPlayer.mrl(Luk/co/caprica/vlcj/binding/internal/libvlc_media_t;)Ljava/lang/String;+22
j  uk.co.caprica.vlcj.player.events.MediaPlayerEventFactory.createEvent(Luk/co/caprica/vlcj/binding/internal/libvlc_event_t;J)Luk/co/caprica/vlcj/player/events/MediaPlayerEvent;+195
j  uk.co.caprica.vlcj.player.DefaultMediaPlayer$EventCallback.callback(Luk/co/caprica/vlcj/binding/internal/libvlc_event_t;Lcom/sun/jna/Pointer;)V+31
v  ~StubRoutines::call_stub
j  sun.reflect.NativeMethodAccessorImpl.invoke0(Ljava/lang/reflect/Method;Ljava/lang/Object;[Ljava/lang/Object;)Ljava/lang/Object;+0
j  sun.reflect.NativeMethodAccessorImpl.invoke(Ljava/lang/Object;[Ljava/lang/Object;)Ljava/lang/Object;+100
j  sun.reflect.DelegatingMethodAccessorImpl.invoke(Ljava/lang/Object;[Ljava/lang/Object;)Ljava/lang/Object;+6
j  java.lang.reflect.Method.invoke(Ljava/lang/Object;[Ljava/lang/Object;)Ljava/lang/Object;+56
j  com.sun.jna.CallbackReference$DefaultCallbackProxy.invokeCallback([Ljava/lang/Object;)Ljava/lang/Object;+127
j  com.sun.jna.CallbackReference$DefaultCallbackProxy.callback([Ljava/lang/Object;)Ljava/lang/Object;+2
v  ~StubRoutines::call_stub
j  com.sun.jna.Native.invokeVoid(JI[Ljava/lang/Object;)V+0
j  com.sun.jna.Function.invoke([Ljava/lang/Object;Ljava/lang/Class;Z)Ljava/lang/Object;+48
j  com.sun.jna.Function.invoke(Ljava/lang/Class;[Ljava/lang/Object;Ljava/util/Map;)Ljava/lang/Object;+214
j  com.sun.jna.Library$Handler.invoke(Ljava/lang/Object;Ljava/lang/reflect/Method;[Ljava/lang/Object;)Ljava/lang/Object;+341
j  com.sun.proxy.$Proxy0.libvlc_media_player_set_media(Luk/co/caprica/vlcj/binding/internal/libvlc_media_player_t;Luk/co/caprica/vlcj/binding/internal/libvlc_media_t;)V+20
j  uk.co.caprica.vlcj.player.DefaultMediaPlayer.setMedia(Ljava/lang/String;[Ljava/lang/String;)Z+302
j  uk.co.caprica.vlcj.player.DefaultMediaPlayer.prepareMedia(Ljava/lang/String;[Ljava/lang/String;)Z+19
j  uk.co.caprica.vlcj.player.DefaultMediaPlayer.playMedia(Ljava/lang/String;[Ljava/lang/String;)Z+19
j  com.sadoksync.sadoksync.Client.connectToRtsp()V+12
j  com.sadoksync.sadoksync.ConnectionHandler.run()V+462
v  ~StubRoutines::call_stub

---------------  P R O C E S S  ---------------

Java Threads: ( => current thread )
  0x17b46800 JavaThread "Thread-163" [_thread_new, id=832, stack(0x00000000,0x00000000)]
  0x17b45400 JavaThread "Thread-162" [_thread_new, id=3284, stack(0x00000000,0x00000000)]
  0x17b46000 JavaThread "Thread-160" [_thread_in_vm, id=9188, stack(0x1b1f0000,0x1b240000)]
  0x17b45000 JavaThread "Thread-153" [_thread_in_Java, id=3132, stack(0x1b3a0000,0x1b3f0000)]
  0x17b43c00 JavaThread "Thread-148" [_thread_in_native, id=6076, stack(0x1b310000,0x1b360000)]
  0x17b44800 JavaThread "Thread-142" [_thread_in_native, id=5196, stack(0x1b040000,0x1b090000)]
  0x17b45c00 JavaThread "Thread-136" [_thread_in_native, id=7884, stack(0x1b160000,0x1b1b0000)]
  0x17b43400 JavaThread "Thread-130" [_thread_in_native, id=9040, stack(0x1ae90000,0x1aee0000)]
  0x17a97800 JavaThread "Thread-124" [_thread_in_native, id=6228, stack(0x1b0d0000,0x1b120000)]
  0x15dc6400 JavaThread "Thread-118" [_thread_in_native, id=2760, stack(0x1abc0000,0x1ac10000)]
  0x15dc5800 JavaThread "Thread-112" [_thread_in_native, id=2540, stack(0x1ad70000,0x1adc0000)]
  0x15dc4c00 JavaThread "pool-1-thread-50" [_thread_blocked, id=5544, stack(0x1afb0000,0x1b000000)]
  0x15dc4400 JavaThread "Thread-105" [_thread_in_native, id=4212, stack(0x1af20000,0x1af70000)]
  0x15dbf800 JavaThread "pool-1-thread-49" [_thread_blocked, id=8196, stack(0x1aaa0000,0x1aaf0000)]
  0x15dc5000 JavaThread "pool-1-thread-48" [_thread_blocked, id=6092, stack(0x1ae00000,0x1ae50000)]
  0x15dc3c00 JavaThread "pool-1-thread-47" [_thread_blocked, id=9152, stack(0x1ace0000,0x1ad30000)]
  0x15dc2400 JavaThread "Thread-100" [_thread_in_native, id=2244, stack(0x1ac50000,0x1aca0000)]
  0x15dc3800 JavaThread "pool-1-thread-46" [_thread_blocked, id=8268, stack(0x1a860000,0x1a8b0000)]
  0x15dc5c00 JavaThread "pool-1-thread-45" [_thread_blocked, id=7840, stack(0x1ab30000,0x1ab80000)]
  0x15dc2c00 JavaThread "pool-1-thread-44" [_thread_blocked, id=7308, stack(0x1aa10000,0x1aa60000)]
  0x15dc1800 JavaThread "Thread-94" [_thread_in_native, id=6556, stack(0x1a8f0000,0x1a940000)]
  0x15dc0c00 JavaThread "pool-1-thread-43" [_thread_blocked, id=6328, stack(0x1a590000,0x1a5e0000)]
  0x15dc3000 JavaThread "pool-1-thread-42" [_thread_blocked, id=4640, stack(0x1a980000,0x1a9d0000)]
  0x15dc2000 JavaThread "pool-1-thread-41" [_thread_blocked, id=7948, stack(0x1a7d0000,0x1a820000)]
  0x15dbf400 JavaThread "Thread-87" [_thread_in_native, id=6164, stack(0x1a740000,0x1a790000)]
  0x15dc1000 JavaThread "pool-1-thread-40" [_thread_blocked, id=8312, stack(0x1a3e0000,0x1a430000)]
  0x15dc0000 JavaThread "pool-1-thread-39" [_thread_blocked, id=3764, stack(0x1a6b0000,0x1a700000)]
  0x15dc0400 JavaThread "pool-1-thread-38" [_thread_blocked, id=8124, stack(0x1a620000,0x1a670000)]
  0x17a90800 JavaThread "Thread-82" [_thread_in_native, id=4664, stack(0x1a500000,0x1a550000)]
  0x15dd6400 JavaThread "pool-1-thread-37" [_thread_blocked, id=3428, stack(0x19af0000,0x19b40000)]
  0x15e10000 JavaThread "pool-1-thread-36" [_thread_blocked, id=5204, stack(0x1a470000,0x1a4c0000)]
  0x15e12400 JavaThread "pool-1-thread-35" [_thread_blocked, id=7980, stack(0x1a350000,0x1a3a0000)]
  0x17a92000 JavaThread "Thread-76" [_thread_in_native, id=1180, stack(0x1a230000,0x1a280000)]
  0x17a94800 JavaThread "pool-1-thread-34" [_thread_blocked, id=6032, stack(0x19940000,0x19990000)]
  0x17a96c00 JavaThread "pool-1-thread-33" [_thread_blocked, id=7664, stack(0x1a2c0000,0x1a310000)]
  0x17a96800 JavaThread "pool-1-thread-32" [_thread_blocked, id=6308, stack(0x19a60000,0x19ab0000)]
  0x17a97400 JavaThread "Thread-68" [_thread_in_native, id=1288, stack(0x19790000,0x197e0000)]
  0x17a96000 JavaThread "pool-1-thread-31" [_thread_in_native, id=2508, stack(0x186d0000,0x18720000)]
  0x17a94c00 JavaThread "pool-1-thread-30" [_thread_blocked, id=2440, stack(0x199d0000,0x19a20000)]
  0x17a95c00 JavaThread "pool-1-thread-29" [_thread_blocked, id=1012, stack(0x198b0000,0x19900000)]
  0x17a95400 JavaThread "Thread-63" [_thread_in_native, id=3784, stack(0x19820000,0x19870000)]
  0x17a91400 JavaThread "pool-1-thread-28" [_thread_blocked, id=8576, stack(0x194c0000,0x19510000)]
  0x17a91000 JavaThread "pool-1-thread-27" [_thread_blocked, id=5948, stack(0x19700000,0x19750000)]
  0x17a92800 JavaThread "pool-1-thread-26" [_thread_blocked, id=8584, stack(0x19550000,0x195a0000)]
  0x17a93400 JavaThread "Thread-55" [_thread_in_native, id=8752, stack(0x19670000,0x196c0000)]
  0x17a93c00 JavaThread "pool-1-thread-25" [_thread_blocked, id=6940, stack(0x195e0000,0x19630000)]
  0x17a94000 JavaThread "pool-1-thread-24" [_thread_blocked, id=6296, stack(0x19430000,0x19480000)]
  0x17a93000 JavaThread "pool-1-thread-23" [_thread_blocked, id=4148, stack(0x193a0000,0x193f0000)]
  0x17a90400 JavaThread "Thread-50" [_thread_in_native, id=3704, stack(0x191f0000,0x19240000)]
  0x17a91c00 JavaThread "pool-1-thread-22" [_thread_blocked, id=8320, stack(0x19160000,0x191b0000)]
  0x15dd4400 JavaThread "pool-1-thread-21" [_thread_blocked, id=6472, stack(0x19ba0000,0x19bf0000)]
  0x15e14000 JavaThread "Thread-44" [_thread_in_native, id=4996, stack(0x19280000,0x192d0000)]
  0x15e14400 JavaThread "pool-1-thread-20" [_thread_blocked, id=8996, stack(0x18d00000,0x18d50000)]
  0x15e0e000 JavaThread "pool-1-thread-19" [_thread_blocked, id=348, stack(0x18a30000,0x18a80000)]
  0x15e13400 JavaThread "pool-1-thread-18" [_thread_blocked, id=4400, stack(0x190d0000,0x19120000)]
  0x15e0f400 JavaThread "pool-1-thread-17" [_thread_blocked, id=7700, stack(0x19040000,0x19090000)]
  0x15e11400 JavaThread "Thread-37" [_thread_in_native, id=6312, stack(0x18fb0000,0x19000000)]
  0x15e0f800 JavaThread "pool-1-thread-16" [_thread_blocked, id=4628, stack(0x18b50000,0x18ba0000)]
  0x15e12c00 JavaThread "pool-1-thread-15" [_thread_blocked, id=8920, stack(0x18e20000,0x18e70000)]
  0x15e12000 JavaThread "pool-3-thread-1" [_thread_blocked, id=7912, stack(0x18d90000,0x18de0000)]
  0x15e11800 JavaThread "pool-1-thread-14" [_thread_blocked, id=4560, stack(0x18c70000,0x18cc0000)]
  0x15e0d400 JavaThread "Thread-32" [_thread_in_native, id=5348, stack(0x18910000,0x18960000)]
  0x15e0e800 JavaThread "pool-1-thread-13" [_thread_blocked, id=884, stack(0x187f0000,0x18840000)]
  0x15e10c00 JavaThread "pool-1-thread-12" [_thread_blocked, id=8328, stack(0x18be0000,0x18c30000)]
  0x15e10800 JavaThread "pool-1-thread-11" [_thread_blocked, id=836, stack(0x18ac0000,0x18b10000)]
  0x15e0ec00 JavaThread "pool-1-thread-10" [_thread_blocked, id=4272, stack(0x189a0000,0x189f0000)]
=>0x15e0dc00 JavaThread "Thread-25" [_thread_in_native, id=5736, stack(0x18640000,0x18690000)]
  0x15e0cc00 JavaThread "pool-1-thread-9" [_thread_blocked, id=8376, stack(0x18880000,0x188d0000)]
  0x15dd6c00 JavaThread "pool-1-thread-8" [_thread_blocked, id=2100, stack(0x18760000,0x187b0000)]
  0x15dd5800 JavaThread "pool-1-thread-7" [_thread_blocked, id=8184, stack(0x18520000,0x18570000)]
  0x15dd5c00 JavaThread "pool-1-thread-6" [_thread_blocked, id=5932, stack(0x185b0000,0x18600000)]
  0x15dd4c00 JavaThread "pool-1-thread-5" [_thread_blocked, id=3064, stack(0x16a70000,0x16ac0000)]
  0x15dd4000 JavaThread "pool-1-thread-4" [_thread_blocked, id=8816, stack(0x18480000,0x184d0000)]
  0x15dd5000 JavaThread "pool-1-thread-3" [_thread_blocked, id=2036, stack(0x178e0000,0x17930000)]
  0x15dd3800 JavaThread "TimerQueue" daemon [_thread_blocked, id=4648, stack(0x182e0000,0x18330000)]
  0x15dd3000 JavaThread "DestroyJavaVM" [_thread_blocked, id=5180, stack(0x00980000,0x009d0000)]
  0x15c5f000 JavaThread "Swing-Shell" daemon [_thread_blocked, id=920, stack(0x16b20000,0x16b70000)]
  0x15be4400 JavaThread "AWT-EventQueue-0" [_thread_blocked, id=6768, stack(0x16160000,0x161b0000)]
  0x14978800 JavaThread "AWT-Shutdown" [_thread_blocked, id=5648, stack(0x152d0000,0x15320000)]
  0x1497d400 JavaThread "AWT-Windows" daemon [_thread_in_native, id=3772, stack(0x15360000,0x153b0000)]
  0x14977c00 JavaThread "Java2D Disposer" daemon [_thread_blocked, id=6948, stack(0x15240000,0x15290000)]
  0x148b5800 JavaThread "pool-1-thread-2" [_thread_in_native, id=1144, stack(0x14cd0000,0x14d20000)]
  0x148b4c00 JavaThread "pool-1-thread-1" [_thread_in_native, id=2708, stack(0x14c40000,0x14c90000)]
  0x14836400 JavaThread "Service Thread" daemon [_thread_blocked, id=3144, stack(0x14b20000,0x14b70000)]
  0x1483a400 JavaThread "C1 CompilerThread0" daemon [_thread_blocked, id=4780, stack(0x14a90000,0x14ae0000)]
  0x14839400 JavaThread "Attach Listener" daemon [_thread_blocked, id=3236, stack(0x14a00000,0x14a50000)]
  0x14837000 JavaThread "Signal Dispatcher" daemon [_thread_blocked, id=248, stack(0x04770000,0x047c0000)]
  0x14806800 JavaThread "Finalizer" daemon [_thread_blocked, id=96, stack(0x01260000,0x012b0000)]
  0x00bdec00 JavaThread "Reference Handler" daemon [_thread_blocked, id=8144, stack(0x011d0000,0x01220000)]

Other Threads:
  0x00bdd400 VMThread [stack: 0x01140000,0x01190000] [id=5592]
  0x1484b400 WatcherThread [stack: 0x14bb0000,0x14c00000] [id=6500]

VM state:not at safepoint (normal execution)

VM Mutex/Monitor currently owned by a thread:  ([mutex/lock_event])
[0x00c7bd30] Threads_lock - owner thread: 0x148b5800

Heap:
 def new generation   total 4928K, used 1096K [0x04800000, 0x04d50000, 0x09d50000)
  eden space 4416K,  20% used [0x04800000, 0x048e7750, 0x04c50000)
  from space 512K,  33% used [0x04cd0000, 0x04cfa9c0, 0x04d50000)
  to   space 512K,   0% used [0x04c50000, 0x04c50000, 0x04cd0000)
 tenured generation   total 10944K, used 7355K [0x09d50000, 0x0a800000, 0x14800000)
   the space 10944K,  67% used [0x09d50000, 0x0a47ed50, 0x0a47ee00, 0x0a800000)
 Metaspace       used 10916K, capacity 11111K, committed 11264K, reserved 11648K

Card table byte_map: [0x00be0000,0x00c70000] byte_map_base: 0x00bbc000

Polling page: 0x009d0000

CodeCache: size=32768Kb used=1548Kb max_used=1548Kb free=31219Kb
 bounds [0x02770000, 0x028f8000, 0x04770000]
 total_blobs=919 nmethods=671 adapters=178
 compilation: enabled

Compilation events (10 events):
Event: 16.206 Thread 0x1483a400  602             sun.reflect.ReflectionFactory::langReflectAccess (15 bytes)
Event: 16.207 Thread 0x1483a400 nmethod 602 0x028d3f48 code [0x028d4040, 0x028d40c0]
Event: 16.211 Thread 0x1483a400  603             java.awt.Component::invalidateIfValid (12 bytes)
Event: 16.212 Thread 0x1483a400 nmethod 603 0x028d4108 code [0x028d4210, 0x028d42dc]
Event: 16.224 Thread 0x1483a400  604             java.io.WinNTFileSystem::isLetter (30 bytes)
Event: 16.225 Thread 0x1483a400 nmethod 604 0x028d4348 code [0x028d4440, 0x028d4510]
Event: 16.225 Thread 0x1483a400  605             java.net.URI$Parser::charAt (9 bytes)
Event: 16.226 Thread 0x1483a400 nmethod 605 0x028d4548 code [0x028d4650, 0x028d474c]
Event: 16.267 Thread 0x1483a400  606             com.sun.jna.Structure::getFieldList (132 bytes)
Event: 16.274 Thread 0x1483a400 nmethod 606 0x028d4888 code [0x028d4a40, 0x028d4e10]

GC Heap History (8 events):
Event: 2.245 GC heap before
{Heap before GC invocations=0 (full 0):
 def new generation   total 4928K, used 4416K [0x04800000, 0x04d50000, 0x09d50000)
  eden space 4416K, 100% used [0x04800000, 0x04c50000, 0x04c50000)
  from space 512K,   0% used [0x04c50000, 0x04c50000, 0x04cd0000)
  to   space 512K,   0% used [0x04cd0000, 0x04cd0000, 0x04d50000)
 tenured generation   total 10944K, used 0K [0x09d50000, 0x0a800000, 0x14800000)
   the space 10944K,   0% used [0x09d50000, 0x09d50000, 0x09d50200, 0x0a800000)
 Metaspace       used 6590K, capacity 6768K, committed 6912K, reserved 7552K
Event: 2.260 GC heap after
Heap after GC invocations=1 (full 0):
 def new generation   total 4928K, used 512K [0x04800000, 0x04d50000, 0x09d50000)
  eden space 4416K,   0% used [0x04800000, 0x04800000, 0x04c50000)
  from space 512K, 100% used [0x04cd0000, 0x04d50000, 0x04d50000)
  to   space 512K,   0% used [0x04c50000, 0x04c50000, 0x04cd0000)
 tenured generation   total 10944K, used 1013K [0x09d50000, 0x0a800000, 0x14800000)
   the space 10944K,   9% used [0x09d50000, 0x09e4d750, 0x09e4d800, 0x0a800000)
 Metaspace       used 6590K, capacity 6768K, committed 6912K, reserved 7552K
}
Event: 3.741 GC heap before
{Heap before GC invocations=1 (full 0):
 def new generation   total 4928K, used 4928K [0x04800000, 0x04d50000, 0x09d50000)
  eden space 4416K, 100% used [0x04800000, 0x04c50000, 0x04c50000)
  from space 512K, 100% used [0x04cd0000, 0x04d50000, 0x04d50000)
  to   space 512K,   0% used [0x04c50000, 0x04c50000, 0x04cd0000)
 tenured generation   total 10944K, used 1013K [0x09d50000, 0x0a800000, 0x14800000)
   the space 10944K,   9% used [0x09d50000, 0x09e4d750, 0x09e4d800, 0x0a800000)
 Metaspace       used 9197K, capacity 9390K, committed 9600K, reserved 9600K
Event: 3.764 GC heap after
Heap after GC invocations=2 (full 0):
 def new generation   total 4928K, used 512K [0x04800000, 0x04d50000, 0x09d50000)
  eden space 4416K,   0% used [0x04800000, 0x04800000, 0x04c50000)
  from space 512K, 100% used [0x04c50000, 0x04cd0000, 0x04cd0000)
  to   space 512K,   0% used [0x04cd0000, 0x04cd0000, 0x04d50000)
 tenured generation   total 10944K, used 2485K [0x09d50000, 0x0a800000, 0x14800000)
   the space 10944K,  22% used [0x09d50000, 0x09fbd5e8, 0x09fbd600, 0x0a800000)
 Metaspace       used 9197K, capacity 9390K, committed 9600K, reserved 9600K
}
Event: 4.742 GC heap before
{Heap before GC invocations=2 (full 0):
 def new generation   total 4928K, used 4928K [0x04800000, 0x04d50000, 0x09d50000)
  eden space 4416K, 100% used [0x04800000, 0x04c50000, 0x04c50000)
  from space 512K, 100% used [0x04c50000, 0x04cd0000, 0x04cd0000)
  to   space 512K,   0% used [0x04cd0000, 0x04cd0000, 0x04d50000)
 tenured generation   total 10944K, used 2485K [0x09d50000, 0x0a800000, 0x14800000)
   the space 10944K,  22% used [0x09d50000, 0x09fbd5e8, 0x09fbd600, 0x0a800000)
 Metaspace       used 9787K, capacity 9998K, committed 10112K, reserved 10624K
Event: 4.753 GC heap after
Heap after GC invocations=3 (full 0):
 def new generation   total 4928K, used 498K [0x04800000, 0x04d50000, 0x09d50000)
  eden space 4416K,   0% used [0x04800000, 0x04800000, 0x04c50000)
  from space 512K,  97% used [0x04cd0000, 0x04d4c8f8, 0x04d50000)
  to   space 512K,   0% used [0x04c50000, 0x04c50000, 0x04cd0000)
 tenured generation   total 10944K, used 2932K [0x09d50000, 0x0a800000, 0x14800000)
   the space 10944K,  26% used [0x09d50000, 0x0a02d0b0, 0x0a02d200, 0x0a800000)
 Metaspace       used 9787K, capacity 9998K, committed 10112K, reserved 10624K
}
Event: 5.295 GC heap before
{Heap before GC invocations=3 (full 0):
 def new generation   total 4928K, used 4914K [0x04800000, 0x04d50000, 0x09d50000)
  eden space 4416K, 100% used [0x04800000, 0x04c50000, 0x04c50000)
  from space 512K,  97% used [0x04cd0000, 0x04d4c8f8, 0x04d50000)
  to   space 512K,   0% used [0x04c50000, 0x04c50000, 0x04cd0000)
 tenured generation   total 10944K, used 2932K [0x09d50000, 0x0a800000, 0x14800000)
   the space 10944K,  26% used [0x09d50000, 0x0a02d0b0, 0x0a02d200, 0x0a800000)
 Metaspace       used 10272K, capacity 10448K, committed 10624K, reserved 10624K
Event: 5.304 GC heap after
Heap after GC invocations=4 (full 0):
 def new generation   total 4928K, used 511K [0x04800000, 0x04d50000, 0x09d50000)
  eden space 4416K,   0% used [0x04800000, 0x04800000, 0x04c50000)
  from space 512K,  99% used [0x04c50000, 0x04ccfff8, 0x04cd0000)
  to   space 512K,   0% used [0x04cd0000, 0x04cd0000, 0x04d50000)
 tenured generation   total 10944K, used 3202K [0x09d50000, 0x0a800000, 0x14800000)
   the space 10944K,  29% used [0x09d50000, 0x0a070a08, 0x0a070c00, 0x0a800000)
 Metaspace       used 10272K, capacity 10448K, committed 10624K, reserved 10624K
}

Deoptimization events (0 events):
No events

Internal exceptions (10 events):
Event: 3.535 Thread 0x15c54c00 Exception <a 'java/security/PrivilegedActionException'> (0x04ae8d60) thrown at [C:\re\workspace\8-2-build-windows-i586-cygwin\jdk8u45\3457\hotspot\src\share\vm\prims\jvm.cpp, line 1382]
Event: 4.765 Thread 0x00c7c400 Exception <a 'java/lang/NoClassDefFoundError': org/slf4j/impl/StaticLoggerBinder> (0x0480a300) thrown at [C:\re\workspace\8-2-build-windows-i586-cygwin\jdk8u45\3457\hotspot\src\share\vm\classfile\systemDictionary.cpp, line 199]
Event: 4.790 Thread 0x00c7c400 Exception <a 'java/lang/NullPointerException'> (0x04855158) thrown at [C:\re\workspace\8-2-build-windows-i586-cygwin\jdk8u45\3457\hotspot\src\share\vm\interpreter\linkResolver.cpp, line 1178]
Event: 4.792 Thread 0x00c7c400 Exception <a 'java/lang/UnsatisfiedLinkError': Det går inte att hitta den angivna modulen.
> (0x04855700) thrown at [C:\re\workspace\8-2-build-windows-i586-cygwin\jdk8u45\3457\hotspot\src\share\vm\prims\jni.cpp, line 735]
Event: 4.794 Thread 0x00c7c400 Exception <a 'java/lang/UnsatisfiedLinkError': Det går inte att hitta den angivna modulen.
> (0x048559c0) thrown at [C:\re\workspace\8-2-build-windows-i586-cygwin\jdk8u45\3457\hotspot\src\share\vm\prims\jni.cpp, line 735]
Event: 4.795 Thread 0x00c7c400 Exception <a 'java/lang/UnsatisfiedLinkError': Det går inte att hitta den angivna modulen.
> (0x04855cf8) thrown at [C:\re\workspace\8-2-build-windows-i586-cygwin\jdk8u45\3457\hotspot\src\share\vm\prims\jni.cpp, line 735]
Event: 4.796 Thread 0x00c7c400 Exception <a 'java/lang/UnsatisfiedLinkError'> (0x04858128) thrown at [C:\re\workspace\8-2-build-windows-i586-cygwin\jdk8u45\3457\hotspot\src\share\vm\oops\instanceKlass.cpp, line 938]
Event: 4.816 Thread 0x00c7c400 Exception <a 'java/lang/NullPointerException'> (0x0488d630) thrown at [C:\re\workspace\8-2-build-windows-i586-cygwin\jdk8u45\3457\hotspot\src\share\vm\interpreter\linkResolver.cpp, line 1178]
Event: 13.972 Thread 0x15dd5000 Exception <a 'java/lang/NoSuchMethodError': <clinit>> (0x04ab1ea8) thrown at [C:\re\workspace\8-2-build-windows-i586-cygwin\jdk8u45\3457\hotspot\src\share\vm\prims\jni.cpp, line 1598]
Event: 15.079 Thread 0x15dd4c00 Exception <a 'java/lang/NoSuchMethodError': <clinit>> (0x04b0b690) thrown at [C:\re\workspace\8-2-build-windows-i586-cygwin\jdk8u45\3457\hotspot\src\share\vm\prims\jni.cpp, line 1598]

Events (10 events):
Event: 16.273 Executing VM operation: RevokeBias done
Event: 16.273 Thread 0x15e12400 Thread exited: 0x15e12400
Event: 16.273 Thread 0x15e0e000 Thread exited: 0x15e0e000
Event: 16.273 Executing VM operation: RevokeBias
Event: 16.273 Executing VM operation: RevokeBias done
Event: 16.274 Executing VM operation: RevokeBias
Event: 16.274 Executing VM operation: RevokeBias done
Event: 16.275 Executing VM operation: RevokeBias
Event: 16.275 Executing VM operation: RevokeBias done
Event: 16.275 Executing VM operation: RevokeBias


Dynamic libraries:
0x01330000 - 0x01363000 	C:\Program Files (x86)\Java\jdk1.8.0_45\bin\java.exe
0x770c0000 - 0x7722e000 	C:\WINDOWS\SYSTEM32\ntdll.dll
0x76b90000 - 0x76cd0000 	C:\WINDOWS\SYSTEM32\KERNEL32.DLL
0x74f80000 - 0x75057000 	C:\WINDOWS\SYSTEM32\KERNELBASE.dll
0x746f0000 - 0x74790000 	C:\WINDOWS\system32\apphelp.dll
0x71670000 - 0x718d5000 	C:\WINDOWS\AppPatch\AcGenral.DLL
0x76ac0000 - 0x76b83000 	C:\WINDOWS\SYSTEM32\msvcrt.dll
0x75530000 - 0x75571000 	C:\WINDOWS\SYSTEM32\sechost.dll
0x748c0000 - 0x748de000 	C:\WINDOWS\SYSTEM32\SspiCli.dll
0x769c0000 - 0x76a05000 	C:\WINDOWS\SYSTEM32\SHLWAPI.dll
0x73f10000 - 0x73ffd000 	C:\WINDOWS\SYSTEM32\UxTheme.dll
0x75230000 - 0x75383000 	C:\WINDOWS\SYSTEM32\USER32.dll
0x76cd0000 - 0x76dde000 	C:\WINDOWS\SYSTEM32\GDI32.dll
0x74100000 - 0x74123000 	C:\WINDOWS\SYSTEM32\WINMM.dll
0x72920000 - 0x72933000 	C:\WINDOWS\SYSTEM32\samcli.dll
0x75070000 - 0x75198000 	C:\WINDOWS\SYSTEM32\ole32.dll
0x74900000 - 0x74995000 	C:\WINDOWS\SYSTEM32\OLEAUT32.dll
0x72d70000 - 0x72d87000 	C:\WINDOWS\SYSTEM32\MSACM32.dll
0x72d60000 - 0x72d68000 	C:\WINDOWS\SYSTEM32\VERSION.dll
0x75580000 - 0x7682c000 	C:\WINDOWS\SYSTEM32\SHELL32.dll
0x74300000 - 0x7431b000 	C:\WINDOWS\SYSTEM32\USERENV.dll
0x73ef0000 - 0x73f0a000 	C:\WINDOWS\SYSTEM32\dwmapi.dll
0x71350000 - 0x7149b000 	C:\WINDOWS\SYSTEM32\urlmon.dll
0x751a0000 - 0x7521c000 	C:\WINDOWS\SYSTEM32\ADVAPI32.dll
0x743d0000 - 0x74435000 	C:\WINDOWS\SYSTEM32\WINSPOOL.DRV
0x74450000 - 0x74466000 	C:\WINDOWS\SYSTEM32\MPR.dll
0x76870000 - 0x7692a000 	C:\WINDOWS\SYSTEM32\RPCRT4.dll
0x748b0000 - 0x748ba000 	C:\WINDOWS\SYSTEM32\CRYPTBASE.dll
0x74bc0000 - 0x74d3d000 	C:\WINDOWS\SYSTEM32\combase.dll
0x740c0000 - 0x740e3000 	C:\WINDOWS\SYSTEM32\WINMMBASE.dll
0x740f0000 - 0x740ff000 	C:\WINDOWS\SYSTEM32\profapi.dll
0x73210000 - 0x73442000 	C:\WINDOWS\SYSTEM32\iertutil.dll
0x73490000 - 0x73665000 	C:\WINDOWS\SYSTEM32\WININET.dll
0x74850000 - 0x748a4000 	C:\WINDOWS\SYSTEM32\bcryptPrimitives.dll
0x76a70000 - 0x76aac000 	C:\WINDOWS\SYSTEM32\cfgmgr32.dll
0x74000000 - 0x74021000 	C:\WINDOWS\SYSTEM32\DEVOBJ.dll
0x74030000 - 0x740bb000 	C:\WINDOWS\SYSTEM32\SHCORE.DLL
0x76840000 - 0x76867000 	C:\WINDOWS\system32\IMM32.DLL
0x74e60000 - 0x74f72000 	C:\WINDOWS\SYSTEM32\MSCTF.dll
0x73710000 - 0x73916000 	C:\WINDOWS\WinSxS\x86_microsoft.windows.common-controls_6595b64144ccf1df_6.0.9600.17415_none_a9ed7f470139b3c1\COMCTL32.dll
0x5c160000 - 0x5c21f000 	C:\Program Files (x86)\Java\jdk1.8.0_45\jre\bin\msvcr100.dll
0x5bda0000 - 0x5c160000 	C:\Program Files (x86)\Java\jdk1.8.0_45\jre\bin\client\jvm.dll
0x6e840000 - 0x6e848000 	C:\WINDOWS\SYSTEM32\WSOCK32.dll
0x75220000 - 0x75226000 	C:\WINDOWS\SYSTEM32\PSAPI.DLL
0x74d40000 - 0x74d90000 	C:\WINDOWS\SYSTEM32\WS2_32.dll
0x75520000 - 0x75527000 	C:\WINDOWS\SYSTEM32\NSI.dll
0x69ad0000 - 0x69adc000 	C:\Program Files (x86)\Java\jdk1.8.0_45\jre\bin\verify.dll
0x69aa0000 - 0x69ac1000 	C:\Program Files (x86)\Java\jdk1.8.0_45\jre\bin\java.dll
0x693c0000 - 0x693d3000 	C:\Program Files (x86)\Java\jdk1.8.0_45\jre\bin\zip.dll
0x693a0000 - 0x693b5000 	C:\Program Files (x86)\Java\jdk1.8.0_45\jre\bin\net.dll
0x73d70000 - 0x73dbb000 	C:\WINDOWS\system32\mswsock.dll
0x5bc50000 - 0x5bd95000 	C:\Program Files (x86)\Java\jdk1.8.0_45\jre\bin\awt.dll
0x153b0000 - 0x153e9000 	C:\Program Files (x86)\Samsung\Settings\CmdServer\WinCRT.dll
0x74790000 - 0x74799000 	C:\WINDOWS\SYSTEM32\kernel.appcore.dll
0x63080000 - 0x630b9000 	C:\Program Files (x86)\Java\jdk1.8.0_45\jre\bin\fontmanager.dll
0x69a90000 - 0x69a9f000 	C:\Program Files (x86)\Java\jdk1.8.0_45\jre\bin\nio.dll
0x61fa0000 - 0x61fd0000 	C:\Program Files (x86)\Java\jdk1.8.0_45\jre\bin\t2k.dll
0x73940000 - 0x73960000 	C:\WINDOWS\SYSTEM32\IPHLPAPI.DLL
0x730f0000 - 0x730f8000 	C:\WINDOWS\SYSTEM32\WINNSI.DLL
0x72730000 - 0x72743000 	C:\WINDOWS\SYSTEM32\dhcpcsvc6.DLL
0x72710000 - 0x72724000 	C:\WINDOWS\SYSTEM32\dhcpcsvc.DLL
0x76930000 - 0x769bd000 	C:\WINDOWS\SYSTEM32\clbcatq.dll
0x708c0000 - 0x70a2b000 	C:\WINDOWS\SYSTEM32\WindowsCodecs.dll
0x72670000 - 0x72689000 	C:\WINDOWS\SYSTEM32\CRYPTSP.dll
0x72640000 - 0x72670000 	C:\WINDOWS\system32\rsaenh.dll
0x72620000 - 0x7263e000 	C:\WINDOWS\SYSTEM32\bcrypt.dll
0x74320000 - 0x743a9000 	C:\WINDOWS\WinSxS\x86_microsoft.windows.common-controls_6595b64144ccf1df_5.82.9600.17415_none_7c5769eaaa0aa358\comctl32.dll
0x749a0000 - 0x74b51000 	C:\WINDOWS\SYSTEM32\SETUPAPI.dll
0x70a40000 - 0x70b7a000 	C:\WINDOWS\system32\propsys.dll
0x5bab0000 - 0x5bc4a000 	C:\WINDOWS\system32\NetworkExplorer.dll
0x6f290000 - 0x6f2b3000 	C:\Windows\SYSTEM32\thumbcache.dll
0x57770000 - 0x57779000 	C:\WINDOWS\System32\drprov.dll
0x73c40000 - 0x73c85000 	C:\WINDOWS\System32\WINSTA.dll
0x57750000 - 0x57762000 	C:\WINDOWS\System32\ntlanman.dll
0x57590000 - 0x575aa000 	C:\WINDOWS\System32\davclnt.dll
0x57580000 - 0x5758a000 	C:\WINDOWS\System32\DAVHLPR.dll
0x730a0000 - 0x730b1000 	C:\WINDOWS\System32\wkscli.dll
0x70450000 - 0x7045f000 	C:\WINDOWS\SYSTEM32\cscapi.dll
0x730e0000 - 0x730ea000 	C:\WINDOWS\System32\netutils.dll
0x57510000 - 0x5757e000 	C:\Windows\SYSTEM32\dlnashext.dll
0x5d5c0000 - 0x5d5f9000 	C:\Windows\System32\PlayToDevice.dll
0x61f10000 - 0x61f2a000 	C:\Windows\System32\DevDispItemProvider.dll
0x6f000000 - 0x6f103000 	C:\Windows\SYSTEM32\actxprxy.dll
0x5ba70000 - 0x5baa7000 	C:\WINDOWS\System32\netprofm.dll
0x69390000 - 0x69399000 	C:\WINDOWS\System32\npmproxy.dll
0x5b880000 - 0x5ba66000 	C:\WINDOWS\system32\wpdshext.dll
0x74130000 - 0x742a0000 	C:\WINDOWS\WinSxS\x86_microsoft.windows.gdiplus_6595b64144ccf1df_1.1.9600.17415_none_dad8722c5bcc2d8f\gdiplus.dll
0x5b7f0000 - 0x5b880000 	C:\Windows\SYSTEM32\PortableDeviceApi.dll
0x74e20000 - 0x74e5d000 	C:\WINDOWS\SYSTEM32\WINTRUST.dll
0x75390000 - 0x75518000 	C:\WINDOWS\SYSTEM32\CRYPT32.dll
0x76ab0000 - 0x76abe000 	C:\WINDOWS\SYSTEM32\MSASN1.dll
0x5b7b0000 - 0x5b7f0000 	C:\WINDOWS\system32\audiodev.dll
0x5b360000 - 0x5b5f1000 	C:\WINDOWS\system32\WMVCore.DLL
0x5b770000 - 0x5b7ad000 	C:\WINDOWS\system32\WMASF.DLL
0x6e850000 - 0x6e85b000 	C:\WINDOWS\SYSTEM32\LINKINFO.dll
0x72900000 - 0x72914000 	C:\WINDOWS\SYSTEM32\SAMLIB.dll
0x17a30000 - 0x17a6d000 	C:\Users\Alexander\AppData\Local\Temp\jna-Alexander\jna2700485936710142167.dll
0x61f30000 - 0x61f59000 	C:\Users\Alexander\Documents\GitHub\sadoksync\Client\SadokSync\target\classes\VLC\libvlc.dll
0x5b0d0000 - 0x5b359000 	C:\Users\Alexander\Documents\GitHub\sadoksync\Client\SadokSync\target\classes\VLC\libvlccore.dll
0x5b040000 - 0x5b0cd000 	C:\Users\Alexander\Documents\GitHub\sadoksync\Client\SadokSync\target\classes\VLC\plugins\access\libdshow_plugin.dll
0x61f80000 - 0x61f91000 	C:\Users\Alexander\Documents\GitHub\sadoksync\Client\SadokSync\target\classes\VLC\plugins\audio_output\libdirectsound_plugin.dll
0x5b750000 - 0x5b761000 	C:\Users\Alexander\Documents\GitHub\sadoksync\Client\SadokSync\target\classes\VLC\plugins\audio_output\libwaveout_plugin.dll
0x5b730000 - 0x5b74d000 	C:\Users\Alexander\Documents\GitHub\sadoksync\Client\SadokSync\target\classes\VLC\plugins\video_output\libdirect3d_plugin.dll
0x5b020000 - 0x5b03a000 	C:\Users\Alexander\Documents\GitHub\sadoksync\Client\SadokSync\target\classes\VLC\plugins\video_output\libdirectdraw_plugin.dll
0x5af90000 - 0x5b011000 	C:\WINDOWS\SYSTEM32\DSOUND.DLL
0x72980000 - 0x729c0000 	C:\WINDOWS\SYSTEM32\POWRPROF.dll
0x72cb0000 - 0x72d03000 	C:\WINDOWS\System32\MMDevApi.dll
0x5af60000 - 0x5af84000 	C:\Program Files (x86)\Java\jdk1.8.0_45\jre\bin\dcpr.dll
0x73cf0000 - 0x73d6e000 	C:\WINDOWS\SYSTEM32\DNSAPI.dll
0x73ce0000 - 0x73ce8000 	C:\Windows\System32\rasadhlp.dll
0x73c90000 - 0x73cd6000 	C:\WINDOWS\System32\fwpuclnt.dll
0x63070000 - 0x63076000 	C:\Program Files (x86)\Java\jdk1.8.0_45\jre\bin\jawt.dll
0x69550000 - 0x69691000 	C:\WINDOWS\SYSTEM32\dbghelp.dll

VM Arguments:
java_command: com.sadoksync.sadoksync.Driver
java_class_path (initial): C:\Users\Alexander\Documents\GitHub\sadoksync\Client\SadokSync\target\classes;C:\Users\Alexander\.m2\repository\uk\co\caprica\vlcj\3.6.0\vlcj-3.6.0.jar;C:\Users\Alexander\.m2\repository\net\java\dev\jna\jna\3.5.2\jna-3.5.2.jar;C:\Users\Alexander\.m2\repository\net\java\dev\jna\platform\3.5.2\platform-3.5.2.jar;C:\Users\Alexander\.m2\repository\org\slf4j\slf4j-api\1.7.10\slf4j-api-1.7.10.jar
Launcher Type: SUN_STANDARD

Environment Variables:
JAVA_HOME=C:\Program Files (x86)\Java\jdk1.8.0_45
PATH=C:\Program Files (x86)\NVIDIA Corporation\PhysX\Common;C:\Program Files (x86)\Intel\iCLS Client\;C:\Program Files\Intel\iCLS Client\;C:\WINDOWS\system32;C:\WINDOWS;C:\WINDOWS\System32\Wbem;C:\WINDOWS\System32\WindowsPowerShell\v1.0\;C:\Program Files\Intel\WiFi\bin\;C:\Program Files\Common Files\Intel\WirelessCommon\;C:\Program Files\Intel\Intel(R) Management Engine Components\DAL;C:\Program Files\Intel\Intel(R) Management Engine Components\IPT;C:\Program Files (x86)\Intel\Intel(R) Management Engine Components\DAL;C:\Program Files (x86)\Intel\Intel(R) Management Engine Components\IPT;C:\Program Files (x86)\Intel\OpenCL SDK\2.0\bin\x86;C:\Program Files (x86)\Intel\OpenCL SDK\2.0\bin\x64;C:\Program Files (x86)\Windows Live\Shared;C:\Program Files\Condusiv Technologies\IntelliMemory\;C:\Program Files\Java\jdk1.7.0_45\bin;C:\VXIPNP\WinNT\Bin;;C:\Program Files\Samsung\AllShare Framework DMS\1.3.23\64bit\???;C:\Program Files (x86)\MiKTeX 2.9\miktex\bin\;C:\Program Files (x86)\OpenVPN\bin
USERNAME=Alexander
OS=Windows_NT
PROCESSOR_IDENTIFIER=Intel64 Family 6 Model 58 Stepping 9, GenuineIntel



---------------  S Y S T E M  ---------------

OS: Windows 8.1 , 64 bit Build 9600 (6.3.9600.17415)

CPU:total 4 (2 cores per cpu, 2 threads per core) family 6 model 58 stepping 9, cmov, cx8, fxsr, mmx, sse, sse2, sse3, ssse3, sse4.1, sse4.2, popcnt, avx, clmul, erms, ht, tsc, tscinvbit, tscinv

Memory: 4k page, physical 8001056k(540848k free), swap 11146788k(1758976k free)

vm_info: Java HotSpot(TM) Client VM (25.45-b02) for windows-x86 JRE (1.8.0_45-b14), built on Apr 10 2015 10:46:40 by "java_re" with MS VC++ 10.0 (VS2010)

time: Thu Apr 23 14:51:10 2015
elapsed time: 16 seconds (0d 0h 0m 16s)

