#
# A fatal error has been detected by the Java Runtime Environment:
#
#  EXCEPTION_ACCESS_VIOLATION (0xc0000005) at pc=0x770ddf63, pid=5420, tid=2016
#
# JRE version: Java(TM) SE Runtime Environment (8.0_45-b14) (build 1.8.0_45-b14)
# Java VM: Java HotSpot(TM) Client VM (25.45-b02 mixed mode windows-x86 )
# Problematic frame:
# C  [ntdll.dll+0x1df63]
#
# Failed to write core dump. Minidumps are not enabled by default on client versions of Windows
#
# If you would like to submit a bug report, please visit:
#   http://bugreport.java.com/bugreport/crash.jsp
# The crash happened outside the Java Virtual Machine in native code.
# See problematic frame for where to report the bug.
#

---------------  T H R E A D  ---------------

Current thread (0x15d39000):  JavaThread "Thread-25" [_thread_in_native, id=2016, stack(0x18c40000,0x18c90000)]

siginfo: ExceptionCode=0xc0000005, writing address 0x00000014

Registers:
EAX=0x00000000, EBX=0x00000c34, ECX=0xfffffffc, EDX=0x00000000
ESP=0x18c8d7e8, EBP=0x18c8d848, ESI=0x1721d7c0, EDI=0x00000000
EIP=0x770ddf63, EFLAGS=0x00010213

Top of Stack: (sp=0x18c8d7e8)
0x18c8d7e8:   00000000 1721d7c4 1721d7c0 15d39000
0x18c8d7f8:   1721d7c0 00000000 7e610000 00000000
0x18c8d808:   00000000 00000000 00e36378 15d39000
0x18c8d818:   00e37eb8 00e37eb8 18c8d840 5be24ce8
0x18c8d828:   18c8dcdc 00e36378 15d39000 0000001f
0x18c8d838:   15d39000 15d39000 18c8da64 89ff67d2
0x18c8d848:   18c8d874 770dde0b 18c8dfc0 1721d728
0x18c8d858:   1721d7bc 00000000 1721d7c0 00000001 

Instructions: (pc=0x770ddf63)
0x770ddf43:   c2 f0 0f b1 0e 8b 75 b0 3b c2 0f 85 cf 5e fe ff
0x770ddf53:   83 65 c0 00 33 c0 89 45 c4 8b 06 83 f8 ff 74 03
0x770ddf63:   ff 40 14 b8 82 03 fe 7f 8a 08 84 c9 0f 85 c8 34
0x770ddf73:   06 00 57 6a 00 83 fb ff 0f 84 0b 35 06 00 53 e8 


Register to memory mapping:

EAX=0x00000000 is an unknown value
EBX=0x00000c34 is an unknown value
ECX=0xfffffffc is an unknown value
EDX=0x00000000 is an unknown value
ESP=0x18c8d7e8 is pointing into the stack for thread: 0x15d39000
EBP=0x18c8d848 is pointing into the stack for thread: 0x15d39000
ESI=0x1721d7c0 is an unknown value
EDI=0x00000000 is an unknown value


Stack: [0x18c40000,0x18c90000],  sp=0x18c8d7e8,  free space=309k
Native frames: (J=compiled Java code, j=interpreted, Vv=VM code, C=native code)
C  [ntdll.dll+0x1df63]
C  [ntdll.dll+0x1de0b]
C  [ntdll.dll+0x1de35]
C  [libvlccore.dll+0xa3bb0]
C  [jna1474449321995921243.dll+0xd546]
C  [jna1474449321995921243.dll+0x2e5e]
C  [jna1474449321995921243.dll+0x535e]
j  com.sun.jna.Native.invokePointer(JI[Ljava/lang/Object;)J+0
j  com.sun.jna.Function.invokePointer(I[Ljava/lang/Object;)Lcom/sun/jna/Pointer;+6
j  com.sun.jna.Function.invoke([Ljava/lang/Object;Ljava/lang/Class;Z)Ljava/lang/Object;+642
j  com.sun.jna.Function.invoke(Ljava/lang/Class;[Ljava/lang/Object;Ljava/util/Map;)Ljava/lang/Object;+214
j  com.sun.jna.Library$Handler.invoke(Ljava/lang/Object;Ljava/lang/reflect/Method;[Ljava/lang/Object;)Ljava/lang/Object;+341
j  com.sun.proxy.$Proxy0.libvlc_media_get_mrl(Luk/co/caprica/vlcj/binding/internal/libvlc_media_t;)Lcom/sun/jna/Pointer;+16
j  uk.co.caprica.vlcj.player.DefaultMediaPlayer.mrl(Luk/co/caprica/vlcj/binding/internal/libvlc_media_t;)Ljava/lang/String;+22
j  uk.co.caprica.vlcj.player.events.MediaPlayerEventFactory.createEvent(Luk/co/caprica/vlcj/binding/internal/libvlc_event_t;J)Luk/co/caprica/vlcj/player/events/MediaPlayerEvent;+195
j  uk.co.caprica.vlcj.player.DefaultMediaPlayer$EventCallback.callback(Luk/co/caprica/vlcj/binding/internal/libvlc_event_t;Lcom/sun/jna/Pointer;)V+31
v  ~StubRoutines::call_stub
V  [jvm.dll+0x155cb5]
V  [jvm.dll+0x21b12e]
V  [jvm.dll+0x155d4e]
V  [jvm.dll+0x16245a]
V  [jvm.dll+0x1626b3]
V  [jvm.dll+0xffdc3]
C  [java.dll+0x3b22]
j  sun.reflect.NativeMethodAccessorImpl.invoke(Ljava/lang/Object;[Ljava/lang/Object;)Ljava/lang/Object;+100
j  sun.reflect.DelegatingMethodAccessorImpl.invoke(Ljava/lang/Object;[Ljava/lang/Object;)Ljava/lang/Object;+6
j  java.lang.reflect.Method.invoke(Ljava/lang/Object;[Ljava/lang/Object;)Ljava/lang/Object;+56
j  com.sun.jna.CallbackReference$DefaultCallbackProxy.invokeCallback([Ljava/lang/Object;)Ljava/lang/Object;+127
j  com.sun.jna.CallbackReference$DefaultCallbackProxy.callback([Ljava/lang/Object;)Ljava/lang/Object;+2
v  ~StubRoutines::call_stub
V  [jvm.dll+0x155cb5]
V  [jvm.dll+0x21b12e]
V  [jvm.dll+0x155d4e]
V  [jvm.dll+0xdae87]
V  [jvm.dll+0xdc708]
C  [jna1474449321995921243.dll+0xa682]
C  [WINMMBASE.dll+0xae0e]
C  [jna1474449321995921243.dll+0xd602]
C  [jna1474449321995921243.dll+0xdd2e]
C  [libvlc.dll+0xa0a0]

Java frames: (J=compiled Java code, j=interpreted, Vv=VM code)
j  com.sun.jna.Native.invokePointer(JI[Ljava/lang/Object;)J+0
j  com.sun.jna.Function.invokePointer(I[Ljava/lang/Object;)Lcom/sun/jna/Pointer;+6
j  com.sun.jna.Function.invoke([Ljava/lang/Object;Ljava/lang/Class;Z)Ljava/lang/Object;+642
j  com.sun.jna.Function.invoke(Ljava/lang/Class;[Ljava/lang/Object;Ljava/util/Map;)Ljava/lang/Object;+214
j  com.sun.jna.Library$Handler.invoke(Ljava/lang/Object;Ljava/lang/reflect/Method;[Ljava/lang/Object;)Ljava/lang/Object;+341
j  com.sun.proxy.$Proxy0.libvlc_media_get_mrl(Luk/co/caprica/vlcj/binding/internal/libvlc_media_t;)Lcom/sun/jna/Pointer;+16
j  uk.co.caprica.vlcj.player.DefaultMediaPlayer.mrl(Luk/co/caprica/vlcj/binding/internal/libvlc_media_t;)Ljava/lang/String;+22
j  uk.co.caprica.vlcj.player.events.MediaPlayerEventFactory.createEvent(Luk/co/caprica/vlcj/binding/internal/libvlc_event_t;J)Luk/co/caprica/vlcj/player/events/MediaPlayerEvent;+195
j  uk.co.caprica.vlcj.player.DefaultMediaPlayer$EventCallback.callback(Luk/co/caprica/vlcj/binding/internal/libvlc_event_t;Lcom/sun/jna/Pointer;)V+31
v  ~StubRoutines::call_stub
j  sun.reflect.NativeMethodAccessorImpl.invoke0(Ljava/lang/reflect/Method;Ljava/lang/Object;[Ljava/lang/Object;)Ljava/lang/Object;+0
j  sun.reflect.NativeMethodAccessorImpl.invoke(Ljava/lang/Object;[Ljava/lang/Object;)Ljava/lang/Object;+100
j  sun.reflect.DelegatingMethodAccessorImpl.invoke(Ljava/lang/Object;[Ljava/lang/Object;)Ljava/lang/Object;+6
j  java.lang.reflect.Method.invoke(Ljava/lang/Object;[Ljava/lang/Object;)Ljava/lang/Object;+56
j  com.sun.jna.CallbackReference$DefaultCallbackProxy.invokeCallback([Ljava/lang/Object;)Ljava/lang/Object;+127
j  com.sun.jna.CallbackReference$DefaultCallbackProxy.callback([Ljava/lang/Object;)Ljava/lang/Object;+2
v  ~StubRoutines::call_stub
j  com.sun.jna.Native.invokeVoid(JI[Ljava/lang/Object;)V+0
j  com.sun.jna.Function.invoke([Ljava/lang/Object;Ljava/lang/Class;Z)Ljava/lang/Object;+48
j  com.sun.jna.Function.invoke(Ljava/lang/Class;[Ljava/lang/Object;Ljava/util/Map;)Ljava/lang/Object;+214
j  com.sun.jna.Library$Handler.invoke(Ljava/lang/Object;Ljava/lang/reflect/Method;[Ljava/lang/Object;)Ljava/lang/Object;+341
j  com.sun.proxy.$Proxy0.libvlc_media_player_set_media(Luk/co/caprica/vlcj/binding/internal/libvlc_media_player_t;Luk/co/caprica/vlcj/binding/internal/libvlc_media_t;)V+20
j  uk.co.caprica.vlcj.player.DefaultMediaPlayer.setMedia(Ljava/lang/String;[Ljava/lang/String;)Z+302
j  uk.co.caprica.vlcj.player.DefaultMediaPlayer.prepareMedia(Ljava/lang/String;[Ljava/lang/String;)Z+19
j  uk.co.caprica.vlcj.player.DefaultMediaPlayer.playMedia(Ljava/lang/String;[Ljava/lang/String;)Z+19
j  com.sadoksync.sadoksync.Client.connectToRtsp()V+12
j  com.sadoksync.sadoksync.ConnectionHandler.run()V+462
v  ~StubRoutines::call_stub

---------------  P R O C E S S  ---------------

Java Threads: ( => current thread )
  0x17a4e800 JavaThread "Thread-209" [_thread_in_Java, id=204, stack(0x1bb60000,0x1bbb0000)]
  0x17a4e400 JavaThread "Thread-208" [_thread_in_native, id=5932, stack(0x1bad0000,0x1bb20000)]
  0x17a4d800 JavaThread "Thread-206" [_thread_in_vm, id=4404, stack(0x1ba40000,0x1ba90000)]
  0x17a4c800 JavaThread "Thread-200" [_thread_in_Java, id=8948, stack(0x1b920000,0x1b970000)]
  0x17a4dc00 JavaThread "Thread-194" [_thread_in_native, id=9080, stack(0x1b800000,0x1b850000)]
  0x17a4d000 JavaThread "Thread-188" [_thread_in_native, id=6204, stack(0x1b8d0000,0x1b920000)]
  0x17a48000 JavaThread "Thread-182" [_thread_in_native, id=8372, stack(0x1b770000,0x1b7c0000)]
  0x17a49000 JavaThread "Thread-176" [_thread_in_native, id=6280, stack(0x1b650000,0x1b6a0000)]
  0x17a4b000 JavaThread "Thread-170" [_thread_in_native, id=3412, stack(0x1b570000,0x1b5c0000)]
  0x17a4b800 JavaThread "Thread-164" [_thread_in_native, id=5176, stack(0x1b250000,0x1b2a0000)]
  0x17a4ac00 JavaThread "Thread-157" [_thread_in_native, id=9052, stack(0x1b490000,0x1b4e0000)]
  0x17a47800 JavaThread "Thread-152" [_thread_in_native, id=4652, stack(0x1b6e0000,0x1b730000)]
  0x17a47000 JavaThread "Thread-146" [_thread_in_native, id=8716, stack(0x1b5c0000,0x1b610000)]
  0x17a49800 JavaThread "Thread-140" [_thread_in_native, id=4664, stack(0x1b4e0000,0x1b530000)]
  0x17a48c00 JavaThread "Thread-134" [_thread_in_native, id=4380, stack(0x1b400000,0x1b450000)]
  0x17a49c00 JavaThread "Thread-127" [_thread_in_native, id=4340, stack(0x1b2e0000,0x1b330000)]
  0x17a4a400 JavaThread "Thread-121" [_thread_in_native, id=8840, stack(0x1b1c0000,0x1b210000)]
  0x17a48400 JavaThread "Thread-116" [_thread_in_native, id=7568, stack(0x1b130000,0x1b180000)]
  0x15d36800 JavaThread "Thread-110" [_thread_in_native, id=2628, stack(0x1af80000,0x1afd0000)]
  0x17a32800 JavaThread "pool-1-thread-50" [_thread_blocked, id=5948, stack(0x1b0a0000,0x1b0f0000)]
  0x17964000 JavaThread "Thread-103" [_thread_in_native, id=6392, stack(0x1ae60000,0x1aeb0000)]
  0x17966c00 JavaThread "pool-1-thread-49" [_thread_blocked, id=2380, stack(0x1ad40000,0x1ad90000)]
  0x17a31400 JavaThread "pool-1-thread-48" [_thread_blocked, id=8576, stack(0x1b010000,0x1b060000)]
  0x17a33c00 JavaThread "pool-1-thread-47" [_thread_blocked, id=8764, stack(0x1aef0000,0x1af40000)]
  0x17a2f800 JavaThread "Thread-97" [_thread_in_native, id=7120, stack(0x1ab90000,0x1abe0000)]
  0x17a31000 JavaThread "pool-1-thread-46" [_thread_blocked, id=4836, stack(0x1a450000,0x1a4a0000)]
  0x17a33000 JavaThread "pool-1-thread-45" [_thread_blocked, id=6432, stack(0x1add0000,0x1ae20000)]
  0x17a33400 JavaThread "pool-1-thread-44" [_thread_blocked, id=6108, stack(0x1acb0000,0x1ad00000)]
  0x17a32400 JavaThread "Thread-91" [_thread_in_native, id=7976, stack(0x1ac20000,0x1ac70000)]
  0x17a31c00 JavaThread "pool-1-thread-43" [_thread_blocked, id=1092, stack(0x1a180000,0x1a1d0000)]
  0x17a2d000 JavaThread "pool-1-thread-42" [_thread_blocked, id=5804, stack(0x1a4e0000,0x1a530000)]
  0x17a2f000 JavaThread "pool-1-thread-41" [_thread_blocked, id=3912, stack(0x1a3c0000,0x1a410000)]
  0x17a30800 JavaThread "Thread-85" [_thread_in_native, id=9168, stack(0x1a330000,0x1a380000)]
  0x17a2cc00 JavaThread "pool-1-thread-40" [_thread_blocked, id=248, stack(0x19f40000,0x19f90000)]
  0x17a2d800 JavaThread "pool-1-thread-39" [_thread_blocked, id=5096, stack(0x1a210000,0x1a260000)]
  0x17a2fc00 JavaThread "pool-1-thread-38" [_thread_blocked, id=7404, stack(0x1a0f0000,0x1a140000)]
  0x17a2e800 JavaThread "Thread-79" [_thread_in_native, id=3932, stack(0x1a060000,0x1a0b0000)]
  0x17a2e400 JavaThread "pool-1-thread-37" [_thread_blocked, id=8548, stack(0x199a0000,0x199f0000)]
  0x17a2dc00 JavaThread "pool-1-thread-36" [_thread_blocked, id=6936, stack(0x19fd0000,0x1a020000)]
  0x17966800 JavaThread "pool-1-thread-35" [_thread_blocked, id=6776, stack(0x19eb0000,0x19f00000)]
  0x15d3a800 JavaThread "Thread-73" [_thread_in_native, id=7220, stack(0x19d00000,0x19d50000)]
  0x15d3c000 JavaThread "pool-1-thread-34" [_thread_blocked, id=476, stack(0x19c70000,0x19cc0000)]
  0x17967800 JavaThread "pool-1-thread-33" [_thread_blocked, id=824, stack(0x19e20000,0x19e70000)]
  0x17964c00 JavaThread "pool-1-thread-32" [_thread_blocked, id=7720, stack(0x19d90000,0x19de0000)]
  0x17967400 JavaThread "Thread-68" [_thread_in_native, id=8704, stack(0x19880000,0x198d0000)]
  0x17961000 JavaThread "pool-1-thread-31" [_thread_blocked, id=592, stack(0x19640000,0x19690000)]
  0x17966000 JavaThread "pool-1-thread-30" [_thread_blocked, id=6952, stack(0x19be0000,0x19c30000)]
  0x17965c00 JavaThread "pool-1-thread-29" [_thread_blocked, id=7148, stack(0x19b50000,0x19ba0000)]
  0x17965400 JavaThread "Thread-61" [_thread_in_native, id=2464, stack(0x19ac0000,0x19b10000)]
  0x17961400 JavaThread "pool-1-thread-28" [_thread_blocked, id=7480, stack(0x19a30000,0x19a80000)]
  0x17960800 JavaThread "pool-3-thread-1" [_thread_blocked, id=8868, stack(0x19490000,0x194e0000)]
  0x17964800 JavaThread "pool-1-thread-27" [_thread_blocked, id=8092, stack(0x19910000,0x19960000)]
  0x17960400 JavaThread "Thread-56" [_thread_in_native, id=5180, stack(0x197f0000,0x19840000)]
  0x17963c00 JavaThread "pool-1-thread-26" [_thread_blocked, id=5108, stack(0x19760000,0x197b0000)]
  0x17963400 JavaThread "pool-1-thread-25" [_thread_blocked, id=6856, stack(0x196d0000,0x19720000)]
  0x17963000 JavaThread "Thread-51" [_thread_in_native, id=8856, stack(0x195b0000,0x19600000)]
  0x17961c00 JavaThread "pool-1-thread-24" [_thread_blocked, id=3288, stack(0x19520000,0x19570000)]
  0x17962800 JavaThread "pool-1-thread-23" [_thread_blocked, id=8124, stack(0x19250000,0x192a0000)]
  0x17962000 JavaThread "pool-1-thread-22" [_thread_blocked, id=600, stack(0x19130000,0x19180000)]
  0x15f3f400 JavaThread "pool-1-thread-21" [_thread_blocked, id=4236, stack(0x19400000,0x19450000)]
  0x15d3b000 JavaThread "pool-1-thread-20" [_thread_blocked, id=7724, stack(0x19370000,0x193c0000)]
  0x15d36400 JavaThread "Thread-44" [_thread_in_native, id=972, stack(0x192e0000,0x19330000)]
  0x15d39400 JavaThread "pool-1-thread-19" [_thread_blocked, id=2424, stack(0x18e80000,0x18ed0000)]
  0x15d3c800 JavaThread "pool-1-thread-18" [_thread_blocked, id=1820, stack(0x191c0000,0x19210000)]
  0x15d3bc00 JavaThread "pool-1-thread-17" [_thread_blocked, id=8736, stack(0x190a0000,0x190f0000)]
  0x15d3b400 JavaThread "Thread-37" [_thread_in_native, id=2036, stack(0x18d60000,0x18db0000)]
  0x15d35800 JavaThread "pool-1-thread-16" [_thread_blocked, id=5888, stack(0x18cd0000,0x18d20000)]
  0x15d3a000 JavaThread "pool-1-thread-15" [_thread_blocked, id=3428, stack(0x19010000,0x19060000)]
  0x15d37000 JavaThread "Thread-31" [_thread_in_native, id=4648, stack(0x18df0000,0x18e40000)]
  0x15d39c00 JavaThread "pool-1-thread-14" [_thread_blocked, id=8944, stack(0x18a90000,0x18ae0000)]
  0x15d38400 JavaThread "pool-1-thread-13" [_thread_blocked, id=3764, stack(0x18970000,0x189c0000)]
=>0x15d39000 JavaThread "Thread-25" [_thread_in_native, id=2016, stack(0x18c40000,0x18c90000)]
  0x15d38800 JavaThread "pool-1-thread-12" [_thread_blocked, id=8220, stack(0x18bb0000,0x18c00000)]
  0x15d35000 JavaThread "pool-1-thread-11" [_thread_blocked, id=8080, stack(0x18b20000,0x18b70000)]
  0x15d35c00 JavaThread "pool-1-thread-10" [_thread_blocked, id=3084, stack(0x187c0000,0x18810000)]
  0x15d37400 JavaThread "pool-1-thread-9" [_thread_blocked, id=6220, stack(0x18a00000,0x18a50000)]
  0x15d37c00 JavaThread "pool-1-thread-8" [_thread_blocked, id=8544, stack(0x188e0000,0x18930000)]
  0x15f40000 JavaThread "pool-1-thread-7" [_thread_blocked, id=5544, stack(0x186a0000,0x186f0000)]
  0x15f3f000 JavaThread "pool-1-thread-6" [_thread_blocked, id=2540, stack(0x18730000,0x18780000)]
  0x15f3e800 JavaThread "pool-1-thread-5" [_thread_blocked, id=1912, stack(0x16a80000,0x16ad0000)]
  0x15f3fc00 JavaThread "pool-1-thread-4" [_thread_blocked, id=1512, stack(0x18610000,0x18660000)]
  0x15dafc00 JavaThread "pool-1-thread-3" [_thread_blocked, id=4420, stack(0x18580000,0x185d0000)]
  0x15e27800 JavaThread "TimerQueue" daemon [_thread_blocked, id=716, stack(0x183d0000,0x18420000)]
  0x00cec400 JavaThread "DestroyJavaVM" [_thread_blocked, id=6284, stack(0x005b0000,0x00600000)]
  0x15c54800 JavaThread "Swing-Shell" daemon [_thread_blocked, id=8980, stack(0x16b30000,0x16b80000)]
  0x15bd2000 JavaThread "AWT-EventQueue-0" [_thread_blocked, id=6828, stack(0x16190000,0x161e0000)]
  0x15bd1800 JavaThread "AWT-Shutdown" [_thread_blocked, id=3696, stack(0x15300000,0x15350000)]
  0x1497c400 JavaThread "AWT-Windows" daemon [_thread_in_native, id=7572, stack(0x15390000,0x153e0000)]
  0x14976c00 JavaThread "Java2D Disposer" daemon [_thread_blocked, id=8640, stack(0x15270000,0x152c0000)]
  0x148b6800 JavaThread "pool-1-thread-2" [_thread_in_vm, id=8316, stack(0x14d10000,0x14d60000)]
  0x148b5c00 JavaThread "pool-1-thread-1" [_thread_in_native, id=2420, stack(0x14c80000,0x14cd0000)]
  0x14837400 JavaThread "Service Thread" daemon [_thread_blocked, id=8688, stack(0x14b60000,0x14bb0000)]
  0x1483b400 JavaThread "C1 CompilerThread0" daemon [_thread_blocked, id=4536, stack(0x14ad0000,0x14b20000)]
  0x1483a400 JavaThread "Attach Listener" daemon [_thread_blocked, id=7748, stack(0x14a40000,0x14a90000)]
  0x14838000 JavaThread "Signal Dispatcher" daemon [_thread_blocked, id=2472, stack(0x047b0000,0x04800000)]
  0x14807800 JavaThread "Finalizer" daemon [_thread_blocked, id=8376, stack(0x012b0000,0x01300000)]
  0x00cbec00 JavaThread "Reference Handler" daemon [_thread_blocked, id=8204, stack(0x01220000,0x01270000)]

Other Threads:
  0x00cbd400 VMThread [stack: 0x011d0000,0x01220000] [id=5916]
  0x1484c400 WatcherThread [stack: 0x14bf0000,0x14c40000] [id=3116]

VM state:not at safepoint (normal execution)

VM Mutex/Monitor currently owned by a thread: None

Heap:
 def new generation   total 4928K, used 1782K [0x04800000, 0x04d50000, 0x09d50000)
  eden space 4416K,  32% used [0x04800000, 0x04968348, 0x04c50000)
  from space 512K,  67% used [0x04c50000, 0x04ca6240, 0x04cd0000)
  to   space 512K,   0% used [0x04cd0000, 0x04cd0000, 0x04d50000)
 tenured generation   total 10944K, used 7167K [0x09d50000, 0x0a800000, 0x14800000)
   the space 10944K,  65% used [0x09d50000, 0x0a44fe58, 0x0a450000, 0x0a800000)
 Metaspace       used 10899K, capacity 11079K, committed 11264K, reserved 11648K

Card table byte_map: [0x006d0000,0x00760000] byte_map_base: 0x006ac000

Polling page: 0x00560000

CodeCache: size=32768Kb used=1619Kb max_used=1619Kb free=31149Kb
 bounds [0x02770000, 0x02908000, 0x04770000]
 total_blobs=956 nmethods=708 adapters=178
 compilation: enabled

Compilation events (10 events):
Event: 58.599 Thread 0x1483b400 nmethod 647 0x028e1008 code [0x028e1110, 0x028e11d8]
Event: 58.599 Thread 0x1483b400  648             sun.nio.cs.SingleByte$Encoder::encodeArrayLoop (236 bytes)
Event: 58.614 Thread 0x1483b400 nmethod 648 0x028e1288 code [0x028e15a0, 0x028e209c]
Event: 58.614 Thread 0x1483b400  649             com.sun.jna.Structure::getFieldList (132 bytes)
Event: 58.618 Thread 0x1483b400 nmethod 649 0x028e3688 code [0x028e3840, 0x028e3c10]
Event: 58.618 Thread 0x1483b400  650             java.util.WeakHashMap::indexFor (6 bytes)
Event: 58.619 Thread 0x1483b400 nmethod 650 0x028e4108 code [0x028e4200, 0x028e4270]
Event: 58.619 Thread 0x1483b400  651             java.util.WeakHashMap::getTable (9 bytes)
Event: 58.620 Thread 0x1483b400 nmethod 651 0x028e42c8 code [0x028e43c0, 0x028e445c]
Event: 58.620 Thread 0x1483b400  652   !         java.util.WeakHashMap::expungeStaleEntries (139 bytes)

GC Heap History (10 events):
Event: 2.144 GC heap before
{Heap before GC invocations=0 (full 0):
 def new generation   total 4928K, used 4416K [0x04800000, 0x04d50000, 0x09d50000)
  eden space 4416K, 100% used [0x04800000, 0x04c50000, 0x04c50000)
  from space 512K,   0% used [0x04c50000, 0x04c50000, 0x04cd0000)
  to   space 512K,   0% used [0x04cd0000, 0x04cd0000, 0x04d50000)
 tenured generation   total 10944K, used 0K [0x09d50000, 0x0a800000, 0x14800000)
   the space 10944K,   0% used [0x09d50000, 0x09d50000, 0x09d50200, 0x0a800000)
 Metaspace       used 6590K, capacity 6768K, committed 6912K, reserved 7552K
Event: 2.158 GC heap after
Heap after GC invocations=1 (full 0):
 def new generation   total 4928K, used 512K [0x04800000, 0x04d50000, 0x09d50000)
  eden space 4416K,   0% used [0x04800000, 0x04800000, 0x04c50000)
  from space 512K, 100% used [0x04cd0000, 0x04d50000, 0x04d50000)
  to   space 512K,   0% used [0x04c50000, 0x04c50000, 0x04cd0000)
 tenured generation   total 10944K, used 1013K [0x09d50000, 0x0a800000, 0x14800000)
   the space 10944K,   9% used [0x09d50000, 0x09e4d750, 0x09e4d800, 0x0a800000)
 Metaspace       used 6590K, capacity 6768K, committed 6912K, reserved 7552K
}
Event: 3.607 GC heap before
{Heap before GC invocations=1 (full 0):
 def new generation   total 4928K, used 4928K [0x04800000, 0x04d50000, 0x09d50000)
  eden space 4416K, 100% used [0x04800000, 0x04c50000, 0x04c50000)
  from space 512K, 100% used [0x04cd0000, 0x04d50000, 0x04d50000)
  to   space 512K,   0% used [0x04c50000, 0x04c50000, 0x04cd0000)
 tenured generation   total 10944K, used 1013K [0x09d50000, 0x0a800000, 0x14800000)
   the space 10944K,   9% used [0x09d50000, 0x09e4d750, 0x09e4d800, 0x0a800000)
 Metaspace       used 9197K, capacity 9390K, committed 9600K, reserved 9600K
Event: 3.629 GC heap after
Heap after GC invocations=2 (full 0):
 def new generation   total 4928K, used 512K [0x04800000, 0x04d50000, 0x09d50000)
  eden space 4416K,   0% used [0x04800000, 0x04800000, 0x04c50000)
  from space 512K, 100% used [0x04c50000, 0x04cd0000, 0x04cd0000)
  to   space 512K,   0% used [0x04cd0000, 0x04cd0000, 0x04d50000)
 tenured generation   total 10944K, used 2495K [0x09d50000, 0x0a800000, 0x14800000)
   the space 10944K,  22% used [0x09d50000, 0x09fbfc88, 0x09fbfe00, 0x0a800000)
 Metaspace       used 9197K, capacity 9390K, committed 9600K, reserved 9600K
}
Event: 4.535 GC heap before
{Heap before GC invocations=2 (full 0):
 def new generation   total 4928K, used 4928K [0x04800000, 0x04d50000, 0x09d50000)
  eden space 4416K, 100% used [0x04800000, 0x04c50000, 0x04c50000)
  from space 512K, 100% used [0x04c50000, 0x04cd0000, 0x04cd0000)
  to   space 512K,   0% used [0x04cd0000, 0x04cd0000, 0x04d50000)
 tenured generation   total 10944K, used 2495K [0x09d50000, 0x0a800000, 0x14800000)
   the space 10944K,  22% used [0x09d50000, 0x09fbfc88, 0x09fbfe00, 0x0a800000)
 Metaspace       used 9789K, capacity 9998K, committed 10112K, reserved 10624K
Event: 4.545 GC heap after
Heap after GC invocations=3 (full 0):
 def new generation   total 4928K, used 496K [0x04800000, 0x04d50000, 0x09d50000)
  eden space 4416K,   0% used [0x04800000, 0x04800000, 0x04c50000)
  from space 512K,  96% used [0x04cd0000, 0x04d4c088, 0x04d50000)
  to   space 512K,   0% used [0x04c50000, 0x04c50000, 0x04cd0000)
 tenured generation   total 10944K, used 2938K [0x09d50000, 0x0a800000, 0x14800000)
   the space 10944K,  26% used [0x09d50000, 0x0a02ead0, 0x0a02ec00, 0x0a800000)
 Metaspace       used 9789K, capacity 9998K, committed 10112K, reserved 10624K
}
Event: 5.702 GC heap before
{Heap before GC invocations=3 (full 0):
 def new generation   total 4928K, used 4912K [0x04800000, 0x04d50000, 0x09d50000)
  eden space 4416K, 100% used [0x04800000, 0x04c50000, 0x04c50000)
  from space 512K,  96% used [0x04cd0000, 0x04d4c088, 0x04d50000)
  to   space 512K,   0% used [0x04c50000, 0x04c50000, 0x04cd0000)
 tenured generation   total 10944K, used 2938K [0x09d50000, 0x0a800000, 0x14800000)
   the space 10944K,  26% used [0x09d50000, 0x0a02ead0, 0x0a02ec00, 0x0a800000)
 Metaspace       used 10272K, capacity 10448K, committed 10624K, reserved 10624K
Event: 5.710 GC heap after
Heap after GC invocations=4 (full 0):
 def new generation   total 4928K, used 511K [0x04800000, 0x04d50000, 0x09d50000)
  eden space 4416K,   0% used [0x04800000, 0x04800000, 0x04c50000)
  from space 512K,  99% used [0x04c50000, 0x04ccfec8, 0x04cd0000)
  to   space 512K,   0% used [0x04cd0000, 0x04cd0000, 0x04d50000)
 tenured generation   total 10944K, used 3197K [0x09d50000, 0x0a800000, 0x14800000)
   the space 10944K,  29% used [0x09d50000, 0x0a06f4d8, 0x0a06f600, 0x0a800000)
 Metaspace       used 10272K, capacity 10448K, committed 10624K, reserved 10624K
}
Event: 58.526 GC heap before
{Heap before GC invocations=4 (full 0):
 def new generation   total 4928K, used 4927K [0x04800000, 0x04d50000, 0x09d50000)
  eden space 4416K, 100% used [0x04800000, 0x04c50000, 0x04c50000)
  from space 512K,  99% used [0x04c50000, 0x04ccfec8, 0x04cd0000)
  to   space 512K,   0% used [0x04cd0000, 0x04cd0000, 0x04d50000)
 tenured generation   total 10944K, used 3197K [0x09d50000, 0x0a800000, 0x14800000)
   the space 10944K,  29% used [0x09d50000, 0x0a06f4d8, 0x0a06f600, 0x0a800000)
 Metaspace       used 10832K, capacity 11037K, committed 11264K, reserved 11648K
Event: 58.543 GC heap after
Heap after GC invocations=5 (full 0):
 def new generation   total 4928K, used 242K [0x04800000, 0x04d50000, 0x09d50000)
  eden space 4416K,   0% used [0x04800000, 0x04800000, 0x04c50000)
  from space 512K,  47% used [0x04cd0000, 0x04d0c958, 0x04d50000)
  to   space 512K,   0% used [0x04c50000, 0x04c50000, 0x04cd0000)
 tenured generation   total 10944K, used 4816K [0x09d50000, 0x0a800000, 0x14800000)
   the space 10944K,  44% used [0x09d50000, 0x0a2043f8, 0x0a204400, 0x0a800000)
 Metaspace       used 10832K, capacity 11037K, committed 11264K, reserved 11648K
}

Deoptimization events (0 events):
No events

Internal exceptions (10 events):
Event: 3.422 Thread 0x15c3d400 Exception <a 'java/security/PrivilegedActionException'> (0x04ae8e60) thrown at [C:\re\workspace\8-2-build-windows-i586-cygwin\jdk8u45\3457\hotspot\src\share\vm\prims\jvm.cpp, line 1382]
Event: 4.554 Thread 0x00cec400 Exception <a 'java/lang/NoClassDefFoundError': org/slf4j/impl/StaticLoggerBinder> (0x04807380) thrown at [C:\re\workspace\8-2-build-windows-i586-cygwin\jdk8u45\3457\hotspot\src\share\vm\classfile\systemDictionary.cpp, line 199]
Event: 4.579 Thread 0x00cec400 Exception <a 'java/lang/NullPointerException'> (0x04852560) thrown at [C:\re\workspace\8-2-build-windows-i586-cygwin\jdk8u45\3457\hotspot\src\share\vm\interpreter\linkResolver.cpp, line 1178]
Event: 4.581 Thread 0x00cec400 Exception <a 'java/lang/UnsatisfiedLinkError': Det går inte att hitta den angivna modulen.
> (0x04852b08) thrown at [C:\re\workspace\8-2-build-windows-i586-cygwin\jdk8u45\3457\hotspot\src\share\vm\prims\jni.cpp, line 735]
Event: 4.583 Thread 0x00cec400 Exception <a 'java/lang/UnsatisfiedLinkError': Det går inte att hitta den angivna modulen.
> (0x04852dc8) thrown at [C:\re\workspace\8-2-build-windows-i586-cygwin\jdk8u45\3457\hotspot\src\share\vm\prims\jni.cpp, line 735]
Event: 4.584 Thread 0x00cec400 Exception <a 'java/lang/UnsatisfiedLinkError': Det går inte att hitta den angivna modulen.
> (0x04853100) thrown at [C:\re\workspace\8-2-build-windows-i586-cygwin\jdk8u45\3457\hotspot\src\share\vm\prims\jni.cpp, line 735]
Event: 4.585 Thread 0x00cec400 Exception <a 'java/lang/UnsatisfiedLinkError'> (0x04855530) thrown at [C:\re\workspace\8-2-build-windows-i586-cygwin\jdk8u45\3457\hotspot\src\share\vm\oops\instanceKlass.cpp, line 938]
Event: 4.600 Thread 0x00cec400 Exception <a 'java/lang/NullPointerException'> (0x0488abd0) thrown at [C:\re\workspace\8-2-build-windows-i586-cygwin\jdk8u45\3457\hotspot\src\share\vm\interpreter\linkResolver.cpp, line 1178]
Event: 56.150 Thread 0x15dafc00 Exception <a 'java/lang/NoSuchMethodError': <clinit>> (0x04ae9400) thrown at [C:\re\workspace\8-2-build-windows-i586-cygwin\jdk8u45\3457\hotspot\src\share\vm\prims\jni.cpp, line 1598]
Event: 57.217 Thread 0x15f3e800 Exception <a 'java/lang/NoSuchMethodError': <clinit>> (0x04b4ce40) thrown at [C:\re\workspace\8-2-build-windows-i586-cygwin\jdk8u45\3457\hotspot\src\share\vm\prims\jni.cpp, line 1598]

Events (10 events):
Event: 58.614 loading class java/awt/geom/RoundRectIterator done
Event: 58.620 Thread 0x17961000 Thread exited: 0x17961000
Event: 58.620 Executing VM operation: RevokeBias
Event: 58.622 Executing VM operation: RevokeBias done
Event: 58.622 Thread 0x17964000 Thread exited: 0x17964000
Event: 58.623 Executing VM operation: RevokeBias
Event: 58.623 Thread 0x17964c00 Thread exited: 0x17964c00
Event: 58.623 Executing VM operation: RevokeBias done
Event: 58.623 loading class java/awt/HeadlessException
Event: 58.623 loading class java/awt/HeadlessException done


Dynamic libraries:
0x01330000 - 0x01363000 	C:\Program Files (x86)\Java\jdk1.8.0_45\bin\java.exe
0x770c0000 - 0x7722e000 	C:\WINDOWS\SYSTEM32\ntdll.dll
0x76b90000 - 0x76cd0000 	C:\WINDOWS\SYSTEM32\KERNEL32.DLL
0x74f80000 - 0x75057000 	C:\WINDOWS\SYSTEM32\KERNELBASE.dll
0x746f0000 - 0x74790000 	C:\WINDOWS\system32\apphelp.dll
0x71670000 - 0x718d5000 	C:\WINDOWS\AppPatch\AcGenral.DLL
0x76ac0000 - 0x76b83000 	C:\WINDOWS\SYSTEM32\msvcrt.dll
0x75530000 - 0x75571000 	C:\WINDOWS\SYSTEM32\sechost.dll
0x748c0000 - 0x748de000 	C:\WINDOWS\SYSTEM32\SspiCli.dll
0x769c0000 - 0x76a05000 	C:\WINDOWS\SYSTEM32\SHLWAPI.dll
0x73f10000 - 0x73ffd000 	C:\WINDOWS\SYSTEM32\UxTheme.dll
0x75230000 - 0x75383000 	C:\WINDOWS\SYSTEM32\USER32.dll
0x76cd0000 - 0x76dde000 	C:\WINDOWS\SYSTEM32\GDI32.dll
0x74100000 - 0x74123000 	C:\WINDOWS\SYSTEM32\WINMM.dll
0x72920000 - 0x72933000 	C:\WINDOWS\SYSTEM32\samcli.dll
0x75070000 - 0x75198000 	C:\WINDOWS\SYSTEM32\ole32.dll
0x74900000 - 0x74995000 	C:\WINDOWS\SYSTEM32\OLEAUT32.dll
0x72d70000 - 0x72d87000 	C:\WINDOWS\SYSTEM32\MSACM32.dll
0x72d60000 - 0x72d68000 	C:\WINDOWS\SYSTEM32\VERSION.dll
0x75580000 - 0x7682c000 	C:\WINDOWS\SYSTEM32\SHELL32.dll
0x74300000 - 0x7431b000 	C:\WINDOWS\SYSTEM32\USERENV.dll
0x73ef0000 - 0x73f0a000 	C:\WINDOWS\SYSTEM32\dwmapi.dll
0x71350000 - 0x7149b000 	C:\WINDOWS\SYSTEM32\urlmon.dll
0x751a0000 - 0x7521c000 	C:\WINDOWS\SYSTEM32\ADVAPI32.dll
0x743d0000 - 0x74435000 	C:\WINDOWS\SYSTEM32\WINSPOOL.DRV
0x74450000 - 0x74466000 	C:\WINDOWS\SYSTEM32\MPR.dll
0x76870000 - 0x7692a000 	C:\WINDOWS\SYSTEM32\RPCRT4.dll
0x748b0000 - 0x748ba000 	C:\WINDOWS\SYSTEM32\CRYPTBASE.dll
0x74bc0000 - 0x74d3d000 	C:\WINDOWS\SYSTEM32\combase.dll
0x740c0000 - 0x740e3000 	C:\WINDOWS\SYSTEM32\WINMMBASE.dll
0x740f0000 - 0x740ff000 	C:\WINDOWS\SYSTEM32\profapi.dll
0x73210000 - 0x73442000 	C:\WINDOWS\SYSTEM32\iertutil.dll
0x73490000 - 0x73665000 	C:\WINDOWS\SYSTEM32\WININET.dll
0x74850000 - 0x748a4000 	C:\WINDOWS\SYSTEM32\bcryptPrimitives.dll
0x76a70000 - 0x76aac000 	C:\WINDOWS\SYSTEM32\cfgmgr32.dll
0x74000000 - 0x74021000 	C:\WINDOWS\SYSTEM32\DEVOBJ.dll
0x74030000 - 0x740bb000 	C:\WINDOWS\SYSTEM32\SHCORE.DLL
0x76840000 - 0x76867000 	C:\WINDOWS\system32\IMM32.DLL
0x74e60000 - 0x74f72000 	C:\WINDOWS\SYSTEM32\MSCTF.dll
0x73710000 - 0x73916000 	C:\WINDOWS\WinSxS\x86_microsoft.windows.common-controls_6595b64144ccf1df_6.0.9600.17415_none_a9ed7f470139b3c1\COMCTL32.dll
0x5c160000 - 0x5c21f000 	C:\Program Files (x86)\Java\jdk1.8.0_45\jre\bin\msvcr100.dll
0x5bda0000 - 0x5c160000 	C:\Program Files (x86)\Java\jdk1.8.0_45\jre\bin\client\jvm.dll
0x6e840000 - 0x6e848000 	C:\WINDOWS\SYSTEM32\WSOCK32.dll
0x75220000 - 0x75226000 	C:\WINDOWS\SYSTEM32\PSAPI.DLL
0x74d40000 - 0x74d90000 	C:\WINDOWS\SYSTEM32\WS2_32.dll
0x75520000 - 0x75527000 	C:\WINDOWS\SYSTEM32\NSI.dll
0x69ad0000 - 0x69adc000 	C:\Program Files (x86)\Java\jdk1.8.0_45\jre\bin\verify.dll
0x69aa0000 - 0x69ac1000 	C:\Program Files (x86)\Java\jdk1.8.0_45\jre\bin\java.dll
0x693c0000 - 0x693d3000 	C:\Program Files (x86)\Java\jdk1.8.0_45\jre\bin\zip.dll
0x693a0000 - 0x693b5000 	C:\Program Files (x86)\Java\jdk1.8.0_45\jre\bin\net.dll
0x73d70000 - 0x73dbb000 	C:\WINDOWS\system32\mswsock.dll
0x5bc50000 - 0x5bd95000 	C:\Program Files (x86)\Java\jdk1.8.0_45\jre\bin\awt.dll
0x153e0000 - 0x15419000 	C:\Program Files (x86)\Samsung\Settings\CmdServer\WinCRT.dll
0x74790000 - 0x74799000 	C:\WINDOWS\SYSTEM32\kernel.appcore.dll
0x63080000 - 0x630b9000 	C:\Program Files (x86)\Java\jdk1.8.0_45\jre\bin\fontmanager.dll
0x69a90000 - 0x69a9f000 	C:\Program Files (x86)\Java\jdk1.8.0_45\jre\bin\nio.dll
0x61fa0000 - 0x61fd0000 	C:\Program Files (x86)\Java\jdk1.8.0_45\jre\bin\t2k.dll
0x73940000 - 0x73960000 	C:\WINDOWS\SYSTEM32\IPHLPAPI.DLL
0x730f0000 - 0x730f8000 	C:\WINDOWS\SYSTEM32\WINNSI.DLL
0x72730000 - 0x72743000 	C:\WINDOWS\SYSTEM32\dhcpcsvc6.DLL
0x72710000 - 0x72724000 	C:\WINDOWS\SYSTEM32\dhcpcsvc.DLL
0x76930000 - 0x769bd000 	C:\WINDOWS\SYSTEM32\clbcatq.dll
0x708c0000 - 0x70a2b000 	C:\WINDOWS\SYSTEM32\WindowsCodecs.dll
0x72670000 - 0x72689000 	C:\WINDOWS\SYSTEM32\CRYPTSP.dll
0x72640000 - 0x72670000 	C:\WINDOWS\system32\rsaenh.dll
0x72620000 - 0x7263e000 	C:\WINDOWS\SYSTEM32\bcrypt.dll
0x74320000 - 0x743a9000 	C:\WINDOWS\WinSxS\x86_microsoft.windows.common-controls_6595b64144ccf1df_5.82.9600.17415_none_7c5769eaaa0aa358\comctl32.dll
0x749a0000 - 0x74b51000 	C:\WINDOWS\SYSTEM32\SETUPAPI.dll
0x70a40000 - 0x70b7a000 	C:\WINDOWS\system32\propsys.dll
0x5bab0000 - 0x5bc4a000 	C:\WINDOWS\system32\NetworkExplorer.dll
0x6f290000 - 0x6f2b3000 	C:\Windows\SYSTEM32\thumbcache.dll
0x57770000 - 0x57779000 	C:\WINDOWS\System32\drprov.dll
0x73c40000 - 0x73c85000 	C:\WINDOWS\System32\WINSTA.dll
0x57750000 - 0x57762000 	C:\WINDOWS\System32\ntlanman.dll
0x57590000 - 0x575aa000 	C:\WINDOWS\System32\davclnt.dll
0x57580000 - 0x5758a000 	C:\WINDOWS\System32\DAVHLPR.dll
0x730a0000 - 0x730b1000 	C:\WINDOWS\System32\wkscli.dll
0x70450000 - 0x7045f000 	C:\WINDOWS\SYSTEM32\cscapi.dll
0x730e0000 - 0x730ea000 	C:\WINDOWS\System32\netutils.dll
0x57510000 - 0x5757e000 	C:\Windows\SYSTEM32\dlnashext.dll
0x5d5c0000 - 0x5d5f9000 	C:\Windows\System32\PlayToDevice.dll
0x61f10000 - 0x61f2a000 	C:\Windows\System32\DevDispItemProvider.dll
0x6f000000 - 0x6f103000 	C:\Windows\SYSTEM32\actxprxy.dll
0x5ba70000 - 0x5baa7000 	C:\WINDOWS\System32\netprofm.dll
0x69390000 - 0x69399000 	C:\WINDOWS\System32\npmproxy.dll
0x5b880000 - 0x5ba66000 	C:\WINDOWS\system32\wpdshext.dll
0x74130000 - 0x742a0000 	C:\WINDOWS\WinSxS\x86_microsoft.windows.gdiplus_6595b64144ccf1df_1.1.9600.17415_none_dad8722c5bcc2d8f\gdiplus.dll
0x5b7f0000 - 0x5b880000 	C:\Windows\SYSTEM32\PortableDeviceApi.dll
0x74e20000 - 0x74e5d000 	C:\WINDOWS\SYSTEM32\WINTRUST.dll
0x75390000 - 0x75518000 	C:\WINDOWS\SYSTEM32\CRYPT32.dll
0x76ab0000 - 0x76abe000 	C:\WINDOWS\SYSTEM32\MSASN1.dll
0x5b7b0000 - 0x5b7f0000 	C:\WINDOWS\system32\audiodev.dll
0x5b360000 - 0x5b5f1000 	C:\WINDOWS\system32\WMVCore.DLL
0x5b770000 - 0x5b7ad000 	C:\WINDOWS\system32\WMASF.DLL
0x6e850000 - 0x6e85b000 	C:\WINDOWS\SYSTEM32\LINKINFO.dll
0x72900000 - 0x72914000 	C:\WINDOWS\SYSTEM32\SAMLIB.dll
0x17920000 - 0x1795d000 	C:\Users\Alexander\AppData\Local\Temp\jna-Alexander\jna1474449321995921243.dll
0x61f30000 - 0x61f59000 	C:\Users\Alexander\Documents\GitHub\sadoksync\Client\SadokSync\target\classes\VLC\libvlc.dll
0x5b0d0000 - 0x5b359000 	C:\Users\Alexander\Documents\GitHub\sadoksync\Client\SadokSync\target\classes\VLC\libvlccore.dll
0x5b040000 - 0x5b0cd000 	C:\Users\Alexander\Documents\GitHub\sadoksync\Client\SadokSync\target\classes\VLC\plugins\access\libdshow_plugin.dll
0x61f80000 - 0x61f91000 	C:\Users\Alexander\Documents\GitHub\sadoksync\Client\SadokSync\target\classes\VLC\plugins\audio_output\libdirectsound_plugin.dll
0x5b750000 - 0x5b761000 	C:\Users\Alexander\Documents\GitHub\sadoksync\Client\SadokSync\target\classes\VLC\plugins\audio_output\libwaveout_plugin.dll
0x591a0000 - 0x59d1e000 	C:\Users\Alexander\Documents\GitHub\sadoksync\Client\SadokSync\target\classes\VLC\plugins\gui\libqt4_plugin.dll
0x76f50000 - 0x76feb000 	C:\WINDOWS\SYSTEM32\COMDLG32.DLL
0x5af00000 - 0x5b03c000 	C:\Users\Alexander\Documents\GitHub\sadoksync\Client\SadokSync\target\classes\VLC\plugins\misc\libxml_plugin.dll
0x5b730000 - 0x5b74d000 	C:\Users\Alexander\Documents\GitHub\sadoksync\Client\SadokSync\target\classes\VLC\plugins\video_output\libdirect3d_plugin.dll
0x5aee0000 - 0x5aefa000 	C:\Users\Alexander\Documents\GitHub\sadoksync\Client\SadokSync\target\classes\VLC\plugins\video_output\libdirectdraw_plugin.dll
0x5ae50000 - 0x5aed1000 	C:\WINDOWS\SYSTEM32\DSOUND.DLL
0x72980000 - 0x729c0000 	C:\WINDOWS\SYSTEM32\POWRPROF.dll
0x72cb0000 - 0x72d03000 	C:\WINDOWS\System32\MMDevApi.dll
0x5ae20000 - 0x5ae44000 	C:\Program Files (x86)\Java\jdk1.8.0_45\jre\bin\dcpr.dll
0x73cf0000 - 0x73d6e000 	C:\WINDOWS\SYSTEM32\DNSAPI.dll
0x73ce0000 - 0x73ce8000 	C:\Windows\System32\rasadhlp.dll
0x73c90000 - 0x73cd6000 	C:\WINDOWS\System32\fwpuclnt.dll
0x63070000 - 0x63076000 	C:\Program Files (x86)\Java\jdk1.8.0_45\jre\bin\jawt.dll
0x69550000 - 0x69691000 	C:\WINDOWS\SYSTEM32\dbghelp.dll
0x5ad50000 - 0x5ae15000 	C:\Users\Alexander\Documents\GitHub\sadoksync\Client\SadokSync\target\classes\VLC\plugins\access\liblive555_plugin.dll

VM Arguments:
java_command: com.sadoksync.sadoksync.Driver
java_class_path (initial): C:\Users\Alexander\Documents\GitHub\sadoksync\Client\SadokSync\target\classes;C:\Users\Alexander\.m2\repository\uk\co\caprica\vlcj\3.6.0\vlcj-3.6.0.jar;C:\Users\Alexander\.m2\repository\net\java\dev\jna\jna\3.5.2\jna-3.5.2.jar;C:\Users\Alexander\.m2\repository\net\java\dev\jna\platform\3.5.2\platform-3.5.2.jar;C:\Users\Alexander\.m2\repository\org\slf4j\slf4j-api\1.7.10\slf4j-api-1.7.10.jar
Launcher Type: SUN_STANDARD

Environment Variables:
JAVA_HOME=C:\Program Files (x86)\Java\jdk1.8.0_45
PATH=C:\Program Files (x86)\NVIDIA Corporation\PhysX\Common;C:\Program Files (x86)\Intel\iCLS Client\;C:\Program Files\Intel\iCLS Client\;C:\WINDOWS\system32;C:\WINDOWS;C:\WINDOWS\System32\Wbem;C:\WINDOWS\System32\WindowsPowerShell\v1.0\;C:\Program Files\Intel\WiFi\bin\;C:\Program Files\Common Files\Intel\WirelessCommon\;C:\Program Files\Intel\Intel(R) Management Engine Components\DAL;C:\Program Files\Intel\Intel(R) Management Engine Components\IPT;C:\Program Files (x86)\Intel\Intel(R) Management Engine Components\DAL;C:\Program Files (x86)\Intel\Intel(R) Management Engine Components\IPT;C:\Program Files (x86)\Intel\OpenCL SDK\2.0\bin\x86;C:\Program Files (x86)\Intel\OpenCL SDK\2.0\bin\x64;C:\Program Files (x86)\Windows Live\Shared;C:\Program Files\Condusiv Technologies\IntelliMemory\;C:\Program Files\Java\jdk1.7.0_45\bin;C:\VXIPNP\WinNT\Bin;;C:\Program Files\Samsung\AllShare Framework DMS\1.3.23\64bit\???;C:\Program Files (x86)\MiKTeX 2.9\miktex\bin\;C:\Program Files (x86)\OpenVPN\bin
USERNAME=Alexander
OS=Windows_NT
PROCESSOR_IDENTIFIER=Intel64 Family 6 Model 58 Stepping 9, GenuineIntel



---------------  S Y S T E M  ---------------

OS: Windows 8.1 , 64 bit Build 9600 (6.3.9600.17415)

CPU:total 4 (2 cores per cpu, 2 threads per core) family 6 model 58 stepping 9, cmov, cx8, fxsr, mmx, sse, sse2, sse3, ssse3, sse4.1, sse4.2, popcnt, avx, clmul, erms, ht, tsc, tscinvbit, tscinv

Memory: 4k page, physical 8001056k(519876k free), swap 11146788k(1721116k free)

vm_info: Java HotSpot(TM) Client VM (25.45-b02) for windows-x86 JRE (1.8.0_45-b14), built on Apr 10 2015 10:46:40 by "java_re" with MS VC++ 10.0 (VS2010)

time: Thu Apr 23 14:21:34 2015
elapsed time: 59 seconds (0d 0h 0m 59s)

