#
# A fatal error has been detected by the Java Runtime Environment:
#
#  EXCEPTION_ACCESS_VIOLATION (0xc0000005) at pc=0x770ddf63, pid=5276, tid=8360
#
# JRE version: Java(TM) SE Runtime Environment (8.0_45-b14) (build 1.8.0_45-b14)
# Java VM: Java HotSpot(TM) Client VM (25.45-b02 mixed mode windows-x86 )
# Problematic frame:
# C  [ntdll.dll+0x1df63]
#
# Failed to write core dump. Minidumps are not enabled by default on client versions of Windows
#
# If you would like to submit a bug report, please visit:
#   http://bugreport.java.com/bugreport/crash.jsp
# The crash happened outside the Java Virtual Machine in native code.
# See problematic frame for where to report the bug.
#

---------------  T H R E A D  ---------------

Current thread (0x15b71c00):  JavaThread "Thread-20" [_thread_in_native, id=8360, stack(0x172f0000,0x17340000)]

siginfo: ExceptionCode=0xc0000005, writing address 0x00000014

Registers:
EAX=0x00000000, EBX=0x000008d4, ECX=0xfffffffc, EDX=0x00000000
ESP=0x1733e6b0, EBP=0x1733e710, ESI=0x17074ab4, EDI=0x00000000
EIP=0x770ddf63, EFLAGS=0x00010213

Top of Stack: (sp=0x1733e6b0)
0x1733e6b0:   00000000 17074ab8 17074ab4 771010e9
0x1733e6c0:   17074ab4 00000000 7f467000 00000000
0x1733e6d0:   00000000 00000000 178b3308 00000002
0x1733e6e0:   00000003 1733e7d8 00000000 00000018
0x1733e6f0:   15d0ea90 5be7acc8 00000000 5be7acd4
0x1733e700:   5c07079c 0095e190 15d0ea90 0538811a
0x1733e710:   1733e738 770dde0b 178b3308 17074ab0
0x1733e720:   17074aa0 00000000 17074ab4 00000001 

Instructions: (pc=0x770ddf63)
0x770ddf43:   c2 f0 0f b1 0e 8b 75 b0 3b c2 0f 85 cf 5e fe ff
0x770ddf53:   83 65 c0 00 33 c0 89 45 c4 8b 06 83 f8 ff 74 03
0x770ddf63:   ff 40 14 b8 82 03 fe 7f 8a 08 84 c9 0f 85 c8 34
0x770ddf73:   06 00 57 6a 00 83 fb ff 0f 84 0b 35 06 00 53 e8 


Register to memory mapping:

EAX=0x00000000 is an unknown value
EBX=0x000008d4 is an unknown value
ECX=0xfffffffc is an unknown value
EDX=0x00000000 is an unknown value
ESP=0x1733e6b0 is pointing into the stack for thread: 0x15b71c00
EBP=0x1733e710 is pointing into the stack for thread: 0x15b71c00
ESI=0x17074ab4 is an unknown value
EDI=0x00000000 is an unknown value


Stack: [0x172f0000,0x17340000],  sp=0x1733e6b0,  free space=313k
Native frames: (J=compiled Java code, j=interpreted, Vv=VM code, C=native code)
C  [ntdll.dll+0x1df63]
C  [ntdll.dll+0x1de0b]
C  [ntdll.dll+0x1de35]
C  [libvlccore.dll+0xa3bb0]
C  [jna4391603695664995074.dll+0xd546]
C  [jna4391603695664995074.dll+0x2e5e]
C  [jna4391603695664995074.dll+0x54ce]
j  com.sun.jna.Native.invokeInt(JI[Ljava/lang/Object;)I+0
j  com.sun.jna.Function.invoke([Ljava/lang/Object;Ljava/lang/Class;Z)Ljava/lang/Object;+333
j  com.sun.jna.Function.invoke(Ljava/lang/Class;[Ljava/lang/Object;Ljava/util/Map;)Ljava/lang/Object;+214
j  com.sun.jna.Library$Handler.invoke(Ljava/lang/Object;Ljava/lang/reflect/Method;[Ljava/lang/Object;)Ljava/lang/Object;+341
j  com.sun.proxy.$Proxy0.libvlc_event_attach(Luk/co/caprica/vlcj/binding/internal/libvlc_event_manager_t;ILuk/co/caprica/vlcj/binding/internal/libvlc_callback_t;Lcom/sun/jna/Pointer;)I+32
j  uk.co.caprica.vlcj.player.DefaultMediaPlayer.registerMediaEventListener()V+117
j  uk.co.caprica.vlcj.player.DefaultMediaPlayer.setMedia(Ljava/lang/String;[Ljava/lang/String;)Z+287
j  uk.co.caprica.vlcj.player.DefaultMediaPlayer.prepareMedia(Ljava/lang/String;[Ljava/lang/String;)Z+19
j  uk.co.caprica.vlcj.player.DefaultMediaPlayer.playMedia(Ljava/lang/String;[Ljava/lang/String;)Z+19
j  com.sadoksync.sadoksync.Client.connectToRtsp()V+12
j  com.sadoksync.sadoksync.ConnectionHandler.run()V+462
v  ~StubRoutines::call_stub
V  [jvm.dll+0x155cb5]
V  [jvm.dll+0x21b12e]
V  [jvm.dll+0x155d4e]
V  [jvm.dll+0x155ed6]
V  [jvm.dll+0x155f47]
V  [jvm.dll+0xfb0cf]
V  [jvm.dll+0x17901c]
V  [jvm.dll+0x17910a]
V  [jvm.dll+0x1bd6e6]
C  [msvcr100.dll+0x5c556]
C  [msvcr100.dll+0x5c600]
C  [KERNEL32.DLL+0x17c04]
C  [ntdll.dll+0x5ad1f]
C  [ntdll.dll+0x5acea]
C  0x00000000

Java frames: (J=compiled Java code, j=interpreted, Vv=VM code)
j  com.sun.jna.Native.invokeInt(JI[Ljava/lang/Object;)I+0
j  com.sun.jna.Function.invoke([Ljava/lang/Object;Ljava/lang/Class;Z)Ljava/lang/Object;+333
j  com.sun.jna.Function.invoke(Ljava/lang/Class;[Ljava/lang/Object;Ljava/util/Map;)Ljava/lang/Object;+214
j  com.sun.jna.Library$Handler.invoke(Ljava/lang/Object;Ljava/lang/reflect/Method;[Ljava/lang/Object;)Ljava/lang/Object;+341
j  com.sun.proxy.$Proxy0.libvlc_event_attach(Luk/co/caprica/vlcj/binding/internal/libvlc_event_manager_t;ILuk/co/caprica/vlcj/binding/internal/libvlc_callback_t;Lcom/sun/jna/Pointer;)I+32
j  uk.co.caprica.vlcj.player.DefaultMediaPlayer.registerMediaEventListener()V+117
j  uk.co.caprica.vlcj.player.DefaultMediaPlayer.setMedia(Ljava/lang/String;[Ljava/lang/String;)Z+287
j  uk.co.caprica.vlcj.player.DefaultMediaPlayer.prepareMedia(Ljava/lang/String;[Ljava/lang/String;)Z+19
j  uk.co.caprica.vlcj.player.DefaultMediaPlayer.playMedia(Ljava/lang/String;[Ljava/lang/String;)Z+19
j  com.sadoksync.sadoksync.Client.connectToRtsp()V+12
j  com.sadoksync.sadoksync.ConnectionHandler.run()V+462
v  ~StubRoutines::call_stub

---------------  P R O C E S S  ---------------

Java Threads: ( => current thread )
  0x195c3c00 JavaThread "Thread-158" [_thread_new, id=6660, stack(0x00000000,0x00000000)]
  0x195c7800 JavaThread "Thread-154" [_thread_in_Java, id=7568, stack(0x1b220000,0x1b270000)]
  0x195c3000 JavaThread "Thread-152" [_thread_in_native, id=7024, stack(0x1b070000,0x1b0c0000)]
  0x195c6400 JavaThread "Thread-145" [_thread_in_native, id=2452, stack(0x1afe0000,0x1b030000)]
  0x195c5000 JavaThread "Thread-139" [_thread_in_native, id=684, stack(0x1af50000,0x1afa0000)]
  0x195c5c00 JavaThread "Thread-134" [_thread_in_native, id=7068, stack(0x1aec0000,0x1af10000)]
  0x195c7000 JavaThread "pool-3-thread-1" [_thread_blocked, id=4512, stack(0x1ae30000,0x1ae80000)]
  0x195c6800 JavaThread "Thread-128" [_thread_in_native, id=7600, stack(0x1abf0000,0x1ac40000)]
  0x195c2c00 JavaThread "Thread-121" [_thread_in_native, id=5988, stack(0x1ac80000,0x1acd0000)]
  0x195c4400 JavaThread "Thread-116" [_thread_in_native, id=1624, stack(0x1ad10000,0x1ad60000)]
  0x195b6800 JavaThread "Thread-110" [_thread_in_native, id=1532, stack(0x1a9b0000,0x1aa00000)]
  0x15d55000 JavaThread "pool-1-thread-50" [_thread_blocked, id=4960, stack(0x1ab60000,0x1abb0000)]
  0x195b7000 JavaThread "Thread-103" [_thread_in_native, id=6712, stack(0x1aad0000,0x1ab20000)]
  0x195b1c00 JavaThread "pool-1-thread-49" [_thread_blocked, id=5264, stack(0x1a770000,0x1a7c0000)]
  0x195b7c00 JavaThread "pool-1-thread-48" [_thread_blocked, id=6212, stack(0x1aa40000,0x1aa90000)]
  0x195b5c00 JavaThread "pool-1-thread-47" [_thread_blocked, id=9120, stack(0x1a920000,0x1a970000)]
  0x195b6400 JavaThread "Thread-97" [_thread_in_native, id=3124, stack(0x1a890000,0x1a8e0000)]
  0x195b5800 JavaThread "pool-1-thread-46" [_thread_blocked, id=5212, stack(0x1a530000,0x1a580000)]
  0x195b7400 JavaThread "pool-1-thread-45" [_thread_blocked, id=8448, stack(0x1a800000,0x1a850000)]
  0x195b5000 JavaThread "pool-1-thread-44" [_thread_blocked, id=8108, stack(0x1a6e0000,0x1a730000)]
  0x195b4800 JavaThread "pool-1-thread-43" [_thread_blocked, id=7920, stack(0x1a650000,0x1a6a0000)]
  0x195b1800 JavaThread "Thread-91" [_thread_in_native, id=5312, stack(0x1a2f0000,0x1a340000)]
  0x195b3800 JavaThread "pool-1-thread-42" [_thread_blocked, id=1096, stack(0x1a5c0000,0x1a610000)]
  0x195b3000 JavaThread "pool-1-thread-41" [_thread_blocked, id=7604, stack(0x1a4a0000,0x1a4f0000)]
  0x195b2c00 JavaThread "Thread-86" [_thread_in_native, id=7384, stack(0x1a0b0000,0x1a100000)]
  0x195b0c00 JavaThread "pool-1-thread-40" [_thread_blocked, id=9044, stack(0x1a410000,0x1a460000)]
  0x195b2400 JavaThread "pool-1-thread-39" [_thread_blocked, id=5848, stack(0x1a380000,0x1a3d0000)]
  0x195b4400 JavaThread "pool-1-thread-38" [_thread_blocked, id=8336, stack(0x1a260000,0x1a2b0000)]
  0x195b3c00 JavaThread "Thread-79" [_thread_in_native, id=8048, stack(0x1a1d0000,0x1a220000)]
  0x195b0400 JavaThread "pool-1-thread-37" [_thread_blocked, id=9156, stack(0x19f00000,0x19f50000)]
  0x195b1000 JavaThread "pool-1-thread-36" [_thread_blocked, id=8592, stack(0x1a140000,0x1a190000)]
  0x15d55c00 JavaThread "pool-1-thread-35" [_thread_blocked, id=1228, stack(0x1a020000,0x1a070000)]
  0x15d51400 JavaThread "Thread-73" [_thread_in_native, id=2584, stack(0x19430000,0x19480000)]
  0x15b75400 JavaThread "pool-1-thread-34" [_thread_blocked, id=6300, stack(0x18c60000,0x18cb0000)]
  0x15b74800 JavaThread "pool-1-thread-33" [_thread_in_Java, id=8892, stack(0x19f90000,0x19fe0000)]
  0x15d54c00 JavaThread "pool-1-thread-32" [_thread_blocked, id=4836, stack(0x19e70000,0x19ec0000)]
  0x15d54000 JavaThread "Thread-67" [_thread_in_native, id=8768, stack(0x19de0000,0x19e30000)]
  0x15d53000 JavaThread "pool-1-thread-31" [_thread_blocked, id=5320, stack(0x19d50000,0x19da0000)]
  0x15d56400 JavaThread "pool-1-thread-30" [_thread_blocked, id=5204, stack(0x194c0000,0x19510000)]
  0x15d55800 JavaThread "pool-1-thread-29" [_thread_blocked, id=6028, stack(0x193a0000,0x193f0000)]
  0x15d4f400 JavaThread "Thread-61" [_thread_in_native, id=7952, stack(0x18b40000,0x18b90000)]
  0x15d50c00 JavaThread "pool-1-thread-28" [_thread_blocked, id=6500, stack(0x18a20000,0x18a70000)]
  0x15d53800 JavaThread "pool-1-thread-27" [_thread_blocked, id=2320, stack(0x19310000,0x19360000)]
  0x15d54400 JavaThread "pool-1-thread-26" [_thread_blocked, id=7252, stack(0x18bd0000,0x18c20000)]
  0x15d52c00 JavaThread "Thread-56" [_thread_in_native, id=8076, stack(0x18750000,0x187a0000)]
  0x15d4ec00 JavaThread "pool-1-thread-25" [_thread_blocked, id=8800, stack(0x18630000,0x18680000)]
  0x15d52400 JavaThread "pool-1-thread-24" [_thread_blocked, id=5940, stack(0x18ab0000,0x18b00000)]
  0x15d50400 JavaThread "Thread-50" [_thread_in_native, id=5404, stack(0x18990000,0x189e0000)]
  0x15d50000 JavaThread "pool-1-thread-23" [_thread_blocked, id=1940, stack(0x18900000,0x18950000)]
  0x15d51800 JavaThread "pool-1-thread-22" [_thread_blocked, id=5860, stack(0x18870000,0x188c0000)]
  0x15d4f800 JavaThread "pool-1-thread-21" [_thread_blocked, id=4060, stack(0x186c0000,0x18710000)]
  0x15d52000 JavaThread "pool-1-thread-20" [_thread_blocked, id=8312, stack(0x187e0000,0x18830000)]
  0x15b70000 JavaThread "pool-1-thread-19" [_thread_blocked, id=8236, stack(0x18380000,0x183d0000)]
  0x15b73c00 JavaThread "Thread-43" [_thread_in_native, id=716, stack(0x18260000,0x182b0000)]
  0x15b74000 JavaThread "pool-1-thread-18" [_thread_blocked, id=1296, stack(0x185a0000,0x185f0000)]
  0x15b6f000 JavaThread "Thread-39" [_thread_in_native, id=5728, stack(0x18510000,0x18560000)]
  0x15b72800 JavaThread "pool-1-thread-17" [_thread_blocked, id=5068, stack(0x180b0000,0x18100000)]
  0x15b72000 JavaThread "pool-1-thread-16" [_thread_blocked, id=9052, stack(0x18020000,0x18070000)]
  0x15b73400 JavaThread "pool-1-thread-15" [_thread_blocked, id=8764, stack(0x182f0000,0x18340000)]
  0x15b74c00 JavaThread "pool-1-thread-14" [_thread_blocked, id=2700, stack(0x17e70000,0x17ec0000)]
  0x15b6e800 JavaThread "Thread-31" [_thread_in_native, id=9000, stack(0x181d0000,0x18220000)]
  0x15b6f400 JavaThread "pool-1-thread-13" [_thread_blocked, id=5256, stack(0x17d50000,0x17da0000)]
  0x15b72c00 JavaThread "pool-1-thread-12" [_thread_blocked, id=6716, stack(0x18140000,0x18190000)]
  0x15b6fc00 JavaThread "pool-1-thread-11" [_thread_blocked, id=6468, stack(0x17f90000,0x17fe0000)]
  0x15b71400 JavaThread "Thread-26" [_thread_in_native, id=2792, stack(0x17f00000,0x17f50000)]
  0x15b70800 JavaThread "pool-1-thread-10" [_thread_blocked, id=7768, stack(0x17130000,0x17180000)]
  0x15b6e400 JavaThread "pool-1-thread-9" [_thread_blocked, id=6816, stack(0x17de0000,0x17e30000)]
  0x15b71000 JavaThread "pool-1-thread-8" [_thread_blocked, id=8688, stack(0x17cc0000,0x17d10000)]
=>0x15b71c00 JavaThread "Thread-20" [_thread_in_native, id=8360, stack(0x172f0000,0x17340000)]
  0x15b6dc00 JavaThread "pool-1-thread-7" [_thread_blocked, id=428, stack(0x164f0000,0x16540000)]
  0x15ab4000 JavaThread "pool-1-thread-6" [_thread_blocked, id=5588, stack(0x16580000,0x165d0000)]
  0x15ab4c00 JavaThread "pool-1-thread-5" [_thread_blocked, id=4536, stack(0x168a0000,0x168f0000)]
  0x15ab4400 JavaThread "pool-1-thread-4" [_thread_blocked, id=7748, stack(0x17c30000,0x17c80000)]
  0x15ab3000 JavaThread "pool-1-thread-3" [_thread_blocked, id=3116, stack(0x171c0000,0x17210000)]
  0x15cf8400 JavaThread "TimerQueue" daemon [_thread_blocked, id=6560, stack(0x17ba0000,0x17bf0000)]
  0x0035c400 JavaThread "DestroyJavaVM" [_thread_blocked, id=6284, stack(0x003e0000,0x00430000)]
  0x15a5cc00 JavaThread "Swing-Shell" daemon [_thread_blocked, id=6160, stack(0x16950000,0x169a0000)]
  0x159f6400 JavaThread "AWT-EventQueue-0" [_thread_blocked, id=7764, stack(0x15fb0000,0x16000000)]
  0x159f6000 JavaThread "AWT-Shutdown" [_thread_blocked, id=8316, stack(0x15110000,0x15160000)]
  0x1497e400 JavaThread "AWT-Windows" daemon [_thread_in_native, id=8200, stack(0x151a0000,0x151f0000)]
  0x14978c00 JavaThread "Java2D Disposer" daemon [_thread_blocked, id=7856, stack(0x15080000,0x150d0000)]
  0x148b7800 JavaThread "pool-1-thread-2" [_thread_in_native, id=3404, stack(0x14b20000,0x14b70000)]
  0x148b7000 JavaThread "pool-1-thread-1" [_thread_in_native, id=2032, stack(0x14a90000,0x14ae0000)]
  0x14836400 JavaThread "Service Thread" daemon [_thread_blocked, id=7132, stack(0x04770000,0x047c0000)]
  0x1483a400 JavaThread "C1 CompilerThread0" daemon [_thread_blocked, id=8864, stack(0x01280000,0x012d0000)]
  0x14839400 JavaThread "Attach Listener" daemon [_thread_blocked, id=5996, stack(0x011f0000,0x01240000)]
  0x14837000 JavaThread "Signal Dispatcher" daemon [_thread_blocked, id=4628, stack(0x01160000,0x011b0000)]
  0x14806800 JavaThread "Finalizer" daemon [_thread_blocked, id=4876, stack(0x00c60000,0x00cb0000)]
  0x00a3ec00 JavaThread "Reference Handler" daemon [_thread_blocked, id=4532, stack(0x00bd0000,0x00c20000)]

Other Threads:
  0x00a3d400 VMThread [stack: 0x00b40000,0x00b90000] [id=5556]
  0x1484b400 WatcherThread [stack: 0x14a00000,0x14a50000] [id=8784]

VM state:not at safepoint (normal execution)

VM Mutex/Monitor currently owned by a thread: None

Heap:
 def new generation   total 4928K, used 1350K [0x04800000, 0x04d50000, 0x09d50000)
  eden space 4416K,  23% used [0x04800000, 0x048fe090, 0x04c50000)
  from space 512K,  65% used [0x04c50000, 0x04ca4748, 0x04cd0000)
  to   space 512K,   0% used [0x04cd0000, 0x04cd0000, 0x04d50000)
 tenured generation   total 10944K, used 7168K [0x09d50000, 0x0a800000, 0x14800000)
   the space 10944K,  65% used [0x09d50000, 0x0a4501d8, 0x0a450200, 0x0a800000)
 Metaspace       used 10886K, capacity 11079K, committed 11264K, reserved 11648K

Card table byte_map: [0x00a40000,0x00ad0000] byte_map_base: 0x00a1c000

Polling page: 0x00330000

CodeCache: size=32768Kb used=1613Kb max_used=1613Kb free=31154Kb
 bounds [0x02770000, 0x02908000, 0x04770000]
 total_blobs=968 nmethods=720 adapters=178
 compilation: enabled

Compilation events (10 events):
Event: 70.878 Thread 0x1483a400  650             javax.swing.GroupLayout::access$600 (6 bytes)
Event: 70.878 Thread 0x1483a400 nmethod 650 0x028e2848 code [0x028e2940, 0x028e29cc]
Event: 70.880 Thread 0x1483a400  651             java.net.URI$Parser::charAt (9 bytes)
Event: 70.881 Thread 0x1483a400 nmethod 651 0x028e2a48 code [0x028e2b50, 0x028e2c4c]
Event: 70.887 Thread 0x1483a400  652             javax.swing.GroupLayout$Spring::getMinimumSize (27 bytes)
Event: 70.887 Thread 0x1483a400 nmethod 652 0x028e2d88 code [0x028e2e90, 0x028e2f4c]
Event: 70.888 Thread 0x1483a400  653             javax.swing.GroupLayout$ComponentSpring::getComponent (5 bytes)
Event: 70.888 Thread 0x1483a400 nmethod 653 0x028e2fc8 code [0x028e30c0, 0x028e3140]
Event: 70.889 Thread 0x1483a400  654             java.lang.reflect.Modifier::isPublic (12 bytes)
Event: 70.889 Thread 0x1483a400 nmethod 654 0x028e3188 code [0x028e3280, 0x028e3300]

GC Heap History (8 events):
Event: 2.333 GC heap before
{Heap before GC invocations=0 (full 0):
 def new generation   total 4928K, used 4416K [0x04800000, 0x04d50000, 0x09d50000)
  eden space 4416K, 100% used [0x04800000, 0x04c50000, 0x04c50000)
  from space 512K,   0% used [0x04c50000, 0x04c50000, 0x04cd0000)
  to   space 512K,   0% used [0x04cd0000, 0x04cd0000, 0x04d50000)
 tenured generation   total 10944K, used 0K [0x09d50000, 0x0a800000, 0x14800000)
   the space 10944K,   0% used [0x09d50000, 0x09d50000, 0x09d50200, 0x0a800000)
 Metaspace       used 6590K, capacity 6768K, committed 6912K, reserved 7552K
Event: 2.348 GC heap after
Heap after GC invocations=1 (full 0):
 def new generation   total 4928K, used 512K [0x04800000, 0x04d50000, 0x09d50000)
  eden space 4416K,   0% used [0x04800000, 0x04800000, 0x04c50000)
  from space 512K, 100% used [0x04cd0000, 0x04d50000, 0x04d50000)
  to   space 512K,   0% used [0x04c50000, 0x04c50000, 0x04cd0000)
 tenured generation   total 10944K, used 1013K [0x09d50000, 0x0a800000, 0x14800000)
   the space 10944K,   9% used [0x09d50000, 0x09e4d748, 0x09e4d800, 0x0a800000)
 Metaspace       used 6590K, capacity 6768K, committed 6912K, reserved 7552K
}
Event: 3.921 GC heap before
{Heap before GC invocations=1 (full 0):
 def new generation   total 4928K, used 4928K [0x04800000, 0x04d50000, 0x09d50000)
  eden space 4416K, 100% used [0x04800000, 0x04c50000, 0x04c50000)
  from space 512K, 100% used [0x04cd0000, 0x04d50000, 0x04d50000)
  to   space 512K,   0% used [0x04c50000, 0x04c50000, 0x04cd0000)
 tenured generation   total 10944K, used 1013K [0x09d50000, 0x0a800000, 0x14800000)
   the space 10944K,   9% used [0x09d50000, 0x09e4d748, 0x09e4d800, 0x0a800000)
 Metaspace       used 9198K, capacity 9390K, committed 9600K, reserved 9600K
Event: 3.943 GC heap after
Heap after GC invocations=2 (full 0):
 def new generation   total 4928K, used 512K [0x04800000, 0x04d50000, 0x09d50000)
  eden space 4416K,   0% used [0x04800000, 0x04800000, 0x04c50000)
  from space 512K, 100% used [0x04c50000, 0x04cd0000, 0x04cd0000)
  to   space 512K,   0% used [0x04cd0000, 0x04cd0000, 0x04d50000)
 tenured generation   total 10944K, used 2495K [0x09d50000, 0x0a800000, 0x14800000)
   the space 10944K,  22% used [0x09d50000, 0x09fbfc48, 0x09fbfe00, 0x0a800000)
 Metaspace       used 9198K, capacity 9390K, committed 9600K, reserved 9600K
}
Event: 4.902 GC heap before
{Heap before GC invocations=2 (full 0):
 def new generation   total 4928K, used 4928K [0x04800000, 0x04d50000, 0x09d50000)
  eden space 4416K, 100% used [0x04800000, 0x04c50000, 0x04c50000)
  from space 512K, 100% used [0x04c50000, 0x04cd0000, 0x04cd0000)
  to   space 512K,   0% used [0x04cd0000, 0x04cd0000, 0x04d50000)
 tenured generation   total 10944K, used 2495K [0x09d50000, 0x0a800000, 0x14800000)
   the space 10944K,  22% used [0x09d50000, 0x09fbfc48, 0x09fbfe00, 0x0a800000)
 Metaspace       used 9789K, capacity 9998K, committed 10112K, reserved 10624K
Event: 4.912 GC heap after
Heap after GC invocations=3 (full 0):
 def new generation   total 4928K, used 496K [0x04800000, 0x04d50000, 0x09d50000)
  eden space 4416K,   0% used [0x04800000, 0x04800000, 0x04c50000)
  from space 512K,  96% used [0x04cd0000, 0x04d4c088, 0x04d50000)
  to   space 512K,   0% used [0x04c50000, 0x04c50000, 0x04cd0000)
 tenured generation   total 10944K, used 2938K [0x09d50000, 0x0a800000, 0x14800000)
   the space 10944K,  26% used [0x09d50000, 0x0a02ea90, 0x0a02ec00, 0x0a800000)
 Metaspace       used 9789K, capacity 9998K, committed 10112K, reserved 10624K
}
Event: 6.057 GC heap before
{Heap before GC invocations=3 (full 0):
 def new generation   total 4928K, used 4912K [0x04800000, 0x04d50000, 0x09d50000)
  eden space 4416K, 100% used [0x04800000, 0x04c50000, 0x04c50000)
  from space 512K,  96% used [0x04cd0000, 0x04d4c088, 0x04d50000)
  to   space 512K,   0% used [0x04c50000, 0x04c50000, 0x04cd0000)
 tenured generation   total 10944K, used 2938K [0x09d50000, 0x0a800000, 0x14800000)
   the space 10944K,  26% used [0x09d50000, 0x0a02ea90, 0x0a02ec00, 0x0a800000)
 Metaspace       used 10272K, capacity 10448K, committed 10624K, reserved 10624K
Event: 6.066 GC heap after
Heap after GC invocations=4 (full 0):
 def new generation   total 4928K, used 511K [0x04800000, 0x04d50000, 0x09d50000)
  eden space 4416K,   0% used [0x04800000, 0x04800000, 0x04c50000)
  from space 512K,  99% used [0x04c50000, 0x04ccffa8, 0x04cd0000)
  to   space 512K,   0% used [0x04cd0000, 0x04cd0000, 0x04d50000)
 tenured generation   total 10944K, used 3197K [0x09d50000, 0x0a800000, 0x14800000)
   the space 10944K,  29% used [0x09d50000, 0x0a06f558, 0x0a06f600, 0x0a800000)
 Metaspace       used 10272K, capacity 10448K, committed 10624K, reserved 10624K
}

Deoptimization events (0 events):
No events

Internal exceptions (10 events):
Event: 3.724 Thread 0x15a43000 Exception <a 'java/security/PrivilegedActionException'> (0x04ae8e58) thrown at [C:\re\workspace\8-2-build-windows-i586-cygwin\jdk8u45\3457\hotspot\src\share\vm\prims\jvm.cpp, line 1382]
Event: 4.921 Thread 0x0035c400 Exception <a 'java/lang/NoClassDefFoundError': org/slf4j/impl/StaticLoggerBinder> (0x04807380) thrown at [C:\re\workspace\8-2-build-windows-i586-cygwin\jdk8u45\3457\hotspot\src\share\vm\classfile\systemDictionary.cpp, line 199]
Event: 4.944 Thread 0x0035c400 Exception <a 'java/lang/NullPointerException'> (0x048521c8) thrown at [C:\re\workspace\8-2-build-windows-i586-cygwin\jdk8u45\3457\hotspot\src\share\vm\interpreter\linkResolver.cpp, line 1178]
Event: 4.946 Thread 0x0035c400 Exception <a 'java/lang/UnsatisfiedLinkError': Det går inte att hitta den angivna modulen.
> (0x04852770) thrown at [C:\re\workspace\8-2-build-windows-i586-cygwin\jdk8u45\3457\hotspot\src\share\vm\prims\jni.cpp, line 735]
Event: 4.948 Thread 0x0035c400 Exception <a 'java/lang/UnsatisfiedLinkError': Det går inte att hitta den angivna modulen.
> (0x04852a30) thrown at [C:\re\workspace\8-2-build-windows-i586-cygwin\jdk8u45\3457\hotspot\src\share\vm\prims\jni.cpp, line 735]
Event: 4.949 Thread 0x0035c400 Exception <a 'java/lang/UnsatisfiedLinkError': Det går inte att hitta den angivna modulen.
> (0x04852d68) thrown at [C:\re\workspace\8-2-build-windows-i586-cygwin\jdk8u45\3457\hotspot\src\share\vm\prims\jni.cpp, line 735]
Event: 4.950 Thread 0x0035c400 Exception <a 'java/lang/UnsatisfiedLinkError'> (0x04855198) thrown at [C:\re\workspace\8-2-build-windows-i586-cygwin\jdk8u45\3457\hotspot\src\share\vm\oops\instanceKlass.cpp, line 938]
Event: 4.965 Thread 0x0035c400 Exception <a 'java/lang/NullPointerException'> (0x0488a5b0) thrown at [C:\re\workspace\8-2-build-windows-i586-cygwin\jdk8u45\3457\hotspot\src\share\vm\interpreter\linkResolver.cpp, line 1178]
Event: 67.495 Thread 0x15ab3000 Exception <a 'java/lang/NoSuchMethodError': <clinit>> (0x04b1e628) thrown at [C:\re\workspace\8-2-build-windows-i586-cygwin\jdk8u45\3457\hotspot\src\share\vm\prims\jni.cpp, line 1598]
Event: 69.369 Thread 0x15ab4c00 Exception <a 'java/lang/NoSuchMethodError': <clinit>> (0x04b7d4e0) thrown at [C:\re\workspace\8-2-build-windows-i586-cygwin\jdk8u45\3457\hotspot\src\share\vm\prims\jni.cpp, line 1598]

Events (10 events):
Event: 70.877 Executing VM operation: RevokeBias done
Event: 70.881 Thread 0x15b6f400 Thread added: 0x15b6f400
Event: 70.881 Thread 0x15b6e800 Thread added: 0x15b6e800
Event: 70.882 Executing VM operation: RevokeBias
Event: 70.884 Executing VM operation: RevokeBias done
Event: 70.884 Thread 0x15b70000 Thread added: 0x15b70000
Event: 70.884 Thread 0x15b72800 Thread exited: 0x15b72800
Event: 70.886 Thread 0x15b74c00 Thread added: 0x15b74c00
Event: 70.887 Thread 0x15b73400 Thread added: 0x15b73400
Event: 70.890 Thread 0x15b73c00 Thread added: 0x15b73c00


Dynamic libraries:
0x01330000 - 0x01363000 	C:\Program Files (x86)\Java\jdk1.8.0_45\bin\java.exe
0x770c0000 - 0x7722e000 	C:\WINDOWS\SYSTEM32\ntdll.dll
0x76b90000 - 0x76cd0000 	C:\WINDOWS\SYSTEM32\KERNEL32.DLL
0x74f80000 - 0x75057000 	C:\WINDOWS\SYSTEM32\KERNELBASE.dll
0x746f0000 - 0x74790000 	C:\WINDOWS\system32\apphelp.dll
0x71670000 - 0x718d5000 	C:\WINDOWS\AppPatch\AcGenral.DLL
0x76ac0000 - 0x76b83000 	C:\WINDOWS\SYSTEM32\msvcrt.dll
0x75530000 - 0x75571000 	C:\WINDOWS\SYSTEM32\sechost.dll
0x748c0000 - 0x748de000 	C:\WINDOWS\SYSTEM32\SspiCli.dll
0x769c0000 - 0x76a05000 	C:\WINDOWS\SYSTEM32\SHLWAPI.dll
0x73f10000 - 0x73ffd000 	C:\WINDOWS\SYSTEM32\UxTheme.dll
0x75230000 - 0x75383000 	C:\WINDOWS\SYSTEM32\USER32.dll
0x76cd0000 - 0x76dde000 	C:\WINDOWS\SYSTEM32\GDI32.dll
0x74100000 - 0x74123000 	C:\WINDOWS\SYSTEM32\WINMM.dll
0x72920000 - 0x72933000 	C:\WINDOWS\SYSTEM32\samcli.dll
0x75070000 - 0x75198000 	C:\WINDOWS\SYSTEM32\ole32.dll
0x74900000 - 0x74995000 	C:\WINDOWS\SYSTEM32\OLEAUT32.dll
0x72d70000 - 0x72d87000 	C:\WINDOWS\SYSTEM32\MSACM32.dll
0x72d60000 - 0x72d68000 	C:\WINDOWS\SYSTEM32\VERSION.dll
0x75580000 - 0x7682c000 	C:\WINDOWS\SYSTEM32\SHELL32.dll
0x74300000 - 0x7431b000 	C:\WINDOWS\SYSTEM32\USERENV.dll
0x73ef0000 - 0x73f0a000 	C:\WINDOWS\SYSTEM32\dwmapi.dll
0x71350000 - 0x7149b000 	C:\WINDOWS\SYSTEM32\urlmon.dll
0x751a0000 - 0x7521c000 	C:\WINDOWS\SYSTEM32\ADVAPI32.dll
0x743d0000 - 0x74435000 	C:\WINDOWS\SYSTEM32\WINSPOOL.DRV
0x74450000 - 0x74466000 	C:\WINDOWS\SYSTEM32\MPR.dll
0x76870000 - 0x7692a000 	C:\WINDOWS\SYSTEM32\RPCRT4.dll
0x748b0000 - 0x748ba000 	C:\WINDOWS\SYSTEM32\CRYPTBASE.dll
0x74bc0000 - 0x74d3d000 	C:\WINDOWS\SYSTEM32\combase.dll
0x740c0000 - 0x740e3000 	C:\WINDOWS\SYSTEM32\WINMMBASE.dll
0x740f0000 - 0x740ff000 	C:\WINDOWS\SYSTEM32\profapi.dll
0x73210000 - 0x73442000 	C:\WINDOWS\SYSTEM32\iertutil.dll
0x73490000 - 0x73665000 	C:\WINDOWS\SYSTEM32\WININET.dll
0x74850000 - 0x748a4000 	C:\WINDOWS\SYSTEM32\bcryptPrimitives.dll
0x76a70000 - 0x76aac000 	C:\WINDOWS\SYSTEM32\cfgmgr32.dll
0x74000000 - 0x74021000 	C:\WINDOWS\SYSTEM32\DEVOBJ.dll
0x74030000 - 0x740bb000 	C:\WINDOWS\SYSTEM32\SHCORE.DLL
0x76840000 - 0x76867000 	C:\WINDOWS\system32\IMM32.DLL
0x74e60000 - 0x74f72000 	C:\WINDOWS\SYSTEM32\MSCTF.dll
0x73710000 - 0x73916000 	C:\WINDOWS\WinSxS\x86_microsoft.windows.common-controls_6595b64144ccf1df_6.0.9600.17415_none_a9ed7f470139b3c1\COMCTL32.dll
0x5c160000 - 0x5c21f000 	C:\Program Files (x86)\Java\jdk1.8.0_45\jre\bin\msvcr100.dll
0x5bda0000 - 0x5c160000 	C:\Program Files (x86)\Java\jdk1.8.0_45\jre\bin\client\jvm.dll
0x6e840000 - 0x6e848000 	C:\WINDOWS\SYSTEM32\WSOCK32.dll
0x75220000 - 0x75226000 	C:\WINDOWS\SYSTEM32\PSAPI.DLL
0x74d40000 - 0x74d90000 	C:\WINDOWS\SYSTEM32\WS2_32.dll
0x75520000 - 0x75527000 	C:\WINDOWS\SYSTEM32\NSI.dll
0x69ad0000 - 0x69adc000 	C:\Program Files (x86)\Java\jdk1.8.0_45\jre\bin\verify.dll
0x69aa0000 - 0x69ac1000 	C:\Program Files (x86)\Java\jdk1.8.0_45\jre\bin\java.dll
0x693c0000 - 0x693d3000 	C:\Program Files (x86)\Java\jdk1.8.0_45\jre\bin\zip.dll
0x693a0000 - 0x693b5000 	C:\Program Files (x86)\Java\jdk1.8.0_45\jre\bin\net.dll
0x73d70000 - 0x73dbb000 	C:\WINDOWS\system32\mswsock.dll
0x5bc50000 - 0x5bd95000 	C:\Program Files (x86)\Java\jdk1.8.0_45\jre\bin\awt.dll
0x151f0000 - 0x15229000 	C:\Program Files (x86)\Samsung\Settings\CmdServer\WinCRT.dll
0x74790000 - 0x74799000 	C:\WINDOWS\SYSTEM32\kernel.appcore.dll
0x63080000 - 0x630b9000 	C:\Program Files (x86)\Java\jdk1.8.0_45\jre\bin\fontmanager.dll
0x69a90000 - 0x69a9f000 	C:\Program Files (x86)\Java\jdk1.8.0_45\jre\bin\nio.dll
0x61fa0000 - 0x61fd0000 	C:\Program Files (x86)\Java\jdk1.8.0_45\jre\bin\t2k.dll
0x73940000 - 0x73960000 	C:\WINDOWS\SYSTEM32\IPHLPAPI.DLL
0x730f0000 - 0x730f8000 	C:\WINDOWS\SYSTEM32\WINNSI.DLL
0x72730000 - 0x72743000 	C:\WINDOWS\SYSTEM32\dhcpcsvc6.DLL
0x72710000 - 0x72724000 	C:\WINDOWS\SYSTEM32\dhcpcsvc.DLL
0x76930000 - 0x769bd000 	C:\WINDOWS\SYSTEM32\clbcatq.dll
0x708c0000 - 0x70a2b000 	C:\WINDOWS\SYSTEM32\WindowsCodecs.dll
0x72670000 - 0x72689000 	C:\WINDOWS\SYSTEM32\CRYPTSP.dll
0x72640000 - 0x72670000 	C:\WINDOWS\system32\rsaenh.dll
0x72620000 - 0x7263e000 	C:\WINDOWS\SYSTEM32\bcrypt.dll
0x74320000 - 0x743a9000 	C:\WINDOWS\WinSxS\x86_microsoft.windows.common-controls_6595b64144ccf1df_5.82.9600.17415_none_7c5769eaaa0aa358\comctl32.dll
0x749a0000 - 0x74b51000 	C:\WINDOWS\SYSTEM32\SETUPAPI.dll
0x70a40000 - 0x70b7a000 	C:\WINDOWS\system32\propsys.dll
0x5bab0000 - 0x5bc4a000 	C:\WINDOWS\system32\NetworkExplorer.dll
0x6f290000 - 0x6f2b3000 	C:\Windows\SYSTEM32\thumbcache.dll
0x57770000 - 0x57779000 	C:\WINDOWS\System32\drprov.dll
0x73c40000 - 0x73c85000 	C:\WINDOWS\System32\WINSTA.dll
0x57750000 - 0x57762000 	C:\WINDOWS\System32\ntlanman.dll
0x57590000 - 0x575aa000 	C:\WINDOWS\System32\davclnt.dll
0x57580000 - 0x5758a000 	C:\WINDOWS\System32\DAVHLPR.dll
0x730a0000 - 0x730b1000 	C:\WINDOWS\System32\wkscli.dll
0x70450000 - 0x7045f000 	C:\WINDOWS\SYSTEM32\cscapi.dll
0x730e0000 - 0x730ea000 	C:\WINDOWS\System32\netutils.dll
0x57510000 - 0x5757e000 	C:\Windows\SYSTEM32\dlnashext.dll
0x5d5c0000 - 0x5d5f9000 	C:\Windows\System32\PlayToDevice.dll
0x61f10000 - 0x61f2a000 	C:\Windows\System32\DevDispItemProvider.dll
0x6f000000 - 0x6f103000 	C:\Windows\SYSTEM32\actxprxy.dll
0x5ba70000 - 0x5baa7000 	C:\WINDOWS\System32\netprofm.dll
0x69390000 - 0x69399000 	C:\WINDOWS\System32\npmproxy.dll
0x5b880000 - 0x5ba66000 	C:\WINDOWS\system32\wpdshext.dll
0x74130000 - 0x742a0000 	C:\WINDOWS\WinSxS\x86_microsoft.windows.gdiplus_6595b64144ccf1df_1.1.9600.17415_none_dad8722c5bcc2d8f\gdiplus.dll
0x5b7f0000 - 0x5b880000 	C:\Windows\SYSTEM32\PortableDeviceApi.dll
0x74e20000 - 0x74e5d000 	C:\WINDOWS\SYSTEM32\WINTRUST.dll
0x75390000 - 0x75518000 	C:\WINDOWS\SYSTEM32\CRYPT32.dll
0x76ab0000 - 0x76abe000 	C:\WINDOWS\SYSTEM32\MSASN1.dll
0x5b7b0000 - 0x5b7f0000 	C:\WINDOWS\system32\audiodev.dll
0x5b360000 - 0x5b5f1000 	C:\WINDOWS\system32\WMVCore.DLL
0x5b770000 - 0x5b7ad000 	C:\WINDOWS\system32\WMASF.DLL
0x6e850000 - 0x6e85b000 	C:\WINDOWS\SYSTEM32\LINKINFO.dll
0x72900000 - 0x72914000 	C:\WINDOWS\SYSTEM32\SAMLIB.dll
0x177d0000 - 0x1780d000 	C:\Users\Alexander\AppData\Local\Temp\jna-Alexander\jna4391603695664995074.dll
0x61f30000 - 0x61f59000 	C:\Users\Alexander\Documents\GitHub\sadoksync\Client\SadokSync\target\classes\VLC\libvlc.dll
0x5b0d0000 - 0x5b359000 	C:\Users\Alexander\Documents\GitHub\sadoksync\Client\SadokSync\target\classes\VLC\libvlccore.dll
0x5b040000 - 0x5b0cd000 	C:\Users\Alexander\Documents\GitHub\sadoksync\Client\SadokSync\target\classes\VLC\plugins\access\libdshow_plugin.dll
0x61f80000 - 0x61f91000 	C:\Users\Alexander\Documents\GitHub\sadoksync\Client\SadokSync\target\classes\VLC\plugins\audio_output\libdirectsound_plugin.dll
0x5b750000 - 0x5b761000 	C:\Users\Alexander\Documents\GitHub\sadoksync\Client\SadokSync\target\classes\VLC\plugins\audio_output\libwaveout_plugin.dll
0x591a0000 - 0x59d1e000 	C:\Users\Alexander\Documents\GitHub\sadoksync\Client\SadokSync\target\classes\VLC\plugins\gui\libqt4_plugin.dll
0x76f50000 - 0x76feb000 	C:\WINDOWS\SYSTEM32\COMDLG32.DLL
0x5af00000 - 0x5b03c000 	C:\Users\Alexander\Documents\GitHub\sadoksync\Client\SadokSync\target\classes\VLC\plugins\misc\libxml_plugin.dll
0x5b730000 - 0x5b74d000 	C:\Users\Alexander\Documents\GitHub\sadoksync\Client\SadokSync\target\classes\VLC\plugins\video_output\libdirect3d_plugin.dll
0x5aee0000 - 0x5aefa000 	C:\Users\Alexander\Documents\GitHub\sadoksync\Client\SadokSync\target\classes\VLC\plugins\video_output\libdirectdraw_plugin.dll
0x5ae50000 - 0x5aed1000 	C:\WINDOWS\SYSTEM32\DSOUND.DLL
0x72980000 - 0x729c0000 	C:\WINDOWS\SYSTEM32\POWRPROF.dll
0x72cb0000 - 0x72d03000 	C:\WINDOWS\System32\MMDevApi.dll
0x5ae20000 - 0x5ae44000 	C:\Program Files (x86)\Java\jdk1.8.0_45\jre\bin\dcpr.dll
0x73cf0000 - 0x73d6e000 	C:\WINDOWS\SYSTEM32\DNSAPI.dll
0x73ce0000 - 0x73ce8000 	C:\Windows\System32\rasadhlp.dll
0x73c90000 - 0x73cd6000 	C:\WINDOWS\System32\fwpuclnt.dll
0x69550000 - 0x69691000 	C:\WINDOWS\SYSTEM32\dbghelp.dll

VM Arguments:
java_command: com.sadoksync.sadoksync.Driver
java_class_path (initial): C:\Users\Alexander\Documents\GitHub\sadoksync\Client\SadokSync\target\classes;C:\Users\Alexander\.m2\repository\uk\co\caprica\vlcj\3.6.0\vlcj-3.6.0.jar;C:\Users\Alexander\.m2\repository\net\java\dev\jna\jna\3.5.2\jna-3.5.2.jar;C:\Users\Alexander\.m2\repository\net\java\dev\jna\platform\3.5.2\platform-3.5.2.jar;C:\Users\Alexander\.m2\repository\org\slf4j\slf4j-api\1.7.10\slf4j-api-1.7.10.jar
Launcher Type: SUN_STANDARD

Environment Variables:
JAVA_HOME=C:\Program Files (x86)\Java\jdk1.8.0_45
PATH=C:\Program Files (x86)\NVIDIA Corporation\PhysX\Common;C:\Program Files (x86)\Intel\iCLS Client\;C:\Program Files\Intel\iCLS Client\;C:\WINDOWS\system32;C:\WINDOWS;C:\WINDOWS\System32\Wbem;C:\WINDOWS\System32\WindowsPowerShell\v1.0\;C:\Program Files\Intel\WiFi\bin\;C:\Program Files\Common Files\Intel\WirelessCommon\;C:\Program Files\Intel\Intel(R) Management Engine Components\DAL;C:\Program Files\Intel\Intel(R) Management Engine Components\IPT;C:\Program Files (x86)\Intel\Intel(R) Management Engine Components\DAL;C:\Program Files (x86)\Intel\Intel(R) Management Engine Components\IPT;C:\Program Files (x86)\Intel\OpenCL SDK\2.0\bin\x86;C:\Program Files (x86)\Intel\OpenCL SDK\2.0\bin\x64;C:\Program Files (x86)\Windows Live\Shared;C:\Program Files\Condusiv Technologies\IntelliMemory\;C:\Program Files\Java\jdk1.7.0_45\bin;C:\VXIPNP\WinNT\Bin;;C:\Program Files\Samsung\AllShare Framework DMS\1.3.23\64bit\???;C:\Program Files (x86)\MiKTeX 2.9\miktex\bin\;C:\Program Files (x86)\OpenVPN\bin
USERNAME=Alexander
OS=Windows_NT
PROCESSOR_IDENTIFIER=Intel64 Family 6 Model 58 Stepping 9, GenuineIntel



---------------  S Y S T E M  ---------------

OS: Windows 8.1 , 64 bit Build 9600 (6.3.9600.17415)

CPU:total 4 (2 cores per cpu, 2 threads per core) family 6 model 58 stepping 9, cmov, cx8, fxsr, mmx, sse, sse2, sse3, ssse3, sse4.1, sse4.2, popcnt, avx, clmul, erms, ht, tsc, tscinvbit, tscinv

Memory: 4k page, physical 8001056k(503588k free), swap 11146788k(1737384k free)

vm_info: Java HotSpot(TM) Client VM (25.45-b02) for windows-x86 JRE (1.8.0_45-b14), built on Apr 10 2015 10:46:40 by "java_re" with MS VC++ 10.0 (VS2010)

time: Thu Apr 23 13:59:57 2015
elapsed time: 71 seconds (0d 0h 1m 11s)

