#
# A fatal error has been detected by the Java Runtime Environment:
#
#  EXCEPTION_ACCESS_VIOLATION (0xc0000005) at pc=0x77aadf63, pid=3924, tid=5732
#
# JRE version: Java(TM) SE Runtime Environment (8.0_45-b14) (build 1.8.0_45-b14)
# Java VM: Java HotSpot(TM) Client VM (25.45-b02 mixed mode, sharing windows-x86 )
# Problematic frame:
# C  [ntdll.dll+0x1df63]
#
# Failed to write core dump. Minidumps are not enabled by default on client versions of Windows
#
# If you would like to submit a bug report, please visit:
#   http://bugreport.java.com/bugreport/crash.jsp
# The crash happened outside the Java Virtual Machine in native code.
# See problematic frame for where to report the bug.
#

---------------  T H R E A D  ---------------

Current thread (0x17492800):  JavaThread "Thread-4054" [_thread_in_native, id=5732, stack(0x18130000,0x18180000)]

siginfo: ExceptionCode=0xc0000005, writing address 0x00000014

Registers:
EAX=0x00000000, EBX=0x00000d68, ECX=0xfffffffc, EDX=0x00000000
ESP=0x1817e7e8, EBP=0x1817e848, ESI=0x16ef1830, EDI=0x00000000
EIP=0x77aadf63, EFLAGS=0x00010213

Top of Stack: (sp=0x1817e7e8)
0x1817e7e8:   00000000 16ef1834 16ef1830 1817e8c8
0x1817e7f8:   16ef1830 00000000 7e8e6000 00000000
0x1817e808:   00000000 00000000 17492800 1817e7fc
0x1817e818:   1baad210 1817f50c 54e7752e 9a8855d8
0x1817e828:   fffffffe 1817e84c 54d15d4e 54d15ae0
0x1817e838:   1817e948 1817e858 1817e8c8 f534c0f9
0x1817e848:   1817e870 77aade0b 1817e910 16ef1800
0x1817e858:   16ef1810 00000000 16ef1830 00000001 

Instructions: (pc=0x77aadf63)
0x77aadf43:   c2 f0 0f b1 0e 8b 75 b0 3b c2 0f 85 cf 5e fe ff
0x77aadf53:   83 65 c0 00 33 c0 89 45 c4 8b 06 83 f8 ff 74 03
0x77aadf63:   ff 40 14 b8 82 03 fe 7f 8a 08 84 c9 0f 85 c8 34
0x77aadf73:   06 00 57 6a 00 83 fb ff 0f 84 0b 35 06 00 53 e8 


Register to memory mapping:

EAX=0x00000000 is an unknown value
EBX=0x00000d68 is an unknown value
ECX=0xfffffffc is an unknown value
EDX=0x00000000 is an unknown value
ESP=0x1817e7e8 is pointing into the stack for thread: 0x17492800
EBP=0x1817e848 is pointing into the stack for thread: 0x17492800
ESI=0x16ef1830 is an unknown value
EDI=0x00000000 is an unknown value


Stack: [0x18130000,0x18180000],  sp=0x1817e7e8,  free space=313k
Native frames: (J=compiled Java code, j=interpreted, Vv=VM code, C=native code)
C  [ntdll.dll+0x1df63]
C  [ntdll.dll+0x1de0b]
C  [ntdll.dll+0x1de35]
C  [libvlccore.dll+0xa3bb0]

Java frames: (J=compiled Java code, j=interpreted, Vv=VM code)
j  com.sun.jna.Native.invokeVoid(JI[Ljava/lang/Object;)V+0
j  com.sun.jna.Function.invoke([Ljava/lang/Object;Ljava/lang/Class;Z)Ljava/lang/Object;+48
J 1587 C1 com.sun.jna.Function.invoke(Ljava/lang/Class;[Ljava/lang/Object;Ljava/util/Map;)Ljava/lang/Object; (526 bytes) @ 0x02251440 [0x02250f70+0x4d0]
j  com.sun.jna.Library$Handler.invoke(Ljava/lang/Object;Ljava/lang/reflect/Method;[Ljava/lang/Object;)Ljava/lang/Object;+341
j  com.sun.proxy.$Proxy0.libvlc_media_player_set_media(Luk/co/caprica/vlcj/binding/internal/libvlc_media_player_t;Luk/co/caprica/vlcj/binding/internal/libvlc_media_t;)V+20
j  uk.co.caprica.vlcj.player.DefaultMediaPlayer.setMedia(Ljava/lang/String;[Ljava/lang/String;)Z+302
j  uk.co.caprica.vlcj.player.DefaultMediaPlayer.prepareMedia(Ljava/lang/String;[Ljava/lang/String;)Z+19
j  uk.co.caprica.vlcj.player.DefaultMediaPlayer.playMedia(Ljava/lang/String;[Ljava/lang/String;)Z+19
j  com.sadoksync.sadoksync.Client.playMedia(Ljava/lang/String;)V+112
j  com.sadoksync.sadoksync.Client.connectToRtsp()V+5
j  com.sadoksync.sadoksync.ConnectionHandler.run()V+628
v  ~StubRoutines::call_stub

---------------  P R O C E S S  ---------------

Java Threads: ( => current thread )
=>0x17492800 JavaThread "Thread-4054" [_thread_in_native, id=5732, stack(0x18130000,0x18180000)]
  0x17493000 JavaThread "Thread-4053" [_thread_in_native, id=6576, stack(0x16100000,0x16150000)]
  0x17493400 JavaThread "pool-1-thread-24" [_thread_blocked, id=6428, stack(0x17e60000,0x17eb0000)]
  0x1748f000 JavaThread "pool-1-thread-23" [_thread_blocked, id=1260, stack(0x18010000,0x18060000)]
  0x17491c00 JavaThread "pool-1-thread-22" [_thread_blocked, id=1608, stack(0x16250000,0x162a0000)]
  0x17492000 JavaThread "pool-1-thread-21" [_thread_blocked, id=720, stack(0x1dab0000,0x1db00000)]
  0x17493c00 JavaThread "pool-1-thread-20" [_thread_blocked, id=2084, stack(0x1da20000,0x1da70000)]
  0x17494800 JavaThread "pool-1-thread-19" [_thread_blocked, id=2516, stack(0x1d990000,0x1d9e0000)]
  0x1748e400 JavaThread "pool-1-thread-18" [_thread_blocked, id=2936, stack(0x1a130000,0x1a180000)]
  0x17491400 JavaThread "pool-1-thread-17" [_thread_blocked, id=2200, stack(0x165b0000,0x16600000)]
  0x1748d000 JavaThread "pool-1-thread-16" [_thread_blocked, id=5108, stack(0x16520000,0x16570000)]
  0x17490400 JavaThread "pool-1-thread-15" [_thread_blocked, id=3992, stack(0x16490000,0x164e0000)]
  0x1748d800 JavaThread "pool-1-thread-14" [_thread_blocked, id=5384, stack(0x16400000,0x16450000)]
  0x1748e800 JavaThread "pool-1-thread-13" [_thread_blocked, id=2704, stack(0x16370000,0x163c0000)]
  0x1748dc00 JavaThread "pool-1-thread-12" [_thread_blocked, id=188, stack(0x162e0000,0x16330000)]
  0x17490800 JavaThread "pool-1-thread-11" [_thread_blocked, id=6588, stack(0x181c0000,0x18210000)]
  0x17491000 JavaThread "pool-5-thread-1" [_thread_blocked, id=3760, stack(0x17f80000,0x17fd0000)]
  0x1748fc00 JavaThread "pool-1-thread-10" [_thread_blocked, id=3464, stack(0x16f60000,0x16fb0000)]
  0x1748f400 JavaThread "pool-1-thread-9" [_thread_blocked, id=2464, stack(0x180a0000,0x180f0000)]
  0x01f31c00 JavaThread "pool-1-thread-8" [_thread_blocked, id=7060, stack(0x17bd0000,0x17c20000)]
  0x01f2f400 JavaThread "pool-1-thread-7" [_thread_blocked, id=32, stack(0x17010000,0x17060000)]
  0x01f2fc00 JavaThread "pool-1-thread-6" [_thread_blocked, id=6072, stack(0x170a0000,0x170f0000)]
  0x01f32000 JavaThread "pool-1-thread-5" [_thread_blocked, id=3676, stack(0x22820000,0x22870000)]
  0x01f31000 JavaThread "pool-3-thread-1" [_thread_blocked, id=3124, stack(0x17b40000,0x17b90000)]
  0x01f2f000 JavaThread "pool-1-thread-4" [_thread_blocked, id=6616, stack(0x17ab0000,0x17b00000)]
  0x01f32800 JavaThread "pool-1-thread-3" [_thread_blocked, id=5632, stack(0x17a00000,0x17a50000)]
  0x175d1000 JavaThread "TimerQueue" daemon [_thread_blocked, id=6448, stack(0x17970000,0x179c0000)]
  0x0031d000 JavaThread "DestroyJavaVM" [_thread_blocked, id=4148, stack(0x00400000,0x00450000)]
  0x14f7cc00 JavaThread "Swing-Shell" daemon [_thread_blocked, id=5056, stack(0x16940000,0x16990000)]
  0x14f10c00 JavaThread "AWT-EventQueue-0" [_thread_blocked, id=5680, stack(0x15d00000,0x15d50000)]
  0x14e6fc00 JavaThread "AWT-Windows" daemon [_thread_in_native, id=2036, stack(0x15350000,0x153a0000)]
  0x14e6b000 JavaThread "AWT-Shutdown" [_thread_blocked, id=4476, stack(0x152c0000,0x15310000)]
  0x14e6a400 JavaThread "Java2D Disposer" daemon [_thread_blocked, id=2496, stack(0x15230000,0x15280000)]
  0x01f5e800 JavaThread "pool-1-thread-2" [_thread_in_native, id=4076, stack(0x150a0000,0x150f0000)]
  0x01f5e000 JavaThread "pool-1-thread-1" [_thread_in_native, id=4264, stack(0x15010000,0x15060000)]
  0x01f17c00 JavaThread "Service Thread" daemon [_thread_blocked, id=4056, stack(0x14730000,0x14780000)]
  0x01e9b000 JavaThread "C1 CompilerThread0" daemon [_thread_blocked, id=4396, stack(0x146a0000,0x146f0000)]
  0x01e99800 JavaThread "Attach Listener" daemon [_thread_blocked, id=6016, stack(0x14610000,0x14660000)]
  0x01e97800 JavaThread "Signal Dispatcher" daemon [_thread_blocked, id=192, stack(0x14580000,0x145d0000)]
  0x01e87c00 JavaThread "Finalizer" daemon [_thread_blocked, id=6988, stack(0x144f0000,0x14540000)]
  0x01e86800 JavaThread "Reference Handler" daemon [_thread_blocked, id=4036, stack(0x14460000,0x144b0000)]

Other Threads:
  0x01e83c00 VMThread [stack: 0x03f60000,0x03fb0000] [id=5488]
  0x01f2c000 WatcherThread [stack: 0x14dc0000,0x14e10000] [id=5780]

VM state:not at safepoint (normal execution)

VM Mutex/Monitor currently owned by a thread: None

Heap:
 def new generation   total 6272K, used 697K [0x04000000, 0x046c0000, 0x09550000)
  eden space 5632K,   2% used [0x04000000, 0x04026e48, 0x04580000)
  from space 640K,  84% used [0x04620000, 0x046a7688, 0x046c0000)
  to   space 640K,   0% used [0x04580000, 0x04580000, 0x04620000)
 tenured generation   total 13468K, used 12177K [0x09550000, 0x0a277000, 0x14000000)
   the space 13468K,  90% used [0x09550000, 0x0a134500, 0x0a134600, 0x0a277000)
 Metaspace       used 3857K, capacity 4092K, committed 4160K, reserved 4480K

Card table byte_map: [0x01d90000,0x01e20000] byte_map_base: 0x01d70000

Polling page: 0x002e0000

CodeCache: size=32768Kb used=3020Kb max_used=3020Kb free=29747Kb
 bounds [0x01f60000, 0x02258000, 0x03f60000]
 total_blobs=1831 nmethods=1573 adapters=186
 compilation: enabled

Compilation events (10 events):
Event: 399.250 Thread 0x01e9b000 1583             sun.java2d.pipe.Region::intersectsQuickCheckXYXY (39 bytes)
Event: 399.251 Thread 0x01e9b000 nmethod 1583 0x0224ff08 code [0x02250000, 0x022500d0]
Event: 403.207 Thread 0x01e9b000 1584             java.util.regex.Pattern$Dot::isSatisfiedBy (34 bytes)
Event: 403.207 Thread 0x01e9b000 nmethod 1584 0x02250108 code [0x02250200, 0x022502c0]
Event: 403.236 Thread 0x01e9b000 1585             java.io.ObjectInputStream$BlockDataInputStream::readUTFBody (156 bytes)
Event: 403.237 Thread 0x01e9b000 nmethod 1585 0x02250308 code [0x02250450, 0x0225084c]
Event: 413.304 Thread 0x01e9b000 1586             java.awt.Event::translate (21 bytes)
Event: 413.304 Thread 0x01e9b000 nmethod 1586 0x02250a48 code [0x02250b40, 0x02250bd0]
Event: 526.872 Thread 0x01e9b000 1587             com.sun.jna.Function::invoke (526 bytes)
Event: 526.879 Thread 0x01e9b000 nmethod 1587 0x02250c08 code [0x02250f70, 0x02251fb0]

GC Heap History (10 events):
Event: 386.682 GC heap before
{Heap before GC invocations=96 (full 0):
 def new generation   total 4928K, used 1979K [0x04000000, 0x04550000, 0x09550000)
  eden space 4416K,  41% used [0x04000000, 0x041c5a38, 0x04450000)
  from space 512K,  32% used [0x04450000, 0x044791e0, 0x044d0000)
  to   space 512K,   0% used [0x044d0000, 0x044d0000, 0x04550000)
 tenured generation   total 10944K, used 8395K [0x09550000, 0x0a000000, 0x14000000)
   the space 10944K,  76% used [0x09550000, 0x09d82cf0, 0x09d82e00, 0x0a000000)
 Metaspace       used 3842K, capacity 4093K, committed 4160K, reserved 4480K
Event: 386.685 GC heap after
Heap after GC invocations=97 (full 0):
 def new generation   total 4928K, used 199K [0x04000000, 0x04550000, 0x09550000)
  eden space 4416K,   0% used [0x04000000, 0x04000000, 0x04450000)
  from space 512K,  38% used [0x044d0000, 0x04501e38, 0x04550000)
  to   space 512K,   0% used [0x04450000, 0x04450000, 0x044d0000)
 tenured generation   total 10944K, used 8395K [0x09550000, 0x0a000000, 0x14000000)
   the space 10944K,  76% used [0x09550000, 0x09d82cf0, 0x09d82e00, 0x0a000000)
 Metaspace       used 3842K, capacity 4093K, committed 4160K, reserved 4480K
}
Event: 386.703 GC heap before
{Heap before GC invocations=97 (full 0):
 def new generation   total 4928K, used 4071K [0x04000000, 0x04550000, 0x09550000)
  eden space 4416K,  87% used [0x04000000, 0x043c8158, 0x04450000)
  from space 512K,  38% used [0x044d0000, 0x04501e38, 0x04550000)
  to   space 512K,   0% used [0x04450000, 0x04450000, 0x044d0000)
 tenured generation   total 10944K, used 8395K [0x09550000, 0x0a000000, 0x14000000)
   the space 10944K,  76% used [0x09550000, 0x09d82cf0, 0x09d82e00, 0x0a000000)
 Metaspace       used 3842K, capacity 4093K, committed 4160K, reserved 4480K
Event: 386.760 GC heap after
Heap after GC invocations=98 (full 1):
 def new generation   total 6272K, used 0K [0x04000000, 0x046c0000, 0x09550000)
  eden space 5632K,   0% used [0x04000000, 0x04000000, 0x04580000)
  from space 640K,   0% used [0x04580000, 0x04580000, 0x04620000)
  to   space 640K,   0% used [0x04620000, 0x04620000, 0x046c0000)
 tenured generation   total 13468K, used 8079K [0x09550000, 0x0a277000, 0x14000000)
   the space 13468K,  59% used [0x09550000, 0x09d33cf0, 0x09d33e00, 0x0a277000)
 Metaspace       used 3813K, capacity 4048K, committed 4160K, reserved 4480K
}
Event: 388.479 GC heap before
{Heap before GC invocations=98 (full 1):
 def new generation   total 6272K, used 5632K [0x04000000, 0x046c0000, 0x09550000)
  eden space 5632K, 100% used [0x04000000, 0x04580000, 0x04580000)
  from space 640K,   0% used [0x04580000, 0x04580000, 0x04620000)
  to   space 640K,   0% used [0x04620000, 0x04620000, 0x046c0000)
 tenured generation   total 13468K, used 8079K [0x09550000, 0x0a277000, 0x14000000)
   the space 13468K,  59% used [0x09550000, 0x09d33cf0, 0x09d33e00, 0x0a277000)
 Metaspace       used 3814K, capacity 4048K, committed 4160K, reserved 4480K
Event: 388.485 GC heap after
Heap after GC invocations=99 (full 1):
 def new generation   total 6272K, used 33K [0x04000000, 0x046c0000, 0x09550000)
  eden space 5632K,   0% used [0x04000000, 0x04000000, 0x04580000)
  from space 640K,   5% used [0x04620000, 0x04628748, 0x046c0000)
  to   space 640K,   0% used [0x04580000, 0x04580000, 0x04620000)
 tenured generation   total 13468K, used 12177K [0x09550000, 0x0a277000, 0x14000000)
   the space 13468K,  90% used [0x09550000, 0x0a134500, 0x0a134600, 0x0a277000)
 Metaspace       used 3814K, capacity 4048K, committed 4160K, reserved 4480K
}
Event: 396.426 GC heap before
{Heap before GC invocations=99 (full 1):
 def new generation   total 6272K, used 5665K [0x04000000, 0x046c0000, 0x09550000)
  eden space 5632K, 100% used [0x04000000, 0x04580000, 0x04580000)
  from space 640K,   5% used [0x04620000, 0x04628748, 0x046c0000)
  to   space 640K,   0% used [0x04580000, 0x04580000, 0x04620000)
 tenured generation   total 13468K, used 12177K [0x09550000, 0x0a277000, 0x14000000)
   the space 13468K,  90% used [0x09550000, 0x0a134500, 0x0a134600, 0x0a277000)
 Metaspace       used 3814K, capacity 4048K, committed 4160K, reserved 4480K
Event: 396.431 GC heap after
Heap after GC invocations=100 (full 1):
 def new generation   total 6272K, used 180K [0x04000000, 0x046c0000, 0x09550000)
  eden space 5632K,   0% used [0x04000000, 0x04000000, 0x04580000)
  from space 640K,  28% used [0x04580000, 0x045ad178, 0x04620000)
  to   space 640K,   0% used [0x04620000, 0x04620000, 0x046c0000)
 tenured generation   total 13468K, used 12177K [0x09550000, 0x0a277000, 0x14000000)
   the space 13468K,  90% used [0x09550000, 0x0a134500, 0x0a134600, 0x0a277000)
 Metaspace       used 3814K, capacity 4048K, committed 4160K, reserved 4480K
}
Event: 524.280 GC heap before
{Heap before GC invocations=100 (full 1):
 def new generation   total 6272K, used 5812K [0x04000000, 0x046c0000, 0x09550000)
  eden space 5632K, 100% used [0x04000000, 0x04580000, 0x04580000)
  from space 640K,  28% used [0x04580000, 0x045ad178, 0x04620000)
  to   space 640K,   0% used [0x04620000, 0x04620000, 0x046c0000)
 tenured generation   total 13468K, used 12177K [0x09550000, 0x0a277000, 0x14000000)
   the space 13468K,  90% used [0x09550000, 0x0a134500, 0x0a134600, 0x0a277000)
 Metaspace       used 3857K, capacity 4092K, committed 4160K, reserved 4480K
Event: 524.287 GC heap after
Heap after GC invocations=101 (full 1):
 def new generation   total 6272K, used 541K [0x04000000, 0x046c0000, 0x09550000)
  eden space 5632K,   0% used [0x04000000, 0x04000000, 0x04580000)
  from space 640K,  84% used [0x04620000, 0x046a7688, 0x046c0000)
  to   space 640K,   0% used [0x04580000, 0x04580000, 0x04620000)
 tenured generation   total 13468K, used 12177K [0x09550000, 0x0a277000, 0x14000000)
   the space 13468K,  90% used [0x09550000, 0x0a134500, 0x0a134600, 0x0a277000)
 Metaspace       used 3857K, capacity 4092K, committed 4160K, reserved 4480K
}

Deoptimization events (0 events):
No events

Internal exceptions (10 events):
Event: 27.367 Thread 0x01f31000 Exception <a 'java/lang/NoSuchMethodError': <clinit>> (0x042d0fb8) thrown at [C:\re\workspace\8-2-build-windows-i586-cygwin\jdk8u45\3457\hotspot\src\share\vm\prims\jni.cpp, line 1598]
Event: 29.204 Thread 0x01f2f400 Exception <a 'java/lang/NoSuchMethodError': <clinit>> (0x04275fe8) thrown at [C:\re\workspace\8-2-build-windows-i586-cygwin\jdk8u45\3457\hotspot\src\share\vm\prims\jni.cpp, line 1598]
Event: 29.205 Thread 0x01f2f400 Exception <a 'java/lang/NoSuchMethodError': <clinit>> (0x042868f0) thrown at [C:\re\workspace\8-2-build-windows-i586-cygwin\jdk8u45\3457\hotspot\src\share\vm\prims\jni.cpp, line 1598]
Event: 386.660 Thread 0x14f10c00 Exception <a 'java/lang/UnsatisfiedLinkError': Det g책r inte att hitta den angivna proceduren.
> (0x0416c0f8) thrown at [C:\re\workspace\8-2-build-windows-i586-cygwin\jdk8u45\3457\hotspot\src\share\vm\prims\jni.cpp, line 735]
Event: 386.672 Thread 0x14f10c00 Exception <a 'java/lang/UnsatisfiedLinkError': Det g책r inte att hitta den angivna proceduren.
> (0x041ae118) thrown at [C:\re\workspace\8-2-build-windows-i586-cygwin\jdk8u45\3457\hotspot\src\share\vm\prims\jni.cpp, line 735]
Event: 386.674 Thread 0x14f10c00 Exception <a 'java/lang/UnsatisfiedLinkError': Det g책r inte att hitta den angivna proceduren.
> (0x041af740) thrown at [C:\re\workspace\8-2-build-windows-i586-cygwin\jdk8u45\3457\hotspot\src\share\vm\prims\jni.cpp, line 735]
Event: 386.675 Thread 0x14f10c00 Exception <a 'java/lang/UnsatisfiedLinkError': Det g책r inte att hitta den angivna proceduren.
> (0x041b77d8) thrown at [C:\re\workspace\8-2-build-windows-i586-cygwin\jdk8u45\3457\hotspot\src\share\vm\prims\jni.cpp, line 735]
Event: 403.217 Thread 0x17493400 Exception <a 'java/lang/NoSuchMethodError': <clinit>> (0x043d3060) thrown at [C:\re\workspace\8-2-build-windows-i586-cygwin\jdk8u45\3457\hotspot\src\share\vm\prims\jni.cpp, line 1598]
Event: 403.219 Thread 0x17493400 Exception <a 'java/lang/NoSuchMethodError': <clinit>> (0x043e4568) thrown at [C:\re\workspace\8-2-build-windows-i586-cygwin\jdk8u45\3457\hotspot\src\share\vm\prims\jni.cpp, line 1598]
Event: 403.220 Thread 0x17493400 Exception <a 'java/lang/NoSuchMethodError': <clinit>> (0x043ec408) thrown at [C:\re\workspace\8-2-build-windows-i586-cygwin\jdk8u45\3457\hotspot\src\share\vm\prims\jni.cpp, line 1598]

Events (10 events):
Event: 524.278 Thread 0x17492800 Thread added: 0x17492800
Event: 524.279 Thread 0x17492800 Thread exited: 0x17492800
Event: 524.279 Thread 0x17493000 Thread added: 0x17493000
Event: 524.280 Executing VM operation: GenCollectForAllocation
Event: 524.287 Executing VM operation: GenCollectForAllocation done
Event: 524.287 Executing VM operation: RevokeBias
Event: 524.288 Executing VM operation: RevokeBias done
Event: 524.289 Thread 0x17493000 Thread exited: 0x17493000
Event: 526.866 Thread 0x17493000 Thread added: 0x17493000
Event: 528.955 Thread 0x17492800 Thread added: 0x17492800


Dynamic libraries:
0x003c0000 - 0x003f3000 	C:\Program Files (x86)\Java\jdk1.8.0_45\bin\java.exe
0x77a90000 - 0x77bfe000 	C:\WINDOWS\SYSTEM32\ntdll.dll
0x77190000 - 0x772d0000 	C:\WINDOWS\SYSTEM32\KERNEL32.DLL
0x778e0000 - 0x779b7000 	C:\WINDOWS\SYSTEM32\KERNELBASE.dll
0x73f80000 - 0x74020000 	C:\WINDOWS\system32\apphelp.dll
0x55060000 - 0x552c5000 	C:\WINDOWS\AppPatch\AcGenral.DLL
0x770c0000 - 0x77183000 	C:\WINDOWS\SYSTEM32\msvcrt.dll
0x77750000 - 0x77791000 	C:\WINDOWS\SYSTEM32\sechost.dll
0x75290000 - 0x752ae000 	C:\WINDOWS\SYSTEM32\SspiCli.dll
0x76b80000 - 0x76bc5000 	C:\WINDOWS\SYSTEM32\SHLWAPI.dll
0x749d0000 - 0x74abd000 	C:\WINDOWS\SYSTEM32\UxTheme.dll
0x76d40000 - 0x76e93000 	C:\WINDOWS\SYSTEM32\USER32.dll
0x76c00000 - 0x76d0e000 	C:\WINDOWS\SYSTEM32\GDI32.dll
0x747e0000 - 0x74803000 	C:\WINDOWS\SYSTEM32\WINMM.dll
0x65480000 - 0x65493000 	C:\WINDOWS\SYSTEM32\samcli.dll
0x752b0000 - 0x753d8000 	C:\WINDOWS\SYSTEM32\ole32.dll
0x76ae0000 - 0x76b75000 	C:\WINDOWS\SYSTEM32\OLEAUT32.dll
0x55040000 - 0x55057000 	C:\WINDOWS\SYSTEM32\MSACM32.dll
0x75000000 - 0x75008000 	C:\WINDOWS\SYSTEM32\VERSION.dll
0x75790000 - 0x76a3c000 	C:\WINDOWS\SYSTEM32\SHELL32.dll
0x75050000 - 0x7506b000 	C:\WINDOWS\SYSTEM32\USERENV.dll
0x74310000 - 0x7432a000 	C:\WINDOWS\SYSTEM32\dwmapi.dll
0x74b40000 - 0x74c8b000 	C:\WINDOWS\SYSTEM32\urlmon.dll
0x76eb0000 - 0x76f2c000 	C:\WINDOWS\SYSTEM32\ADVAPI32.dll
0x74ac0000 - 0x74b25000 	C:\WINDOWS\SYSTEM32\WINSPOOL.DRV
0x73c30000 - 0x73c46000 	C:\WINDOWS\SYSTEM32\MPR.dll
0x756d0000 - 0x7578a000 	C:\WINDOWS\SYSTEM32\RPCRT4.dll
0x75280000 - 0x7528a000 	C:\WINDOWS\SYSTEM32\CRYPTBASE.dll
0x753e0000 - 0x7555d000 	C:\WINDOWS\SYSTEM32\combase.dll
0x74390000 - 0x743b3000 	C:\WINDOWS\SYSTEM32\WINMMBASE.dll
0x74ff0000 - 0x74fff000 	C:\WINDOWS\SYSTEM32\profapi.dll
0x745a0000 - 0x747d2000 	C:\WINDOWS\SYSTEM32\iertutil.dll
0x743c0000 - 0x74595000 	C:\WINDOWS\SYSTEM32\WININET.dll
0x75220000 - 0x75274000 	C:\WINDOWS\SYSTEM32\bcryptPrimitives.dll
0x77680000 - 0x776bc000 	C:\WINDOWS\SYSTEM32\cfgmgr32.dll
0x74360000 - 0x74381000 	C:\WINDOWS\SYSTEM32\DEVOBJ.dll
0x741c0000 - 0x7424b000 	C:\WINDOWS\SYSTEM32\SHCORE.DLL
0x76bd0000 - 0x76bf7000 	C:\WINDOWS\system32\IMM32.DLL
0x777a0000 - 0x778b2000 	C:\WINDOWS\SYSTEM32\MSCTF.dll
0x711f0000 - 0x713f6000 	C:\WINDOWS\WinSxS\x86_microsoft.windows.common-controls_6595b64144ccf1df_6.0.9600.17415_none_a9ed7f470139b3c1\COMCTL32.dll
0x54f80000 - 0x5503f000 	C:\Program Files (x86)\Java\jdk1.8.0_45\jre\bin\msvcr100.dll
0x54bc0000 - 0x54f80000 	C:\Program Files (x86)\Java\jdk1.8.0_45\jre\bin\client\jvm.dll
0x73a90000 - 0x73a98000 	C:\WINDOWS\SYSTEM32\WSOCK32.dll
0x778d0000 - 0x778d6000 	C:\WINDOWS\SYSTEM32\PSAPI.DLL
0x77630000 - 0x77680000 	C:\WINDOWS\SYSTEM32\WS2_32.dll
0x76ea0000 - 0x76ea7000 	C:\WINDOWS\SYSTEM32\NSI.dll
0x54bb0000 - 0x54bbc000 	C:\Program Files (x86)\Java\jdk1.8.0_45\jre\bin\verify.dll
0x54b80000 - 0x54ba1000 	C:\Program Files (x86)\Java\jdk1.8.0_45\jre\bin\java.dll
0x54b60000 - 0x54b73000 	C:\Program Files (x86)\Java\jdk1.8.0_45\jre\bin\zip.dll
0x54b40000 - 0x54b55000 	C:\Program Files (x86)\Java\jdk1.8.0_45\jre\bin\net.dll
0x74da0000 - 0x74deb000 	C:\WINDOWS\system32\mswsock.dll
0x549e0000 - 0x54b25000 	C:\Program Files (x86)\Java\jdk1.8.0_45\jre\bin\awt.dll
0x74fe0000 - 0x74fe9000 	C:\WINDOWS\SYSTEM32\kernel.appcore.dll
0x549a0000 - 0x549d9000 	C:\Program Files (x86)\Java\jdk1.8.0_45\jre\bin\fontmanager.dll
0x54b30000 - 0x54b3f000 	C:\Program Files (x86)\Java\jdk1.8.0_45\jre\bin\nio.dll
0x54970000 - 0x549a0000 	C:\Program Files (x86)\Java\jdk1.8.0_45\jre\bin\t2k.dll
0x6ff90000 - 0x6ffb0000 	C:\WINDOWS\SYSTEM32\IPHLPAPI.DLL
0x6ff80000 - 0x6ff88000 	C:\WINDOWS\SYSTEM32\WINNSI.DLL
0x73780000 - 0x73793000 	C:\WINDOWS\SYSTEM32\dhcpcsvc6.DLL
0x73760000 - 0x73774000 	C:\WINDOWS\SYSTEM32\dhcpcsvc.DLL
0x77030000 - 0x770bd000 	C:\WINDOWS\SYSTEM32\clbcatq.dll
0x6fe10000 - 0x6ff7b000 	C:\WINDOWS\SYSTEM32\WindowsCodecs.dll
0x74f70000 - 0x74f89000 	C:\WINDOWS\SYSTEM32\CRYPTSP.dll
0x74f40000 - 0x74f70000 	C:\WINDOWS\system32\rsaenh.dll
0x74f20000 - 0x74f3e000 	C:\WINDOWS\SYSTEM32\bcrypt.dll
0x73960000 - 0x739e9000 	C:\WINDOWS\WinSxS\x86_microsoft.windows.common-controls_6595b64144ccf1df_5.82.9600.17415_none_7c5769eaaa0aa358\comctl32.dll
0x772d0000 - 0x77481000 	C:\WINDOWS\SYSTEM32\SETUPAPI.dll
0x735b0000 - 0x736ea000 	C:\WINDOWS\system32\propsys.dll
0x547d0000 - 0x5496a000 	C:\WINDOWS\system32\NetworkExplorer.dll
0x547a0000 - 0x547c3000 	C:\Windows\SYSTEM32\thumbcache.dll
0x54790000 - 0x54799000 	C:\WINDOWS\System32\drprov.dll
0x74f90000 - 0x74fd5000 	C:\WINDOWS\System32\WINSTA.dll
0x54770000 - 0x54782000 	C:\WINDOWS\System32\ntlanman.dll
0x54750000 - 0x5476a000 	C:\WINDOWS\System32\davclnt.dll
0x54740000 - 0x5474a000 	C:\WINDOWS\System32\DAVHLPR.dll
0x66c10000 - 0x66c21000 	C:\WINDOWS\System32\wkscli.dll
0x70ad0000 - 0x70adf000 	C:\WINDOWS\SYSTEM32\cscapi.dll
0x736f0000 - 0x736fa000 	C:\WINDOWS\System32\netutils.dll
0x546d0000 - 0x5473e000 	C:\Windows\SYSTEM32\dlnashext.dll
0x54690000 - 0x546c9000 	C:\Windows\System32\PlayToDevice.dll
0x73e20000 - 0x73e3a000 	C:\Windows\System32\DevDispItemProvider.dll
0x657f0000 - 0x65827000 	C:\WINDOWS\System32\netprofm.dll
0x65830000 - 0x65839000 	C:\WINDOWS\System32\npmproxy.dll
0x707e0000 - 0x708e3000 	C:\Windows\SYSTEM32\actxprxy.dll
0x544a0000 - 0x54686000 	C:\WINDOWS\system32\wpdshext.dll
0x74810000 - 0x74980000 	C:\WINDOWS\WinSxS\x86_microsoft.windows.gdiplus_6595b64144ccf1df_1.1.9600.17415_none_dad8722c5bcc2d8f\gdiplus.dll
0x54410000 - 0x544a0000 	C:\Windows\SYSTEM32\PortableDeviceApi.dll
0x76a40000 - 0x76a7d000 	C:\WINDOWS\SYSTEM32\WINTRUST.dll
0x774a0000 - 0x77628000 	C:\WINDOWS\SYSTEM32\CRYPT32.dll
0x778c0000 - 0x778ce000 	C:\WINDOWS\SYSTEM32\MSASN1.dll
0x543d0000 - 0x54410000 	C:\WINDOWS\system32\audiodev.dll
0x54130000 - 0x543c1000 	C:\WINDOWS\system32\WMVCore.DLL
0x540f0000 - 0x5412d000 	C:\WINDOWS\system32\WMASF.DLL
0x73b20000 - 0x73b2b000 	C:\WINDOWS\SYSTEM32\LINKINFO.dll
0x17840000 - 0x1787d000 	C:\Users\Pontus\AppData\Local\Temp\jna-Pontus\jna3526834259159980004.dll
0x540c0000 - 0x540e9000 	C:\Users\Pontus\Documents\NetBeansProjects\sadoksync\Client\SadokSync\target\classes\VLC\libvlc.dll
0x53e30000 - 0x540b9000 	C:\Users\Pontus\Documents\NetBeansProjects\sadoksync\Client\SadokSync\target\classes\VLC\libvlccore.dll
0x53da0000 - 0x53e2d000 	C:\Users\Pontus\Documents\NetBeansProjects\sadoksync\Client\SadokSync\target\classes\VLC\plugins\access\libdshow_plugin.dll
0x53d80000 - 0x53d91000 	C:\Users\Pontus\Documents\NetBeansProjects\sadoksync\Client\SadokSync\target\classes\VLC\plugins\audio_output\libdirectsound_plugin.dll
0x53d60000 - 0x53d71000 	C:\Users\Pontus\Documents\NetBeansProjects\sadoksync\Client\SadokSync\target\classes\VLC\plugins\audio_output\libwaveout_plugin.dll
0x53d40000 - 0x53d5d000 	C:\Users\Pontus\Documents\NetBeansProjects\sadoksync\Client\SadokSync\target\classes\VLC\plugins\video_output\libdirect3d_plugin.dll
0x53d20000 - 0x53d3a000 	C:\Users\Pontus\Documents\NetBeansProjects\sadoksync\Client\SadokSync\target\classes\VLC\plugins\video_output\libdirectdraw_plugin.dll
0x53c90000 - 0x53d11000 	C:\WINDOWS\SYSTEM32\DSOUND.DLL
0x75010000 - 0x75050000 	C:\WINDOWS\SYSTEM32\POWRPROF.dll
0x74250000 - 0x742a3000 	C:\WINDOWS\System32\MMDevApi.dll
0x53c60000 - 0x53c84000 	C:\Program Files (x86)\Java\jdk1.8.0_45\jre\bin\dcpr.dll
0x53c50000 - 0x53c56000 	C:\Program Files (x86)\Java\jdk1.8.0_45\jre\bin\jawt.dll
0x53b80000 - 0x53c45000 	C:\Users\Pontus\Documents\NetBeansProjects\sadoksync\Client\SadokSync\target\classes\VLC\plugins\access\liblive555_plugin.dll
0x72640000 - 0x72651000 	C:\WINDOWS\system32\napinsp.dll
0x72620000 - 0x72636000 	C:\WINDOWS\system32\pnrpnsp.dll
0x72660000 - 0x72674000 	C:\WINDOWS\system32\NLAapi.dll
0x74d20000 - 0x74d9e000 	C:\WINDOWS\SYSTEM32\DNSAPI.dll
0x72430000 - 0x7243a000 	C:\WINDOWS\System32\winrnr.dll
0x72420000 - 0x72430000 	C:\WINDOWS\system32\wshbth.dll
0x53b30000 - 0x53b76000 	C:\Users\Pontus\Documents\NetBeansProjects\sadoksync\Client\SadokSync\target\classes\VLC\plugins\codec\libjpeg_plugin.dll
0x53b20000 - 0x53b2e000 	C:\Users\Pontus\Documents\NetBeansProjects\sadoksync\Client\SadokSync\target\classes\VLC\plugins\codec\libcdg_plugin.dll
0x53ac0000 - 0x53b11000 	C:\Users\Pontus\Documents\NetBeansProjects\sadoksync\Client\SadokSync\target\classes\VLC\plugins\codec\libpng_plugin.dll
0x53970000 - 0x53ab3000 	C:\Users\Pontus\Documents\NetBeansProjects\sadoksync\Client\SadokSync\target\classes\VLC\plugins\codec\libschroedinger_plugin.dll
0x538b0000 - 0x5396f000 	C:\Users\Pontus\Documents\NetBeansProjects\sadoksync\Client\SadokSync\target\classes\VLC\plugins\codec\libvorbis_plugin.dll
0x53850000 - 0x538ab000 	C:\Users\Pontus\Documents\NetBeansProjects\sadoksync\Client\SadokSync\target\classes\VLC\plugins\codec\libtheora_plugin.dll
0x53840000 - 0x5384e000 	C:\Users\Pontus\Documents\NetBeansProjects\sadoksync\Client\SadokSync\target\classes\VLC\plugins\codec\libdts_plugin.dll
0x53830000 - 0x53840000 	C:\Users\Pontus\Documents\NetBeansProjects\sadoksync\Client\SadokSync\target\classes\VLC\plugins\codec\libaraw_plugin.dll
0x53810000 - 0x53824000 	C:\Users\Pontus\Documents\NetBeansProjects\sadoksync\Client\SadokSync\target\classes\VLC\plugins\codec\libsubstx3g_plugin.dll
0x53790000 - 0x53806000 	C:\Users\Pontus\Documents\NetBeansProjects\sadoksync\Client\SadokSync\target\classes\VLC\plugins\codec\libflac_plugin.dll
0x53780000 - 0x53790000 	C:\Users\Pontus\Documents\NetBeansProjects\sadoksync\Client\SadokSync\target\classes\VLC\plugins\codec\libg711_plugin.dll
0x53770000 - 0x5377d000 	C:\Users\Pontus\Documents\NetBeansProjects\sadoksync\Client\SadokSync\target\classes\VLC\plugins\codec\libaes3_plugin.dll
0x53740000 - 0x5376d000 	C:\Users\Pontus\Documents\NetBeansProjects\sadoksync\Client\SadokSync\target\classes\VLC\plugins\codec\libspeex_plugin.dll
0x535b0000 - 0x53732000 	C:\Users\Pontus\Documents\NetBeansProjects\sadoksync\Client\SadokSync\target\classes\VLC\plugins\codec\liblibass_plugin.dll

VM Arguments:
java_command: com.sadoksync.sadoksync.Driver
java_class_path (initial): C:\Users\Pontus\Documents\NetBeansProjects\sadoksync\Client\SadokSync\target\classes;C:\Users\Pontus\.m2\repository\uk\co\caprica\vlcj\3.6.0\vlcj-3.6.0.jar;C:\Users\Pontus\.m2\repository\net\java\dev\jna\jna\3.5.2\jna-3.5.2.jar;C:\Users\Pontus\.m2\repository\net\java\dev\jna\platform\3.5.2\platform-3.5.2.jar;C:\Users\Pontus\.m2\repository\org\slf4j\slf4j-api\1.7.10\slf4j-api-1.7.10.jar
Launcher Type: SUN_STANDARD

Environment Variables:
JAVA_HOME=C:\Program Files (x86)\Java\jdk1.8.0_45
CLASSPATH=C:\pontus\Proj_Elevator\elevator\lib\elevator.jar;C:\pontus\Proj_Elevator\elevator\lib\elevator_rmi.jar
PATH=C:\ProgramData\Oracle\Java\javapath;C:\Python27\Lib\site-packages\PyQt4;C:\prog\asf\apache-maven-3.2.3\bin;C:\Program Files\Java\jdk1.7.0_51\bin;C:\pontus\java;C:\Program Files (x86)\Intel\iCLS Client\;C:\Program Files\Intel\iCLS Client\;C:\WINDOWS\system32;C:\WINDOWS;C:\WINDOWS\System32\Wbem;C:\WINDOWS\System32\WindowsPowerShell\v1.0\;C:\Program Files\Intel\Intel(R) Management Engine Components\DAL;C:\Program Files\Intel\Intel(R) Management Engine Components\IPT;C:\Program Files (x86)\Intel\Intel(R) Management Engine Components\DAL;C:\Program Files (x86)\Intel\Intel(R) Management Engine Components\IPT;C:\Program Files (x86)\Intel\OpenCL SDK\2.0\bin\x86;C:\Program Files (x86)\Intel\OpenCL SDK\2.0\bin\x64;C:\Program Files\Lenovo Fingerprint Reader\;C:\Program Files\Lenovo Fingerprint Reader\x86\;C:\ProgramData\Lenovo\ReadyApps;C:\Program Files\Intel\WiFi\bin\;C:\Program Files\Common Files\Intel\WirelessCommon\;C:\cygwin64\bin;C:\Program Files (x86)\Common Files\lenovo\easyplussdk\bin;C:\lib\jblas-1.2.3\jblas-1.2.3.jar;c:\MinGW\bin;c:\MinGW\msys\1.0\bin;C:\Python27;C:\Python27\DLLs;C:\Python27\Scripts;C:\Python27\Lib\site-packages\vtk;C:\Python27\gnuplot\binary;C:\Python27\Lib\site-packages\osgeo;C:\Program Files (x86)\pythonxy\SciTE-3.3.2-3;C:\Program Files (x86)\pythonxy\console;C:\MinGW32-xy\bin;C:\Program Files (x86)\pythonxy\swig;C:\Program Files (x86)\pythonxy\gettext\bin
USERNAME=Pontus
OS=Windows_NT
PROCESSOR_IDENTIFIER=Intel64 Family 6 Model 58 Stepping 9, GenuineIntel



---------------  S Y S T E M  ---------------

OS: Windows 8.1 , 64 bit Build 9600 (6.3.9600.17415)

CPU:total 4 (2 cores per cpu, 2 threads per core) family 6 model 58 stepping 9, cmov, cx8, fxsr, mmx, sse, sse2, sse3, ssse3, sse4.1, sse4.2, popcnt, avx, clmul, erms, ht, tsc, tscinvbit, tscinv

Memory: 4k page, physical 4034788k(1107840k free), swap 8130788k(4404084k free)

vm_info: Java HotSpot(TM) Client VM (25.45-b02) for windows-x86 JRE (1.8.0_45-b14), built on Apr 10 2015 10:46:40 by "java_re" with MS VC++ 10.0 (VS2010)

time: Fri Apr 24 10:27:54 2015
elapsed time: 529 seconds (0d 0h 8m 49s)

