#
# A fatal error has been detected by the Java Runtime Environment:
#
#  EXCEPTION_ACCESS_VIOLATION (0xc0000005) at pc=0x7745df63, pid=4932, tid=5552
#
# JRE version: Java(TM) SE Runtime Environment (8.0_45-b14) (build 1.8.0_45-b14)
# Java VM: Java HotSpot(TM) Client VM (25.45-b02 mixed mode, sharing windows-x86 )
# Problematic frame:
# C  [ntdll.dll+0x1df63]
#
# Failed to write core dump. Minidumps are not enabled by default on client versions of Windows
#
# If you would like to submit a bug report, please visit:
#   http://bugreport.java.com/bugreport/crash.jsp
# The crash happened outside the Java Virtual Machine in native code.
# See problematic frame for where to report the bug.
#

---------------  T H R E A D  ---------------

Current thread (0x15222000):  JavaThread "AWT-EventQueue-0" [_thread_in_native, id=5552, stack(0x16100000,0x16150000)]

siginfo: ExceptionCode=0xc0000005, writing address 0x00000014

Registers:
EAX=0x00000000, EBX=0x00000b20, ECX=0xfffffffc, EDX=0x00000000
ESP=0x1614de08, EBP=0x1614de68, ESI=0x17284a0c, EDI=0x00000000
EIP=0x7745df63, EFLAGS=0x00010213

Top of Stack: (sp=0x1614de08)
0x1614de08:   00000000 17284a10 17284a0c fffffff7
0x1614de18:   17284a0c 00000000 7f4db000 00000000
0x1614de28:   00000000 00000000 1614de7c 74d1b0f9
0x1614de38:   00750000 00000000 74d1b106 732fc9e6
0x1614de48:   1a198540 00000000 17239044 11fb5b8b
0x1614de58:   fffffffe 1a19858c 5857362c 70a54f8b
0x1614de68:   1614de94 7745de0b 1a19858c 17284a08
0x1614de78:   17284a00 00000000 17284a0c 00000001 

Instructions: (pc=0x7745df63)
0x7745df43:   c2 f0 0f b1 0e 8b 75 b0 3b c2 0f 85 cf 5e fe ff
0x7745df53:   83 65 c0 00 33 c0 89 45 c4 8b 06 83 f8 ff 74 03
0x7745df63:   ff 40 14 b8 82 03 fe 7f 8a 08 84 c9 0f 85 c8 34
0x7745df73:   06 00 57 6a 00 83 fb ff 0f 84 0b 35 06 00 53 e8 


Register to memory mapping:

EAX=0x00000000 is an unknown value
EBX=0x00000b20 is an unknown value
ECX=0xfffffffc is an unknown value
EDX=0x00000000 is an unknown value
ESP=0x1614de08 is pointing into the stack for thread: 0x15222000
EBP=0x1614de68 is pointing into the stack for thread: 0x15222000
ESI=0x17284a0c is an unknown value
EDI=0x00000000 is an unknown value


Stack: [0x16100000,0x16150000],  sp=0x1614de08,  free space=311k
Native frames: (J=compiled Java code, j=interpreted, Vv=VM code, C=native code)
C  [ntdll.dll+0x1df63]
C  [ntdll.dll+0x1de0b]
C  [ntdll.dll+0x1de35]
C  [libvlccore.dll+0xa3bb0]

Java frames: (J=compiled Java code, j=interpreted, Vv=VM code)
j  com.sun.jna.Native.invokeVoid(JI[Ljava/lang/Object;)V+0
j  com.sun.jna.Function.invoke([Ljava/lang/Object;Ljava/lang/Class;Z)Ljava/lang/Object;+48
J 1161 C1 com.sun.jna.Function.invoke(Ljava/lang/Class;[Ljava/lang/Object;Ljava/util/Map;)Ljava/lang/Object; (526 bytes) @ 0x023194a4 [0x02319020+0x484]
j  com.sun.jna.Library$Handler.invoke(Ljava/lang/Object;Ljava/lang/reflect/Method;[Ljava/lang/Object;)Ljava/lang/Object;+341
j  com.sun.proxy.$Proxy0.libvlc_media_player_stop(Luk/co/caprica/vlcj/binding/internal/libvlc_media_player_t;)V+16
j  uk.co.caprica.vlcj.player.DefaultMediaPlayer.stop()V+19
j  com.sadoksync.sadoksync.Client.ButtonStopActionPerformed(Ljava/awt/event/ActionEvent;)V+35
j  com.sadoksync.sadoksync.Client.access$600(Lcom/sadoksync/sadoksync/Client;Ljava/awt/event/ActionEvent;)V+2
j  com.sadoksync.sadoksync.Client$5.actionPerformed(Ljava/awt/event/ActionEvent;)V+5
j  javax.swing.AbstractButton.fireActionPerformed(Ljava/awt/event/ActionEvent;)V+83
j  javax.swing.AbstractButton$Handler.actionPerformed(Ljava/awt/event/ActionEvent;)V+5
j  javax.swing.DefaultButtonModel.fireActionPerformed(Ljava/awt/event/ActionEvent;)V+34
j  javax.swing.DefaultButtonModel.setPressed(Z)V+117
j  javax.swing.plaf.basic.BasicButtonListener.mouseReleased(Ljava/awt/event/MouseEvent;)V+35
j  java.awt.Component.processMouseEvent(Ljava/awt/event/MouseEvent;)V+64
j  javax.swing.JComponent.processMouseEvent(Ljava/awt/event/MouseEvent;)V+23
j  java.awt.Component.processEvent(Ljava/awt/AWTEvent;)V+81
j  java.awt.Container.processEvent(Ljava/awt/AWTEvent;)V+18
J 1091 C1 java.awt.Component.dispatchEventImpl(Ljava/awt/AWTEvent;)V (883 bytes) @ 0x022edaec [0x022ecae0+0x100c]
J 924 C1 java.awt.Container.dispatchEventImpl(Ljava/awt/AWTEvent;)V (129 bytes) @ 0x022a7c3c [0x022a7be0+0x5c]
J 578 C1 java.awt.LightweightDispatcher.retargetMouseEvent(Ljava/awt/Component;ILjava/awt/event/MouseEvent;)V (350 bytes) @ 0x0223c0ac [0x0223ba70+0x63c]
j  java.awt.LightweightDispatcher.processMouseEvent(Ljava/awt/event/MouseEvent;)Z+143
J 1189 C1 java.awt.LightweightDispatcher.dispatchEvent(Ljava/awt/AWTEvent;)Z (73 bytes) @ 0x0233a3dc [0x0233a2f0+0xec]
J 924 C1 java.awt.Container.dispatchEventImpl(Ljava/awt/AWTEvent;)V (129 bytes) @ 0x022a7c20 [0x022a7be0+0x40]
J 1186 C1 java.awt.Window.dispatchEventImpl(Ljava/awt/AWTEvent;)V (23 bytes) @ 0x02339c08 [0x02339b00+0x108]
J 745 C1 java.awt.EventQueue.dispatchEventImpl(Ljava/awt/AWTEvent;Ljava/lang/Object;)V (149 bytes) @ 0x0227231c [0x02271ed0+0x44c]
J 742 C1 java.awt.EventQueue$3.run()Ljava/lang/Void; (60 bytes) @ 0x0227165c [0x02271600+0x5c]
J 741 C1 java.awt.EventQueue$3.run()Ljava/lang/Object; (5 bytes) @ 0x022713e0 [0x022713c0+0x20]
v  ~StubRoutines::call_stub
J 594  java.security.AccessController.doPrivileged(Ljava/security/PrivilegedAction;Ljava/security/AccessControlContext;)Ljava/lang/Object; (0 bytes) @ 0x0223f447 [0x0223f3e0+0x67]
J 596 C1 java.security.ProtectionDomain$1.doIntersectionPrivilege(Ljava/security/PrivilegedAction;Ljava/security/AccessControlContext;Ljava/security/AccessControlContext;)Ljava/lang/Object; (32 bytes) @ 0x0223f9d4 [0x0223f930+0xa4]
J 1121 C1 java.awt.EventQueue$4.run()Ljava/lang/Object; (5 bytes) @ 0x0230a5ec [0x0230a530+0xbc]
v  ~StubRoutines::call_stub
J 594  java.security.AccessController.doPrivileged(Ljava/security/PrivilegedAction;Ljava/security/AccessControlContext;)Ljava/lang/Object; (0 bytes) @ 0x0223f447 [0x0223f3e0+0x67]
J 737 C1 java.awt.EventQueue.dispatchEvent(Ljava/awt/AWTEvent;)V (80 bytes) @ 0x022702f4 [0x02270040+0x2b4]
J 575 C1 java.awt.EventDispatchThread.pumpOneEventForFilters(I)V (295 bytes) @ 0x02239a54 [0x022393c0+0x694]
j  java.awt.EventDispatchThread.pumpEventsForFilter(ILjava/awt/Conditional;Ljava/awt/EventFilter;)V+35
j  java.awt.EventDispatchThread.pumpEventsForHierarchy(ILjava/awt/Conditional;Ljava/awt/Component;)V+11
j  java.awt.EventDispatchThread.pumpEvents(ILjava/awt/Conditional;)V+4
j  java.awt.EventDispatchThread.pumpEvents(Ljava/awt/Conditional;)V+3
j  java.awt.EventDispatchThread.run()V+9
v  ~StubRoutines::call_stub

---------------  P R O C E S S  ---------------

Java Threads: ( => current thread )
  0x17b2cc00 JavaThread "pool-3-thread-1" [_thread_blocked, id=3824, stack(0x18d80000,0x18dd0000)]
  0x17b2ec00 JavaThread "pool-1-thread-9" [_thread_blocked, id=5184, stack(0x18140000,0x18190000)]
  0x17b2d800 JavaThread "pool-1-thread-8" [_thread_blocked, id=3956, stack(0x18260000,0x182b0000)]
  0x17b2e400 JavaThread "pool-1-thread-7" [_thread_blocked, id=192, stack(0x18020000,0x18070000)]
  0x17b2c800 JavaThread "pool-1-thread-6" [_thread_blocked, id=2244, stack(0x180b0000,0x18100000)]
  0x17b2d400 JavaThread "pool-1-thread-5" [_thread_blocked, id=5656, stack(0x16bf0000,0x16c40000)]
  0x17b2e000 JavaThread "pool-1-thread-4" [_thread_blocked, id=4320, stack(0x17f90000,0x17fe0000)]
  0x17b2c000 JavaThread "pool-1-thread-3" [_thread_blocked, id=2424, stack(0x17f00000,0x17f50000)]
  0x17add000 JavaThread "TimerQueue" daemon [_thread_blocked, id=4800, stack(0x17e50000,0x17ea0000)]
  0x0209d000 JavaThread "DestroyJavaVM" [_thread_blocked, id=4892, stack(0x006e0000,0x00730000)]
  0x152c6000 JavaThread "Swing-Shell" daemon [_thread_blocked, id=4220, stack(0x16c80000,0x16cd0000)]
=>0x15222000 JavaThread "AWT-EventQueue-0" [_thread_in_native, id=5552, stack(0x16100000,0x16150000)]
  0x15183400 JavaThread "AWT-Windows" daemon [_thread_in_native, id=4204, stack(0x15fb0000,0x16000000)]
  0x1517e400 JavaThread "AWT-Shutdown" [_thread_blocked, id=5916, stack(0x15f20000,0x15f70000)]
  0x1517d800 JavaThread "Java2D Disposer" daemon [_thread_blocked, id=96, stack(0x15e90000,0x15ee0000)]
  0x15122400 JavaThread "pool-1-thread-2" [_thread_in_native, id=5944, stack(0x15930000,0x15980000)]
  0x0208ec00 JavaThread "pool-1-thread-1" [_thread_in_native, id=1352, stack(0x15360000,0x153b0000)]
  0x02047c00 JavaThread "Service Thread" daemon [_thread_blocked, id=3924, stack(0x15040000,0x15090000)]
  0x01fcac00 JavaThread "C1 CompilerThread0" daemon [_thread_blocked, id=5032, stack(0x14fb0000,0x15000000)]
  0x01fc9400 JavaThread "Attach Listener" daemon [_thread_blocked, id=3160, stack(0x14f20000,0x14f70000)]
  0x01fc7400 JavaThread "Signal Dispatcher" daemon [_thread_blocked, id=5836, stack(0x14e90000,0x14ee0000)]
  0x01fbb800 JavaThread "Finalizer" daemon [_thread_blocked, id=2856, stack(0x14e00000,0x14e50000)]
  0x01fb6800 JavaThread "Reference Handler" daemon [_thread_blocked, id=3192, stack(0x14790000,0x147e0000)]

Other Threads:
  0x01fb3c00 VMThread [stack: 0x14700000,0x14750000] [id=2604]
  0x0205bc00 WatcherThread [stack: 0x150d0000,0x15120000] [id=3360]

VM state:not at safepoint (normal execution)

VM Mutex/Monitor currently owned by a thread: None

Heap:
 def new generation   total 4928K, used 364K [0x04200000, 0x04750000, 0x09750000)
  eden space 4416K,   3% used [0x04200000, 0x04221cd8, 0x04650000)
  from space 512K,  44% used [0x046d0000, 0x047094b8, 0x04750000)
  to   space 512K,   0% used [0x04650000, 0x04650000, 0x046d0000)
 tenured generation   total 10944K, used 8523K [0x09750000, 0x0a200000, 0x14200000)
   the space 10944K,  77% used [0x09750000, 0x09fa2cf0, 0x09fa2e00, 0x0a200000)
 Metaspace       used 3825K, capacity 4069K, committed 4160K, reserved 4480K

Card table byte_map: [0x04150000,0x041e0000] byte_map_base: 0x0412f000

Polling page: 0x00670000

CodeCache: size=32768Kb used=2472Kb max_used=2472Kb free=30295Kb
 bounds [0x020d0000, 0x02340000, 0x040d0000]
 total_blobs=1435 nmethods=1176 adapters=188
 compilation: enabled

Compilation events (10 events):
Event: 39.521 Thread 0x01fcac00 1185             sun.awt.windows.WInputMethod::dispatchEvent (66 bytes)
Event: 39.521 Thread 0x01fcac00 nmethod 1185 0x023395c8 code [0x023396e0, 0x023398a8]
Event: 39.680 Thread 0x01fcac00 1186             java.awt.Window::dispatchEventImpl (23 bytes)
Event: 39.681 Thread 0x01fcac00 nmethod 1186 0x023399c8 code [0x02339b00, 0x02339ca0]
Event: 39.768 Thread 0x01fcac00 1187             sun.awt.GlobalCursorManager::access$000 (6 bytes)
Event: 39.768 Thread 0x01fcac00 nmethod 1187 0x02339dc8 code [0x02339ec0, 0x02339f4c]
Event: 39.786 Thread 0x01fcac00 1188             javax.swing.plaf.nimbus.NimbusStyle::getValues (9 bytes)
Event: 39.787 Thread 0x01fcac00 nmethod 1188 0x02339fc8 code [0x0233a0c0, 0x0233a15c]
Event: 39.793 Thread 0x01fcac00 1189             java.awt.LightweightDispatcher::dispatchEvent (73 bytes)
Event: 39.794 Thread 0x01fcac00 nmethod 1189 0x0233a1c8 code [0x0233a2f0, 0x0233a4d4]

GC Heap History (10 events):
Event: 32.637 GC heap before
{Heap before GC invocations=14 (full 0):
 def new generation   total 4928K, used 4627K [0x04200000, 0x04750000, 0x09750000)
  eden space 4416K,  99% used [0x04200000, 0x0464df50, 0x04650000)
  from space 512K,  42% used [0x04650000, 0x04686f70, 0x046d0000)
  to   space 512K,   0% used [0x046d0000, 0x046d0000, 0x04750000)
 tenured generation   total 10944K, used 8523K [0x09750000, 0x0a200000, 0x14200000)
   the space 10944K,  77% used [0x09750000, 0x09fa2cf0, 0x09fa2e00, 0x0a200000)
 Metaspace       used 3817K, capacity 4069K, committed 4160K, reserved 4480K
Event: 32.640 GC heap after
Heap after GC invocations=15 (full 0):
 def new generation   total 4928K, used 223K [0x04200000, 0x04750000, 0x09750000)
  eden space 4416K,   0% used [0x04200000, 0x04200000, 0x04650000)
  from space 512K,  43% used [0x046d0000, 0x04707e78, 0x04750000)
  to   space 512K,   0% used [0x04650000, 0x04650000, 0x046d0000)
 tenured generation   total 10944K, used 8523K [0x09750000, 0x0a200000, 0x14200000)
   the space 10944K,  77% used [0x09750000, 0x09fa2cf0, 0x09fa2e00, 0x0a200000)
 Metaspace       used 3817K, capacity 4069K, committed 4160K, reserved 4480K
}
Event: 34.611 GC heap before
{Heap before GC invocations=15 (full 0):
 def new generation   total 4928K, used 4639K [0x04200000, 0x04750000, 0x09750000)
  eden space 4416K, 100% used [0x04200000, 0x04650000, 0x04650000)
  from space 512K,  43% used [0x046d0000, 0x04707e78, 0x04750000)
  to   space 512K,   0% used [0x04650000, 0x04650000, 0x046d0000)
 tenured generation   total 10944K, used 8523K [0x09750000, 0x0a200000, 0x14200000)
   the space 10944K,  77% used [0x09750000, 0x09fa2cf0, 0x09fa2e00, 0x0a200000)
 Metaspace       used 3824K, capacity 4069K, committed 4160K, reserved 4480K
Event: 34.614 GC heap after
Heap after GC invocations=16 (full 0):
 def new generation   total 4928K, used 237K [0x04200000, 0x04750000, 0x09750000)
  eden space 4416K,   0% used [0x04200000, 0x04200000, 0x04650000)
  from space 512K,  46% used [0x04650000, 0x0468b770, 0x046d0000)
  to   space 512K,   0% used [0x046d0000, 0x046d0000, 0x04750000)
 tenured generation   total 10944K, used 8523K [0x09750000, 0x0a200000, 0x14200000)
   the space 10944K,  77% used [0x09750000, 0x09fa2cf0, 0x09fa2e00, 0x0a200000)
 Metaspace       used 3824K, capacity 4069K, committed 4160K, reserved 4480K
}
Event: 36.904 GC heap before
{Heap before GC invocations=16 (full 0):
 def new generation   total 4928K, used 4653K [0x04200000, 0x04750000, 0x09750000)
  eden space 4416K, 100% used [0x04200000, 0x04650000, 0x04650000)
  from space 512K,  46% used [0x04650000, 0x0468b770, 0x046d0000)
  to   space 512K,   0% used [0x046d0000, 0x046d0000, 0x04750000)
 tenured generation   total 10944K, used 8523K [0x09750000, 0x0a200000, 0x14200000)
   the space 10944K,  77% used [0x09750000, 0x09fa2cf0, 0x09fa2e00, 0x0a200000)
 Metaspace       used 3825K, capacity 4069K, committed 4160K, reserved 4480K
Event: 36.909 GC heap after
Heap after GC invocations=17 (full 0):
 def new generation   total 4928K, used 224K [0x04200000, 0x04750000, 0x09750000)
  eden space 4416K,   0% used [0x04200000, 0x04200000, 0x04650000)
  from space 512K,  43% used [0x046d0000, 0x047081f8, 0x04750000)
  to   space 512K,   0% used [0x04650000, 0x04650000, 0x046d0000)
 tenured generation   total 10944K, used 8523K [0x09750000, 0x0a200000, 0x14200000)
   the space 10944K,  77% used [0x09750000, 0x09fa2cf0, 0x09fa2e00, 0x0a200000)
 Metaspace       used 3825K, capacity 4069K, committed 4160K, reserved 4480K
}
Event: 37.570 GC heap before
{Heap before GC invocations=17 (full 0):
 def new generation   total 4928K, used 4640K [0x04200000, 0x04750000, 0x09750000)
  eden space 4416K, 100% used [0x04200000, 0x04650000, 0x04650000)
  from space 512K,  43% used [0x046d0000, 0x047081f8, 0x04750000)
  to   space 512K,   0% used [0x04650000, 0x04650000, 0x046d0000)
 tenured generation   total 10944K, used 8523K [0x09750000, 0x0a200000, 0x14200000)
   the space 10944K,  77% used [0x09750000, 0x09fa2cf0, 0x09fa2e00, 0x0a200000)
 Metaspace       used 3825K, capacity 4069K, committed 4160K, reserved 4480K
Event: 37.577 GC heap after
Heap after GC invocations=18 (full 0):
 def new generation   total 4928K, used 229K [0x04200000, 0x04750000, 0x09750000)
  eden space 4416K,   0% used [0x04200000, 0x04200000, 0x04650000)
  from space 512K,  44% used [0x04650000, 0x046895d8, 0x046d0000)
  to   space 512K,   0% used [0x046d0000, 0x046d0000, 0x04750000)
 tenured generation   total 10944K, used 8523K [0x09750000, 0x0a200000, 0x14200000)
   the space 10944K,  77% used [0x09750000, 0x09fa2cf0, 0x09fa2e00, 0x0a200000)
 Metaspace       used 3825K, capacity 4069K, committed 4160K, reserved 4480K
}
Event: 40.224 GC heap before
{Heap before GC invocations=18 (full 0):
 def new generation   total 4928K, used 4645K [0x04200000, 0x04750000, 0x09750000)
  eden space 4416K, 100% used [0x04200000, 0x04650000, 0x04650000)
  from space 512K,  44% used [0x04650000, 0x046895d8, 0x046d0000)
  to   space 512K,   0% used [0x046d0000, 0x046d0000, 0x04750000)
 tenured generation   total 10944K, used 8523K [0x09750000, 0x0a200000, 0x14200000)
   the space 10944K,  77% used [0x09750000, 0x09fa2cf0, 0x09fa2e00, 0x0a200000)
 Metaspace       used 3825K, capacity 4069K, committed 4160K, reserved 4480K
Event: 40.228 GC heap after
Heap after GC invocations=19 (full 0):
 def new generation   total 4928K, used 229K [0x04200000, 0x04750000, 0x09750000)
  eden space 4416K,   0% used [0x04200000, 0x04200000, 0x04650000)
  from space 512K,  44% used [0x046d0000, 0x047094b8, 0x04750000)
  to   space 512K,   0% used [0x04650000, 0x04650000, 0x046d0000)
 tenured generation   total 10944K, used 8523K [0x09750000, 0x0a200000, 0x14200000)
   the space 10944K,  77% used [0x09750000, 0x09fa2cf0, 0x09fa2e00, 0x0a200000)
 Metaspace       used 3825K, capacity 4069K, committed 4160K, reserved 4480K
}

Deoptimization events (0 events):
No events

Internal exceptions (10 events):
Event: 1.661 Thread 0x0209d000 Exception <a 'java/lang/NullPointerException'> (0x044ce328) thrown at [C:\re\workspace\8-2-build-windows-i586-cygwin\jdk8u45\3457\hotspot\src\share\vm\interpreter\linkResolver.cpp, line 1178]
Event: 1.663 Thread 0x0209d000 Exception <a 'java/lang/UnsatisfiedLinkError': Det går inte att hitta den angivna modulen.
> (0x044ce790) thrown at [C:\re\workspace\8-2-build-windows-i586-cygwin\jdk8u45\3457\hotspot\src\share\vm\prims\jni.cpp, line 735]
Event: 1.665 Thread 0x0209d000 Exception <a 'java/lang/UnsatisfiedLinkError': Det går inte att hitta den angivna modulen.
> (0x044cea50) thrown at [C:\re\workspace\8-2-build-windows-i586-cygwin\jdk8u45\3457\hotspot\src\share\vm\prims\jni.cpp, line 735]
Event: 1.666 Thread 0x0209d000 Exception <a 'java/lang/UnsatisfiedLinkError': Det går inte att hitta den angivna modulen.
> (0x044ced88) thrown at [C:\re\workspace\8-2-build-windows-i586-cygwin\jdk8u45\3457\hotspot\src\share\vm\prims\jni.cpp, line 735]
Event: 1.666 Thread 0x0209d000 Exception <a 'java/lang/UnsatisfiedLinkError'> (0x044d1598) thrown at [C:\re\workspace\8-2-build-windows-i586-cygwin\jdk8u45\3457\hotspot\src\share\vm\oops\instanceKlass.cpp, line 938]
Event: 1.683 Thread 0x0209d000 Exception <a 'java/lang/NullPointerException'> (0x042e6ec0) thrown at [C:\re\workspace\8-2-build-windows-i586-cygwin\jdk8u45\3457\hotspot\src\share\vm\interpreter\linkResolver.cpp, line 1178]
Event: 7.910 Thread 0x17b2c000 Exception <a 'java/lang/NoSuchMethodError': <clinit>> (0x04617e68) thrown at [C:\re\workspace\8-2-build-windows-i586-cygwin\jdk8u45\3457\hotspot\src\share\vm\prims\jni.cpp, line 1598]
Event: 9.293 Thread 0x17b2d400 Exception <a 'java/lang/NoSuchMethodError': <clinit>> (0x0421f4b8) thrown at [C:\re\workspace\8-2-build-windows-i586-cygwin\jdk8u45\3457\hotspot\src\share\vm\prims\jni.cpp, line 1598]
Event: 22.978 Thread 0x17b2f800 Exception <a 'java/lang/ArrayIndexOutOfBoundsException': 3> (0x04456318) thrown at [C:\re\workspace\8-2-build-windows-i586-cygwin\jdk8u45\3457\hotspot\src\share\vm\interpreter\interpreterRuntime.cpp, line 366]
Event: 40.240 Thread 0x17b2f800 Exception <a 'java/lang/ArrayIndexOutOfBoundsException'> (0x04221020) thrown at [C:\re\workspace\8-2-build-windows-i586-cygwin\jdk8u45\3457\hotspot\src\share\vm\runtime\sharedRuntime.cpp, line 605]

Events (10 events):
Event: 39.966 Thread 0x17b2f400 Thread exited: 0x17b2f400
Event: 39.966 Thread 0x17b2f400 Thread added: 0x17b2f400
Event: 39.968 Thread 0x17b2f400 Thread exited: 0x17b2f400
Event: 40.224 Executing VM operation: GenCollectForAllocation
Event: 40.228 Executing VM operation: GenCollectForAllocation done
Event: 40.230 Executing VM operation: RevokeBias
Event: 40.230 Executing VM operation: RevokeBias done
Event: 40.240 Executing VM operation: RevokeBias
Event: 40.241 Executing VM operation: RevokeBias done
Event: 40.241 Thread 0x17b2f800 Thread exited: 0x17b2f800


Dynamic libraries:
0x00200000 - 0x00233000 	C:\Program Files (x86)\Java\jdk1.8.0_45\bin\java.exe
0x77440000 - 0x775ae000 	C:\WINDOWS\SYSTEM32\ntdll.dll
0x754c0000 - 0x75600000 	C:\WINDOWS\SYSTEM32\KERNEL32.DLL
0x74f70000 - 0x75047000 	C:\WINDOWS\SYSTEM32\KERNELBASE.dll
0x72920000 - 0x729c0000 	C:\WINDOWS\system32\apphelp.dll
0x59670000 - 0x598d5000 	C:\WINDOWS\AppPatch\AcGenral.DLL
0x74d10000 - 0x74dd3000 	C:\WINDOWS\SYSTEM32\msvcrt.dll
0x75bb0000 - 0x75bf1000 	C:\WINDOWS\SYSTEM32\sechost.dll
0x74c40000 - 0x74c5e000 	C:\WINDOWS\SYSTEM32\SspiCli.dll
0x75ca0000 - 0x75ce5000 	C:\WINDOWS\SYSTEM32\SHLWAPI.dll
0x747d0000 - 0x748bd000 	C:\WINDOWS\SYSTEM32\UxTheme.dll
0x75ea0000 - 0x75ff3000 	C:\WINDOWS\SYSTEM32\USER32.dll
0x75a60000 - 0x75b6e000 	C:\WINDOWS\SYSTEM32\GDI32.dll
0x74510000 - 0x74533000 	C:\WINDOWS\SYSTEM32\WINMM.dll
0x61820000 - 0x61833000 	C:\WINDOWS\SYSTEM32\samcli.dll
0x75600000 - 0x75728000 	C:\WINDOWS\SYSTEM32\ole32.dll
0x757c0000 - 0x75855000 	C:\WINDOWS\SYSTEM32\OLEAUT32.dll
0x71850000 - 0x71867000 	C:\WINDOWS\SYSTEM32\MSACM32.dll
0x749b0000 - 0x749b8000 	C:\WINDOWS\SYSTEM32\VERSION.dll
0x76000000 - 0x772ac000 	C:\WINDOWS\SYSTEM32\SHELL32.dll
0x74a00000 - 0x74a1b000 	C:\WINDOWS\SYSTEM32\USERENV.dll
0x744f0000 - 0x7450a000 	C:\WINDOWS\SYSTEM32\dwmapi.dll
0x742b0000 - 0x743fb000 	C:\WINDOWS\SYSTEM32\urlmon.dll
0x74c60000 - 0x74cdc000 	C:\WINDOWS\SYSTEM32\ADVAPI32.dll
0x74240000 - 0x742a5000 	C:\WINDOWS\SYSTEM32\WINSPOOL.DRV
0x72560000 - 0x72576000 	C:\WINDOWS\SYSTEM32\MPR.dll
0x772b0000 - 0x7736a000 	C:\WINDOWS\SYSTEM32\RPCRT4.dll
0x74c30000 - 0x74c3a000 	C:\WINDOWS\SYSTEM32\CRYPTBASE.dll
0x75870000 - 0x759ed000 	C:\WINDOWS\SYSTEM32\combase.dll
0x73c30000 - 0x73c53000 	C:\WINDOWS\SYSTEM32\WINMMBASE.dll
0x749a0000 - 0x749af000 	C:\WINDOWS\SYSTEM32\profapi.dll
0x73e40000 - 0x74072000 	C:\WINDOWS\SYSTEM32\iertutil.dll
0x73c60000 - 0x73e35000 	C:\WINDOWS\SYSTEM32\WININET.dll
0x74bd0000 - 0x74c24000 	C:\WINDOWS\SYSTEM32\bcryptPrimitives.dll
0x75b70000 - 0x75bac000 	C:\WINDOWS\SYSTEM32\cfgmgr32.dll
0x74460000 - 0x74481000 	C:\WINDOWS\SYSTEM32\DEVOBJ.dll
0x73b70000 - 0x73bfb000 	C:\WINDOWS\SYSTEM32\SHCORE.DLL
0x759f0000 - 0x75a17000 	C:\WINDOWS\system32\IMM32.DLL
0x75050000 - 0x75162000 	C:\WINDOWS\SYSTEM32\MSCTF.dll
0x73900000 - 0x73b06000 	C:\WINDOWS\WinSxS\x86_microsoft.windows.common-controls_6595b64144ccf1df_6.0.9600.17415_none_a9ed7f470139b3c1\COMCTL32.dll
0x595b0000 - 0x5966f000 	C:\Program Files (x86)\Java\jdk1.8.0_45\jre\bin\msvcr100.dll
0x591f0000 - 0x595b0000 	C:\Program Files (x86)\Java\jdk1.8.0_45\jre\bin\client\jvm.dll
0x73060000 - 0x73068000 	C:\WINDOWS\SYSTEM32\WSOCK32.dll
0x74ce0000 - 0x74ce6000 	C:\WINDOWS\SYSTEM32\PSAPI.DLL
0x75df0000 - 0x75e40000 	C:\WINDOWS\SYSTEM32\WS2_32.dll
0x74d00000 - 0x74d07000 	C:\WINDOWS\SYSTEM32\NSI.dll
0x591e0000 - 0x591ec000 	C:\Program Files (x86)\Java\jdk1.8.0_45\jre\bin\verify.dll
0x591b0000 - 0x591d1000 	C:\Program Files (x86)\Java\jdk1.8.0_45\jre\bin\java.dll
0x59190000 - 0x591a3000 	C:\Program Files (x86)\Java\jdk1.8.0_45\jre\bin\zip.dll
0x59170000 - 0x59185000 	C:\Program Files (x86)\Java\jdk1.8.0_45\jre\bin\net.dll
0x74650000 - 0x7469b000 	C:\WINDOWS\system32\mswsock.dll
0x59010000 - 0x59155000 	C:\Program Files (x86)\Java\jdk1.8.0_45\jre\bin\awt.dll
0x74990000 - 0x74999000 	C:\WINDOWS\SYSTEM32\kernel.appcore.dll
0x58fd0000 - 0x59009000 	C:\Program Files (x86)\Java\jdk1.8.0_45\jre\bin\fontmanager.dll
0x59160000 - 0x5916f000 	C:\Program Files (x86)\Java\jdk1.8.0_45\jre\bin\nio.dll
0x58fa0000 - 0x58fd0000 	C:\Program Files (x86)\Java\jdk1.8.0_45\jre\bin\t2k.dll
0x72350000 - 0x72370000 	C:\WINDOWS\SYSTEM32\IPHLPAPI.DLL
0x72340000 - 0x72348000 	C:\WINDOWS\SYSTEM32\WINNSI.DLL
0x71830000 - 0x71843000 	C:\WINDOWS\SYSTEM32\dhcpcsvc6.DLL
0x71810000 - 0x71824000 	C:\WINDOWS\SYSTEM32\dhcpcsvc.DLL
0x75730000 - 0x757bd000 	C:\WINDOWS\SYSTEM32\clbcatq.dll
0x6c590000 - 0x6c6fb000 	C:\WINDOWS\SYSTEM32\WindowsCodecs.dll
0x74920000 - 0x74939000 	C:\WINDOWS\SYSTEM32\CRYPTSP.dll
0x748f0000 - 0x74920000 	C:\WINDOWS\system32\rsaenh.dll
0x748d0000 - 0x748ee000 	C:\WINDOWS\SYSTEM32\bcrypt.dll
0x72f70000 - 0x72ff9000 	C:\WINDOWS\WinSxS\x86_microsoft.windows.common-controls_6595b64144ccf1df_5.82.9600.17415_none_7c5769eaaa0aa358\comctl32.dll
0x75170000 - 0x75321000 	C:\WINDOWS\SYSTEM32\SETUPAPI.dll
0x71900000 - 0x71a3a000 	C:\WINDOWS\system32\propsys.dll
0x58e00000 - 0x58f9a000 	C:\WINDOWS\system32\NetworkExplorer.dll
0x58dd0000 - 0x58df3000 	C:\Windows\SYSTEM32\thumbcache.dll
0x58dc0000 - 0x58dc9000 	C:\WINDOWS\System32\drprov.dll
0x74940000 - 0x74985000 	C:\WINDOWS\System32\WINSTA.dll
0x58da0000 - 0x58db2000 	C:\WINDOWS\System32\ntlanman.dll
0x58d80000 - 0x58d9a000 	C:\WINDOWS\System32\davclnt.dll
0x58d70000 - 0x58d7a000 	C:\WINDOWS\System32\DAVHLPR.dll
0x6a9e0000 - 0x6a9f1000 	C:\WINDOWS\System32\wkscli.dll
0x729c0000 - 0x729cf000 	C:\WINDOWS\SYSTEM32\cscapi.dll
0x71680000 - 0x7168a000 	C:\WINDOWS\System32\netutils.dll
0x71890000 - 0x718fe000 	C:\Windows\SYSTEM32\dlnashext.dll
0x58d30000 - 0x58d69000 	C:\Windows\System32\PlayToDevice.dll
0x72dc0000 - 0x72dda000 	C:\Windows\System32\DevDispItemProvider.dll
0x717d0000 - 0x71807000 	C:\WINDOWS\System32\netprofm.dll
0x72db0000 - 0x72db9000 	C:\WINDOWS\System32\npmproxy.dll
0x716c0000 - 0x717c3000 	C:\Windows\SYSTEM32\actxprxy.dll
0x58b40000 - 0x58d26000 	C:\WINDOWS\system32\wpdshext.dll
0x74080000 - 0x741f0000 	C:\WINDOWS\WinSxS\x86_microsoft.windows.gdiplus_6595b64144ccf1df_1.1.9600.17415_none_dad8722c5bcc2d8f\gdiplus.dll
0x58ab0000 - 0x58b40000 	C:\Windows\SYSTEM32\PortableDeviceApi.dll
0x75a20000 - 0x75a5d000 	C:\WINDOWS\SYSTEM32\WINTRUST.dll
0x75330000 - 0x754b8000 	C:\WINDOWS\SYSTEM32\CRYPT32.dll
0x75c00000 - 0x75c0e000 	C:\WINDOWS\SYSTEM32\MSASN1.dll
0x58a70000 - 0x58ab0000 	C:\WINDOWS\system32\audiodev.dll
0x587d0000 - 0x58a61000 	C:\WINDOWS\system32\WMVCore.DLL
0x58790000 - 0x587cd000 	C:\WINDOWS\system32\WMASF.DLL
0x729d0000 - 0x729db000 	C:\WINDOWS\SYSTEM32\LINKINFO.dll
0x17d20000 - 0x17d5d000 	C:\Users\Pontus\AppData\Local\Temp\jna-Pontus\jna6258340315445985732.dll
0x58760000 - 0x58789000 	C:\Users\Pontus\Documents\NetBeansProjects\sadoksync\Client\SadokSync\target\classes\VLC\libvlc.dll
0x584d0000 - 0x58759000 	C:\Users\Pontus\Documents\NetBeansProjects\sadoksync\Client\SadokSync\target\classes\VLC\libvlccore.dll
0x58440000 - 0x584cd000 	C:\Users\Pontus\Documents\NetBeansProjects\sadoksync\Client\SadokSync\target\classes\VLC\plugins\access\libdshow_plugin.dll
0x58420000 - 0x58431000 	C:\Users\Pontus\Documents\NetBeansProjects\sadoksync\Client\SadokSync\target\classes\VLC\plugins\audio_output\libdirectsound_plugin.dll
0x58400000 - 0x58411000 	C:\Users\Pontus\Documents\NetBeansProjects\sadoksync\Client\SadokSync\target\classes\VLC\plugins\audio_output\libwaveout_plugin.dll
0x583e0000 - 0x583fd000 	C:\Users\Pontus\Documents\NetBeansProjects\sadoksync\Client\SadokSync\target\classes\VLC\plugins\video_output\libdirect3d_plugin.dll
0x583c0000 - 0x583da000 	C:\Users\Pontus\Documents\NetBeansProjects\sadoksync\Client\SadokSync\target\classes\VLC\plugins\video_output\libdirectdraw_plugin.dll
0x58330000 - 0x583b1000 	C:\WINDOWS\SYSTEM32\DSOUND.DLL
0x749c0000 - 0x74a00000 	C:\WINDOWS\SYSTEM32\POWRPROF.dll
0x74490000 - 0x744e3000 	C:\WINDOWS\System32\MMDevApi.dll
0x58300000 - 0x58324000 	C:\Program Files (x86)\Java\jdk1.8.0_45\jre\bin\dcpr.dll
0x745d0000 - 0x7464e000 	C:\WINDOWS\SYSTEM32\DNSAPI.dll
0x748c0000 - 0x748c8000 	C:\Windows\System32\rasadhlp.dll
0x74580000 - 0x745c6000 	C:\WINDOWS\System32\fwpuclnt.dll
0x582a0000 - 0x582f8000 	C:\Users\Pontus\Documents\NetBeansProjects\sadoksync\Client\SadokSync\target\classes\VLC\plugins\lua\liblua_plugin.dll
0x58280000 - 0x5829d000 	C:\Users\Pontus\Documents\NetBeansProjects\sadoksync\Client\SadokSync\target\classes\VLC\plugins\access\libvdr_plugin.dll
0x58260000 - 0x58275000 	C:\Users\Pontus\Documents\NetBeansProjects\sadoksync\Client\SadokSync\target\classes\VLC\plugins\access\libfilesystem_plugin.dll
0x58240000 - 0x58258000 	C:\Users\Pontus\Documents\NetBeansProjects\sadoksync\Client\SadokSync\target\classes\VLC\plugins\stream_filter\libsmooth_plugin.dll
0x58220000 - 0x58232000 	C:\Users\Pontus\Documents\NetBeansProjects\sadoksync\Client\SadokSync\target\classes\VLC\plugins\meta_engine\libfolder_plugin.dll
0x58180000 - 0x58219000 	C:\Users\Pontus\Documents\NetBeansProjects\sadoksync\Client\SadokSync\target\classes\VLC\plugins\stream_filter\libhttplive_plugin.dll
0x580b0000 - 0x58173000 	C:\Users\Pontus\Documents\NetBeansProjects\sadoksync\Client\SadokSync\target\classes\VLC\plugins\stream_filter\libdash_plugin.dll
0x58080000 - 0x580a7000 	C:\Users\Pontus\Documents\NetBeansProjects\sadoksync\Client\SadokSync\target\classes\VLC\plugins\access\libzip_plugin.dll
0x58060000 - 0x58074000 	C:\Users\Pontus\Documents\NetBeansProjects\sadoksync\Client\SadokSync\target\classes\VLC\plugins\access\librar_plugin.dll
0x58050000 - 0x5805d000 	C:\Users\Pontus\Documents\NetBeansProjects\sadoksync\Client\SadokSync\target\classes\VLC\plugins\stream_filter\librecord_plugin.dll
0x58000000 - 0x58042000 	C:\Users\Pontus\Documents\NetBeansProjects\sadoksync\Client\SadokSync\target\classes\VLC\plugins\demux\libmp4_plugin.dll
0x57e70000 - 0x57ff5000 	C:\Users\Pontus\Documents\NetBeansProjects\sadoksync\Client\SadokSync\target\classes\VLC\plugins\meta_engine\libtaglib_plugin.dll
0x57dc0000 - 0x57e63000 	C:\Users\Pontus\Documents\NetBeansProjects\sadoksync\Client\SadokSync\target\classes\VLC\plugins\stream_out\libstream_out_rtp_plugin.dll
0x57ba0000 - 0x57db7000 	C:\Users\Pontus\Documents\NetBeansProjects\sadoksync\Client\SadokSync\target\classes\VLC\plugins\access\liblibbluray_plugin.dll
0x57b70000 - 0x57b92000 	C:\Users\Pontus\Documents\NetBeansProjects\sadoksync\Client\SadokSync\target\classes\VLC\plugins\access\libaccess_bd_plugin.dll
0x57b20000 - 0x57b63000 	C:\Users\Pontus\Documents\NetBeansProjects\sadoksync\Client\SadokSync\target\classes\VLC\plugins\access\libdvdnav_plugin.dll
0x57ac0000 - 0x57b1b000 	C:\Users\Pontus\Documents\NetBeansProjects\sadoksync\Client\SadokSync\target\classes\VLC\plugins\codec\libtheora_plugin.dll
0x57ab0000 - 0x57abe000 	C:\Users\Pontus\Documents\NetBeansProjects\sadoksync\Client\SadokSync\target\classes\VLC\plugins\codec\librawvideo_plugin.dll
0x57a80000 - 0x57aad000 	C:\Users\Pontus\Documents\NetBeansProjects\sadoksync\Client\SadokSync\target\classes\VLC\plugins\codec\libspeex_plugin.dll

VM Arguments:
java_command: com.sadoksync.sadoksync.Driver
java_class_path (initial): C:\Users\Pontus\Documents\NetBeansProjects\sadoksync\Client\SadokSync\target\classes;C:\Users\Pontus\.m2\repository\uk\co\caprica\vlcj\3.6.0\vlcj-3.6.0.jar;C:\Users\Pontus\.m2\repository\net\java\dev\jna\jna\3.5.2\jna-3.5.2.jar;C:\Users\Pontus\.m2\repository\net\java\dev\jna\platform\3.5.2\platform-3.5.2.jar;C:\Users\Pontus\.m2\repository\org\slf4j\slf4j-api\1.7.10\slf4j-api-1.7.10.jar;C:\Users\Pontus\.m2\repository\com\googlecode\json-simple\json-simple\1.1\json-simple-1.1.jar
Launcher Type: SUN_STANDARD

Environment Variables:
JAVA_HOME=C:\Program Files (x86)\Java\jdk1.8.0_45
CLASSPATH=C:\pontus\Proj_Elevator\elevator\lib\elevator.jar;C:\pontus\Proj_Elevator\elevator\lib\elevator_rmi.jar
PATH=C:\ProgramData\Oracle\Java\javapath;C:\Python27\Lib\site-packages\PyQt4;C:\prog\asf\apache-maven-3.2.3\bin;C:\Program Files\Java\jdk1.7.0_51\bin;C:\pontus\java;C:\Program Files (x86)\Intel\iCLS Client\;C:\Program Files\Intel\iCLS Client\;C:\WINDOWS\system32;C:\WINDOWS;C:\WINDOWS\System32\Wbem;C:\WINDOWS\System32\WindowsPowerShell\v1.0\;C:\Program Files\Intel\Intel(R) Management Engine Components\DAL;C:\Program Files\Intel\Intel(R) Management Engine Components\IPT;C:\Program Files (x86)\Intel\Intel(R) Management Engine Components\DAL;C:\Program Files (x86)\Intel\Intel(R) Management Engine Components\IPT;C:\Program Files (x86)\Intel\OpenCL SDK\2.0\bin\x86;C:\Program Files (x86)\Intel\OpenCL SDK\2.0\bin\x64;C:\Program Files\Lenovo Fingerprint Reader\;C:\Program Files\Lenovo Fingerprint Reader\x86\;C:\ProgramData\Lenovo\ReadyApps;C:\Program Files\Intel\WiFi\bin\;C:\Program Files\Common Files\Intel\WirelessCommon\;C:\cygwin64\bin;C:\Program Files (x86)\Common Files\lenovo\easyplussdk\bin;C:\lib\jblas-1.2.3\jblas-1.2.3.jar;c:\MinGW\bin;c:\MinGW\msys\1.0\bin;C:\Python27;C:\Python27\DLLs;C:\Python27\Scripts;C:\Python27\Lib\site-packages\vtk;C:\Python27\gnuplot\binary;C:\Python27\Lib\site-packages\osgeo;C:\Program Files (x86)\pythonxy\SciTE-3.3.2-3;C:\Program Files (x86)\pythonxy\console;C:\MinGW32-xy\bin;C:\Program Files (x86)\pythonxy\swig;C:\Program Files (x86)\pythonxy\gettext\bin
USERNAME=Pontus
OS=Windows_NT
PROCESSOR_IDENTIFIER=Intel64 Family 6 Model 58 Stepping 9, GenuineIntel



---------------  S Y S T E M  ---------------

OS: Windows 8.1 , 64 bit Build 9600 (6.3.9600.17415)

CPU:total 4 (2 cores per cpu, 2 threads per core) family 6 model 58 stepping 9, cmov, cx8, fxsr, mmx, sse, sse2, sse3, ssse3, sse4.1, sse4.2, popcnt, avx, clmul, erms, ht, tsc, tscinvbit, tscinv

Memory: 4k page, physical 4034788k(1185524k free), swap 8130788k(4916492k free)

vm_info: Java HotSpot(TM) Client VM (25.45-b02) for windows-x86 JRE (1.8.0_45-b14), built on Apr 10 2015 10:46:40 by "java_re" with MS VC++ 10.0 (VS2010)

time: Wed Apr 29 10:09:03 2015
elapsed time: 40 seconds (0d 0h 0m 40s)

