#
# A fatal error has been detected by the Java Runtime Environment:
#
#  EXCEPTION_ACCESS_VIOLATION (0xc0000005) at pc=0x77badf63, pid=8152, tid=8080
#
# JRE version: Java(TM) SE Runtime Environment (8.0_45-b14) (build 1.8.0_45-b14)
# Java VM: Java HotSpot(TM) Client VM (25.45-b02 mixed mode, sharing windows-x86 )
# Problematic frame:
# C  [ntdll.dll+0x1df63]
#
# Failed to write core dump. Minidumps are not enabled by default on client versions of Windows
#
# If you would like to submit a bug report, please visit:
#   http://bugreport.java.com/bugreport/crash.jsp
# The crash happened outside the Java Virtual Machine in native code.
# See problematic frame for where to report the bug.
#

---------------  T H R E A D  ---------------

Current thread (0x15caf400):  JavaThread "AWT-EventQueue-0" [_thread_in_native, id=8080, stack(0x16ac0000,0x16b10000)]

siginfo: ExceptionCode=0xc0000005, writing address 0x00000014

Registers:
EAX=0x00000000, EBX=0x00000a90, ECX=0xfffffffc, EDX=0x00000000
ESP=0x16b0de38, EBP=0x16b0de98, ESI=0x178ddb5c, EDI=0x00000000
EIP=0x77badf63, EFLAGS=0x00010213

Top of Stack: (sp=0x16b0de38)
0x16b0de38:   00000000 178ddb60 178ddb5c fffffff7
0x16b0de48:   178ddb5c 00000000 7ee9b000 00000000
0x16b0de58:   00000000 00000000 16b0deac 7756b0f9
0x16b0de68:   00bf0000 00000000 7756b106 f309e52a
0x16b0de78:   1788ea68 00000000 17896a74 92a83cb3
0x16b0de88:   fffffffe 1788eab4 598c362c f3a72843
0x16b0de98:   16b0dec4 77bade0b 1788eab4 178ddb58
0x16b0dea8:   178ddb50 00000000 178ddb5c 00000001 

Instructions: (pc=0x77badf63)
0x77badf43:   c2 f0 0f b1 0e 8b 75 b0 3b c2 0f 85 cf 5e fe ff
0x77badf53:   83 65 c0 00 33 c0 89 45 c4 8b 06 83 f8 ff 74 03
0x77badf63:   ff 40 14 b8 82 03 fe 7f 8a 08 84 c9 0f 85 c8 34
0x77badf73:   06 00 57 6a 00 83 fb ff 0f 84 0b 35 06 00 53 e8 


Register to memory mapping:

EAX=0x00000000 is an unknown value
EBX=0x00000a90 is an unknown value
ECX=0xfffffffc is an unknown value
EDX=0x00000000 is an unknown value
ESP=0x16b0de38 is pointing into the stack for thread: 0x15caf400
EBP=0x16b0de98 is pointing into the stack for thread: 0x15caf400
ESI=0x178ddb5c is an unknown value
EDI=0x00000000 is an unknown value


Stack: [0x16ac0000,0x16b10000],  sp=0x16b0de38,  free space=311k
Native frames: (J=compiled Java code, j=interpreted, Vv=VM code, C=native code)
C  [ntdll.dll+0x1df63]
C  [ntdll.dll+0x1de0b]
C  [ntdll.dll+0x1de35]
C  [libvlccore.dll+0xa3bb0]

Java frames: (J=compiled Java code, j=interpreted, Vv=VM code)
j  com.sun.jna.Native.invokeVoid(JI[Ljava/lang/Object;)V+0
j  com.sun.jna.Function.invoke([Ljava/lang/Object;Ljava/lang/Class;Z)Ljava/lang/Object;+48
j  com.sun.jna.Function.invoke(Ljava/lang/Class;[Ljava/lang/Object;Ljava/util/Map;)Ljava/lang/Object;+214
j  com.sun.jna.Library$Handler.invoke(Ljava/lang/Object;Ljava/lang/reflect/Method;[Ljava/lang/Object;)Ljava/lang/Object;+341
j  com.sun.proxy.$Proxy0.libvlc_media_player_stop(Luk/co/caprica/vlcj/binding/internal/libvlc_media_player_t;)V+16
j  uk.co.caprica.vlcj.player.DefaultMediaPlayer.stop()V+19
j  com.sadoksync.sadoksync.StreamThread.stopMedia()V+47
j  com.sadoksync.sadoksync.StreamThreadManager.stop()V+4
j  com.sadoksync.sadoksync.Client.ButtonStopActionPerformed(Ljava/awt/event/ActionEvent;)V+35
j  com.sadoksync.sadoksync.Client.access$700(Lcom/sadoksync/sadoksync/Client;Ljava/awt/event/ActionEvent;)V+2
j  com.sadoksync.sadoksync.Client$5.actionPerformed(Ljava/awt/event/ActionEvent;)V+5
j  javax.swing.AbstractButton.fireActionPerformed(Ljava/awt/event/ActionEvent;)V+83
j  javax.swing.AbstractButton$Handler.actionPerformed(Ljava/awt/event/ActionEvent;)V+5
j  javax.swing.DefaultButtonModel.fireActionPerformed(Ljava/awt/event/ActionEvent;)V+34
j  javax.swing.DefaultButtonModel.setPressed(Z)V+117
j  javax.swing.plaf.basic.BasicButtonListener.mouseReleased(Ljava/awt/event/MouseEvent;)V+35
j  java.awt.Component.processMouseEvent(Ljava/awt/event/MouseEvent;)V+64
j  javax.swing.JComponent.processMouseEvent(Ljava/awt/event/MouseEvent;)V+23
j  java.awt.Component.processEvent(Ljava/awt/AWTEvent;)V+81
j  java.awt.Container.processEvent(Ljava/awt/AWTEvent;)V+18
j  java.awt.Component.dispatchEventImpl(Ljava/awt/AWTEvent;)V+589
J 1130 C1 java.awt.Container.dispatchEventImpl(Ljava/awt/AWTEvent;)V (129 bytes) @ 0x029003fc [0x029003a0+0x5c]
J 588 C1 java.awt.LightweightDispatcher.retargetMouseEvent(Ljava/awt/Component;ILjava/awt/event/MouseEvent;)V (350 bytes) @ 0x0282f7ec [0x0282f1b0+0x63c]
j  java.awt.LightweightDispatcher.processMouseEvent(Ljava/awt/event/MouseEvent;)Z+143
j  java.awt.LightweightDispatcher.dispatchEvent(Ljava/awt/AWTEvent;)Z+50
J 1130 C1 java.awt.Container.dispatchEventImpl(Ljava/awt/AWTEvent;)V (129 bytes) @ 0x029003e0 [0x029003a0+0x40]
j  java.awt.Window.dispatchEventImpl(Ljava/awt/AWTEvent;)V+19
J 772 C1 java.awt.EventQueue.dispatchEventImpl(Ljava/awt/AWTEvent;Ljava/lang/Object;)V (149 bytes) @ 0x02872a5c [0x02872610+0x44c]
J 769 C1 java.awt.EventQueue$3.run()Ljava/lang/Void; (60 bytes) @ 0x02871d9c [0x02871d40+0x5c]
J 768 C1 java.awt.EventQueue$3.run()Ljava/lang/Object; (5 bytes) @ 0x02871b20 [0x02871b00+0x20]
v  ~StubRoutines::call_stub
J 581  java.security.AccessController.doPrivileged(Ljava/security/PrivilegedAction;Ljava/security/AccessControlContext;)Ljava/lang/Object; (0 bytes) @ 0x0282db87 [0x0282db20+0x67]
J 603 C1 java.security.ProtectionDomain$1.doIntersectionPrivilege(Ljava/security/PrivilegedAction;Ljava/security/AccessControlContext;Ljava/security/AccessControlContext;)Ljava/lang/Object; (32 bytes) @ 0x028323d4 [0x02832330+0xa4]
j  java.security.ProtectionDomain$1.doIntersectionPrivilege(Ljava/security/PrivilegedAction;Ljava/security/AccessControlContext;)Ljava/lang/Object;+6
j  java.awt.EventQueue$4.run()Ljava/lang/Void;+11
j  java.awt.EventQueue$4.run()Ljava/lang/Object;+1
v  ~StubRoutines::call_stub
J 581  java.security.AccessController.doPrivileged(Ljava/security/PrivilegedAction;Ljava/security/AccessControlContext;)Ljava/lang/Object; (0 bytes) @ 0x0282db87 [0x0282db20+0x67]
J 764 C1 java.awt.EventQueue.dispatchEvent(Ljava/awt/AWTEvent;)V (80 bytes) @ 0x02870a34 [0x02870780+0x2b4]
J 579 C1 java.awt.EventDispatchThread.pumpOneEventForFilters(I)V (295 bytes) @ 0x0282b6d4 [0x0282b040+0x694]
j  java.awt.EventDispatchThread.pumpEventsForFilter(ILjava/awt/Conditional;Ljava/awt/EventFilter;)V+35
j  java.awt.EventDispatchThread.pumpEventsForHierarchy(ILjava/awt/Conditional;Ljava/awt/Component;)V+11
j  java.awt.EventDispatchThread.pumpEvents(ILjava/awt/Conditional;)V+4
j  java.awt.EventDispatchThread.pumpEvents(Ljava/awt/Conditional;)V+3
j  java.awt.EventDispatchThread.run()V+9
v  ~StubRoutines::call_stub

---------------  P R O C E S S  ---------------

Java Threads: ( => current thread )
  0x025a9800 JavaThread "pool-5-thread-1" [_thread_blocked, id=9112, stack(0x19310000,0x19360000)]
  0x025ad000 JavaThread "pool-4-thread-1" [_thread_blocked, id=5592, stack(0x18cc0000,0x18d10000)]
  0x025ab000 JavaThread "pool-1-thread-9" [_thread_blocked, id=6628, stack(0x18870000,0x188c0000)]
  0x025ab800 JavaThread "pool-1-thread-8" [_thread_blocked, id=7604, stack(0x18750000,0x187a0000)]
  0x025ac800 JavaThread "pool-1-thread-7" [_thread_blocked, id=2756, stack(0x186c0000,0x18710000)]
  0x025aa400 JavaThread "pool-1-thread-6" [_thread_blocked, id=6264, stack(0x18630000,0x18680000)]
  0x025ac400 JavaThread "pool-1-thread-5" [_thread_blocked, id=956, stack(0x185a0000,0x185f0000)]
  0x025aac00 JavaThread "pool-1-thread-4" [_thread_blocked, id=7488, stack(0x18510000,0x18560000)]
  0x025a9c00 JavaThread "pool-1-thread-3" [_thread_blocked, id=4752, stack(0x18480000,0x184d0000)]
  0x17f58000 JavaThread "TimerQueue" daemon [_thread_blocked, id=2836, stack(0x183f0000,0x18440000)]
  0x00ccd000 JavaThread "DestroyJavaVM" [_thread_blocked, id=6796, stack(0x00c60000,0x00cb0000)]
  0x15d63800 JavaThread "Swing-Shell" daemon [_thread_blocked, id=6336, stack(0x171f0000,0x17240000)]
=>0x15caf400 JavaThread "AWT-EventQueue-0" [_thread_in_native, id=8080, stack(0x16ac0000,0x16b10000)]
  0x15c1f800 JavaThread "AWT-Windows" daemon [_thread_in_native, id=8020, stack(0x16620000,0x16670000)]
  0x15c1b000 JavaThread "AWT-Shutdown" [_thread_blocked, id=3448, stack(0x16190000,0x161e0000)]
  0x15c1a800 JavaThread "Java2D Disposer" daemon [_thread_blocked, id=9208, stack(0x16100000,0x16150000)]
  0x15bc4400 JavaThread "pool-1-thread-2" [_thread_in_native, id=2764, stack(0x15e90000,0x15ee0000)]
  0x0265e800 JavaThread "pool-1-thread-1" [_thread_in_native, id=3564, stack(0x15e00000,0x15e50000)]
  0x02619800 JavaThread "Service Thread" daemon [_thread_blocked, id=5808, stack(0x15ae0000,0x15b30000)]
  0x0259ac00 JavaThread "C1 CompilerThread0" daemon [_thread_blocked, id=4520, stack(0x15a50000,0x15aa0000)]
  0x02599400 JavaThread "Attach Listener" daemon [_thread_blocked, id=5248, stack(0x159c0000,0x15a10000)]
  0x02597400 JavaThread "Signal Dispatcher" daemon [_thread_blocked, id=4424, stack(0x15930000,0x15980000)]
  0x0258b800 JavaThread "Finalizer" daemon [_thread_blocked, id=8992, stack(0x15340000,0x15390000)]
  0x02586800 JavaThread "Reference Handler" daemon [_thread_blocked, id=8704, stack(0x152b0000,0x15300000)]

Other Threads:
  0x02583c00 VMThread [stack: 0x15220000,0x15270000] [id=9120]
  0x02625800 WatcherThread [stack: 0x15b70000,0x15bc0000] [id=5608]

VM state:not at safepoint (normal execution)

VM Mutex/Monitor currently owned by a thread: None

Heap:
 def new generation   total 4928K, used 2979K [0x04800000, 0x04d50000, 0x09d50000)
  eden space 4416K,  61% used [0x04800000, 0x04aa9d40, 0x04c50000)
  from space 512K,  49% used [0x04cd0000, 0x04d0f2a8, 0x04d50000)
  to   space 512K,   0% used [0x04c50000, 0x04c50000, 0x04cd0000)
 tenured generation   total 10944K, used 9887K [0x09d50000, 0x0a800000, 0x14800000)
   the space 10944K,  90% used [0x09d50000, 0x0a6f7c48, 0x0a6f7e00, 0x0a800000)
 Metaspace       used 3831K, capacity 4069K, committed 4160K, reserved 4480K

Card table byte_map: [0x04740000,0x047d0000] byte_map_base: 0x0471c000

Polling page: 0x00c00000

CodeCache: size=32768Kb used=2349Kb max_used=2349Kb free=30418Kb
 bounds [0x026c0000, 0x02910000, 0x046c0000]
 total_blobs=1402 nmethods=1146 adapters=186
 compilation: enabled

Compilation events (10 events):
Event: 37.565 Thread 0x0259ac00 1155             java.awt.Image::getAccelerationPriority (5 bytes)
Event: 37.565 Thread 0x0259ac00 nmethod 1155 0x02908648 code [0x02908740, 0x029087c0]
Event: 37.843 Thread 0x0259ac00 1156             java.awt.Container$MouseEventTargetFilter::accept (66 bytes)
Event: 37.843 Thread 0x0259ac00 nmethod 1156 0x02908808 code [0x02908900, 0x02908a30]
Event: 38.288 Thread 0x0259ac00 1157             com.sun.jna.Function::invoke (526 bytes)
Event: 38.291 Thread 0x0259ac00 nmethod 1157 0x02908a88 code [0x02908de0, 0x02909e04]
Event: 38.292 Thread 0x0259ac00 1158             uk.co.caprica.vlcj.binding.internal.libvlc_event_e::intValue (5 bytes)
Event: 38.292 Thread 0x0259ac00 nmethod 1158 0x0290b708 code [0x0290b800, 0x0290b880]
Event: 38.292 Thread 0x0259ac00 1159             sun.nio.cs.SingleByte$Decoder::decode (63 bytes)
Event: 38.293 Thread 0x0259ac00 nmethod 1159 0x0290b8c8 code [0x0290b9d0, 0x0290bb60]

GC Heap History (10 events):
Event: 31.326 GC heap before
{Heap before GC invocations=16 (full 0):
 def new generation   total 4928K, used 4616K [0x04800000, 0x04d50000, 0x09d50000)
  eden space 4416K, 100% used [0x04800000, 0x04c50000, 0x04c50000)
  from space 512K,  39% used [0x04c50000, 0x04c820e0, 0x04cd0000)
  to   space 512K,   0% used [0x04cd0000, 0x04cd0000, 0x04d50000)
 tenured generation   total 10944K, used 9887K [0x09d50000, 0x0a800000, 0x14800000)
   the space 10944K,  90% used [0x09d50000, 0x0a6f7c48, 0x0a6f7e00, 0x0a800000)
 Metaspace       used 3814K, capacity 4037K, committed 4160K, reserved 4480K
Event: 31.333 GC heap after
Heap after GC invocations=17 (full 0):
 def new generation   total 4928K, used 201K [0x04800000, 0x04d50000, 0x09d50000)
  eden space 4416K,   0% used [0x04800000, 0x04800000, 0x04c50000)
  from space 512K,  39% used [0x04cd0000, 0x04d02580, 0x04d50000)
  to   space 512K,   0% used [0x04c50000, 0x04c50000, 0x04cd0000)
 tenured generation   total 10944K, used 9887K [0x09d50000, 0x0a800000, 0x14800000)
   the space 10944K,  90% used [0x09d50000, 0x0a6f7c48, 0x0a6f7e00, 0x0a800000)
 Metaspace       used 3814K, capacity 4037K, committed 4160K, reserved 4480K
}
Event: 34.091 GC heap before
{Heap before GC invocations=17 (full 0):
 def new generation   total 4928K, used 4617K [0x04800000, 0x04d50000, 0x09d50000)
  eden space 4416K, 100% used [0x04800000, 0x04c50000, 0x04c50000)
  from space 512K,  39% used [0x04cd0000, 0x04d02580, 0x04d50000)
  to   space 512K,   0% used [0x04c50000, 0x04c50000, 0x04cd0000)
 tenured generation   total 10944K, used 9887K [0x09d50000, 0x0a800000, 0x14800000)
   the space 10944K,  90% used [0x09d50000, 0x0a6f7c48, 0x0a6f7e00, 0x0a800000)
 Metaspace       used 3814K, capacity 4037K, committed 4160K, reserved 4480K
Event: 34.096 GC heap after
Heap after GC invocations=18 (full 0):
 def new generation   total 4928K, used 189K [0x04800000, 0x04d50000, 0x09d50000)
  eden space 4416K,   0% used [0x04800000, 0x04800000, 0x04c50000)
  from space 512K,  37% used [0x04c50000, 0x04c7f738, 0x04cd0000)
  to   space 512K,   0% used [0x04cd0000, 0x04cd0000, 0x04d50000)
 tenured generation   total 10944K, used 9887K [0x09d50000, 0x0a800000, 0x14800000)
   the space 10944K,  90% used [0x09d50000, 0x0a6f7c48, 0x0a6f7e00, 0x0a800000)
 Metaspace       used 3814K, capacity 4037K, committed 4160K, reserved 4480K
}
Event: 34.652 GC heap before
{Heap before GC invocations=18 (full 0):
 def new generation   total 4928K, used 4605K [0x04800000, 0x04d50000, 0x09d50000)
  eden space 4416K, 100% used [0x04800000, 0x04c50000, 0x04c50000)
  from space 512K,  37% used [0x04c50000, 0x04c7f738, 0x04cd0000)
  to   space 512K,   0% used [0x04cd0000, 0x04cd0000, 0x04d50000)
 tenured generation   total 10944K, used 9887K [0x09d50000, 0x0a800000, 0x14800000)
   the space 10944K,  90% used [0x09d50000, 0x0a6f7c48, 0x0a6f7e00, 0x0a800000)
 Metaspace       used 3814K, capacity 4037K, committed 4160K, reserved 4480K
Event: 34.657 GC heap after
Heap after GC invocations=19 (full 0):
 def new generation   total 4928K, used 192K [0x04800000, 0x04d50000, 0x09d50000)
  eden space 4416K,   0% used [0x04800000, 0x04800000, 0x04c50000)
  from space 512K,  37% used [0x04cd0000, 0x04d00040, 0x04d50000)
  to   space 512K,   0% used [0x04c50000, 0x04c50000, 0x04cd0000)
 tenured generation   total 10944K, used 9887K [0x09d50000, 0x0a800000, 0x14800000)
   the space 10944K,  90% used [0x09d50000, 0x0a6f7c48, 0x0a6f7e00, 0x0a800000)
 Metaspace       used 3814K, capacity 4037K, committed 4160K, reserved 4480K
}
Event: 34.855 GC heap before
{Heap before GC invocations=19 (full 0):
 def new generation   total 4928K, used 4608K [0x04800000, 0x04d50000, 0x09d50000)
  eden space 4416K, 100% used [0x04800000, 0x04c50000, 0x04c50000)
  from space 512K,  37% used [0x04cd0000, 0x04d00040, 0x04d50000)
  to   space 512K,   0% used [0x04c50000, 0x04c50000, 0x04cd0000)
 tenured generation   total 10944K, used 9887K [0x09d50000, 0x0a800000, 0x14800000)
   the space 10944K,  90% used [0x09d50000, 0x0a6f7c48, 0x0a6f7e00, 0x0a800000)
 Metaspace       used 3821K, capacity 4069K, committed 4160K, reserved 4480K
Event: 34.861 GC heap after
Heap after GC invocations=20 (full 0):
 def new generation   total 4928K, used 201K [0x04800000, 0x04d50000, 0x09d50000)
  eden space 4416K,   0% used [0x04800000, 0x04800000, 0x04c50000)
  from space 512K,  39% used [0x04c50000, 0x04c82448, 0x04cd0000)
  to   space 512K,   0% used [0x04cd0000, 0x04cd0000, 0x04d50000)
 tenured generation   total 10944K, used 9887K [0x09d50000, 0x0a800000, 0x14800000)
   the space 10944K,  90% used [0x09d50000, 0x0a6f7c48, 0x0a6f7e00, 0x0a800000)
 Metaspace       used 3821K, capacity 4069K, committed 4160K, reserved 4480K
}
Event: 36.569 GC heap before
{Heap before GC invocations=20 (full 0):
 def new generation   total 4928K, used 4617K [0x04800000, 0x04d50000, 0x09d50000)
  eden space 4416K, 100% used [0x04800000, 0x04c50000, 0x04c50000)
  from space 512K,  39% used [0x04c50000, 0x04c82448, 0x04cd0000)
  to   space 512K,   0% used [0x04cd0000, 0x04cd0000, 0x04d50000)
 tenured generation   total 10944K, used 9887K [0x09d50000, 0x0a800000, 0x14800000)
   the space 10944K,  90% used [0x09d50000, 0x0a6f7c48, 0x0a6f7e00, 0x0a800000)
 Metaspace       used 3829K, capacity 4069K, committed 4160K, reserved 4480K
Event: 36.575 GC heap after
Heap after GC invocations=21 (full 0):
 def new generation   total 4928K, used 252K [0x04800000, 0x04d50000, 0x09d50000)
  eden space 4416K,   0% used [0x04800000, 0x04800000, 0x04c50000)
  from space 512K,  49% used [0x04cd0000, 0x04d0f2a8, 0x04d50000)
  to   space 512K,   0% used [0x04c50000, 0x04c50000, 0x04cd0000)
 tenured generation   total 10944K, used 9887K [0x09d50000, 0x0a800000, 0x14800000)
   the space 10944K,  90% used [0x09d50000, 0x0a6f7c48, 0x0a6f7e00, 0x0a800000)
 Metaspace       used 3829K, capacity 4069K, committed 4160K, reserved 4480K
}

Deoptimization events (0 events):
No events

Internal exceptions (10 events):
Event: 1.520 Thread 0x15d32400 Exception <a 'java/security/PrivilegedActionException'> (0x04af2330) thrown at [C:\re\workspace\8-2-build-windows-i586-cygwin\jdk8u45\3457\hotspot\src\share\vm\prims\jvm.cpp, line 1382]
Event: 1.958 Thread 0x00ccd000 Exception <a 'java/lang/NoClassDefFoundError': org/slf4j/impl/StaticLoggerBinder> (0x048512d8) thrown at [C:\re\workspace\8-2-build-windows-i586-cygwin\jdk8u45\3457\hotspot\src\share\vm\classfile\systemDictionary.cpp, line 199]
Event: 1.972 Thread 0x00ccd000 Exception <a 'java/lang/NullPointerException'> (0x0499c130) thrown at [C:\re\workspace\8-2-build-windows-i586-cygwin\jdk8u45\3457\hotspot\src\share\vm\interpreter\linkResolver.cpp, line 1178]
Event: 1.974 Thread 0x00ccd000 Exception <a 'java/lang/UnsatisfiedLinkError': Det går inte att hitta den angivna modulen.
> (0x0499c598) thrown at [C:\re\workspace\8-2-build-windows-i586-cygwin\jdk8u45\3457\hotspot\src\share\vm\prims\jni.cpp, line 735]
Event: 1.975 Thread 0x00ccd000 Exception <a 'java/lang/UnsatisfiedLinkError': Det går inte att hitta den angivna modulen.
> (0x0499c858) thrown at [C:\re\workspace\8-2-build-windows-i586-cygwin\jdk8u45\3457\hotspot\src\share\vm\prims\jni.cpp, line 735]
Event: 1.977 Thread 0x00ccd000 Exception <a 'java/lang/UnsatisfiedLinkError': Det går inte att hitta den angivna modulen.
> (0x0499cb90) thrown at [C:\re\workspace\8-2-build-windows-i586-cygwin\jdk8u45\3457\hotspot\src\share\vm\prims\jni.cpp, line 735]
Event: 1.977 Thread 0x00ccd000 Exception <a 'java/lang/UnsatisfiedLinkError'> (0x0499f3a0) thrown at [C:\re\workspace\8-2-build-windows-i586-cygwin\jdk8u45\3457\hotspot\src\share\vm\oops\instanceKlass.cpp, line 938]
Event: 1.991 Thread 0x00ccd000 Exception <a 'java/lang/NullPointerException'> (0x04ba91f0) thrown at [C:\re\workspace\8-2-build-windows-i586-cygwin\jdk8u45\3457\hotspot\src\share\vm\interpreter\linkResolver.cpp, line 1178]
Event: 7.201 Thread 0x025a9c00 Exception <a 'java/lang/NoSuchMethodError': <clinit>> (0x04986e68) thrown at [C:\re\workspace\8-2-build-windows-i586-cygwin\jdk8u45\3457\hotspot\src\share\vm\prims\jni.cpp, line 1598]
Event: 7.738 Thread 0x025ac400 Exception <a 'java/lang/NoSuchMethodError': <clinit>> (0x049d4ac8) thrown at [C:\re\workspace\8-2-build-windows-i586-cygwin\jdk8u45\3457\hotspot\src\share\vm\prims\jni.cpp, line 1598]

Events (10 events):
Event: 38.099 Thread 0x025abc00 Thread added: 0x025abc00
Event: 38.101 Thread 0x025abc00 Thread exited: 0x025abc00
Event: 38.218 Thread 0x025abc00 Thread added: 0x025abc00
Event: 38.219 Thread 0x025abc00 Thread exited: 0x025abc00
Event: 38.219 Thread 0x025abc00 Thread added: 0x025abc00
Event: 38.219 Thread 0x025abc00 Thread exited: 0x025abc00
Event: 38.266 loading class uk/co/caprica/vlcj/player/events/MediaPlayerStoppedEvent
Event: 38.266 loading class uk/co/caprica/vlcj/player/events/MediaPlayerStoppedEvent done
Event: 38.304 Executing VM operation: RevokeBias
Event: 38.304 Executing VM operation: RevokeBias done


Dynamic libraries:
0x00350000 - 0x00383000 	C:\Program Files (x86)\Java\jdk1.8.0_45\bin\java.exe
0x77b90000 - 0x77cfe000 	C:\WINDOWS\SYSTEM32\ntdll.dll
0x75500000 - 0x75640000 	C:\WINDOWS\SYSTEM32\KERNEL32.DLL
0x77900000 - 0x779d7000 	C:\WINDOWS\SYSTEM32\KERNELBASE.dll
0x72dd0000 - 0x72e70000 	C:\WINDOWS\system32\apphelp.dll
0x5a8b0000 - 0x5ab15000 	C:\WINDOWS\AppPatch\AcGenral.DLL
0x77560000 - 0x77623000 	C:\WINDOWS\SYSTEM32\msvcrt.dll
0x778b0000 - 0x778f1000 	C:\WINDOWS\SYSTEM32\sechost.dll
0x75390000 - 0x753ae000 	C:\WINDOWS\SYSTEM32\SspiCli.dll
0x77510000 - 0x77555000 	C:\WINDOWS\SYSTEM32\SHLWAPI.dll
0x74f30000 - 0x7501d000 	C:\WINDOWS\SYSTEM32\UxTheme.dll
0x75870000 - 0x759c3000 	C:\WINDOWS\SYSTEM32\USER32.dll
0x759d0000 - 0x75ade000 	C:\WINDOWS\SYSTEM32\GDI32.dll
0x74c60000 - 0x74c83000 	C:\WINDOWS\SYSTEM32\WINMM.dll
0x6ded0000 - 0x6dee3000 	C:\WINDOWS\SYSTEM32\samcli.dll
0x75e70000 - 0x75f98000 	C:\WINDOWS\SYSTEM32\ole32.dll
0x75460000 - 0x754f5000 	C:\WINDOWS\SYSTEM32\OLEAUT32.dll
0x64380000 - 0x64397000 	C:\WINDOWS\SYSTEM32\MSACM32.dll
0x75100000 - 0x75108000 	C:\WINDOWS\SYSTEM32\VERSION.dll
0x76060000 - 0x7730c000 	C:\WINDOWS\SYSTEM32\SHELL32.dll
0x75150000 - 0x7516b000 	C:\WINDOWS\SYSTEM32\USERENV.dll
0x74c40000 - 0x74c5a000 	C:\WINDOWS\SYSTEM32\dwmapi.dll
0x74a00000 - 0x74b4b000 	C:\WINDOWS\SYSTEM32\urlmon.dll
0x757f0000 - 0x7586c000 	C:\WINDOWS\SYSTEM32\ADVAPI32.dll
0x74990000 - 0x749f5000 	C:\WINDOWS\SYSTEM32\WINSPOOL.DRV
0x73aa0000 - 0x73ab6000 	C:\WINDOWS\SYSTEM32\MPR.dll
0x75fa0000 - 0x7605a000 	C:\WINDOWS\SYSTEM32\RPCRT4.dll
0x75380000 - 0x7538a000 	C:\WINDOWS\SYSTEM32\CRYPTBASE.dll
0x75cf0000 - 0x75e6d000 	C:\WINDOWS\SYSTEM32\combase.dll
0x74380000 - 0x743a3000 	C:\WINDOWS\SYSTEM32\WINMMBASE.dll
0x750f0000 - 0x750ff000 	C:\WINDOWS\SYSTEM32\profapi.dll
0x74590000 - 0x747c2000 	C:\WINDOWS\SYSTEM32\iertutil.dll
0x743b0000 - 0x74585000 	C:\WINDOWS\SYSTEM32\WININET.dll
0x75320000 - 0x75374000 	C:\WINDOWS\SYSTEM32\bcryptPrimitives.dll
0x777a0000 - 0x777dc000 	C:\WINDOWS\SYSTEM32\cfgmgr32.dll
0x74bb0000 - 0x74bd1000 	C:\WINDOWS\SYSTEM32\DEVOBJ.dll
0x742c0000 - 0x7434b000 	C:\WINDOWS\SYSTEM32\SHCORE.DLL
0x77880000 - 0x778a7000 	C:\WINDOWS\system32\IMM32.DLL
0x77390000 - 0x774a2000 	C:\WINDOWS\SYSTEM32\MSCTF.dll
0x737d0000 - 0x739d6000 	C:\WINDOWS\WinSxS\x86_microsoft.windows.common-controls_6595b64144ccf1df_6.0.9600.17415_none_a9ed7f470139b3c1\COMCTL32.dll
0x5a7f0000 - 0x5a8af000 	C:\Program Files (x86)\Java\jdk1.8.0_45\jre\bin\msvcr100.dll
0x5a430000 - 0x5a7f0000 	C:\Program Files (x86)\Java\jdk1.8.0_45\jre\bin\client\jvm.dll
0x73ac0000 - 0x73ac8000 	C:\WINDOWS\SYSTEM32\WSOCK32.dll
0x757d0000 - 0x757d6000 	C:\WINDOWS\SYSTEM32\PSAPI.DLL
0x75ae0000 - 0x75b30000 	C:\WINDOWS\SYSTEM32\WS2_32.dll
0x75450000 - 0x75457000 	C:\WINDOWS\SYSTEM32\NSI.dll
0x71460000 - 0x7146c000 	C:\Program Files (x86)\Java\jdk1.8.0_45\jre\bin\verify.dll
0x641c0000 - 0x641e1000 	C:\Program Files (x86)\Java\jdk1.8.0_45\jre\bin\java.dll
0x60960000 - 0x60973000 	C:\Program Files (x86)\Java\jdk1.8.0_45\jre\bin\zip.dll
0x60940000 - 0x60955000 	C:\Program Files (x86)\Java\jdk1.8.0_45\jre\bin\net.dll
0x74db0000 - 0x74dfb000 	C:\WINDOWS\system32\mswsock.dll
0x5a2e0000 - 0x5a425000 	C:\Program Files (x86)\Java\jdk1.8.0_45\jre\bin\awt.dll
0x750e0000 - 0x750e9000 	C:\WINDOWS\SYSTEM32\kernel.appcore.dll
0x60900000 - 0x60939000 	C:\Program Files (x86)\Java\jdk1.8.0_45\jre\bin\fontmanager.dll
0x710a0000 - 0x710af000 	C:\Program Files (x86)\Java\jdk1.8.0_45\jre\bin\nio.dll
0x5a2b0000 - 0x5a2e0000 	C:\Program Files (x86)\Java\jdk1.8.0_45\jre\bin\t2k.dll
0x72e80000 - 0x72ea0000 	C:\WINDOWS\SYSTEM32\IPHLPAPI.DLL
0x72e70000 - 0x72e78000 	C:\WINDOWS\SYSTEM32\WINNSI.DLL
0x70390000 - 0x703a3000 	C:\WINDOWS\SYSTEM32\dhcpcsvc6.DLL
0x70370000 - 0x70384000 	C:\WINDOWS\SYSTEM32\dhcpcsvc.DLL
0x77a30000 - 0x77abd000 	C:\WINDOWS\SYSTEM32\clbcatq.dll
0x70ee0000 - 0x7104b000 	C:\WINDOWS\SYSTEM32\WindowsCodecs.dll
0x75070000 - 0x75089000 	C:\WINDOWS\SYSTEM32\CRYPTSP.dll
0x75040000 - 0x75070000 	C:\WINDOWS\system32\rsaenh.dll
0x75020000 - 0x7503e000 	C:\WINDOWS\SYSTEM32\bcrypt.dll
0x733a0000 - 0x73429000 	C:\WINDOWS\WinSxS\x86_microsoft.windows.common-controls_6595b64144ccf1df_5.82.9600.17415_none_7c5769eaaa0aa358\comctl32.dll
0x75b30000 - 0x75ce1000 	C:\WINDOWS\SYSTEM32\SETUPAPI.dll
0x71470000 - 0x715aa000 	C:\WINDOWS\system32\propsys.dll
0x5a110000 - 0x5a2aa000 	C:\WINDOWS\system32\NetworkExplorer.dll
0x5a0e0000 - 0x5a103000 	C:\Windows\SYSTEM32\thumbcache.dll
0x70740000 - 0x70749000 	C:\WINDOWS\System32\drprov.dll
0x75090000 - 0x750d5000 	C:\WINDOWS\System32\WINSTA.dll
0x5f980000 - 0x5f992000 	C:\WINDOWS\System32\ntlanman.dll
0x5a0c0000 - 0x5a0da000 	C:\WINDOWS\System32\davclnt.dll
0x6cc90000 - 0x6cc9a000 	C:\WINDOWS\System32\DAVHLPR.dll
0x71b20000 - 0x71b31000 	C:\WINDOWS\System32\wkscli.dll
0x73670000 - 0x7367f000 	C:\WINDOWS\SYSTEM32\cscapi.dll
0x73610000 - 0x7361a000 	C:\WINDOWS\System32\netutils.dll
0x6c950000 - 0x6c9be000 	C:\Windows\SYSTEM32\dlnashext.dll
0x5a080000 - 0x5a0b9000 	C:\Windows\System32\PlayToDevice.dll
0x73560000 - 0x7357a000 	C:\Windows\System32\DevDispItemProvider.dll
0x6c910000 - 0x6c947000 	C:\WINDOWS\System32\netprofm.dll
0x73a00000 - 0x73a09000 	C:\WINDOWS\System32\npmproxy.dll
0x703b0000 - 0x704b3000 	C:\Windows\SYSTEM32\actxprxy.dll
0x59e90000 - 0x5a076000 	C:\WINDOWS\system32\wpdshext.dll
0x747d0000 - 0x74940000 	C:\WINDOWS\WinSxS\x86_microsoft.windows.gdiplus_6595b64144ccf1df_1.1.9600.17415_none_dad8722c5bcc2d8f\gdiplus.dll
0x59e00000 - 0x59e90000 	C:\Windows\SYSTEM32\PortableDeviceApi.dll
0x779f0000 - 0x77a2d000 	C:\WINDOWS\SYSTEM32\WINTRUST.dll
0x75640000 - 0x757c8000 	C:\WINDOWS\SYSTEM32\CRYPT32.dll
0x753b0000 - 0x753be000 	C:\WINDOWS\SYSTEM32\MSASN1.dll
0x59dc0000 - 0x59e00000 	C:\WINDOWS\system32\audiodev.dll
0x59b20000 - 0x59db1000 	C:\WINDOWS\system32\WMVCore.DLL
0x59ae0000 - 0x59b1d000 	C:\WINDOWS\system32\WMASF.DLL
0x73680000 - 0x7368b000 	C:\WINDOWS\SYSTEM32\LINKINFO.dll
0x182b0000 - 0x182ed000 	C:\Users\Pontus\AppData\Local\Temp\jna-Pontus\jna7830172728304177050.dll
0x59ab0000 - 0x59ad9000 	C:\Users\Pontus\Documents\NetBeansProjects\sadoksync\Client\SadokSync\target\classes\VLC\libvlc.dll
0x59820000 - 0x59aa9000 	C:\Users\Pontus\Documents\NetBeansProjects\sadoksync\Client\SadokSync\target\classes\VLC\libvlccore.dll
0x59790000 - 0x5981d000 	C:\Users\Pontus\Documents\NetBeansProjects\sadoksync\Client\SadokSync\target\classes\VLC\plugins\access\libdshow_plugin.dll
0x59770000 - 0x59781000 	C:\Users\Pontus\Documents\NetBeansProjects\sadoksync\Client\SadokSync\target\classes\VLC\plugins\audio_output\libdirectsound_plugin.dll
0x59750000 - 0x59761000 	C:\Users\Pontus\Documents\NetBeansProjects\sadoksync\Client\SadokSync\target\classes\VLC\plugins\audio_output\libwaveout_plugin.dll
0x59730000 - 0x5974d000 	C:\Users\Pontus\Documents\NetBeansProjects\sadoksync\Client\SadokSync\target\classes\VLC\plugins\video_output\libdirect3d_plugin.dll
0x59710000 - 0x5972a000 	C:\Users\Pontus\Documents\NetBeansProjects\sadoksync\Client\SadokSync\target\classes\VLC\plugins\video_output\libdirectdraw_plugin.dll
0x59680000 - 0x59701000 	C:\WINDOWS\SYSTEM32\DSOUND.DLL
0x75110000 - 0x75150000 	C:\WINDOWS\SYSTEM32\POWRPROF.dll
0x74be0000 - 0x74c33000 	C:\WINDOWS\System32\MMDevApi.dll
0x59650000 - 0x59674000 	C:\Program Files (x86)\Java\jdk1.8.0_45\jre\bin\dcpr.dll
0x74d30000 - 0x74dae000 	C:\WINDOWS\SYSTEM32\DNSAPI.dll
0x74d20000 - 0x74d28000 	C:\Windows\System32\rasadhlp.dll
0x74cd0000 - 0x74d16000 	C:\WINDOWS\System32\fwpuclnt.dll
0x595f0000 - 0x59648000 	C:\Users\Pontus\Documents\NetBeansProjects\sadoksync\Client\SadokSync\target\classes\VLC\plugins\lua\liblua_plugin.dll
0x595d0000 - 0x595ed000 	C:\Users\Pontus\Documents\NetBeansProjects\sadoksync\Client\SadokSync\target\classes\VLC\plugins\access\libvdr_plugin.dll
0x595b0000 - 0x595c5000 	C:\Users\Pontus\Documents\NetBeansProjects\sadoksync\Client\SadokSync\target\classes\VLC\plugins\access\libfilesystem_plugin.dll
0x59590000 - 0x595a8000 	C:\Users\Pontus\Documents\NetBeansProjects\sadoksync\Client\SadokSync\target\classes\VLC\plugins\stream_filter\libsmooth_plugin.dll
0x59570000 - 0x59582000 	C:\Users\Pontus\Documents\NetBeansProjects\sadoksync\Client\SadokSync\target\classes\VLC\plugins\meta_engine\libfolder_plugin.dll
0x594d0000 - 0x59569000 	C:\Users\Pontus\Documents\NetBeansProjects\sadoksync\Client\SadokSync\target\classes\VLC\plugins\stream_filter\libhttplive_plugin.dll
0x59400000 - 0x594c3000 	C:\Users\Pontus\Documents\NetBeansProjects\sadoksync\Client\SadokSync\target\classes\VLC\plugins\stream_filter\libdash_plugin.dll
0x593d0000 - 0x593f7000 	C:\Users\Pontus\Documents\NetBeansProjects\sadoksync\Client\SadokSync\target\classes\VLC\plugins\access\libzip_plugin.dll
0x593b0000 - 0x593c4000 	C:\Users\Pontus\Documents\NetBeansProjects\sadoksync\Client\SadokSync\target\classes\VLC\plugins\access\librar_plugin.dll
0x6a3e0000 - 0x6a3ed000 	C:\Users\Pontus\Documents\NetBeansProjects\sadoksync\Client\SadokSync\target\classes\VLC\plugins\stream_filter\librecord_plugin.dll
0x59360000 - 0x593a2000 	C:\Users\Pontus\Documents\NetBeansProjects\sadoksync\Client\SadokSync\target\classes\VLC\plugins\demux\libmp4_plugin.dll
0x591d0000 - 0x59355000 	C:\Users\Pontus\Documents\NetBeansProjects\sadoksync\Client\SadokSync\target\classes\VLC\plugins\meta_engine\libtaglib_plugin.dll
0x59120000 - 0x591c3000 	C:\Users\Pontus\Documents\NetBeansProjects\sadoksync\Client\SadokSync\target\classes\VLC\plugins\stream_out\libstream_out_rtp_plugin.dll
0x58f00000 - 0x59117000 	C:\Users\Pontus\Documents\NetBeansProjects\sadoksync\Client\SadokSync\target\classes\VLC\plugins\access\liblibbluray_plugin.dll
0x58ed0000 - 0x58ef2000 	C:\Users\Pontus\Documents\NetBeansProjects\sadoksync\Client\SadokSync\target\classes\VLC\plugins\access\libaccess_bd_plugin.dll
0x58e80000 - 0x58ec3000 	C:\Users\Pontus\Documents\NetBeansProjects\sadoksync\Client\SadokSync\target\classes\VLC\plugins\access\libdvdnav_plugin.dll
0x58e20000 - 0x58e7b000 	C:\Users\Pontus\Documents\NetBeansProjects\sadoksync\Client\SadokSync\target\classes\VLC\plugins\codec\libtheora_plugin.dll
0x668f0000 - 0x668fe000 	C:\Users\Pontus\Documents\NetBeansProjects\sadoksync\Client\SadokSync\target\classes\VLC\plugins\codec\librawvideo_plugin.dll
0x58df0000 - 0x58e1d000 	C:\Users\Pontus\Documents\NetBeansProjects\sadoksync\Client\SadokSync\target\classes\VLC\plugins\codec\libspeex_plugin.dll

VM Arguments:
java_command: com.sadoksync.sadoksync.Driver
java_class_path (initial): C:\Users\Pontus\Documents\NetBeansProjects\sadoksync\Client\SadokSync\target\classes;C:\Users\Pontus\.m2\repository\uk\co\caprica\vlcj\3.6.0\vlcj-3.6.0.jar;C:\Users\Pontus\.m2\repository\net\java\dev\jna\jna\3.5.2\jna-3.5.2.jar;C:\Users\Pontus\.m2\repository\net\java\dev\jna\platform\3.5.2\platform-3.5.2.jar;C:\Users\Pontus\.m2\repository\org\slf4j\slf4j-api\1.7.10\slf4j-api-1.7.10.jar;C:\Users\Pontus\.m2\repository\com\googlecode\json-simple\json-simple\1.1\json-simple-1.1.jar
Launcher Type: SUN_STANDARD

Environment Variables:
JAVA_HOME=C:\Program Files (x86)\Java\jdk1.8.0_45
CLASSPATH=C:\pontus\Proj_Elevator\elevator\lib\elevator.jar;C:\pontus\Proj_Elevator\elevator\lib\elevator_rmi.jar
PATH=C:\ProgramData\Oracle\Java\javapath;C:\Python27\Lib\site-packages\PyQt4;C:\prog\asf\apache-maven-3.2.3\bin;C:\Program Files\Java\jdk1.7.0_51\bin;C:\pontus\java;C:\Program Files (x86)\Intel\iCLS Client\;C:\Program Files\Intel\iCLS Client\;C:\WINDOWS\system32;C:\WINDOWS;C:\WINDOWS\System32\Wbem;C:\WINDOWS\System32\WindowsPowerShell\v1.0\;C:\Program Files\Intel\Intel(R) Management Engine Components\DAL;C:\Program Files\Intel\Intel(R) Management Engine Components\IPT;C:\Program Files (x86)\Intel\Intel(R) Management Engine Components\DAL;C:\Program Files (x86)\Intel\Intel(R) Management Engine Components\IPT;C:\Program Files (x86)\Intel\OpenCL SDK\2.0\bin\x86;C:\Program Files (x86)\Intel\OpenCL SDK\2.0\bin\x64;C:\Program Files\Lenovo Fingerprint Reader\;C:\Program Files\Lenovo Fingerprint Reader\x86\;C:\ProgramData\Lenovo\ReadyApps;C:\Program Files\Intel\WiFi\bin\;C:\Program Files\Common Files\Intel\WirelessCommon\;C:\cygwin64\bin;C:\Program Files (x86)\Common Files\lenovo\easyplussdk\bin;C:\lib\jblas-1.2.3\jblas-1.2.3.jar;c:\MinGW\bin;c:\MinGW\msys\1.0\bin;C:\Python27;C:\Python27\DLLs;C:\Python27\Scripts;C:\Python27\Lib\site-packages\vtk;C:\Python27\gnuplot\binary;C:\Python27\Lib\site-packages\osgeo;C:\Program Files (x86)\pythonxy\SciTE-3.3.2-3;C:\Program Files (x86)\pythonxy\console;C:\MinGW32-xy\bin;C:\Program Files (x86)\pythonxy\swig;C:\Program Files (x86)\pythonxy\gettext\bin
USERNAME=Pontus
OS=Windows_NT
PROCESSOR_IDENTIFIER=Intel64 Family 6 Model 58 Stepping 9, GenuineIntel



---------------  S Y S T E M  ---------------

OS: Windows 8.1 , 64 bit Build 9600 (6.3.9600.17415)

CPU:total 4 (2 cores per cpu, 2 threads per core) family 6 model 58 stepping 9, cmov, cx8, fxsr, mmx, sse, sse2, sse3, ssse3, sse4.1, sse4.2, popcnt, avx, clmul, erms, ht, tsc, tscinvbit, tscinv

Memory: 4k page, physical 4034788k(1009124k free), swap 8796092k(5111196k free)

vm_info: Java HotSpot(TM) Client VM (25.45-b02) for windows-x86 JRE (1.8.0_45-b14), built on Apr 10 2015 10:46:40 by "java_re" with MS VC++ 10.0 (VS2010)

time: Tue May 05 11:32:51 2015
elapsed time: 38 seconds (0d 0h 0m 38s)

