#
# A fatal error has been detected by the Java Runtime Environment:
#
#  EXCEPTION_ACCESS_VIOLATION (0xc0000005) at pc=0x770ddf63, pid=9012, tid=3312
#
# JRE version: Java(TM) SE Runtime Environment (8.0_45-b14) (build 1.8.0_45-b14)
# Java VM: Java HotSpot(TM) Client VM (25.45-b02 mixed mode windows-x86 )
# Problematic frame:
# C  [ntdll.dll+0x1df63]
#
# Failed to write core dump. Minidumps are not enabled by default on client versions of Windows
#
# If you would like to submit a bug report, please visit:
#   http://bugreport.java.com/bugreport/crash.jsp
# The crash happened outside the Java Virtual Machine in native code.
# See problematic frame for where to report the bug.
#

---------------  T H R E A D  ---------------

Current thread (0x15d83c00):  JavaThread "Thread-45" [_thread_in_native, id=3312, stack(0x18ab0000,0x18b00000)]

siginfo: ExceptionCode=0xc0000005, writing address 0x00000014

Registers:
EAX=0x00000000, EBX=0x00000d0c, ECX=0xfffffffc, EDX=0x00000000
ESP=0x18afe690, EBP=0x18afe6f0, ESI=0x1727ed84, EDI=0x00000000
EIP=0x770ddf63, EFLAGS=0x00010213

Top of Stack: (sp=0x18afe690)
0x18afe690:   00000000 1727ed88 1727ed84 771010e9
0x18afe6a0:   1727ed84 00000000 7e69c000 00000000
0x18afe6b0:   00000000 00000000 172c0550 00000002
0x18afe6c0:   00000003 18afe7b8 00000000 00000018
0x18afe6d0:   15f95110 5be7acc8 00000000 5be7acd4
0x18afe6e0:   5c07079c 00ace190 15f95110 df08a3c1
0x18afe6f0:   18afe718 770dde0b 172c0550 1727ed80
0x18afe700:   1727ed70 00000000 1727ed84 00000001 

Instructions: (pc=0x770ddf63)
0x770ddf43:   c2 f0 0f b1 0e 8b 75 b0 3b c2 0f 85 cf 5e fe ff
0x770ddf53:   83 65 c0 00 33 c0 89 45 c4 8b 06 83 f8 ff 74 03
0x770ddf63:   ff 40 14 b8 82 03 fe 7f 8a 08 84 c9 0f 85 c8 34
0x770ddf73:   06 00 57 6a 00 83 fb ff 0f 84 0b 35 06 00 53 e8 


Register to memory mapping:

EAX=0x00000000 is an unknown value
EBX=0x00000d0c is an unknown value
ECX=0xfffffffc is an unknown value
EDX=0x00000000 is an unknown value
ESP=0x18afe690 is pointing into the stack for thread: 0x15d83c00
EBP=0x18afe6f0 is pointing into the stack for thread: 0x15d83c00
ESI=0x1727ed84 is an unknown value
EDI=0x00000000 is an unknown value


Stack: [0x18ab0000,0x18b00000],  sp=0x18afe690,  free space=313k
Native frames: (J=compiled Java code, j=interpreted, Vv=VM code, C=native code)
C  [ntdll.dll+0x1df63]
C  [ntdll.dll+0x1de0b]
C  [ntdll.dll+0x1de35]
C  [libvlccore.dll+0xa3bb0]
C  [jna804759051194361238.dll+0xd546]
C  [jna804759051194361238.dll+0x2e5e]
C  [jna804759051194361238.dll+0x54ce]
j  com.sun.jna.Native.invokeInt(JI[Ljava/lang/Object;)I+0
j  com.sun.jna.Function.invoke([Ljava/lang/Object;Ljava/lang/Class;Z)Ljava/lang/Object;+333
j  com.sun.jna.Function.invoke(Ljava/lang/Class;[Ljava/lang/Object;Ljava/util/Map;)Ljava/lang/Object;+214
j  com.sun.jna.Library$Handler.invoke(Ljava/lang/Object;Ljava/lang/reflect/Method;[Ljava/lang/Object;)Ljava/lang/Object;+341
j  com.sun.proxy.$Proxy0.libvlc_event_attach(Luk/co/caprica/vlcj/binding/internal/libvlc_event_manager_t;ILuk/co/caprica/vlcj/binding/internal/libvlc_callback_t;Lcom/sun/jna/Pointer;)I+32
j  uk.co.caprica.vlcj.player.DefaultMediaPlayer.registerMediaEventListener()V+117
j  uk.co.caprica.vlcj.player.DefaultMediaPlayer.setMedia(Ljava/lang/String;[Ljava/lang/String;)Z+287
j  uk.co.caprica.vlcj.player.DefaultMediaPlayer.prepareMedia(Ljava/lang/String;[Ljava/lang/String;)Z+19
j  uk.co.caprica.vlcj.player.DefaultMediaPlayer.playMedia(Ljava/lang/String;[Ljava/lang/String;)Z+19
j  com.sadoksync.sadoksync.Client.connectToRtsp()V+12
j  com.sadoksync.sadoksync.ConnectionHandler.run()V+462
v  ~StubRoutines::call_stub
V  [jvm.dll+0x155cb5]
V  [jvm.dll+0x21b12e]
V  [jvm.dll+0x155d4e]
V  [jvm.dll+0x155ed6]
V  [jvm.dll+0x155f47]
V  [jvm.dll+0xfb0cf]
V  [jvm.dll+0x17901c]
V  [jvm.dll+0x17910a]
V  [jvm.dll+0x1bd6e6]
C  [msvcr100.dll+0x5c556]
C  [msvcr100.dll+0x5c600]
C  [KERNEL32.DLL+0x17c04]
C  [ntdll.dll+0x5ad1f]
C  [ntdll.dll+0x5acea]
C  0x00000000

Java frames: (J=compiled Java code, j=interpreted, Vv=VM code)
j  com.sun.jna.Native.invokeInt(JI[Ljava/lang/Object;)I+0
j  com.sun.jna.Function.invoke([Ljava/lang/Object;Ljava/lang/Class;Z)Ljava/lang/Object;+333
j  com.sun.jna.Function.invoke(Ljava/lang/Class;[Ljava/lang/Object;Ljava/util/Map;)Ljava/lang/Object;+214
j  com.sun.jna.Library$Handler.invoke(Ljava/lang/Object;Ljava/lang/reflect/Method;[Ljava/lang/Object;)Ljava/lang/Object;+341
j  com.sun.proxy.$Proxy0.libvlc_event_attach(Luk/co/caprica/vlcj/binding/internal/libvlc_event_manager_t;ILuk/co/caprica/vlcj/binding/internal/libvlc_callback_t;Lcom/sun/jna/Pointer;)I+32
j  uk.co.caprica.vlcj.player.DefaultMediaPlayer.registerMediaEventListener()V+117
j  uk.co.caprica.vlcj.player.DefaultMediaPlayer.setMedia(Ljava/lang/String;[Ljava/lang/String;)Z+287
j  uk.co.caprica.vlcj.player.DefaultMediaPlayer.prepareMedia(Ljava/lang/String;[Ljava/lang/String;)Z+19
j  uk.co.caprica.vlcj.player.DefaultMediaPlayer.playMedia(Ljava/lang/String;[Ljava/lang/String;)Z+19
j  com.sadoksync.sadoksync.Client.connectToRtsp()V+12
j  com.sadoksync.sadoksync.ConnectionHandler.run()V+462
v  ~StubRoutines::call_stub

---------------  P R O C E S S  ---------------

Java Threads: ( => current thread )
  0x1aaacc00 JavaThread "Thread-431" [_thread_new, id=204, stack(0x00000000,0x00000000)]
  0x1aaac400 JavaThread "Thread-430" [_thread_new, id=1124, stack(0x00000000,0x00000000)]
  0x1aaadc00 JavaThread "Thread-429" [_thread_new, id=8704, stack(0x00000000,0x00000000)]
  0x1aaad800 JavaThread "Thread-428" [_thread_new, id=5680, stack(0x00000000,0x00000000)]
  0x1aa14800 JavaThread "Thread-427" [_thread_new, id=6720, stack(0x00000000,0x00000000)]
  0x1aa90000 JavaThread "Thread-426" [_thread_new, id=2744, stack(0x00000000,0x00000000)]
  0x1aa8f800 JavaThread "Thread-425" [_thread_new, id=4996, stack(0x00000000,0x00000000)]
  0x1aa8f000 JavaThread "Thread-424" [_thread_new, id=484, stack(0x00000000,0x00000000)]
  0x1aa8ec00 JavaThread "Thread-423" [_thread_new, id=8920, stack(0x00000000,0x00000000)]
  0x1aa8e400 JavaThread "Thread-422" [_thread_new, id=5932, stack(0x00000000,0x00000000)]
  0x1aa90c00 JavaThread "Thread-421" [_thread_new, id=9188, stack(0x1e790000,0x1e7e0000)]
  0x1aa90400 JavaThread "Thread-420" [_thread_in_native, id=7092, stack(0x1e700000,0x1e750000)]
  0x1aa8d800 JavaThread "Thread-418" [_thread_blocked, id=8196, stack(0x1e5e0000,0x1e630000)]
  0x1aa8d400 JavaThread "Thread-416" [_thread_blocked, id=7192, stack(0x1e4c0000,0x1e510000)]
  0x1aa8b400 JavaThread "Thread-415" [_thread_in_native, id=8664, stack(0x1e430000,0x1e480000)]
  0x1aa89400 JavaThread "Thread-414" [_thread_blocked, id=9088, stack(0x1e3a0000,0x1e3f0000)]
  0x1aa8cc00 JavaThread "Thread-413" [_thread_in_native, id=4576, stack(0x1e310000,0x1e360000)]
  0x1aa8a000 JavaThread "Thread-412" [_thread_blocked, id=9064, stack(0x1e280000,0x1e2d0000)]
  0x1aa8c000 JavaThread "Thread-411" [_thread_in_native, id=3744, stack(0x1e1f0000,0x1e240000)]
  0x1aa8b800 JavaThread "Thread-409" [_thread_blocked, id=7472, stack(0x1e0d0000,0x1e120000)]
  0x1aa8a800 JavaThread "Thread-408" [_thread_blocked, id=6428, stack(0x1e040000,0x1e090000)]
  0x1aa8c400 JavaThread "Thread-407" [_thread_new, id=6952, stack(0x00000000,0x00000000)]
  0x15d9f000 JavaThread "Thread-406" [_thread_in_native, id=7100, stack(0x1df20000,0x1df70000)]
  0x1aa42000 JavaThread "Thread-405" [_thread_blocked, id=4272, stack(0x1de90000,0x1dee0000)]
  0x1aa06c00 JavaThread "Thread-404" [_thread_blocked, id=6424, stack(0x1de00000,0x1de50000)]
  0x1aa01c00 JavaThread "Thread-403" [_thread_in_native, id=3196, stack(0x1a760000,0x1a7b0000)]
  0x1aa04c00 JavaThread "Thread-402" [_thread_in_native, id=8740, stack(0x1dce0000,0x1dd30000)]
  0x1aa00400 JavaThread "Thread-401" [_thread_in_native, id=8436, stack(0x1dc50000,0x1dca0000)]
  0x16019000 JavaThread "Thread-400" [_thread_in_native, id=2496, stack(0x1dbc0000,0x1dc10000)]
  0x16014c00 JavaThread "Thread-399" [_thread_in_native, id=6840, stack(0x1db30000,0x1db80000)]
  0x16018400 JavaThread "Thread-398" [_thread_blocked, id=2876, stack(0x1daa0000,0x1daf0000)]
  0x16013400 JavaThread "Thread-397" [_thread_blocked, id=8916, stack(0x1da10000,0x1da60000)]
  0x15e3ac00 JavaThread "Thread-395" [_thread_blocked, id=6484, stack(0x1d120000,0x1d170000)]
  0x15e35800 JavaThread "Thread-394" [_thread_blocked, id=3076, stack(0x1cd30000,0x1cd80000)]
  0x15e34000 JavaThread "Thread-393" [_thread_blocked, id=8748, stack(0x1c990000,0x1c9e0000)]
  0x15e36400 JavaThread "Thread-391" [_thread_blocked, id=7172, stack(0x1c5e0000,0x1c630000)]
  0x1aa15400 JavaThread "Thread-390" [_thread_blocked, id=2096, stack(0x1c550000,0x1c5a0000)]
  0x1aa15000 JavaThread "Thread-388" [_thread_blocked, id=5776, stack(0x1be90000,0x1bee0000)]
  0x1aa18800 JavaThread "Thread-387" [_thread_blocked, id=9208, stack(0x1bce0000,0x1bd30000)]
  0x1aa18000 JavaThread "Thread-385" [_thread_blocked, id=7196, stack(0x1b980000,0x1b9d0000)]
  0x1aa45800 JavaThread "Thread-384" [_thread_blocked, id=4608, stack(0x1b590000,0x1b5e0000)]
  0x1aa45000 JavaThread "Thread-383" [_thread_in_native, id=920, stack(0x1b230000,0x1b280000)]
  0x1aa44c00 JavaThread "Thread-382" [_thread_in_native, id=7548, stack(0x19170000,0x191c0000)]
  0x1aa40400 JavaThread "Thread-344" [_thread_in_native, id=3604, stack(0x18ef0000,0x18f40000)]
  0x1aa42c00 JavaThread "Thread-342" [_thread_in_native, id=2360, stack(0x17e70000,0x17ec0000)]
  0x1aa44400 JavaThread "Thread-330" [_thread_in_native, id=5656, stack(0x1c630000,0x1c680000)]
  0x1aa40c00 JavaThread "Thread-328" [_thread_in_native, id=6116, stack(0x1b740000,0x1b790000)]
  0x1aa44000 JavaThread "Thread-319" [_thread_blocked, id=8696, stack(0x1d980000,0x1d9d0000)]
  0x1aa43800 JavaThread "Thread-317" [_thread_blocked, id=5052, stack(0x1d8f0000,0x1d940000)]
  0x1aa43000 JavaThread "Thread-316" [_thread_in_native, id=8264, stack(0x1d240000,0x1d290000)]
  0x1aa3f800 JavaThread "Thread-311" [_thread_blocked, id=3132, stack(0x1b500000,0x1b550000)]
  0x1aa42400 JavaThread "Thread-306" [_thread_in_native, id=7796, stack(0x1d090000,0x1d0e0000)]
  0x1aa3f400 JavaThread "Thread-304" [_thread_in_native, id=8948, stack(0x1d000000,0x1d050000)]
  0x1aa3e800 JavaThread "Thread-303" [_thread_in_native, id=6472, stack(0x1b2c0000,0x1b310000)]
  0x1aa41400 JavaThread "Thread-297" [_thread_blocked, id=3632, stack(0x1cee0000,0x1cf30000)]
  0x1aa40000 JavaThread "Thread-296" [_thread_in_native, id=4884, stack(0x1ce50000,0x1cea0000)]
  0x1aa3e000 JavaThread "Thread-294" [_thread_blocked, id=8648, stack(0x1cdc0000,0x1ce10000)]
  0x1aa41800 JavaThread "Thread-291" [_thread_in_native, id=6060, stack(0x1b470000,0x1b4c0000)]
  0x15d83000 JavaThread "Thread-287" [_thread_blocked, id=6148, stack(0x1cca0000,0x1ccf0000)]
  0x15d7e800 JavaThread "Thread-285" [_thread_blocked, id=4744, stack(0x1cc10000,0x1cc60000)]
  0x15d82400 JavaThread "Thread-283" [_thread_in_native, id=8568, stack(0x1cb80000,0x1cbd0000)]
  0x15e38400 JavaThread "Thread-282" [_thread_in_native, id=6592, stack(0x1caf0000,0x1cb40000)]
  0x15e36c00 JavaThread "Thread-278" [_thread_in_native, id=8828, stack(0x1c700000,0x1c750000)]
  0x16016000 JavaThread "Thread-277" [_thread_blocked, id=8428, stack(0x1c4c0000,0x1c510000)]
  0x16017400 JavaThread "Thread-275" [_thread_in_native, id=7016, stack(0x1c0d0000,0x1c120000)]
  0x16014000 JavaThread "Thread-273" [_thread_blocked, id=8160, stack(0x1bd70000,0x1bdc0000)]
  0x1aa04000 JavaThread "Thread-270" [_thread_in_native, id=8928, stack(0x1ba10000,0x1ba60000)]
  0x1aa06000 JavaThread "Thread-267" [_thread_blocked, id=7740, stack(0x1b7d0000,0x1b820000)]
  0x1aa03400 JavaThread "Thread-264" [_thread_in_native, id=5076, stack(0x1b350000,0x1b3a0000)]
  0x1aa03000 JavaThread "Thread-262" [_thread_blocked, id=5020, stack(0x1a880000,0x1a8d0000)]
  0x1aa01000 JavaThread "Thread-258" [_thread_in_native, id=1044, stack(0x1a5b0000,0x1a600000)]
  0x15ffac00 JavaThread "Thread-257" [_thread_in_native, id=192, stack(0x1a490000,0x1a4e0000)]
  0x15ffa400 JavaThread "Thread-255" [_thread_blocked, id=6852, stack(0x1a250000,0x1a2a0000)]
  0x15ffa000 JavaThread "Thread-254" [_thread_in_native, id=6752, stack(0x1a130000,0x1a180000)]
  0x15ff4c00 JavaThread "Thread-252" [_thread_in_native, id=8464, stack(0x1a010000,0x1a060000)]
  0x15ff6000 JavaThread "Thread-251" [_thread_in_native, id=5084, stack(0x19dd0000,0x19e20000)]
  0x15ff8000 JavaThread "Thread-249" [_thread_in_native, id=8364, stack(0x19c20000,0x19c70000)]
  0x15ff4000 JavaThread "Thread-248" [_thread_in_native, id=8636, stack(0x19b90000,0x19be0000)]
  0x15ff5800 JavaThread "Thread-247" [_thread_in_native, id=2132, stack(0x19950000,0x199a0000)]
  0x1aa16000 JavaThread "Thread-245" [_thread_blocked, id=7056, stack(0x19830000,0x19880000)]
  0x1aa19800 JavaThread "Thread-244" [_thread_in_native, id=5884, stack(0x197a0000,0x197f0000)]
  0x1aa13400 JavaThread "Thread-242" [_thread_in_native, id=8932, stack(0x195f0000,0x19640000)]
  0x1aa16800 JavaThread "Thread-215" [_thread_in_native, id=2868, stack(0x18530000,0x18580000)]
  0x1aa19400 JavaThread "pool-3-thread-1" [_thread_blocked, id=196, stack(0x184a0000,0x184f0000)]
  0x1aa17c00 JavaThread "Thread-214" [_thread_in_native, id=8816, stack(0x1c8b0000,0x1c900000)]
  0x1aa12800 JavaThread "Thread-212" [_thread_in_native, id=4972, stack(0x1c790000,0x1c7e0000)]
  0x1aa15c00 JavaThread "Thread-208" [_thread_blocked, id=5176, stack(0x1ca60000,0x1cab0000)]
  0x1aa16c00 JavaThread "Thread-204" [_thread_in_native, id=5660, stack(0x1b110000,0x1b160000)]
  0x1aa17400 JavaThread "Thread-196" [_thread_in_native, id=6756, stack(0x1c820000,0x1c870000)]
  0x1aa13000 JavaThread "Thread-183" [_thread_in_native, id=6972, stack(0x1c430000,0x1c480000)]
  0x1aa14000 JavaThread "Thread-182" [_thread_blocked, id=4720, stack(0x1c3a0000,0x1c3f0000)]
  0x1aa12400 JavaThread "Thread-176" [_thread_blocked, id=2536, stack(0x1c280000,0x1c2d0000)]
  0x1aa13c00 JavaThread "Thread-175" [_thread_in_native, id=7820, stack(0x1c1f0000,0x1c240000)]
  0x1aa06800 JavaThread "Thread-173" [_thread_in_native, id=9024, stack(0x1c160000,0x1c1b0000)]
  0x1aa05c00 JavaThread "Thread-168" [_thread_blocked, id=7164, stack(0x1c040000,0x1c090000)]
  0x1aa07800 JavaThread "Thread-166" [_thread_blocked, id=6956, stack(0x1bfb0000,0x1c000000)]
  0x1aa07400 JavaThread "Thread-164" [_thread_in_native, id=8960, stack(0x1bf20000,0x1bf70000)]
  0x1aa05400 JavaThread "Thread-160" [_thread_blocked, id=8852, stack(0x1be00000,0x1be50000)]
  0x1aa04800 JavaThread "Thread-155" [_thread_blocked, id=6680, stack(0x1bc50000,0x1bca0000)]
  0x1aa00800 JavaThread "Thread-154" [_thread_in_native, id=2220, stack(0x1bbc0000,0x1bc10000)]
  0x1aa01400 JavaThread "Thread-149" [_thread_blocked, id=9076, stack(0x1baa0000,0x1baf0000)]
  0x1aa02800 JavaThread "Thread-142" [_thread_in_native, id=8660, stack(0x1b8f0000,0x1b940000)]
  0x1aa02000 JavaThread "Thread-141" [_thread_in_native, id=7116, stack(0x1b860000,0x1b8b0000)]
  0x1aa03c00 JavaThread "Thread-134" [_thread_in_native, id=8340, stack(0x1b6b0000,0x1b700000)]
  0x15d84800 JavaThread "Thread-132" [_thread_in_native, id=8272, stack(0x1b620000,0x1b670000)]
  0x15e34400 JavaThread "Thread-124" [_thread_in_native, id=2000, stack(0x1b3e0000,0x1b430000)]
  0x16018c00 JavaThread "Thread-116" [_thread_in_native, id=6696, stack(0x1b1a0000,0x1b1f0000)]
  0x16018000 JavaThread "Thread-110" [_thread_blocked, id=9172, stack(0x18d80000,0x18dd0000)]
  0x16017800 JavaThread "Thread-108" [_thread_in_native, id=4124, stack(0x182f0000,0x18340000)]
  0x16019800 JavaThread "pool-1-thread-50" [_thread_blocked, id=5904, stack(0x18dd0000,0x18e20000)]
  0x16016c00 JavaThread "Thread-102" [_thread_in_native, id=2488, stack(0x1a7f0000,0x1a840000)]
  0x16012c00 JavaThread "pool-1-thread-49" [_thread_blocked, id=8776, stack(0x18900000,0x18950000)]
  0x16016800 JavaThread "pool-1-thread-48" [_thread_blocked, id=8372, stack(0x187e0000,0x18830000)]
  0x16012800 JavaThread "pool-1-thread-47" [_thread_blocked, id=7704, stack(0x1a6d0000,0x1a720000)]
  0x16015400 JavaThread "pool-1-thread-46" [_thread_blocked, id=3460, stack(0x1a640000,0x1a690000)]
  0x16014800 JavaThread "pool-1-thread-45" [_thread_blocked, id=7648, stack(0x1a520000,0x1a570000)]
  0x16013c00 JavaThread "pool-1-thread-44" [_thread_blocked, id=6204, stack(0x1a400000,0x1a450000)]
  0x16015800 JavaThread "Thread-91" [_thread_in_native, id=3152, stack(0x1a370000,0x1a3c0000)]
  0x15d85400 JavaThread "pool-1-thread-43" [_thread_blocked, id=4544, stack(0x1a2e0000,0x1a330000)]
  0x15ffb000 JavaThread "pool-1-thread-42" [_thread_blocked, id=8912, stack(0x1a1c0000,0x1a210000)]
  0x15ff8c00 JavaThread "pool-1-thread-41" [_thread_blocked, id=2612, stack(0x1a0a0000,0x1a0f0000)]
  0x15ff9800 JavaThread "pool-1-thread-40" [_thread_blocked, id=2384, stack(0x19f80000,0x19fd0000)]
  0x15ff8400 JavaThread "Thread-83" [_thread_in_native, id=7536, stack(0x19ef0000,0x19f40000)]
  0x15ff9400 JavaThread "pool-1-thread-39" [_thread_blocked, id=6876, stack(0x19e60000,0x19eb0000)]
  0x15ffb800 JavaThread "pool-1-thread-38" [_thread_blocked, id=7340, stack(0x19d40000,0x19d90000)]
  0x15ff4800 JavaThread "pool-1-thread-37" [_thread_blocked, id=3412, stack(0x19cb0000,0x19d00000)]
  0x15ff6c00 JavaThread "pool-1-thread-36" [_thread_blocked, id=8068, stack(0x19b00000,0x19b50000)]
  0x15ff7400 JavaThread "Thread-75" [_thread_in_native, id=6280, stack(0x19a70000,0x19ac0000)]
  0x15ff6800 JavaThread "pool-1-thread-35" [_thread_blocked, id=7244, stack(0x199e0000,0x19a30000)]
  0x15ff7800 JavaThread "pool-1-thread-34" [_thread_blocked, id=5980, stack(0x18a20000,0x18a70000)]
  0x15ff5400 JavaThread "pool-1-thread-33" [_thread_blocked, id=8956, stack(0x198c0000,0x19910000)]
  0x15d81c00 JavaThread "pool-1-thread-32" [_thread_blocked, id=9204, stack(0x19710000,0x19760000)]
  0x15e38000 JavaThread "pool-1-thread-31" [_thread_blocked, id=5220, stack(0x19680000,0x196d0000)]
  0x15e3b000 JavaThread "pool-1-thread-30" [_thread_blocked, id=5284, stack(0x19560000,0x195b0000)]
  0x15e3a400 JavaThread "Thread-64" [_thread_in_native, id=3144, stack(0x194d0000,0x19520000)]
  0x15e39800 JavaThread "pool-1-thread-29" [_thread_blocked, id=6268, stack(0x193b0000,0x19400000)]
  0x15e38c00 JavaThread "pool-1-thread-28" [_thread_blocked, id=4180, stack(0x19320000,0x19370000)]
  0x15e39c00 JavaThread "Thread-61" [_thread_in_native, id=3844, stack(0x19290000,0x192e0000)]
  0x15e39000 JavaThread "pool-1-thread-27" [_thread_blocked, id=5724, stack(0x19200000,0x19250000)]
  0x15e37800 JavaThread "pool-1-thread-26" [_thread_blocked, id=7564, stack(0x190e0000,0x19130000)]
  0x15e36000 JavaThread "pool-1-thread-25" [_thread_blocked, id=3712, stack(0x19050000,0x190a0000)]
  0x15e35400 JavaThread "pool-1-thread-24" [_thread_blocked, id=5892, stack(0x18fc0000,0x19010000)]
  0x15e33800 JavaThread "pool-1-thread-23" [_thread_blocked, id=6872, stack(0x18ea0000,0x18ef0000)]
  0x15e37000 JavaThread "pool-1-thread-22" [_thread_blocked, id=8424, stack(0x18cf0000,0x18d40000)]
  0x15da0800 JavaThread "pool-1-thread-20" [_thread_blocked, id=7872, stack(0x18c60000,0x18cb0000)]
  0x15d9e800 JavaThread "pool-1-thread-21" [_thread_blocked, id=5208, stack(0x18bd0000,0x18c20000)]
  0x15d84000 JavaThread "Thread-46" [_thread_in_native, id=7456, stack(0x18b40000,0x18b90000)]
=>0x15d83c00 JavaThread "Thread-45" [_thread_in_native, id=3312, stack(0x18ab0000,0x18b00000)]
  0x15d83400 JavaThread "pool-1-thread-19" [_thread_blocked, id=8468, stack(0x17f90000,0x17fe0000)]
  0x15d85000 JavaThread "pool-1-thread-18" [_thread_blocked, id=2244, stack(0x18990000,0x189e0000)]
  0x15d7f800 JavaThread "pool-1-thread-17" [_thread_blocked, id=8348, stack(0x18870000,0x188c0000)]
  0x15d7dc00 JavaThread "pool-1-thread-16" [_thread_blocked, id=5356, stack(0x18750000,0x187a0000)]
  0x15d7fc00 JavaThread "Thread-36" [_thread_in_native, id=9104, stack(0x181d0000,0x18220000)]
  0x15d7f000 JavaThread "pool-1-thread-15" [_thread_blocked, id=6804, stack(0x180b0000,0x18100000)]
  0x15d82800 JavaThread "pool-1-thread-14" [_thread_blocked, id=6296, stack(0x185c0000,0x18610000)]
  0x15d81400 JavaThread "pool-1-thread-13" [_thread_blocked, id=4664, stack(0x18410000,0x18460000)]
  0x15d80400 JavaThread "pool-1-thread-12" [_thread_blocked, id=6732, stack(0x18380000,0x183d0000)]
  0x15d7e400 JavaThread "Thread-28" [_thread_in_native, id=5612, stack(0x18260000,0x182b0000)]
  0x15d81000 JavaThread "pool-1-thread-11" [_thread_blocked, id=9072, stack(0x17de0000,0x17e30000)]
  0x15d80800 JavaThread "pool-1-thread-10" [_thread_blocked, id=5328, stack(0x18140000,0x18190000)]
  0x15d9fc00 JavaThread "pool-1-thread-9" [_thread_blocked, id=8840, stack(0x18020000,0x18070000)]
  0x15da0c00 JavaThread "pool-1-thread-8" [_thread_blocked, id=6728, stack(0x17f00000,0x17f50000)]
  0x15d9f400 JavaThread "pool-1-thread-7" [_thread_blocked, id=5616, stack(0x17cc0000,0x17d10000)]
  0x15da1400 JavaThread "pool-1-thread-6" [_thread_blocked, id=7216, stack(0x17d50000,0x17da0000)]
  0x15da2000 JavaThread "pool-1-thread-5" [_thread_blocked, id=6108, stack(0x16aa0000,0x16af0000)]
  0x15da1c00 JavaThread "pool-1-thread-4" [_thread_blocked, id=7976, stack(0x17c30000,0x17c80000)]
  0x15da0000 JavaThread "pool-1-thread-3" [_thread_blocked, id=1092, stack(0x17ba0000,0x17bf0000)]
  0x15fe2c00 JavaThread "TimerQueue" daemon [_thread_blocked, id=8320, stack(0x17b10000,0x17b60000)]
  0x00e6c400 JavaThread "DestroyJavaVM" [_thread_blocked, id=4236, stack(0x00680000,0x006d0000)]
  0x15d24400 JavaThread "Swing-Shell" daemon [_thread_blocked, id=7404, stack(0x16b70000,0x16bc0000)]
  0x15ca5400 JavaThread "AWT-EventQueue-0" [_thread_blocked, id=9168, stack(0x15500000,0x15550000)]
  0x15c91800 JavaThread "AWT-Shutdown" [_thread_blocked, id=8092, stack(0x15300000,0x15350000)]
  0x1497d400 JavaThread "AWT-Windows" daemon [_thread_in_native, id=248, stack(0x15390000,0x153e0000)]
  0x14978400 JavaThread "Java2D Disposer" daemon [_thread_blocked, id=3912, stack(0x15270000,0x152c0000)]
  0x148b0000 JavaThread "pool-1-thread-2" [_thread_in_native, id=4160, stack(0x14d10000,0x14d60000)]
  0x148af800 JavaThread "pool-1-thread-1" [_thread_in_native, id=5736, stack(0x14c80000,0x14cd0000)]
  0x14847400 JavaThread "Service Thread" daemon [_thread_blocked, id=8356, stack(0x14b60000,0x14bb0000)]
  0x1483a400 JavaThread "C1 CompilerThread0" daemon [_thread_blocked, id=3960, stack(0x14ad0000,0x14b20000)]
  0x14839400 JavaThread "Attach Listener" daemon [_thread_blocked, id=6568, stack(0x14a40000,0x14a90000)]
  0x14837000 JavaThread "Signal Dispatcher" daemon [_thread_blocked, id=1100, stack(0x047b0000,0x04800000)]
  0x14806800 JavaThread "Finalizer" daemon [_thread_blocked, id=3288, stack(0x012d0000,0x01320000)]
  0x00baec00 JavaThread "Reference Handler" daemon [_thread_blocked, id=8868, stack(0x00dd0000,0x00e20000)]

Other Threads:
  0x00bad400 VMThread [stack: 0x00d40000,0x00d90000] [id=7480]
  0x1484cc00 WatcherThread [stack: 0x14bf0000,0x14c40000] [id=6220]

VM state:not at safepoint (normal execution)

VM Mutex/Monitor currently owned by a thread: None

Heap:
 def new generation   total 4928K, used 4098K [0x04800000, 0x04d50000, 0x09d50000)
  eden space 4416K,  87% used [0x04800000, 0x04bc2830, 0x04c50000)
  from space 512K,  48% used [0x04c50000, 0x04c8e000, 0x04cd0000)
  to   space 512K,   0% used [0x04cd0000, 0x04cd0000, 0x04d50000)
 tenured generation   total 10944K, used 7347K [0x09d50000, 0x0a800000, 0x14800000)
   the space 10944K,  67% used [0x09d50000, 0x0a47ce18, 0x0a47d000, 0x0a800000)
 Metaspace       used 10893K, capacity 11079K, committed 11264K, reserved 11648K

Card table byte_map: [0x00c70000,0x00d00000] byte_map_base: 0x00c4c000

Polling page: 0x006d0000

CodeCache: size=32768Kb used=1735Kb max_used=1735Kb free=31032Kb
 bounds [0x02770000, 0x02928000, 0x04770000]
 total_blobs=1017 nmethods=770 adapters=178
 compilation: enabled

Compilation events (10 events):
Event: 18.933 Thread 0x1483a400 nmethod 690 0x028f7588 code [0x028f7690, 0x028f77bc]
Event: 18.942 Thread 0x1483a400  691             java.io.ObjectInputStream$BlockDataInputStream::read (62 bytes)
Event: 18.943 Thread 0x1483a400 nmethod 691 0x028f7908 code [0x028f7a20, 0x028f7b78]
Event: 18.945 Thread 0x1483a400  692             java.io.ObjectInputStream$BlockDataInputStream::readByte (20 bytes)
Event: 18.946 Thread 0x1483a400 nmethod 692 0x028f7c88 code [0x028f7da0, 0x028f7e88]
Event: 18.949 Thread 0x1483a400  693             java.lang.ref.WeakReference::<init> (7 bytes)
Event: 18.950 Thread 0x1483a400 nmethod 693 0x028f7f48 code [0x028f8040, 0x028f8110]
Event: 18.951 Thread 0x1483a400  694             java.lang.AbstractStringBuilder::append (40 bytes)
Event: 18.952 Thread 0x1483a400 nmethod 694 0x028f8188 code [0x028f8290, 0x028f8408]
Event: 18.954 Thread 0x1483a400  695             java.lang.Class::copyFields (36 bytes)

GC Heap History (10 events):
Event: 3.697 GC heap before
{Heap before GC invocations=1 (full 0):
 def new generation   total 4928K, used 4928K [0x04800000, 0x04d50000, 0x09d50000)
  eden space 4416K, 100% used [0x04800000, 0x04c50000, 0x04c50000)
  from space 512K, 100% used [0x04cd0000, 0x04d50000, 0x04d50000)
  to   space 512K,   0% used [0x04c50000, 0x04c50000, 0x04cd0000)
 tenured generation   total 10944K, used 1013K [0x09d50000, 0x0a800000, 0x14800000)
   the space 10944K,   9% used [0x09d50000, 0x09e4d680, 0x09e4d800, 0x0a800000)
 Metaspace       used 9197K, capacity 9390K, committed 9600K, reserved 9600K
Event: 3.719 GC heap after
Heap after GC invocations=2 (full 0):
 def new generation   total 4928K, used 512K [0x04800000, 0x04d50000, 0x09d50000)
  eden space 4416K,   0% used [0x04800000, 0x04800000, 0x04c50000)
  from space 512K, 100% used [0x04c50000, 0x04cd0000, 0x04cd0000)
  to   space 512K,   0% used [0x04cd0000, 0x04cd0000, 0x04d50000)
 tenured generation   total 10944K, used 2495K [0x09d50000, 0x0a800000, 0x14800000)
   the space 10944K,  22% used [0x09d50000, 0x09fbfcb0, 0x09fbfe00, 0x0a800000)
 Metaspace       used 9197K, capacity 9390K, committed 9600K, reserved 9600K
}
Event: 4.689 GC heap before
{Heap before GC invocations=2 (full 0):
 def new generation   total 4928K, used 4928K [0x04800000, 0x04d50000, 0x09d50000)
  eden space 4416K, 100% used [0x04800000, 0x04c50000, 0x04c50000)
  from space 512K, 100% used [0x04c50000, 0x04cd0000, 0x04cd0000)
  to   space 512K,   0% used [0x04cd0000, 0x04cd0000, 0x04d50000)
 tenured generation   total 10944K, used 2495K [0x09d50000, 0x0a800000, 0x14800000)
   the space 10944K,  22% used [0x09d50000, 0x09fbfcb0, 0x09fbfe00, 0x0a800000)
 Metaspace       used 9789K, capacity 9998K, committed 10112K, reserved 10624K
Event: 4.699 GC heap after
Heap after GC invocations=3 (full 0):
 def new generation   total 4928K, used 495K [0x04800000, 0x04d50000, 0x09d50000)
  eden space 4416K,   0% used [0x04800000, 0x04800000, 0x04c50000)
  from space 512K,  96% used [0x04cd0000, 0x04d4bcd0, 0x04d50000)
  to   space 512K,   0% used [0x04c50000, 0x04c50000, 0x04cd0000)
 tenured generation   total 10944K, used 2938K [0x09d50000, 0x0a800000, 0x14800000)
   the space 10944K,  26% used [0x09d50000, 0x0a02ea70, 0x0a02ec00, 0x0a800000)
 Metaspace       used 9789K, capacity 9998K, committed 10112K, reserved 10624K
}
Event: 5.231 GC heap before
{Heap before GC invocations=3 (full 0):
 def new generation   total 4928K, used 4911K [0x04800000, 0x04d50000, 0x09d50000)
  eden space 4416K, 100% used [0x04800000, 0x04c50000, 0x04c50000)
  from space 512K,  96% used [0x04cd0000, 0x04d4bcd0, 0x04d50000)
  to   space 512K,   0% used [0x04c50000, 0x04c50000, 0x04cd0000)
 tenured generation   total 10944K, used 2938K [0x09d50000, 0x0a800000, 0x14800000)
   the space 10944K,  26% used [0x09d50000, 0x0a02ea70, 0x0a02ec00, 0x0a800000)
 Metaspace       used 10272K, capacity 10448K, committed 10624K, reserved 10624K
Event: 5.239 GC heap after
Heap after GC invocations=4 (full 0):
 def new generation   total 4928K, used 511K [0x04800000, 0x04d50000, 0x09d50000)
  eden space 4416K,   0% used [0x04800000, 0x04800000, 0x04c50000)
  from space 512K,  99% used [0x04c50000, 0x04ccff78, 0x04cd0000)
  to   space 512K,   0% used [0x04cd0000, 0x04cd0000, 0x04d50000)
 tenured generation   total 10944K, used 3196K [0x09d50000, 0x0a800000, 0x14800000)
   the space 10944K,  29% used [0x09d50000, 0x0a06f278, 0x0a06f400, 0x0a800000)
 Metaspace       used 10272K, capacity 10448K, committed 10624K, reserved 10624K
}
Event: 18.646 GC heap before
{Heap before GC invocations=4 (full 0):
 def new generation   total 4928K, used 4862K [0x04800000, 0x04d50000, 0x09d50000)
  eden space 4416K,  98% used [0x04800000, 0x04c3fb68, 0x04c50000)
  from space 512K,  99% used [0x04c50000, 0x04ccff78, 0x04cd0000)
  to   space 512K,   0% used [0x04cd0000, 0x04cd0000, 0x04d50000)
 tenured generation   total 10944K, used 3196K [0x09d50000, 0x0a800000, 0x14800000)
   the space 10944K,  29% used [0x09d50000, 0x0a06f278, 0x0a06f400, 0x0a800000)
 Metaspace       used 10818K, capacity 11005K, committed 11264K, reserved 11648K
Event: 18.668 GC heap after
Heap after GC invocations=5 (full 0):
 def new generation   total 4928K, used 265K [0x04800000, 0x04d50000, 0x09d50000)
  eden space 4416K,   0% used [0x04800000, 0x04800000, 0x04c50000)
  from space 512K,  51% used [0x04cd0000, 0x04d124f0, 0x04d50000)
  to   space 512K,   0% used [0x04c50000, 0x04c50000, 0x04cd0000)
 tenured generation   total 10944K, used 4816K [0x09d50000, 0x0a800000, 0x14800000)
   the space 10944K,  44% used [0x09d50000, 0x0a204270, 0x0a204400, 0x0a800000)
 Metaspace       used 10818K, capacity 11005K, committed 11264K, reserved 11648K
}
Event: 18.898 GC heap before
{Heap before GC invocations=5 (full 0):
 def new generation   total 4928K, used 4681K [0x04800000, 0x04d50000, 0x09d50000)
  eden space 4416K, 100% used [0x04800000, 0x04c50000, 0x04c50000)
  from space 512K,  51% used [0x04cd0000, 0x04d124f0, 0x04d50000)
  to   space 512K,   0% used [0x04c50000, 0x04c50000, 0x04cd0000)
 tenured generation   total 10944K, used 4816K [0x09d50000, 0x0a800000, 0x14800000)
   the space 10944K,  44% used [0x09d50000, 0x0a204270, 0x0a204400, 0x0a800000)
 Metaspace       used 10873K, capacity 11071K, committed 11264K, reserved 11648K
Event: 18.920 GC heap after
Heap after GC invocations=6 (full 0):
 def new generation   total 4928K, used 248K [0x04800000, 0x04d50000, 0x09d50000)
  eden space 4416K,   0% used [0x04800000, 0x04800000, 0x04c50000)
  from space 512K,  48% used [0x04c50000, 0x04c8e000, 0x04cd0000)
  to   space 512K,   0% used [0x04cd0000, 0x04cd0000, 0x04d50000)
 tenured generation   total 10944K, used 7347K [0x09d50000, 0x0a800000, 0x14800000)
   the space 10944K,  67% used [0x09d50000, 0x0a47ce18, 0x0a47d000, 0x0a800000)
 Metaspace       used 10873K, capacity 11071K, committed 11264K, reserved 11648K
}

Deoptimization events (0 events):
No events

Internal exceptions (10 events):
Event: 3.507 Thread 0x15d0cc00 Exception <a 'java/security/PrivilegedActionException'> (0x04ae8db0) thrown at [C:\re\workspace\8-2-build-windows-i586-cygwin\jdk8u45\3457\hotspot\src\share\vm\prims\jvm.cpp, line 1382]
Event: 4.709 Thread 0x00e6c400 Exception <a 'java/lang/NoClassDefFoundError': org/slf4j/impl/StaticLoggerBinder> (0x04807a60) thrown at [C:\re\workspace\8-2-build-windows-i586-cygwin\jdk8u45\3457\hotspot\src\share\vm\classfile\systemDictionary.cpp, line 199]
Event: 4.735 Thread 0x00e6c400 Exception <a 'java/lang/NullPointerException'> (0x04852cd0) thrown at [C:\re\workspace\8-2-build-windows-i586-cygwin\jdk8u45\3457\hotspot\src\share\vm\interpreter\linkResolver.cpp, line 1178]
Event: 4.737 Thread 0x00e6c400 Exception <a 'java/lang/UnsatisfiedLinkError': Det går inte att hitta den angivna modulen.
> (0x04853278) thrown at [C:\re\workspace\8-2-build-windows-i586-cygwin\jdk8u45\3457\hotspot\src\share\vm\prims\jni.cpp, line 735]
Event: 4.738 Thread 0x00e6c400 Exception <a 'java/lang/UnsatisfiedLinkError': Det går inte att hitta den angivna modulen.
> (0x04853538) thrown at [C:\re\workspace\8-2-build-windows-i586-cygwin\jdk8u45\3457\hotspot\src\share\vm\prims\jni.cpp, line 735]
Event: 4.739 Thread 0x00e6c400 Exception <a 'java/lang/UnsatisfiedLinkError': Det går inte att hitta den angivna modulen.
> (0x04853870) thrown at [C:\re\workspace\8-2-build-windows-i586-cygwin\jdk8u45\3457\hotspot\src\share\vm\prims\jni.cpp, line 735]
Event: 4.740 Thread 0x00e6c400 Exception <a 'java/lang/UnsatisfiedLinkError'> (0x04855fb8) thrown at [C:\re\workspace\8-2-build-windows-i586-cygwin\jdk8u45\3457\hotspot\src\share\vm\oops\instanceKlass.cpp, line 938]
Event: 4.759 Thread 0x00e6c400 Exception <a 'java/lang/NullPointerException'> (0x0488b380) thrown at [C:\re\workspace\8-2-build-windows-i586-cygwin\jdk8u45\3457\hotspot\src\share\vm\interpreter\linkResolver.cpp, line 1178]
Event: 15.609 Thread 0x15da0000 Exception <a 'java/lang/NoSuchMethodError': <clinit>> (0x04ac5860) thrown at [C:\re\workspace\8-2-build-windows-i586-cygwin\jdk8u45\3457\hotspot\src\share\vm\prims\jni.cpp, line 1598]
Event: 17.213 Thread 0x15da2000 Exception <a 'java/lang/NoSuchMethodError': <clinit>> (0x04b32a78) thrown at [C:\re\workspace\8-2-build-windows-i586-cygwin\jdk8u45\3457\hotspot\src\share\vm\prims\jni.cpp, line 1598]

Events (10 events):
Event: 18.932 loading class java/util/concurrent/Executors$RunnableAdapter done
Event: 18.933 Thread 0x1aa19400 Thread added: 0x1aa19400
Event: 18.935 Executing VM operation: RevokeBias
Event: 18.942 Executing VM operation: RevokeBias done
Event: 18.942 Thread 0x1aa16800 Thread exited: 0x1aa16800
Event: 18.943 loading class uk/co/caprica/vlcj/player/events/MediaNewEvent
Event: 18.943 loading class uk/co/caprica/vlcj/player/events/MediaNewEvent done
Event: 18.947 Executing VM operation: RevokeBias
Event: 18.949 Executing VM operation: RevokeBias done
Event: 18.951 Thread 0x1aa18800 Thread exited: 0x1aa18800


Dynamic libraries:
0x01330000 - 0x01363000 	C:\Program Files (x86)\Java\jdk1.8.0_45\bin\java.exe
0x770c0000 - 0x7722e000 	C:\WINDOWS\SYSTEM32\ntdll.dll
0x76b90000 - 0x76cd0000 	C:\WINDOWS\SYSTEM32\KERNEL32.DLL
0x74f80000 - 0x75057000 	C:\WINDOWS\SYSTEM32\KERNELBASE.dll
0x746f0000 - 0x74790000 	C:\WINDOWS\system32\apphelp.dll
0x71670000 - 0x718d5000 	C:\WINDOWS\AppPatch\AcGenral.DLL
0x76ac0000 - 0x76b83000 	C:\WINDOWS\SYSTEM32\msvcrt.dll
0x75530000 - 0x75571000 	C:\WINDOWS\SYSTEM32\sechost.dll
0x748c0000 - 0x748de000 	C:\WINDOWS\SYSTEM32\SspiCli.dll
0x769c0000 - 0x76a05000 	C:\WINDOWS\SYSTEM32\SHLWAPI.dll
0x73f10000 - 0x73ffd000 	C:\WINDOWS\SYSTEM32\UxTheme.dll
0x75230000 - 0x75383000 	C:\WINDOWS\SYSTEM32\USER32.dll
0x76cd0000 - 0x76dde000 	C:\WINDOWS\SYSTEM32\GDI32.dll
0x74100000 - 0x74123000 	C:\WINDOWS\SYSTEM32\WINMM.dll
0x72920000 - 0x72933000 	C:\WINDOWS\SYSTEM32\samcli.dll
0x75070000 - 0x75198000 	C:\WINDOWS\SYSTEM32\ole32.dll
0x74900000 - 0x74995000 	C:\WINDOWS\SYSTEM32\OLEAUT32.dll
0x72d70000 - 0x72d87000 	C:\WINDOWS\SYSTEM32\MSACM32.dll
0x72d60000 - 0x72d68000 	C:\WINDOWS\SYSTEM32\VERSION.dll
0x75580000 - 0x7682c000 	C:\WINDOWS\SYSTEM32\SHELL32.dll
0x74300000 - 0x7431b000 	C:\WINDOWS\SYSTEM32\USERENV.dll
0x73ef0000 - 0x73f0a000 	C:\WINDOWS\SYSTEM32\dwmapi.dll
0x71350000 - 0x7149b000 	C:\WINDOWS\SYSTEM32\urlmon.dll
0x751a0000 - 0x7521c000 	C:\WINDOWS\SYSTEM32\ADVAPI32.dll
0x743d0000 - 0x74435000 	C:\WINDOWS\SYSTEM32\WINSPOOL.DRV
0x74450000 - 0x74466000 	C:\WINDOWS\SYSTEM32\MPR.dll
0x76870000 - 0x7692a000 	C:\WINDOWS\SYSTEM32\RPCRT4.dll
0x748b0000 - 0x748ba000 	C:\WINDOWS\SYSTEM32\CRYPTBASE.dll
0x74bc0000 - 0x74d3d000 	C:\WINDOWS\SYSTEM32\combase.dll
0x740c0000 - 0x740e3000 	C:\WINDOWS\SYSTEM32\WINMMBASE.dll
0x740f0000 - 0x740ff000 	C:\WINDOWS\SYSTEM32\profapi.dll
0x73210000 - 0x73442000 	C:\WINDOWS\SYSTEM32\iertutil.dll
0x73490000 - 0x73665000 	C:\WINDOWS\SYSTEM32\WININET.dll
0x74850000 - 0x748a4000 	C:\WINDOWS\SYSTEM32\bcryptPrimitives.dll
0x76a70000 - 0x76aac000 	C:\WINDOWS\SYSTEM32\cfgmgr32.dll
0x74000000 - 0x74021000 	C:\WINDOWS\SYSTEM32\DEVOBJ.dll
0x74030000 - 0x740bb000 	C:\WINDOWS\SYSTEM32\SHCORE.DLL
0x76840000 - 0x76867000 	C:\WINDOWS\system32\IMM32.DLL
0x74e60000 - 0x74f72000 	C:\WINDOWS\SYSTEM32\MSCTF.dll
0x73710000 - 0x73916000 	C:\WINDOWS\WinSxS\x86_microsoft.windows.common-controls_6595b64144ccf1df_6.0.9600.17415_none_a9ed7f470139b3c1\COMCTL32.dll
0x5c160000 - 0x5c21f000 	C:\Program Files (x86)\Java\jdk1.8.0_45\jre\bin\msvcr100.dll
0x5bda0000 - 0x5c160000 	C:\Program Files (x86)\Java\jdk1.8.0_45\jre\bin\client\jvm.dll
0x6e840000 - 0x6e848000 	C:\WINDOWS\SYSTEM32\WSOCK32.dll
0x75220000 - 0x75226000 	C:\WINDOWS\SYSTEM32\PSAPI.DLL
0x74d40000 - 0x74d90000 	C:\WINDOWS\SYSTEM32\WS2_32.dll
0x75520000 - 0x75527000 	C:\WINDOWS\SYSTEM32\NSI.dll
0x69ad0000 - 0x69adc000 	C:\Program Files (x86)\Java\jdk1.8.0_45\jre\bin\verify.dll
0x69aa0000 - 0x69ac1000 	C:\Program Files (x86)\Java\jdk1.8.0_45\jre\bin\java.dll
0x693c0000 - 0x693d3000 	C:\Program Files (x86)\Java\jdk1.8.0_45\jre\bin\zip.dll
0x693a0000 - 0x693b5000 	C:\Program Files (x86)\Java\jdk1.8.0_45\jre\bin\net.dll
0x73d70000 - 0x73dbb000 	C:\WINDOWS\system32\mswsock.dll
0x5bc50000 - 0x5bd95000 	C:\Program Files (x86)\Java\jdk1.8.0_45\jre\bin\awt.dll
0x153e0000 - 0x15419000 	C:\Program Files (x86)\Samsung\Settings\CmdServer\WinCRT.dll
0x74790000 - 0x74799000 	C:\WINDOWS\SYSTEM32\kernel.appcore.dll
0x63080000 - 0x630b9000 	C:\Program Files (x86)\Java\jdk1.8.0_45\jre\bin\fontmanager.dll
0x69a90000 - 0x69a9f000 	C:\Program Files (x86)\Java\jdk1.8.0_45\jre\bin\nio.dll
0x61fa0000 - 0x61fd0000 	C:\Program Files (x86)\Java\jdk1.8.0_45\jre\bin\t2k.dll
0x73940000 - 0x73960000 	C:\WINDOWS\SYSTEM32\IPHLPAPI.DLL
0x730f0000 - 0x730f8000 	C:\WINDOWS\SYSTEM32\WINNSI.DLL
0x72730000 - 0x72743000 	C:\WINDOWS\SYSTEM32\dhcpcsvc6.DLL
0x72710000 - 0x72724000 	C:\WINDOWS\SYSTEM32\dhcpcsvc.DLL
0x76930000 - 0x769bd000 	C:\WINDOWS\SYSTEM32\clbcatq.dll
0x708c0000 - 0x70a2b000 	C:\WINDOWS\SYSTEM32\WindowsCodecs.dll
0x72670000 - 0x72689000 	C:\WINDOWS\SYSTEM32\CRYPTSP.dll
0x72640000 - 0x72670000 	C:\WINDOWS\system32\rsaenh.dll
0x72620000 - 0x7263e000 	C:\WINDOWS\SYSTEM32\bcrypt.dll
0x74320000 - 0x743a9000 	C:\WINDOWS\WinSxS\x86_microsoft.windows.common-controls_6595b64144ccf1df_5.82.9600.17415_none_7c5769eaaa0aa358\comctl32.dll
0x749a0000 - 0x74b51000 	C:\WINDOWS\SYSTEM32\SETUPAPI.dll
0x70a40000 - 0x70b7a000 	C:\WINDOWS\system32\propsys.dll
0x5bab0000 - 0x5bc4a000 	C:\WINDOWS\system32\NetworkExplorer.dll
0x6f290000 - 0x6f2b3000 	C:\Windows\SYSTEM32\thumbcache.dll
0x57770000 - 0x57779000 	C:\WINDOWS\System32\drprov.dll
0x73c40000 - 0x73c85000 	C:\WINDOWS\System32\WINSTA.dll
0x57750000 - 0x57762000 	C:\WINDOWS\System32\ntlanman.dll
0x57590000 - 0x575aa000 	C:\WINDOWS\System32\davclnt.dll
0x57580000 - 0x5758a000 	C:\WINDOWS\System32\DAVHLPR.dll
0x730a0000 - 0x730b1000 	C:\WINDOWS\System32\wkscli.dll
0x70450000 - 0x7045f000 	C:\WINDOWS\SYSTEM32\cscapi.dll
0x730e0000 - 0x730ea000 	C:\WINDOWS\System32\netutils.dll
0x57510000 - 0x5757e000 	C:\Windows\SYSTEM32\dlnashext.dll
0x5d5c0000 - 0x5d5f9000 	C:\Windows\System32\PlayToDevice.dll
0x61f10000 - 0x61f2a000 	C:\Windows\System32\DevDispItemProvider.dll
0x6f000000 - 0x6f103000 	C:\Windows\SYSTEM32\actxprxy.dll
0x5ba70000 - 0x5baa7000 	C:\WINDOWS\System32\netprofm.dll
0x69390000 - 0x69399000 	C:\WINDOWS\System32\npmproxy.dll
0x5b880000 - 0x5ba66000 	C:\WINDOWS\system32\wpdshext.dll
0x74130000 - 0x742a0000 	C:\WINDOWS\WinSxS\x86_microsoft.windows.gdiplus_6595b64144ccf1df_1.1.9600.17415_none_dad8722c5bcc2d8f\gdiplus.dll
0x5b7f0000 - 0x5b880000 	C:\Windows\SYSTEM32\PortableDeviceApi.dll
0x74e20000 - 0x74e5d000 	C:\WINDOWS\SYSTEM32\WINTRUST.dll
0x75390000 - 0x75518000 	C:\WINDOWS\SYSTEM32\CRYPT32.dll
0x76ab0000 - 0x76abe000 	C:\WINDOWS\SYSTEM32\MSASN1.dll
0x5b7b0000 - 0x5b7f0000 	C:\WINDOWS\system32\audiodev.dll
0x5b360000 - 0x5b5f1000 	C:\WINDOWS\system32\WMVCore.DLL
0x5b770000 - 0x5b7ad000 	C:\WINDOWS\system32\WMASF.DLL
0x6e850000 - 0x6e85b000 	C:\WINDOWS\SYSTEM32\LINKINFO.dll
0x72900000 - 0x72914000 	C:\WINDOWS\SYSTEM32\SAMLIB.dll
0x17940000 - 0x1797d000 	C:\Users\Alexander\AppData\Local\Temp\jna-Alexander\jna804759051194361238.dll
0x61f30000 - 0x61f59000 	C:\Users\Alexander\Documents\GitHub\sadoksync\Client\SadokSync\target\classes\VLC\libvlc.dll
0x5b0d0000 - 0x5b359000 	C:\Users\Alexander\Documents\GitHub\sadoksync\Client\SadokSync\target\classes\VLC\libvlccore.dll
0x5b040000 - 0x5b0cd000 	C:\Users\Alexander\Documents\GitHub\sadoksync\Client\SadokSync\target\classes\VLC\plugins\access\libdshow_plugin.dll
0x61f80000 - 0x61f91000 	C:\Users\Alexander\Documents\GitHub\sadoksync\Client\SadokSync\target\classes\VLC\plugins\audio_output\libdirectsound_plugin.dll
0x5b750000 - 0x5b761000 	C:\Users\Alexander\Documents\GitHub\sadoksync\Client\SadokSync\target\classes\VLC\plugins\audio_output\libwaveout_plugin.dll
0x5b730000 - 0x5b74d000 	C:\Users\Alexander\Documents\GitHub\sadoksync\Client\SadokSync\target\classes\VLC\plugins\video_output\libdirect3d_plugin.dll
0x5b020000 - 0x5b03a000 	C:\Users\Alexander\Documents\GitHub\sadoksync\Client\SadokSync\target\classes\VLC\plugins\video_output\libdirectdraw_plugin.dll
0x5af90000 - 0x5b011000 	C:\WINDOWS\SYSTEM32\DSOUND.DLL
0x72980000 - 0x729c0000 	C:\WINDOWS\SYSTEM32\POWRPROF.dll
0x72cb0000 - 0x72d03000 	C:\WINDOWS\System32\MMDevApi.dll
0x5af60000 - 0x5af84000 	C:\Program Files (x86)\Java\jdk1.8.0_45\jre\bin\dcpr.dll
0x73cf0000 - 0x73d6e000 	C:\WINDOWS\SYSTEM32\DNSAPI.dll
0x73ce0000 - 0x73ce8000 	C:\Windows\System32\rasadhlp.dll
0x73c90000 - 0x73cd6000 	C:\WINDOWS\System32\fwpuclnt.dll
0x69550000 - 0x69691000 	C:\WINDOWS\SYSTEM32\dbghelp.dll
0x63070000 - 0x63076000 	C:\Program Files (x86)\Java\jdk1.8.0_45\jre\bin\jawt.dll
0x5ae90000 - 0x5af55000 	C:\Users\Alexander\Documents\GitHub\sadoksync\Client\SadokSync\target\classes\VLC\plugins\access\liblive555_plugin.dll

VM Arguments:
java_command: com.sadoksync.sadoksync.Driver
java_class_path (initial): C:\Users\Alexander\Documents\GitHub\sadoksync\Client\SadokSync\target\classes;C:\Users\Alexander\.m2\repository\uk\co\caprica\vlcj\3.6.0\vlcj-3.6.0.jar;C:\Users\Alexander\.m2\repository\net\java\dev\jna\jna\3.5.2\jna-3.5.2.jar;C:\Users\Alexander\.m2\repository\net\java\dev\jna\platform\3.5.2\platform-3.5.2.jar;C:\Users\Alexander\.m2\repository\org\slf4j\slf4j-api\1.7.10\slf4j-api-1.7.10.jar
Launcher Type: SUN_STANDARD

Environment Variables:
JAVA_HOME=C:\Program Files (x86)\Java\jdk1.8.0_45
PATH=C:\Program Files (x86)\NVIDIA Corporation\PhysX\Common;C:\Program Files (x86)\Intel\iCLS Client\;C:\Program Files\Intel\iCLS Client\;C:\WINDOWS\system32;C:\WINDOWS;C:\WINDOWS\System32\Wbem;C:\WINDOWS\System32\WindowsPowerShell\v1.0\;C:\Program Files\Intel\WiFi\bin\;C:\Program Files\Common Files\Intel\WirelessCommon\;C:\Program Files\Intel\Intel(R) Management Engine Components\DAL;C:\Program Files\Intel\Intel(R) Management Engine Components\IPT;C:\Program Files (x86)\Intel\Intel(R) Management Engine Components\DAL;C:\Program Files (x86)\Intel\Intel(R) Management Engine Components\IPT;C:\Program Files (x86)\Intel\OpenCL SDK\2.0\bin\x86;C:\Program Files (x86)\Intel\OpenCL SDK\2.0\bin\x64;C:\Program Files (x86)\Windows Live\Shared;C:\Program Files\Condusiv Technologies\IntelliMemory\;C:\Program Files\Java\jdk1.7.0_45\bin;C:\VXIPNP\WinNT\Bin;;C:\Program Files\Samsung\AllShare Framework DMS\1.3.23\64bit\???;C:\Program Files (x86)\MiKTeX 2.9\miktex\bin\;C:\Program Files (x86)\OpenVPN\bin
USERNAME=Alexander
OS=Windows_NT
PROCESSOR_IDENTIFIER=Intel64 Family 6 Model 58 Stepping 9, GenuineIntel



---------------  S Y S T E M  ---------------

OS: Windows 8.1 , 64 bit Build 9600 (6.3.9600.17415)

CPU:total 4 (2 cores per cpu, 2 threads per core) family 6 model 58 stepping 9, cmov, cx8, fxsr, mmx, sse, sse2, sse3, ssse3, sse4.1, sse4.2, popcnt, avx, clmul, erms, ht, tsc, tscinvbit, tscinv

Memory: 4k page, physical 8001056k(544164k free), swap 11146788k(1789132k free)

vm_info: Java HotSpot(TM) Client VM (25.45-b02) for windows-x86 JRE (1.8.0_45-b14), built on Apr 10 2015 10:46:40 by "java_re" with MS VC++ 10.0 (VS2010)

time: Thu Apr 23 14:10:06 2015
elapsed time: 19 seconds (0d 0h 0m 19s)

