#
# A fatal error has been detected by the Java Runtime Environment:
#
#  EXCEPTION_ACCESS_VIOLATION (0xc0000005) at pc=0x776f9e03, pid=5968, tid=2148
#
# JRE version: Java(TM) SE Runtime Environment (8.0_45-b15) (build 1.8.0_45-b15)
# Java VM: Java HotSpot(TM) Client VM (25.45-b02 mixed mode, sharing windows-x86 )
# Problematic frame:
# C  [ntdll.dll+0x39e03]
#
# Failed to write core dump. Minidumps are not enabled by default on client versions of Windows
#
# If you would like to submit a bug report, please visit:
#   http://bugreport.java.com/bugreport/crash.jsp
# The crash happened outside the Java Virtual Machine in native code.
# See problematic frame for where to report the bug.
#

---------------  T H R E A D  ---------------

Current thread (0x05a38400):  JavaThread "AWT-EventQueue-0" [_thread_in_native, id=2148, stack(0x06ab0000,0x06b00000)]

siginfo: ExceptionCode=0xc0000005, writing address 0x00000014

Registers:
EAX=0x00000000, EBX=0xfffffffc, ECX=0x00000000, EDX=0x00000004
ESP=0x06afd7c4, EBP=0x06afd814, ESI=0x05d0c8dc, EDI=0x05d0c8e0
EIP=0x776f9e03, EFLAGS=0x00010213

Top of Stack: (sp=0x06afd7c4)
0x06afd7c4:   05d0c8dc 05d0c8e0 05d0c8d0 06afd81c
0x06afd7d4:   76e298cd 002b0000 00000000 76e298da
0x06afd7e4:   f9019eac 08251000 00000000 05d1f1ec
0x06afd7f4:   0022c17d fffffffe 0825104c 00000000
0x06afd804:   00000000 00000000 7ef88000 0000087c
0x06afd814:   06afd83c 776f9d12 00000000 00000000
0x06afd824:   05d0c8d0 0825104c 05d0c8d8 00000004
0x06afd834:   00000000 00000001 05d0c900 52e23bb0 

Instructions: (pc=0x776f9e03)
0x776f9de3:   c2 8b d8 8b c1 f0 0f b1 1f 3b c1 0f 85 ae ae ff
0x776f9df3:   ff 33 c0 89 45 0c 89 45 08 8b 06 83 f8 ff 74 03
0x776f9e03:   ff 40 14 8b 5d f4 8b 7d f0 80 3d 82 03 fe 7f 00
0x776f9e13:   0f 85 34 8c 04 00 8b 45 fc 57 6a 00 83 f8 ff 0f 


Register to memory mapping:

EAX=0x00000000 is an unknown value
EBX=0xfffffffc is an unknown value
ECX=0x00000000 is an unknown value
EDX=0x00000004 is an unknown value
ESP=0x06afd7c4 is pointing into the stack for thread: 0x05a38400
EBP=0x06afd814 is pointing into the stack for thread: 0x05a38400
ESI=0x05d0c8dc is an unknown value
EDI=0x05d0c8e0 is an unknown value


Stack: [0x06ab0000,0x06b00000],  sp=0x06afd7c4,  free space=309k
Native frames: (J=compiled Java code, j=interpreted, Vv=VM code, C=native code)
C  [ntdll.dll+0x39e03]
C  [ntdll.dll+0x39d12]
C  [libvlccore.dll+0xa3bb0]

Java frames: (J=compiled Java code, j=interpreted, Vv=VM code)
j  com.sun.jna.Native.invokeVoid(JI[Ljava/lang/Object;)V+0
j  com.sun.jna.Function.invoke([Ljava/lang/Object;Ljava/lang/Class;Z)Ljava/lang/Object;+48
J 986 C1 com.sun.jna.Function.invoke(Ljava/lang/Class;[Ljava/lang/Object;Ljava/util/Map;)Ljava/lang/Object; (526 bytes) @ 0x02446b24 [0x024466a0+0x484]
j  com.sun.jna.Library$Handler.invoke(Ljava/lang/Object;Ljava/lang/reflect/Method;[Ljava/lang/Object;)Ljava/lang/Object;+341
j  com.sun.proxy.$Proxy0.libvlc_media_player_stop(Luk/co/caprica/vlcj/binding/internal/libvlc_media_player_t;)V+16
j  uk.co.caprica.vlcj.player.DefaultMediaPlayer.stop()V+19
j  com.sadoksync.sadoksync.StreamThread.stopMedia()V+47
j  com.sadoksync.sadoksync.StreamThreadManager.stop()V+4
j  com.sadoksync.sadoksync.Client.ButtonStopActionPerformed(Ljava/awt/event/ActionEvent;)V+35
j  com.sadoksync.sadoksync.Client.access$700(Lcom/sadoksync/sadoksync/Client;Ljava/awt/event/ActionEvent;)V+2
j  com.sadoksync.sadoksync.Client$5.actionPerformed(Ljava/awt/event/ActionEvent;)V+5
j  javax.swing.AbstractButton.fireActionPerformed(Ljava/awt/event/ActionEvent;)V+83
j  javax.swing.AbstractButton$Handler.actionPerformed(Ljava/awt/event/ActionEvent;)V+5
j  javax.swing.DefaultButtonModel.fireActionPerformed(Ljava/awt/event/ActionEvent;)V+34
j  javax.swing.DefaultButtonModel.setPressed(Z)V+117
j  javax.swing.plaf.basic.BasicButtonListener.mouseReleased(Ljava/awt/event/MouseEvent;)V+35
j  java.awt.Component.processMouseEvent(Ljava/awt/event/MouseEvent;)V+64
j  javax.swing.JComponent.processMouseEvent(Ljava/awt/event/MouseEvent;)V+23
J 682 C1 java.awt.Component.processEvent(Ljava/awt/AWTEvent;)V (220 bytes) @ 0x023d0d58 [0x023d0c50+0x108]
J 948 C1 java.awt.Container.processEvent(Ljava/awt/AWTEvent;)V (22 bytes) @ 0x02438dd8 [0x02438d60+0x78]
J 630 C1 java.awt.Component.dispatchEventImpl(Ljava/awt/AWTEvent;)V (883 bytes) @ 0x023b041c [0x023af410+0x100c]
J 616 C1 java.awt.Container.dispatchEventImpl(Ljava/awt/AWTEvent;)V (129 bytes) @ 0x023ac93c [0x023ac8e0+0x5c]
J 489 C1 java.awt.LightweightDispatcher.retargetMouseEvent(Ljava/awt/Component;ILjava/awt/event/MouseEvent;)V (350 bytes) @ 0x0238736c [0x02386d30+0x63c]
J 663 C1 java.awt.LightweightDispatcher.processMouseEvent(Ljava/awt/event/MouseEvent;)Z (301 bytes) @ 0x023cbbd0 [0x023cb820+0x3b0]
J 652 C1 java.awt.LightweightDispatcher.dispatchEvent(Ljava/awt/AWTEvent;)Z (73 bytes) @ 0x023c631c [0x023c6230+0xec]
J 616 C1 java.awt.Container.dispatchEventImpl(Ljava/awt/AWTEvent;)V (129 bytes) @ 0x023ac920 [0x023ac8e0+0x40]
J 675 C1 java.awt.Window.dispatchEventImpl(Ljava/awt/AWTEvent;)V (23 bytes) @ 0x023cf388 [0x023cf280+0x108]
J 555 C1 java.awt.EventQueue.dispatchEventImpl(Ljava/awt/AWTEvent;Ljava/lang/Object;)V (149 bytes) @ 0x0239a0dc [0x02399c90+0x44c]
J 552 C1 java.awt.EventQueue$3.run()Ljava/lang/Void; (60 bytes) @ 0x0239941c [0x023993c0+0x5c]
J 551 C1 java.awt.EventQueue$3.run()Ljava/lang/Object; (5 bytes) @ 0x023991a0 [0x02399180+0x20]
v  ~StubRoutines::call_stub
J 513  java.security.AccessController.doPrivileged(Ljava/security/PrivilegedAction;Ljava/security/AccessControlContext;)Ljava/lang/Object; (0 bytes) @ 0x0238dd47 [0x0238dce0+0x67]
J 514 C1 java.security.ProtectionDomain$1.doIntersectionPrivilege(Ljava/security/PrivilegedAction;Ljava/security/AccessControlContext;Ljava/security/AccessControlContext;)Ljava/lang/Object; (32 bytes) @ 0x0238e054 [0x0238dfb0+0xa4]
J 637 C1 java.awt.EventQueue$4.run()Ljava/lang/Object; (5 bytes) @ 0x023c13ac [0x023c12f0+0xbc]
v  ~StubRoutines::call_stub
J 513  java.security.AccessController.doPrivileged(Ljava/security/PrivilegedAction;Ljava/security/AccessControlContext;)Ljava/lang/Object; (0 bytes) @ 0x0238dd47 [0x0238dce0+0x67]
J 547 C1 java.awt.EventQueue.dispatchEvent(Ljava/awt/AWTEvent;)V (80 bytes) @ 0x023980b4 [0x02397e00+0x2b4]
J 501 C1 java.awt.EventDispatchThread.pumpOneEventForFilters(I)V (295 bytes) @ 0x0238a254 [0x02389bc0+0x694]
j  java.awt.EventDispatchThread.pumpEventsForFilter(ILjava/awt/Conditional;Ljava/awt/EventFilter;)V+35
j  java.awt.EventDispatchThread.pumpEventsForHierarchy(ILjava/awt/Conditional;Ljava/awt/Component;)V+11
j  java.awt.EventDispatchThread.pumpEvents(ILjava/awt/Conditional;)V+4
j  java.awt.EventDispatchThread.pumpEvents(Ljava/awt/Conditional;)V+3
j  java.awt.EventDispatchThread.run()V+9
v  ~StubRoutines::call_stub

---------------  P R O C E S S  ---------------

Java Threads: ( => current thread )
  0x08013000 JavaThread "pool-7-thread-1" [_thread_blocked, id=2836, stack(0x06a50000,0x06aa0000)]
  0x08013800 JavaThread "pool-6-thread-1" [_thread_blocked, id=3776, stack(0x06540000,0x06590000)]
  0x08012c00 JavaThread "pool-1-thread-9" [_thread_blocked, id=2840, stack(0x086c0000,0x08710000)]
  0x08012000 JavaThread "pool-1-thread-8" [_thread_blocked, id=1408, stack(0x08a10000,0x08a60000)]
  0x08011800 JavaThread "pool-1-thread-7" [_thread_blocked, id=388, stack(0x08a70000,0x08ac0000)]
  0x08011000 JavaThread "pool-1-thread-6" [_thread_blocked, id=4820, stack(0x08880000,0x088d0000)]
  0x08010c00 JavaThread "pool-1-thread-5" [_thread_blocked, id=5224, stack(0x06e20000,0x06e70000)]
  0x08010400 JavaThread "pool-1-thread-4" [_thread_blocked, id=3136, stack(0x087e0000,0x08830000)]
  0x08010000 JavaThread "pool-1-thread-3" [_thread_blocked, id=6064, stack(0x06c10000,0x06c60000)]
  0x0800f400 JavaThread "TimerQueue" daemon [_thread_blocked, id=3528, stack(0x071d0000,0x07220000)]
  0x0800ec00 JavaThread "DestroyJavaVM" [_thread_blocked, id=4208, stack(0x01f20000,0x01f70000)]
  0x05aa4800 JavaThread "Swing-Shell" daemon [_thread_blocked, id=5332, stack(0x07010000,0x07060000)]
=>0x05a38400 JavaThread "AWT-EventQueue-0" [_thread_in_native, id=2148, stack(0x06ab0000,0x06b00000)]
  0x0599cc00 JavaThread "AWT-Windows" daemon [_thread_in_native, id=5440, stack(0x06170000,0x061c0000)]
  0x0599c400 JavaThread "AWT-Shutdown" [_thread_blocked, id=760, stack(0x04420000,0x04470000)]
  0x05999c00 JavaThread "Java2D Disposer" daemon [_thread_blocked, id=2004, stack(0x01ed0000,0x01f20000)]
  0x05947400 JavaThread "pool-1-thread-2" [_thread_in_native, id=6108, stack(0x05df0000,0x05e40000)]
  0x05945000 JavaThread "pool-1-thread-1" [_thread_in_native, id=3408, stack(0x05680000,0x056d0000)]
  0x0090d400 JavaThread "Service Thread" daemon [_thread_blocked, id=6012, stack(0x058b0000,0x05900000)]
  0x00886c00 JavaThread "C1 CompilerThread0" daemon [_thread_blocked, id=868, stack(0x04480000,0x044d0000)]
  0x00886000 JavaThread "Attach Listener" daemon [_thread_blocked, id=3980, stack(0x056e0000,0x05730000)]
  0x00883000 JavaThread "Signal Dispatcher" daemon [_thread_blocked, id=4160, stack(0x050d0000,0x05120000)]
  0x0086dc00 JavaThread "Finalizer" daemon [_thread_blocked, id=5504, stack(0x04f60000,0x04fb0000)]
  0x0086c400 JavaThread "Reference Handler" daemon [_thread_blocked, id=1448, stack(0x043d0000,0x04420000)]

Other Threads:
  0x0086a800 VMThread [stack: 0x04320000,0x04370000] [id=1912]
  0x05910800 WatcherThread [stack: 0x05800000,0x05850000] [id=3540]

VM state:not at safepoint (normal execution)

VM Mutex/Monitor currently owned by a thread: None

Heap:
 def new generation   total 4928K, used 3824K [0x0f200000, 0x0f750000, 0x14750000)
  eden space 4416K,  83% used [0x0f200000, 0x0f59c528, 0x0f650000)
  from space 512K,  24% used [0x0f6d0000, 0x0f6efe88, 0x0f750000)
  to   space 512K,   0% used [0x0f650000, 0x0f650000, 0x0f6d0000)
 tenured generation   total 10944K, used 9943K [0x14750000, 0x15200000, 0x1f200000)
   the space 10944K,  90% used [0x14750000, 0x15105de8, 0x15105e00, 0x15200000)
 Metaspace       used 3828K, capacity 4069K, committed 4160K, reserved 4480K

Card table byte_map: [0x01e40000,0x01ed0000] byte_map_base: 0x01dc7000

Polling page: 0x00250000

CodeCache: size=32768Kb used=2291Kb max_used=2291Kb free=30476Kb
 bounds [0x02240000, 0x02480000, 0x04240000]
 total_blobs=1314 nmethods=1061 adapters=183
 compilation: enabled

Compilation events (10 events):
Event: 55.933 Thread 0x00886c00 1067   !         java.util.concurrent.LinkedBlockingQueue::take (93 bytes)
Event: 55.934 Thread 0x00886c00 nmethod 1067 0x0247ae08 code [0x0247afe0, 0x0247b4a8]
Event: 56.374 Thread 0x00886c00 1068             sun.reflect.UnsafeLongFieldAccessorImpl::get (13 bytes)
Event: 56.374 Thread 0x00886c00 nmethod 1068 0x0247be88 code [0x0247bfc0, 0x0247c200]
Event: 56.375 Thread 0x00886c00 1069             sun.reflect.UnsafeLongFieldAccessorImpl::getLong (17 bytes)
Event: 56.375 Thread 0x00886c00 nmethod 1069 0x0247c548 code [0x0247c680, 0x0247c850]
Event: 57.837 Thread 0x00886c00 1070             com.sun.jna.Pointer::hashCode (18 bytes)
Event: 57.837 Thread 0x00886c00 nmethod 1070 0x0247cac8 code [0x0247cbc0, 0x0247cc70]
Event: 58.443 Thread 0x00886c00 1071   !         javax.swing.TimerQueue::addTimer (82 bytes)
Event: 58.444 Thread 0x00886c00 nmethod 1071 0x0247ccc8 code [0x0247ce00, 0x0247cf60]

GC Heap History (10 events):
Event: 51.377 GC heap before
{Heap before GC invocations=12 (full 0):
 def new generation   total 4928K, used 4554K [0x0f200000, 0x0f750000, 0x14750000)
  eden space 4416K, 100% used [0x0f200000, 0x0f650000, 0x0f650000)
  from space 512K,  26% used [0x0f650000, 0x0f672840, 0x0f6d0000)
  to   space 512K,   0% used [0x0f6d0000, 0x0f6d0000, 0x0f750000)
 tenured generation   total 10944K, used 9943K [0x14750000, 0x15200000, 0x1f200000)
   the space 10944K,  90% used [0x14750000, 0x15105de8, 0x15105e00, 0x15200000)
 Metaspace       used 3825K, capacity 4069K, committed 4160K, reserved 4480K
Event: 51.379 GC heap after
Heap after GC invocations=13 (full 0):
 def new generation   total 4928K, used 112K [0x0f200000, 0x0f750000, 0x14750000)
  eden space 4416K,   0% used [0x0f200000, 0x0f200000, 0x0f650000)
  from space 512K,  22% used [0x0f6d0000, 0x0f6ec388, 0x0f750000)
  to   space 512K,   0% used [0x0f650000, 0x0f650000, 0x0f6d0000)
 tenured generation   total 10944K, used 9943K [0x14750000, 0x15200000, 0x1f200000)
   the space 10944K,  90% used [0x14750000, 0x15105de8, 0x15105e00, 0x15200000)
 Metaspace       used 3825K, capacity 4069K, committed 4160K, reserved 4480K
}
Event: 51.929 GC heap before
{Heap before GC invocations=13 (full 0):
 def new generation   total 4928K, used 4528K [0x0f200000, 0x0f750000, 0x14750000)
  eden space 4416K, 100% used [0x0f200000, 0x0f650000, 0x0f650000)
  from space 512K,  22% used [0x0f6d0000, 0x0f6ec388, 0x0f750000)
  to   space 512K,   0% used [0x0f650000, 0x0f650000, 0x0f6d0000)
 tenured generation   total 10944K, used 9943K [0x14750000, 0x15200000, 0x1f200000)
   the space 10944K,  90% used [0x14750000, 0x15105de8, 0x15105e00, 0x15200000)
 Metaspace       used 3826K, capacity 4069K, committed 4160K, reserved 4480K
Event: 51.931 GC heap after
Heap after GC invocations=14 (full 0):
 def new generation   total 4928K, used 143K [0x0f200000, 0x0f750000, 0x14750000)
  eden space 4416K,   0% used [0x0f200000, 0x0f200000, 0x0f650000)
  from space 512K,  28% used [0x0f650000, 0x0f673ed0, 0x0f6d0000)
  to   space 512K,   0% used [0x0f6d0000, 0x0f6d0000, 0x0f750000)
 tenured generation   total 10944K, used 9943K [0x14750000, 0x15200000, 0x1f200000)
   the space 10944K,  90% used [0x14750000, 0x15105de8, 0x15105e00, 0x15200000)
 Metaspace       used 3826K, capacity 4069K, committed 4160K, reserved 4480K
}
Event: 54.005 GC heap before
{Heap before GC invocations=14 (full 0):
 def new generation   total 4928K, used 4559K [0x0f200000, 0x0f750000, 0x14750000)
  eden space 4416K, 100% used [0x0f200000, 0x0f650000, 0x0f650000)
  from space 512K,  28% used [0x0f650000, 0x0f673ed0, 0x0f6d0000)
  to   space 512K,   0% used [0x0f6d0000, 0x0f6d0000, 0x0f750000)
 tenured generation   total 10944K, used 9943K [0x14750000, 0x15200000, 0x1f200000)
   the space 10944K,  90% used [0x14750000, 0x15105de8, 0x15105e00, 0x15200000)
 Metaspace       used 3826K, capacity 4069K, committed 4160K, reserved 4480K
Event: 54.007 GC heap after
Heap after GC invocations=15 (full 0):
 def new generation   total 4928K, used 141K [0x0f200000, 0x0f750000, 0x14750000)
  eden space 4416K,   0% used [0x0f200000, 0x0f200000, 0x0f650000)
  from space 512K,  27% used [0x0f6d0000, 0x0f6f3690, 0x0f750000)
  to   space 512K,   0% used [0x0f650000, 0x0f650000, 0x0f6d0000)
 tenured generation   total 10944K, used 9943K [0x14750000, 0x15200000, 0x1f200000)
   the space 10944K,  90% used [0x14750000, 0x15105de8, 0x15105e00, 0x15200000)
 Metaspace       used 3826K, capacity 4069K, committed 4160K, reserved 4480K
}
Event: 55.956 GC heap before
{Heap before GC invocations=15 (full 0):
 def new generation   total 4928K, used 4557K [0x0f200000, 0x0f750000, 0x14750000)
  eden space 4416K, 100% used [0x0f200000, 0x0f650000, 0x0f650000)
  from space 512K,  27% used [0x0f6d0000, 0x0f6f3690, 0x0f750000)
  to   space 512K,   0% used [0x0f650000, 0x0f650000, 0x0f6d0000)
 tenured generation   total 10944K, used 9943K [0x14750000, 0x15200000, 0x1f200000)
   the space 10944K,  90% used [0x14750000, 0x15105de8, 0x15105e00, 0x15200000)
 Metaspace       used 3826K, capacity 4069K, committed 4160K, reserved 4480K
Event: 55.958 GC heap after
Heap after GC invocations=16 (full 0):
 def new generation   total 4928K, used 142K [0x0f200000, 0x0f750000, 0x14750000)
  eden space 4416K,   0% used [0x0f200000, 0x0f200000, 0x0f650000)
  from space 512K,  27% used [0x0f650000, 0x0f673a58, 0x0f6d0000)
  to   space 512K,   0% used [0x0f6d0000, 0x0f6d0000, 0x0f750000)
 tenured generation   total 10944K, used 9943K [0x14750000, 0x15200000, 0x1f200000)
   the space 10944K,  90% used [0x14750000, 0x15105de8, 0x15105e00, 0x15200000)
 Metaspace       used 3826K, capacity 4069K, committed 4160K, reserved 4480K
}
Event: 56.815 GC heap before
{Heap before GC invocations=16 (full 0):
 def new generation   total 4928K, used 4558K [0x0f200000, 0x0f750000, 0x14750000)
  eden space 4416K, 100% used [0x0f200000, 0x0f650000, 0x0f650000)
  from space 512K,  27% used [0x0f650000, 0x0f673a58, 0x0f6d0000)
  to   space 512K,   0% used [0x0f6d0000, 0x0f6d0000, 0x0f750000)
 tenured generation   total 10944K, used 9943K [0x14750000, 0x15200000, 0x1f200000)
   the space 10944K,  90% used [0x14750000, 0x15105de8, 0x15105e00, 0x15200000)
 Metaspace       used 3826K, capacity 4069K, committed 4160K, reserved 4480K
Event: 56.816 GC heap after
Heap after GC invocations=17 (full 0):
 def new generation   total 4928K, used 127K [0x0f200000, 0x0f750000, 0x14750000)
  eden space 4416K,   0% used [0x0f200000, 0x0f200000, 0x0f650000)
  from space 512K,  24% used [0x0f6d0000, 0x0f6efe88, 0x0f750000)
  to   space 512K,   0% used [0x0f650000, 0x0f650000, 0x0f6d0000)
 tenured generation   total 10944K, used 9943K [0x14750000, 0x15200000, 0x1f200000)
   the space 10944K,  90% used [0x14750000, 0x15105de8, 0x15105e00, 0x15200000)
 Metaspace       used 3826K, capacity 4069K, committed 4160K, reserved 4480K
}

Deoptimization events (0 events):
No events

Internal exceptions (10 events):
Event: 0.467 Thread 0x05aaf800 Exception <a 'java/security/PrivilegedActionException'> (0x0f4a6898) thrown at [C:\re\workspace\8-2-build-windows-i586-cygwin\jdk8u45\3627\hotspot\src\share\vm\prims\jvm.cpp, line 1382]
Event: 0.630 Thread 0x007cc400 Exception <a 'java/lang/NoClassDefFoundError': org/slf4j/impl/StaticLoggerBinder> (0x0f49a400) thrown at [C:\re\workspace\8-2-build-windows-i586-cygwin\jdk8u45\3627\hotspot\src\share\vm\classfile\systemDictionary.cpp, line 199]
Event: 0.635 Thread 0x007cc400 Exception <a 'java/lang/NullPointerException'> (0x0f4da4c0) thrown at [C:\re\workspace\8-2-build-windows-i586-cygwin\jdk8u45\3627\hotspot\src\share\vm\interpreter\linkResolver.cpp, line 1178]
Event: 0.636 Thread 0x007cc400 Exception <a 'java/lang/UnsatisfiedLinkError': The specified module could not be found.
> (0x0f4daa60) thrown at [C:\re\workspace\8-2-build-windows-i586-cygwin\jdk8u45\3627\hotspot\src\share\vm\prims\jni.cpp, line 735]
Event: 0.636 Thread 0x007cc400 Exception <a 'java/lang/UnsatisfiedLinkError': The specified module could not be found.
> (0x0f4dad18) thrown at [C:\re\workspace\8-2-build-windows-i586-cygwin\jdk8u45\3627\hotspot\src\share\vm\prims\jni.cpp, line 735]
Event: 0.636 Thread 0x007cc400 Exception <a 'java/lang/UnsatisfiedLinkError': The specified module could not be found.
> (0x0f4db048) thrown at [C:\re\workspace\8-2-build-windows-i586-cygwin\jdk8u45\3627\hotspot\src\share\vm\prims\jni.cpp, line 735]
Event: 0.636 Thread 0x007cc400 Exception <a 'java/lang/UnsatisfiedLinkError'> (0x0f4dd898) thrown at [C:\re\workspace\8-2-build-windows-i586-cygwin\jdk8u45\3627\hotspot\src\share\vm\oops\instanceKlass.cpp, line 938]
Event: 0.639 Thread 0x007cc400 Exception <a 'java/lang/NullPointerException'> (0x0f50e528) thrown at [C:\re\workspace\8-2-build-windows-i586-cygwin\jdk8u45\3627\hotspot\src\share\vm\interpreter\linkResolver.cpp, line 1178]
Event: 8.081 Thread 0x08010000 Exception <a 'java/lang/NoSuchMethodError': <clinit>> (0x0f644498) thrown at [C:\re\workspace\8-2-build-windows-i586-cygwin\jdk8u45\3627\hotspot\src\share\vm\prims\jni.cpp, line 1598]
Event: 9.374 Thread 0x08010c00 Exception <a 'java/lang/NoSuchMethodError': <clinit>> (0x0f2e6550) thrown at [C:\re\workspace\8-2-build-windows-i586-cygwin\jdk8u45\3627\hotspot\src\share\vm\prims\jni.cpp, line 1598]

Events (10 events):
Event: 59.040 loading class java/awt/KeyboardFocusManager$4
Event: 59.040 loading class java/awt/KeyboardFocusManager$4 done
Event: 59.061 Thread 0x0800f800 Thread added: 0x0800f800
Event: 59.061 Thread 0x0800f800 Thread exited: 0x0800f800
Event: 59.061 Thread 0x0800f800 Thread added: 0x0800f800
Event: 59.061 Thread 0x0800f800 Thread exited: 0x0800f800
Event: 59.149 loading class uk/co/caprica/vlcj/player/events/MediaPlayerStoppedEvent
Event: 59.149 loading class uk/co/caprica/vlcj/player/events/MediaPlayerStoppedEvent done
Event: 59.158 Executing VM operation: RevokeBias
Event: 59.158 Executing VM operation: RevokeBias done


Dynamic libraries:
0x00a00000 - 0x00a33000 	C:\Program Files (x86)\Java\jdk1.8.0_45\bin\java.exe
0x776c0000 - 0x77840000 	C:\Windows\SysWOW64\ntdll.dll
0x758a0000 - 0x759b0000 	C:\Windows\syswow64\kernel32.dll
0x76c70000 - 0x76cb7000 	C:\Windows\syswow64\KERNELBASE.dll
0x75320000 - 0x753c0000 	C:\Windows\syswow64\ADVAPI32.dll
0x76e20000 - 0x76ecc000 	C:\Windows\syswow64\msvcrt.dll
0x76c50000 - 0x76c69000 	C:\Windows\SysWOW64\sechost.dll
0x759b0000 - 0x75aa0000 	C:\Windows\syswow64\RPCRT4.dll
0x751d0000 - 0x75230000 	C:\Windows\syswow64\SspiCli.dll
0x751c0000 - 0x751cc000 	C:\Windows\syswow64\CRYPTBASE.dll
0x76ed0000 - 0x76fd0000 	C:\Windows\syswow64\USER32.dll
0x76bc0000 - 0x76c50000 	C:\Windows\syswow64\GDI32.dll
0x77690000 - 0x7769a000 	C:\Windows\syswow64\LPK.dll
0x75430000 - 0x754cd000 	C:\Windows\syswow64\USP10.dll
0x73ea0000 - 0x7403e000 	C:\Windows\WinSxS\x86_microsoft.windows.common-controls_6595b64144ccf1df_6.0.7601.17514_none_41e6975e2bd6f2b2\COMCTL32.dll
0x76dc0000 - 0x76e17000 	C:\Windows\syswow64\SHLWAPI.dll
0x753d0000 - 0x75430000 	C:\Windows\system32\IMM32.DLL
0x76cf0000 - 0x76dbc000 	C:\Windows\syswow64\MSCTF.dll
0x74d50000 - 0x74d7b000 	C:\Windows\SysWOW64\nvinit.dll
0x74ff0000 - 0x74ff9000 	C:\Windows\system32\VERSION.dll
0x0f000000 - 0x0f006000 	C:\Program Files (x86)\NVIDIA Corporation\CoProcManager\detoured.dll
0x72740000 - 0x72769000 	C:\Program Files (x86)\NVIDIA Corporation\CoProcManager\nvd3d9wrap.dll
0x76860000 - 0x769fd000 	C:\Windows\syswow64\SETUPAPI.dll
0x76cc0000 - 0x76ce7000 	C:\Windows\syswow64\CFGMGR32.dll
0x76b30000 - 0x76bbf000 	C:\Windows\syswow64\OLEAUT32.dll
0x75680000 - 0x757dc000 	C:\Windows\syswow64\ole32.dll
0x75880000 - 0x75892000 	C:\Windows\syswow64\DEVOBJ.dll
0x72720000 - 0x7273e000 	C:\Program Files (x86)\NVIDIA Corporation\CoProcManager\nvdxgiwrap.dll
0x735b0000 - 0x7366f000 	C:\Program Files (x86)\Java\jdk1.8.0_45\jre\bin\msvcr100.dll
0x72ef0000 - 0x732b0000 	C:\Program Files (x86)\Java\jdk1.8.0_45\jre\bin\client\jvm.dll
0x74070000 - 0x74077000 	C:\Windows\system32\WSOCK32.dll
0x752e0000 - 0x75315000 	C:\Windows\syswow64\WS2_32.dll
0x753c0000 - 0x753c6000 	C:\Windows\syswow64\NSI.dll
0x73c90000 - 0x73cc2000 	C:\Windows\system32\WINMM.dll
0x755d0000 - 0x755d5000 	C:\Windows\syswow64\PSAPI.DLL
0x74080000 - 0x7408c000 	C:\Program Files (x86)\Java\jdk1.8.0_45\jre\bin\verify.dll
0x73580000 - 0x735a1000 	C:\Program Files (x86)\Java\jdk1.8.0_45\jre\bin\java.dll
0x73970000 - 0x73983000 	C:\Program Files (x86)\Java\jdk1.8.0_45\jre\bin\zip.dll
0x75be0000 - 0x7682b000 	C:\Windows\syswow64\SHELL32.dll
0x74ed0000 - 0x74edb000 	C:\Windows\system32\profapi.dll
0x73560000 - 0x73575000 	C:\Program Files (x86)\Java\jdk1.8.0_45\jre\bin\net.dll
0x73b50000 - 0x73b8c000 	C:\Windows\system32\mswsock.dll
0x741d0000 - 0x741d6000 	C:\Windows\System32\wship6.dll
0x733e0000 - 0x73525000 	C:\Program Files (x86)\Java\jdk1.8.0_45\jre\bin\awt.dll
0x73b90000 - 0x73ba3000 	C:\Windows\system32\DWMAPI.DLL
0x73bb0000 - 0x73c30000 	C:\Windows\system32\uxtheme.dll
0x733a0000 - 0x733d9000 	C:\Program Files (x86)\Java\jdk1.8.0_45\jre\bin\fontmanager.dll
0x74050000 - 0x7405f000 	C:\Program Files (x86)\Java\jdk1.8.0_45\jre\bin\nio.dll
0x73370000 - 0x733a0000 	C:\Program Files (x86)\Java\jdk1.8.0_45\jre\bin\t2k.dll
0x74fd0000 - 0x74fec000 	C:\Windows\system32\IPHLPAPI.DLL
0x74fc0000 - 0x74fc7000 	C:\Windows\system32\WINNSI.DLL
0x73530000 - 0x7353d000 	C:\Windows\system32\dhcpcsvc6.DLL
0x73540000 - 0x73552000 	C:\Windows\system32\dhcpcsvc.DLL
0x755e0000 - 0x75663000 	C:\Windows\syswow64\CLBCatQ.DLL
0x71980000 - 0x71ab1000 	C:\Windows\system32\WindowsCodecs.dll
0x726d0000 - 0x7271c000 	C:\Windows\system32\apphelp.dll
0x71900000 - 0x71931000 	C:\Windows\system32\EhStorShell.dll
0x71d00000 - 0x71df5000 	C:\Windows\system32\PROPSYS.dll
0x71820000 - 0x71890000 	C:\Windows\system32\ntshrui.dll
0x72130000 - 0x72149000 	C:\Windows\system32\srvcli.dll
0x72120000 - 0x7212b000 	C:\Windows\system32\cscapi.dll
0x71970000 - 0x7197a000 	C:\Windows\system32\slc.dll
0x72190000 - 0x72214000 	C:\Windows\WinSxS\x86_microsoft.windows.common-controls_6595b64144ccf1df_5.82.7601.18201_none_ec80f00e8593ece5\comctl32.dll
0x727a0000 - 0x727c1000 	C:\Windows\system32\ntmarta.dll
0x75230000 - 0x75275000 	C:\Windows\syswow64\WLDAP32.dll
0x53700000 - 0x53898000 	C:\Windows\system32\NetworkExplorer.dll
0x5cd80000 - 0x5cdaf000 	C:\Windows\System32\shdocvw.dll
0x741f0000 - 0x74202000 	C:\Windows\system32\MPR.dll
0x53a30000 - 0x53a38000 	C:\Windows\System32\drprov.dll
0x72160000 - 0x72189000 	C:\Windows\System32\WINSTA.dll
0x53a10000 - 0x53a24000 	C:\Windows\System32\ntlanman.dll
0x539f0000 - 0x53a07000 	C:\Windows\System32\davclnt.dll
0x539e0000 - 0x539e8000 	C:\Windows\System32\DAVHLPR.dll
0x6f740000 - 0x6f74f000 	C:\Windows\system32\wkscli.dll
0x705d0000 - 0x705d9000 	C:\Windows\system32\netutils.dll
0x53280000 - 0x534b8000 	C:\Windows\system32\wpdshext.dll
0x73cd0000 - 0x73e60000 	C:\Windows\WinSxS\x86_microsoft.windows.gdiplus_6595b64144ccf1df_1.1.7601.18455_none_72d576ad8665e853\gdiplus.dll
0x53950000 - 0x539d9000 	C:\Windows\system32\PortableDeviceApi.dll
0x76830000 - 0x7685f000 	C:\Windows\syswow64\WINTRUST.dll
0x76a00000 - 0x76b21000 	C:\Windows\syswow64\CRYPT32.dll
0x75870000 - 0x7587c000 	C:\Windows\syswow64\MSASN1.dll
0x538d0000 - 0x5390f000 	C:\Windows\system32\audiodev.dll
0x53010000 - 0x53277000 	C:\Windows\system32\WMVCore.DLL
0x53910000 - 0x5394d000 	C:\Windows\system32\WMASF.DLL
0x538a0000 - 0x538c2000 	C:\Windows\system32\EhStorAPI.dll
0x705e0000 - 0x705e9000 	C:\Windows\system32\LINKINFO.dll
0x68030000 - 0x68038000 	C:\Windows\system32\Secur32.dll
0x64e20000 - 0x64e2f000 	C:\Windows\system32\samcli.dll
0x64ae0000 - 0x64af2000 	C:\Windows\system32\SAMLIB.dll
0x720e0000 - 0x720f7000 	C:\Windows\system32\CRYPTSP.dll
0x720a0000 - 0x720db000 	C:\Windows\system32\rsaenh.dll
0x74ee0000 - 0x74ef7000 	C:\Windows\system32\USERENV.dll
0x06070000 - 0x060ad000 	C:\Users\Skogsfaktor\AppData\Local\Temp\jna-Skogsfaktor\jna5549776310643892539.dll
0x536d0000 - 0x536f9000 	C:\Users\Skogsfaktor\Documents\GitHub\sadoksync\Client\SadokSync\target\classes\VLC\libvlc.dll
0x52d80000 - 0x53009000 	C:\Users\Skogsfaktor\Documents\GitHub\sadoksync\Client\SadokSync\target\classes\VLC\libvlccore.dll
0x53640000 - 0x536cd000 	C:\Users\Skogsfaktor\Documents\GitHub\sadoksync\Client\SadokSync\target\classes\VLC\plugins\access\libdshow_plugin.dll
0x53620000 - 0x53631000 	C:\Users\Skogsfaktor\Documents\GitHub\sadoksync\Client\SadokSync\target\classes\VLC\plugins\audio_output\libdirectsound_plugin.dll
0x53600000 - 0x53611000 	C:\Users\Skogsfaktor\Documents\GitHub\sadoksync\Client\SadokSync\target\classes\VLC\plugins\audio_output\libwaveout_plugin.dll
0x535e0000 - 0x535fd000 	C:\Users\Skogsfaktor\Documents\GitHub\sadoksync\Client\SadokSync\target\classes\VLC\plugins\video_output\libdirect3d_plugin.dll
0x535c0000 - 0x535da000 	C:\Users\Skogsfaktor\Documents\GitHub\sadoksync\Client\SadokSync\target\classes\VLC\plugins\video_output\libdirectdraw_plugin.dll
0x54500000 - 0x54572000 	C:\Windows\system32\DSOUND.DLL
0x71940000 - 0x71965000 	C:\Windows\system32\POWRPROF.dll
0x72a00000 - 0x72a39000 	C:\Windows\System32\MMDevApi.dll
0x73330000 - 0x73354000 	C:\Program Files (x86)\Java\jdk1.8.0_45\jre\bin\dcpr.dll
0x73b40000 - 0x73b45000 	C:\Windows\System32\wshtcpip.dll
0x71e10000 - 0x71e54000 	C:\Windows\system32\DNSAPI.dll
0x708c0000 - 0x708c6000 	C:\Windows\system32\rasadhlp.dll
0x708d0000 - 0x70908000 	C:\Windows\System32\fwpuclnt.dll
0x70800000 - 0x7080e000 	C:\Windows\system32\RpcRtRemote.dll
0x53560000 - 0x535b8000 	C:\Users\Skogsfaktor\Documents\GitHub\sadoksync\Client\SadokSync\target\classes\VLC\plugins\lua\liblua_plugin.dll
0x53540000 - 0x5355d000 	C:\Users\Skogsfaktor\Documents\GitHub\sadoksync\Client\SadokSync\target\classes\VLC\plugins\access\libvdr_plugin.dll
0x53520000 - 0x53535000 	C:\Users\Skogsfaktor\Documents\GitHub\sadoksync\Client\SadokSync\target\classes\VLC\plugins\access\libfilesystem_plugin.dll
0x53500000 - 0x53518000 	C:\Users\Skogsfaktor\Documents\GitHub\sadoksync\Client\SadokSync\target\classes\VLC\plugins\stream_filter\libsmooth_plugin.dll
0x52ce0000 - 0x52d79000 	C:\Users\Skogsfaktor\Documents\GitHub\sadoksync\Client\SadokSync\target\classes\VLC\plugins\stream_filter\libhttplive_plugin.dll
0x52c10000 - 0x52cd3000 	C:\Users\Skogsfaktor\Documents\GitHub\sadoksync\Client\SadokSync\target\classes\VLC\plugins\stream_filter\libdash_plugin.dll
0x534d0000 - 0x534f7000 	C:\Users\Skogsfaktor\Documents\GitHub\sadoksync\Client\SadokSync\target\classes\VLC\plugins\access\libzip_plugin.dll
0x52bf0000 - 0x52c04000 	C:\Users\Skogsfaktor\Documents\GitHub\sadoksync\Client\SadokSync\target\classes\VLC\plugins\access\librar_plugin.dll
0x52bd0000 - 0x52be2000 	C:\Users\Skogsfaktor\Documents\GitHub\sadoksync\Client\SadokSync\target\classes\VLC\plugins\meta_engine\libfolder_plugin.dll
0x534c0000 - 0x534cd000 	C:\Users\Skogsfaktor\Documents\GitHub\sadoksync\Client\SadokSync\target\classes\VLC\plugins\stream_filter\librecord_plugin.dll
0x52b80000 - 0x52bc2000 	C:\Users\Skogsfaktor\Documents\GitHub\sadoksync\Client\SadokSync\target\classes\VLC\plugins\demux\libmp4_plugin.dll
0x52b50000 - 0x52b71000 	C:\Users\Skogsfaktor\Documents\GitHub\sadoksync\Client\SadokSync\target\classes\VLC\plugins\demux\libavi_plugin.dll
0x529c0000 - 0x52b45000 	C:\Users\Skogsfaktor\Documents\GitHub\sadoksync\Client\SadokSync\target\classes\VLC\plugins\meta_engine\libtaglib_plugin.dll
0x52910000 - 0x529b3000 	C:\Users\Skogsfaktor\Documents\GitHub\sadoksync\Client\SadokSync\target\classes\VLC\plugins\stream_out\libstream_out_rtp_plugin.dll
0x526f0000 - 0x52907000 	C:\Users\Skogsfaktor\Documents\GitHub\sadoksync\Client\SadokSync\target\classes\VLC\plugins\access\liblibbluray_plugin.dll
0x526c0000 - 0x526e2000 	C:\Users\Skogsfaktor\Documents\GitHub\sadoksync\Client\SadokSync\target\classes\VLC\plugins\access\libaccess_bd_plugin.dll
0x52670000 - 0x526b3000 	C:\Users\Skogsfaktor\Documents\GitHub\sadoksync\Client\SadokSync\target\classes\VLC\plugins\access\libdvdnav_plugin.dll
0x52610000 - 0x5266b000 	C:\Users\Skogsfaktor\Documents\GitHub\sadoksync\Client\SadokSync\target\classes\VLC\plugins\codec\libtheora_plugin.dll
0x52600000 - 0x5260e000 	C:\Users\Skogsfaktor\Documents\GitHub\sadoksync\Client\SadokSync\target\classes\VLC\plugins\codec\librawvideo_plugin.dll

VM Arguments:
java_command: com.sadoksync.sadoksync.Driver
java_class_path (initial): C:\Users\Skogsfaktor\Documents\GitHub\sadoksync\Client\SadokSync\target\classes;C:\Users\Skogsfaktor\.m2\repository\uk\co\caprica\vlcj\3.6.0\vlcj-3.6.0.jar;C:\Users\Skogsfaktor\.m2\repository\net\java\dev\jna\jna\3.5.2\jna-3.5.2.jar;C:\Users\Skogsfaktor\.m2\repository\net\java\dev\jna\platform\3.5.2\platform-3.5.2.jar;C:\Users\Skogsfaktor\.m2\repository\org\slf4j\slf4j-api\1.7.10\slf4j-api-1.7.10.jar;C:\Users\Skogsfaktor\.m2\repository\com\googlecode\json-simple\json-simple\1.1\json-simple-1.1.jar
Launcher Type: SUN_STANDARD

Environment Variables:
JAVA_HOME=C:\Program Files (x86)\Java\jdk1.8.0_45
PATH=C:\Program Files (x86)\Intel\iCLS Client\;C:\Program Files\Intel\iCLS Client\;C:\Windows\system32;C:\Windows;C:\Windows\System32\Wbem;C:\Windows\System32\WindowsPowerShell\v1.0\;C:\Program Files (x86)\NVIDIA Corporation\PhysX\Common;C:\Program Files\Intel\Intel(R) Management Engine Components\DAL;C:\Program Files\Intel\Intel(R) Management Engine Components\IPT;C:\Program Files (x86)\Intel\Intel(R) Management Engine Components\DAL;C:\Program Files (x86)\Intel\Intel(R) Management Engine Components\IPT
USERNAME=Skogsfaktor
OS=Windows_NT
PROCESSOR_IDENTIFIER=Intel64 Family 6 Model 60 Stepping 3, GenuineIntel



---------------  S Y S T E M  ---------------

OS: Windows 7 , 64 bit Build 7601 (6.1.7601.18798)

CPU:total 8 (4 cores per cpu, 2 threads per core) family 6 model 60 stepping 3, cmov, cx8, fxsr, mmx, sse, sse2, sse3, ssse3, sse4.1, sse4.2, popcnt, avx, avx2, aes, clmul, erms, lzcnt, ht, tsc, tscinvbit, bmi1, bmi2

Memory: 4k page, physical 16694216k(12970688k free), swap 33386580k(29326452k free)

vm_info: Java HotSpot(TM) Client VM (25.45-b02) for windows-x86 JRE (1.8.0_45-b15), built on Apr 30 2015 12:31:00 by "java_re" with MS VC++ 10.0 (VS2010)

time: Mon May 04 17:09:39 2015
elapsed time: 59 seconds (0d 0h 0m 59s)

