#
# A fatal error has been detected by the Java Runtime Environment:
#
#  EXCEPTION_ACCESS_VIOLATION (0xc0000005) at pc=0x770ddf63, pid=8764, tid=4836
#
# JRE version: Java(TM) SE Runtime Environment (8.0_45-b14) (build 1.8.0_45-b14)
# Java VM: Java HotSpot(TM) Client VM (25.45-b02 mixed mode windows-x86 )
# Problematic frame:
# C  [ntdll.dll+0x1df63]
#
# Failed to write core dump. Minidumps are not enabled by default on client versions of Windows
#
# If you would like to submit a bug report, please visit:
#   http://bugreport.java.com/bugreport/crash.jsp
# The crash happened outside the Java Virtual Machine in native code.
# See problematic frame for where to report the bug.
#

---------------  T H R E A D  ---------------

Current thread (0x15b86400):  JavaThread "Thread-19" [_thread_in_native, id=4836, stack(0x18610000,0x18660000)]

siginfo: ExceptionCode=0xc0000005, writing address 0x00000014

Registers:
EAX=0x00000000, EBX=0x00000ce4, ECX=0xfffffffc, EDX=0x00000000
ESP=0x1865ebf0, EBP=0x1865ec50, ESI=0x16feab3c, EDI=0x00000000
EIP=0x770ddf63, EFLAGS=0x00010213

Top of Stack: (sp=0x1865ebf0)
0x1865ebf0:   00000000 16feab40 16feab3c 771010e9
0x1865ec00:   16feab3c 00000000 7eed8000 00000000
0x1865ec10:   00000000 00000000 17f9e620 00000002
0x1865ec20:   00000003 1865ed18 00000000 00000018
0x1865ec30:   15cc4780 5be7acc8 00000000 5be7acd4
0x1865ec40:   5c07079c 007fe190 15cc4780 774729c2
0x1865ec50:   1865ec78 770dde0b 17f9e620 16feab38
0x1865ec60:   16feab28 00000000 16feab3c 00000001 

Instructions: (pc=0x770ddf63)
0x770ddf43:   c2 f0 0f b1 0e 8b 75 b0 3b c2 0f 85 cf 5e fe ff
0x770ddf53:   83 65 c0 00 33 c0 89 45 c4 8b 06 83 f8 ff 74 03
0x770ddf63:   ff 40 14 b8 82 03 fe 7f 8a 08 84 c9 0f 85 c8 34
0x770ddf73:   06 00 57 6a 00 83 fb ff 0f 84 0b 35 06 00 53 e8 


Register to memory mapping:

EAX=0x00000000 is an unknown value
EBX=0x00000ce4 is an unknown value
ECX=0xfffffffc is an unknown value
EDX=0x00000000 is an unknown value
ESP=0x1865ebf0 is pointing into the stack for thread: 0x15b86400
EBP=0x1865ec50 is pointing into the stack for thread: 0x15b86400
ESI=0x16feab3c is an unknown value
EDI=0x00000000 is an unknown value


Stack: [0x18610000,0x18660000],  sp=0x1865ebf0,  free space=314k
Native frames: (J=compiled Java code, j=interpreted, Vv=VM code, C=native code)
C  [ntdll.dll+0x1df63]
C  [ntdll.dll+0x1de0b]
C  [ntdll.dll+0x1de35]
C  [libvlccore.dll+0xa3bb0]
C  [jna3077336585227283912.dll+0xd546]
C  [jna3077336585227283912.dll+0x2e5e]
C  [jna3077336585227283912.dll+0x54ce]
j  com.sun.jna.Native.invokeInt(JI[Ljava/lang/Object;)I+0
j  com.sun.jna.Function.invoke([Ljava/lang/Object;Ljava/lang/Class;Z)Ljava/lang/Object;+333
j  com.sun.jna.Function.invoke(Ljava/lang/Class;[Ljava/lang/Object;Ljava/util/Map;)Ljava/lang/Object;+214
j  com.sun.jna.Library$Handler.invoke(Ljava/lang/Object;Ljava/lang/reflect/Method;[Ljava/lang/Object;)Ljava/lang/Object;+341
j  com.sun.proxy.$Proxy0.libvlc_event_attach(Luk/co/caprica/vlcj/binding/internal/libvlc_event_manager_t;ILuk/co/caprica/vlcj/binding/internal/libvlc_callback_t;Lcom/sun/jna/Pointer;)I+32
j  uk.co.caprica.vlcj.player.DefaultMediaPlayer.registerMediaEventListener()V+117
j  uk.co.caprica.vlcj.player.DefaultMediaPlayer.setMedia(Ljava/lang/String;[Ljava/lang/String;)Z+287
j  uk.co.caprica.vlcj.player.DefaultMediaPlayer.prepareMedia(Ljava/lang/String;[Ljava/lang/String;)Z+19
j  uk.co.caprica.vlcj.player.DefaultMediaPlayer.playMedia(Ljava/lang/String;[Ljava/lang/String;)Z+19
j  com.sadoksync.sadoksync.Client.connectToRtsp()V+12
j  com.sadoksync.sadoksync.ConnectionHandler.run()V+462
v  ~StubRoutines::call_stub
V  [jvm.dll+0x155cb5]
V  [jvm.dll+0x21b12e]
V  [jvm.dll+0x155d4e]
V  [jvm.dll+0x155ed6]
V  [jvm.dll+0x155f47]
V  [jvm.dll+0xfb0cf]
V  [jvm.dll+0x17901c]
V  [jvm.dll+0x17910a]
V  [jvm.dll+0x1bd6e6]
C  [msvcr100.dll+0x5c556]
C  [msvcr100.dll+0x5c600]
C  [KERNEL32.DLL+0x17c04]
C  [ntdll.dll+0x5ad1f]
C  [ntdll.dll+0x5acea]
C  0x00000000

Java frames: (J=compiled Java code, j=interpreted, Vv=VM code)
j  com.sun.jna.Native.invokeInt(JI[Ljava/lang/Object;)I+0
j  com.sun.jna.Function.invoke([Ljava/lang/Object;Ljava/lang/Class;Z)Ljava/lang/Object;+333
j  com.sun.jna.Function.invoke(Ljava/lang/Class;[Ljava/lang/Object;Ljava/util/Map;)Ljava/lang/Object;+214
j  com.sun.jna.Library$Handler.invoke(Ljava/lang/Object;Ljava/lang/reflect/Method;[Ljava/lang/Object;)Ljava/lang/Object;+341
j  com.sun.proxy.$Proxy0.libvlc_event_attach(Luk/co/caprica/vlcj/binding/internal/libvlc_event_manager_t;ILuk/co/caprica/vlcj/binding/internal/libvlc_callback_t;Lcom/sun/jna/Pointer;)I+32
j  uk.co.caprica.vlcj.player.DefaultMediaPlayer.registerMediaEventListener()V+117
j  uk.co.caprica.vlcj.player.DefaultMediaPlayer.setMedia(Ljava/lang/String;[Ljava/lang/String;)Z+287
j  uk.co.caprica.vlcj.player.DefaultMediaPlayer.prepareMedia(Ljava/lang/String;[Ljava/lang/String;)Z+19
j  uk.co.caprica.vlcj.player.DefaultMediaPlayer.playMedia(Ljava/lang/String;[Ljava/lang/String;)Z+19
j  com.sadoksync.sadoksync.Client.connectToRtsp()V+12
j  com.sadoksync.sadoksync.ConnectionHandler.run()V+462
v  ~StubRoutines::call_stub

---------------  P R O C E S S  ---------------

Java Threads: ( => current thread )
  0x1788c400 JavaThread "Thread-222" [_thread_blocked, id=6568, stack(0x1b640000,0x1b690000)]
  0x1788d000 JavaThread "pool-3-thread-1" [_thread_blocked, id=1100, stack(0x19a30000,0x19a80000)]
  0x1788bc00 JavaThread "Thread-221" [_thread_blocked, id=3288, stack(0x1c8d0000,0x1c920000)]
  0x1788e000 JavaThread "Thread-220" [_thread_blocked, id=8868, stack(0x1c840000,0x1c890000)]
  0x15bc2c00 JavaThread "Thread-219" [_thread_blocked, id=7480, stack(0x1c7b0000,0x1c800000)]
  0x15bc2000 JavaThread "Thread-218" [_thread_in_native, id=2464, stack(0x1c720000,0x1c770000)]
  0x15b83c00 JavaThread "Thread-217" [_thread_blocked, id=5420, stack(0x1c690000,0x1c6e0000)]
  0x15b87400 JavaThread "Thread-216" [_thread_blocked, id=7148, stack(0x1c600000,0x1c650000)]
  0x17857000 JavaThread "Thread-215" [_thread_blocked, id=6952, stack(0x1c570000,0x1c5c0000)]
  0x17855800 JavaThread "Thread-213" [_thread_blocked, id=8920, stack(0x1c4e0000,0x1c530000)]
  0x17858400 JavaThread "Thread-212" [_thread_blocked, id=5172, stack(0x1c450000,0x1c4a0000)]
  0x17727000 JavaThread "Thread-209" [_thread_blocked, id=592, stack(0x1c3c0000,0x1c410000)]
  0x17725c00 JavaThread "Thread-208" [_thread_blocked, id=5900, stack(0x1c330000,0x1c380000)]
  0x17728000 JavaThread "Thread-206" [_thread_blocked, id=7720, stack(0x1c2a0000,0x1c2f0000)]
  0x17727400 JavaThread "Thread-205" [_thread_blocked, id=8704, stack(0x1c210000,0x1c260000)]
  0x15b2a800 JavaThread "Thread-203" [_thread_blocked, id=5180, stack(0x1c180000,0x1c1d0000)]
  0x15b29000 JavaThread "Thread-202" [_thread_blocked, id=824, stack(0x1c0f0000,0x1c140000)]
  0x15b2a400 JavaThread "Thread-200" [_thread_blocked, id=476, stack(0x1c060000,0x1c0b0000)]
  0x15b27c00 JavaThread "Thread-199" [_thread_blocked, id=7664, stack(0x1bd90000,0x1bde0000)]
  0x15b28800 JavaThread "Thread-196" [_thread_blocked, id=1012, stack(0x1ba30000,0x1ba80000)]
  0x15b2b000 JavaThread "Thread-195" [_thread_blocked, id=7220, stack(0x1b9a0000,0x1b9f0000)]
  0x15b23c00 JavaThread "Thread-194" [_thread_blocked, id=6776, stack(0x1b7f0000,0x1b840000)]
  0x15b26800 JavaThread "Thread-193" [_thread_blocked, id=9084, stack(0x1b130000,0x1b180000)]
  0x15b25800 JavaThread "Thread-192" [_thread_blocked, id=6936, stack(0x1a620000,0x1a670000)]
  0x17708000 JavaThread "Thread-191" [_thread_blocked, id=6032, stack(0x1a450000,0x1a4a0000)]
  0x17708800 JavaThread "Thread-190" [_thread_blocked, id=7308, stack(0x195b0000,0x19600000)]
  0x17703400 JavaThread "Thread-172" [_thread_blocked, id=8124, stack(0x1bfd0000,0x1c020000)]
  0x17706800 JavaThread "Thread-171" [_thread_blocked, id=5108, stack(0x1bf40000,0x1bf90000)]
  0x17706000 JavaThread "Thread-169" [_thread_blocked, id=4648, stack(0x1a060000,0x1a0b0000)]
  0x17705400 JavaThread "Thread-166" [_thread_blocked, id=8944, stack(0x1b880000,0x1b8d0000)]
  0x1785a800 JavaThread "Thread-162" [_thread_blocked, id=972, stack(0x1bac0000,0x1bb10000)]
  0x17857c00 JavaThread "Thread-160" [_thread_in_native, id=8856, stack(0x1bd00000,0x1bd50000)]
  0x17857800 JavaThread "Thread-158" [_thread_in_native, id=6856, stack(0x1b400000,0x1b450000)]
  0x17859c00 JavaThread "Thread-152" [_thread_blocked, id=600, stack(0x1beb0000,0x1bf00000)]
  0x17859800 JavaThread "Thread-150" [_thread_blocked, id=5740, stack(0x1be20000,0x1be70000)]
  0x17858c00 JavaThread "Thread-148" [_thread_in_native, id=440, stack(0x1bbe0000,0x1bc30000)]
  0x17859000 JavaThread "Thread-144" [_thread_blocked, id=9212, stack(0x1b2e0000,0x1b330000)]
  0x17855000 JavaThread "Thread-142" [_thread_blocked, id=7724, stack(0x1b010000,0x1b060000)]
  0x17853800 JavaThread "Thread-140" [_thread_in_native, id=5584, stack(0x1a8b0000,0x1a900000)]
  0x17856c00 JavaThread "Thread-136" [_thread_blocked, id=3084, stack(0x19c70000,0x19cc0000)]
  0x17853400 JavaThread "Thread-134" [_thread_blocked, id=7840, stack(0x19910000,0x19960000)]
  0x17854400 JavaThread "Thread-132" [_thread_in_native, id=7136, stack(0x197f0000,0x19840000)]
  0x17856000 JavaThread "Thread-128" [_thread_blocked, id=2176, stack(0x19490000,0x194e0000)]
  0x17854000 JavaThread "Thread-126" [_thread_blocked, id=6076, stack(0x19370000,0x193c0000)]
  0x17856400 JavaThread "Thread-124" [_thread_in_native, id=6308, stack(0x191c0000,0x19210000)]
  0x15bc3400 JavaThread "Thread-120" [_thread_blocked, id=2760, stack(0x1bc70000,0x1bcc0000)]
  0x15b2b400 JavaThread "Thread-115" [_thread_in_native, id=2424, stack(0x1bb50000,0x1bba0000)]
  0x15b29c00 JavaThread "Thread-108" [_thread_in_native, id=3428, stack(0x192e0000,0x19330000)]
  0x15b29400 JavaThread "pool-1-thread-50" [_thread_blocked, id=6552, stack(0x1b910000,0x1b960000)]
  0x15b28400 JavaThread "Thread-102" [_thread_in_native, id=7012, stack(0x1b6d0000,0x1b720000)]
  0x15b24400 JavaThread "pool-1-thread-49" [_thread_blocked, id=4740, stack(0x1b5b0000,0x1b600000)]
  0x15b27800 JavaThread "pool-1-thread-48" [_thread_blocked, id=3652, stack(0x1b520000,0x1b570000)]
  0x15b27000 JavaThread "pool-1-thread-47" [_thread_blocked, id=2016, stack(0x1b490000,0x1b4e0000)]
  0x15b25000 JavaThread "pool-1-thread-46" [_thread_blocked, id=8080, stack(0x19010000,0x19060000)]
  0x15b26400 JavaThread "pool-1-thread-45" [_thread_blocked, id=8544, stack(0x1b370000,0x1b3c0000)]
  0x15b25c00 JavaThread "pool-1-thread-44" [_thread_blocked, id=5544, stack(0x1b250000,0x1b2a0000)]
  0x15b24c00 JavaThread "Thread-91" [_thread_in_native, id=8112, stack(0x1b1c0000,0x1b210000)]
  0x15bbd000 JavaThread "pool-1-thread-43" [_thread_blocked, id=6404, stack(0x18e60000,0x18eb0000)]
  0x17729c00 JavaThread "pool-1-thread-42" [_thread_blocked, id=5888, stack(0x1b0a0000,0x1b0f0000)]
  0x17729400 JavaThread "pool-1-thread-41" [_thread_blocked, id=5876, stack(0x1af80000,0x1afd0000)]
  0x17727c00 JavaThread "Thread-85" [_thread_blocked, id=8220, stack(0x1aef0000,0x1af40000)]
  0x17728c00 JavaThread "pool-1-thread-40" [_thread_blocked, id=1912, stack(0x1ae60000,0x1aeb0000)]
  0x17728800 JavaThread "pool-1-thread-39" [_thread_blocked, id=7980, stack(0x1add0000,0x1ae20000)]
  0x17723400 JavaThread "Thread-83" [_thread_in_native, id=3136, stack(0x1ad40000,0x1ad90000)]
  0x17723000 JavaThread "Thread-81" [_thread_blocked, id=884, stack(0x1a3c0000,0x1a410000)]
  0x17726800 JavaThread "pool-1-thread-38" [_thread_blocked, id=1512, stack(0x1a330000,0x1a380000)]
  0x17722800 JavaThread "pool-1-thread-37" [_thread_blocked, id=8584, stack(0x1a2a0000,0x1a2f0000)]
  0x17726000 JavaThread "Thread-78" [_thread_blocked, id=5008, stack(0x1a210000,0x1a260000)]
  0x17722400 JavaThread "Thread-76" [_thread_in_native, id=3900, stack(0x1a180000,0x1a1d0000)]
  0x17724800 JavaThread "pool-1-thread-36" [_thread_blocked, id=2100, stack(0x1a0f0000,0x1a140000)]
  0x17725400 JavaThread "pool-1-thread-35" [_thread_blocked, id=3064, stack(0x19fd0000,0x1a020000)]
  0x17725000 JavaThread "Thread-71" [_thread_blocked, id=6044, stack(0x19f40000,0x19f90000)]
  0x17723c00 JavaThread "pool-1-thread-34" [_thread_blocked, id=1820, stack(0x19eb0000,0x19f00000)]
  0x17724400 JavaThread "pool-1-thread-33" [_thread_blocked, id=4420, stack(0x19e20000,0x19e70000)]
  0x15bbc800 JavaThread "pool-1-thread-32" [_thread_blocked, id=2036, stack(0x19d90000,0x19de0000)]
  0x15bbfc00 JavaThread "Thread-69" [_thread_blocked, id=1696, stack(0x19d00000,0x19d50000)]
  0x17709800 JavaThread "Thread-68" [_thread_in_native, id=3764, stack(0x18c40000,0x18c90000)]
  0x17709400 JavaThread "pool-1-thread-31" [_thread_blocked, id=1036, stack(0x18bb0000,0x18c00000)]
  0x17707c00 JavaThread "pool-1-thread-30" [_thread_blocked, id=1916, stack(0x1a590000,0x1a5e0000)]
  0x17707400 JavaThread "pool-1-thread-29" [_thread_blocked, id=6140, stack(0x1a500000,0x1a550000)]
  0x17708c00 JavaThread "pool-1-thread-28" [_thread_blocked, id=4560, stack(0x19be0000,0x19c30000)]
  0x17706c00 JavaThread "Thread-60" [_thread_in_native, id=8336, stack(0x19b50000,0x19ba0000)]
  0x17702800 JavaThread "pool-1-thread-27" [_thread_blocked, id=8024, stack(0x19ac0000,0x19b10000)]
  0x17702400 JavaThread "pool-1-thread-26" [_thread_blocked, id=8736, stack(0x199a0000,0x199f0000)]
  0x17705c00 JavaThread "pool-1-thread-25" [_thread_blocked, id=8612, stack(0x19880000,0x198d0000)]
  0x17704800 JavaThread "pool-1-thread-24" [_thread_blocked, id=6888, stack(0x19760000,0x197b0000)]
  0x17704000 JavaThread "Thread-52" [_thread_in_native, id=8392, stack(0x196d0000,0x19720000)]
  0x17703c00 JavaThread "pool-1-thread-23" [_thread_blocked, id=8788, stack(0x19640000,0x19690000)]
  0x17703000 JavaThread "pool-1-thread-22" [_thread_blocked, id=2540, stack(0x19520000,0x19570000)]
  0x15b87000 JavaThread "pool-1-thread-21" [_thread_blocked, id=5320, stack(0x19400000,0x19450000)]
  0x15bc3800 JavaThread "pool-1-thread-20" [_thread_blocked, id=6324, stack(0x188e0000,0x18930000)]
  0x15bc4000 JavaThread "Thread-44" [_thread_in_native, id=4784, stack(0x18850000,0x188a0000)]
  0x15bbf400 JavaThread "pool-1-thread-19" [_thread_blocked, id=7180, stack(0x18730000,0x18780000)]
  0x15bc2800 JavaThread "pool-1-thread-18" [_thread_blocked, id=2068, stack(0x19250000,0x192a0000)]
  0x15bc1c00 JavaThread "pool-1-thread-17" [_thread_blocked, id=6836, stack(0x19130000,0x19180000)]
  0x15bc1400 JavaThread "pool-1-thread-16" [_thread_blocked, id=9120, stack(0x190a0000,0x190f0000)]
  0x15bbd400 JavaThread "Thread-36" [_thread_in_native, id=7856, stack(0x18f80000,0x18fd0000)]
  0x15bc0c00 JavaThread "pool-1-thread-15" [_thread_blocked, id=7764, stack(0x18ef0000,0x18f40000)]
  0x15bc0800 JavaThread "pool-1-thread-14" [_thread_blocked, id=7600, stack(0x18dd0000,0x18e20000)]
  0x15bbe800 JavaThread "Thread-29" [_thread_in_native, id=716, stack(0x18b20000,0x18b70000)]
  0x15bc0000 JavaThread "pool-1-thread-13" [_thread_blocked, id=6716, stack(0x18a90000,0x18ae0000)]
  0x15bbdc00 JavaThread "pool-1-thread-12" [_thread_blocked, id=5940, stack(0x18a00000,0x18a50000)]
  0x15bbe400 JavaThread "pool-1-thread-11" [_thread_blocked, id=6744, stack(0x18580000,0x185d0000)]
  0x15bbf000 JavaThread "pool-1-thread-10" [_thread_blocked, id=5848, stack(0x18970000,0x189c0000)]
  0x15b85800 JavaThread "pool-1-thread-9" [_thread_blocked, id=8200, stack(0x187c0000,0x18810000)]
  0x15b85000 JavaThread "pool-1-thread-8" [_thread_blocked, id=9156, stack(0x186a0000,0x186f0000)]
=>0x15b86400 JavaThread "Thread-19" [_thread_in_native, id=4836, stack(0x18610000,0x18660000)]
  0x15b84400 JavaThread "pool-1-thread-7" [_thread_blocked, id=8592, stack(0x18460000,0x184b0000)]
  0x15b85c00 JavaThread "pool-1-thread-6" [_thread_blocked, id=8048, stack(0x184f0000,0x18540000)]
  0x15b86800 JavaThread "pool-1-thread-5" [_thread_blocked, id=184, stack(0x16820000,0x16870000)]
  0x15b84800 JavaThread "pool-1-thread-4" [_thread_blocked, id=2440, stack(0x183d0000,0x18420000)]
  0x1592e000 JavaThread "pool-1-thread-3" [_thread_blocked, id=8768, stack(0x18340000,0x18390000)]
  0x15cc0000 JavaThread "TimerQueue" daemon [_thread_blocked, id=8328, stack(0x182b0000,0x18300000)]
  0x00b7c400 JavaThread "DestroyJavaVM" [_thread_blocked, id=8316, stack(0x00330000,0x00380000)]
  0x159ec400 JavaThread "Swing-Shell" daemon [_thread_blocked, id=3696, stack(0x16900000,0x16950000)]
  0x15985400 JavaThread "AWT-EventQueue-0" [_thread_blocked, id=2420, stack(0x15f40000,0x15f90000)]
  0x15971800 JavaThread "AWT-Shutdown" [_thread_blocked, id=8640, stack(0x150c0000,0x15110000)]
  0x0115e400 JavaThread "AWT-Windows" daemon [_thread_in_native, id=6624, stack(0x15150000,0x151a0000)]
  0x01158c00 JavaThread "Java2D Disposer" daemon [_thread_blocked, id=3116, stack(0x15030000,0x15080000)]
  0x01097800 JavaThread "pool-1-thread-2" [_thread_in_vm, id=4536, stack(0x14ad0000,0x14b20000)]
  0x01096c00 JavaThread "pool-1-thread-1" [_thread_in_native, id=8688, stack(0x14a40000,0x14a90000)]
  0x01017400 JavaThread "Service Thread" daemon [_thread_blocked, id=2472, stack(0x14920000,0x14970000)]
  0x0101b400 JavaThread "C1 CompilerThread0" daemon [_thread_blocked, id=8376, stack(0x14890000,0x148e0000)]
  0x0101a400 JavaThread "Attach Listener" daemon [_thread_blocked, id=8204, stack(0x14800000,0x14850000)]
  0x01018000 JavaThread "Signal Dispatcher" daemon [_thread_blocked, id=5916, stack(0x04770000,0x047c0000)]
  0x00fe7800 JavaThread "Finalizer" daemon [_thread_blocked, id=8812, stack(0x01270000,0x012c0000)]
  0x008dec00 JavaThread "Reference Handler" daemon [_thread_blocked, id=3320, stack(0x011e0000,0x01230000)]

Other Threads:
  0x008dd400 VMThread [stack: 0x00ac0000,0x00b10000] [id=6284]
  0x0102c400 WatcherThread [stack: 0x149b0000,0x14a00000] [id=7748]

VM state:synchronizing (normal execution)

VM Mutex/Monitor currently owned by a thread:  ([mutex/lock_event])
[0x00b7aa28] Safepoint_lock - owner thread: 0x008dd400
[0x00b7b030] Threads_lock - owner thread: 0x008dd400

Heap:
 def new generation   total 4928K, used 2040K [0x04800000, 0x04d50000, 0x09d50000)
  eden space 4416K,  37% used [0x04800000, 0x0499fe50, 0x04c50000)
  from space 512K,  73% used [0x04c50000, 0x04cae500, 0x04cd0000)
  to   space 512K,   0% used [0x04cd0000, 0x04cd0000, 0x04d50000)
 tenured generation   total 10944K, used 7167K [0x09d50000, 0x0a800000, 0x14800000)
   the space 10944K,  65% used [0x09d50000, 0x0a44fe08, 0x0a450000, 0x0a800000)
 Metaspace       used 10894K, capacity 11081K, committed 11264K, reserved 11648K

Card table byte_map: [0x00990000,0x00a20000] byte_map_base: 0x0096c000

Polling page: 0x00300000

CodeCache: size=32768Kb used=1583Kb max_used=1583Kb free=31184Kb
 bounds [0x02770000, 0x02900000, 0x04770000]
 total_blobs=943 nmethods=696 adapters=178
 compilation: enabled

Compilation events (10 events):
Event: 28.694 Thread 0x0101b400  615             javax.swing.SwingUtilities::getRootPane (43 bytes)
Event: 28.695 Thread 0x0101b400 nmethod 615 0x028da608 code [0x028da730, 0x028da8e8]
Event: 28.695 Thread 0x0101b400  616             javax.swing.JComponent::getX (5 bytes)
Event: 28.696 Thread 0x0101b400 nmethod 616 0x028da9c8 code [0x028daac0, 0x028dab40]
Event: 28.697 Thread 0x0101b400  617             javax.swing.JComponent::getY (5 bytes)
Event: 28.697 Thread 0x0101b400 nmethod 617 0x028dab88 code [0x028dac80, 0x028dad00]
Event: 28.709 Thread 0x0101b400  618             java.lang.reflect.Modifier::isPublic (12 bytes)
Event: 28.709 Thread 0x0101b400 nmethod 618 0x028dae88 code [0x028daf80, 0x028db000]
Event: 28.711 Thread 0x0101b400  619             java.net.URI$Parser::scan (73 bytes)
Event: 28.713 Thread 0x0101b400 nmethod 619 0x028db048 code [0x028db170, 0x028db374]

GC Heap History (10 events):
Event: 2.223 GC heap before
{Heap before GC invocations=0 (full 0):
 def new generation   total 4928K, used 4416K [0x04800000, 0x04d50000, 0x09d50000)
  eden space 4416K, 100% used [0x04800000, 0x04c50000, 0x04c50000)
  from space 512K,   0% used [0x04c50000, 0x04c50000, 0x04cd0000)
  to   space 512K,   0% used [0x04cd0000, 0x04cd0000, 0x04d50000)
 tenured generation   total 10944K, used 0K [0x09d50000, 0x0a800000, 0x14800000)
   the space 10944K,   0% used [0x09d50000, 0x09d50000, 0x09d50200, 0x0a800000)
 Metaspace       used 6590K, capacity 6768K, committed 6912K, reserved 7552K
Event: 2.237 GC heap after
Heap after GC invocations=1 (full 0):
 def new generation   total 4928K, used 512K [0x04800000, 0x04d50000, 0x09d50000)
  eden space 4416K,   0% used [0x04800000, 0x04800000, 0x04c50000)
  from space 512K, 100% used [0x04cd0000, 0x04d50000, 0x04d50000)
  to   space 512K,   0% used [0x04c50000, 0x04c50000, 0x04cd0000)
 tenured generation   total 10944K, used 1014K [0x09d50000, 0x0a800000, 0x14800000)
   the space 10944K,   9% used [0x09d50000, 0x09e4d808, 0x09e4da00, 0x0a800000)
 Metaspace       used 6590K, capacity 6768K, committed 6912K, reserved 7552K
}
Event: 3.642 GC heap before
{Heap before GC invocations=1 (full 0):
 def new generation   total 4928K, used 4928K [0x04800000, 0x04d50000, 0x09d50000)
  eden space 4416K, 100% used [0x04800000, 0x04c50000, 0x04c50000)
  from space 512K, 100% used [0x04cd0000, 0x04d50000, 0x04d50000)
  to   space 512K,   0% used [0x04c50000, 0x04c50000, 0x04cd0000)
 tenured generation   total 10944K, used 1014K [0x09d50000, 0x0a800000, 0x14800000)
   the space 10944K,   9% used [0x09d50000, 0x09e4d808, 0x09e4da00, 0x0a800000)
 Metaspace       used 9198K, capacity 9390K, committed 9600K, reserved 9600K
Event: 3.665 GC heap after
Heap after GC invocations=2 (full 0):
 def new generation   total 4928K, used 512K [0x04800000, 0x04d50000, 0x09d50000)
  eden space 4416K,   0% used [0x04800000, 0x04800000, 0x04c50000)
  from space 512K, 100% used [0x04c50000, 0x04cd0000, 0x04cd0000)
  to   space 512K,   0% used [0x04cd0000, 0x04cd0000, 0x04d50000)
 tenured generation   total 10944K, used 2494K [0x09d50000, 0x0a800000, 0x14800000)
   the space 10944K,  22% used [0x09d50000, 0x09fbf990, 0x09fbfa00, 0x0a800000)
 Metaspace       used 9198K, capacity 9390K, committed 9600K, reserved 9600K
}
Event: 4.610 GC heap before
{Heap before GC invocations=2 (full 0):
 def new generation   total 4928K, used 4928K [0x04800000, 0x04d50000, 0x09d50000)
  eden space 4416K, 100% used [0x04800000, 0x04c50000, 0x04c50000)
  from space 512K, 100% used [0x04c50000, 0x04cd0000, 0x04cd0000)
  to   space 512K,   0% used [0x04cd0000, 0x04cd0000, 0x04d50000)
 tenured generation   total 10944K, used 2494K [0x09d50000, 0x0a800000, 0x14800000)
   the space 10944K,  22% used [0x09d50000, 0x09fbf990, 0x09fbfa00, 0x0a800000)
 Metaspace       used 9789K, capacity 9998K, committed 10112K, reserved 10624K
Event: 4.619 GC heap after
Heap after GC invocations=3 (full 0):
 def new generation   total 4928K, used 496K [0x04800000, 0x04d50000, 0x09d50000)
  eden space 4416K,   0% used [0x04800000, 0x04800000, 0x04c50000)
  from space 512K,  96% used [0x04cd0000, 0x04d4c048, 0x04d50000)
  to   space 512K,   0% used [0x04c50000, 0x04c50000, 0x04cd0000)
 tenured generation   total 10944K, used 2938K [0x09d50000, 0x0a800000, 0x14800000)
   the space 10944K,  26% used [0x09d50000, 0x0a02e880, 0x0a02ea00, 0x0a800000)
 Metaspace       used 9789K, capacity 9998K, committed 10112K, reserved 10624K
}
Event: 5.754 GC heap before
{Heap before GC invocations=3 (full 0):
 def new generation   total 4928K, used 4912K [0x04800000, 0x04d50000, 0x09d50000)
  eden space 4416K, 100% used [0x04800000, 0x04c50000, 0x04c50000)
  from space 512K,  96% used [0x04cd0000, 0x04d4c048, 0x04d50000)
  to   space 512K,   0% used [0x04c50000, 0x04c50000, 0x04cd0000)
 tenured generation   total 10944K, used 2938K [0x09d50000, 0x0a800000, 0x14800000)
   the space 10944K,  26% used [0x09d50000, 0x0a02e880, 0x0a02ea00, 0x0a800000)
 Metaspace       used 10272K, capacity 10448K, committed 10624K, reserved 10624K
Event: 5.761 GC heap after
Heap after GC invocations=4 (full 0):
 def new generation   total 4928K, used 511K [0x04800000, 0x04d50000, 0x09d50000)
  eden space 4416K,   0% used [0x04800000, 0x04800000, 0x04c50000)
  from space 512K,  99% used [0x04c50000, 0x04ccfec8, 0x04cd0000)
  to   space 512K,   0% used [0x04cd0000, 0x04cd0000, 0x04d50000)
 tenured generation   total 10944K, used 3196K [0x09d50000, 0x0a800000, 0x14800000)
   the space 10944K,  29% used [0x09d50000, 0x0a06f3e8, 0x0a06f400, 0x0a800000)
 Metaspace       used 10272K, capacity 10448K, committed 10624K, reserved 10624K
}
Event: 28.677 GC heap before
{Heap before GC invocations=4 (full 0):
 def new generation   total 4928K, used 4464K [0x04800000, 0x04d50000, 0x09d50000)
  eden space 4416K,  89% used [0x04800000, 0x04bdc1d8, 0x04c50000)
  from space 512K,  99% used [0x04c50000, 0x04ccfec8, 0x04cd0000)
  to   space 512K,   0% used [0x04cd0000, 0x04cd0000, 0x04d50000)
 tenured generation   total 10944K, used 3196K [0x09d50000, 0x0a800000, 0x14800000)
   the space 10944K,  29% used [0x09d50000, 0x0a06f3e8, 0x0a06f400, 0x0a800000)
 Metaspace       used 10821K, capacity 11037K, committed 11264K, reserved 11648K
Event: 28.693 GC heap after
Heap after GC invocations=5 (full 0):
 def new generation   total 4928K, used 234K [0x04800000, 0x04d50000, 0x09d50000)
  eden space 4416K,   0% used [0x04800000, 0x04800000, 0x04c50000)
  from space 512K,  45% used [0x04cd0000, 0x04d0aac8, 0x04d50000)
  to   space 512K,   0% used [0x04c50000, 0x04c50000, 0x04cd0000)
 tenured generation   total 10944K, used 4816K [0x09d50000, 0x0a800000, 0x14800000)
   the space 10944K,  44% used [0x09d50000, 0x0a2043a8, 0x0a204400, 0x0a800000)
 Metaspace       used 10821K, capacity 11037K, committed 11264K, reserved 11648K
}

Deoptimization events (0 events):
No events

Internal exceptions (10 events):
Event: 3.446 Thread 0x159eb000 Exception <a 'java/security/PrivilegedActionException'> (0x04ae9148) thrown at [C:\re\workspace\8-2-build-windows-i586-cygwin\jdk8u45\3457\hotspot\src\share\vm\prims\jvm.cpp, line 1382]
Event: 4.629 Thread 0x00b7c400 Exception <a 'java/lang/NoClassDefFoundError': org/slf4j/impl/StaticLoggerBinder> (0x048075c0) thrown at [C:\re\workspace\8-2-build-windows-i586-cygwin\jdk8u45\3457\hotspot\src\share\vm\classfile\systemDictionary.cpp, line 199]
Event: 4.652 Thread 0x00b7c400 Exception <a 'java/lang/NullPointerException'> (0x04852470) thrown at [C:\re\workspace\8-2-build-windows-i586-cygwin\jdk8u45\3457\hotspot\src\share\vm\interpreter\linkResolver.cpp, line 1178]
Event: 4.654 Thread 0x00b7c400 Exception <a 'java/lang/UnsatisfiedLinkError': Det går inte att hitta den angivna modulen.
> (0x04852a18) thrown at [C:\re\workspace\8-2-build-windows-i586-cygwin\jdk8u45\3457\hotspot\src\share\vm\prims\jni.cpp, line 735]
Event: 4.656 Thread 0x00b7c400 Exception <a 'java/lang/UnsatisfiedLinkError': Det går inte att hitta den angivna modulen.
> (0x04852cd8) thrown at [C:\re\workspace\8-2-build-windows-i586-cygwin\jdk8u45\3457\hotspot\src\share\vm\prims\jni.cpp, line 735]
Event: 4.657 Thread 0x00b7c400 Exception <a 'java/lang/UnsatisfiedLinkError': Det går inte att hitta den angivna modulen.
> (0x04853010) thrown at [C:\re\workspace\8-2-build-windows-i586-cygwin\jdk8u45\3457\hotspot\src\share\vm\prims\jni.cpp, line 735]
Event: 4.658 Thread 0x00b7c400 Exception <a 'java/lang/UnsatisfiedLinkError'> (0x04855440) thrown at [C:\re\workspace\8-2-build-windows-i586-cygwin\jdk8u45\3457\hotspot\src\share\vm\oops\instanceKlass.cpp, line 938]
Event: 4.673 Thread 0x00b7c400 Exception <a 'java/lang/NullPointerException'> (0x0488aae0) thrown at [C:\re\workspace\8-2-build-windows-i586-cygwin\jdk8u45\3457\hotspot\src\share\vm\interpreter\linkResolver.cpp, line 1178]
Event: 25.119 Thread 0x1592e000 Exception <a 'java/lang/NoSuchMethodError': <clinit>> (0x04ab7910) thrown at [C:\re\workspace\8-2-build-windows-i586-cygwin\jdk8u45\3457\hotspot\src\share\vm\prims\jni.cpp, line 1598]
Event: 27.099 Thread 0x15b86800 Exception <a 'java/lang/NoSuchMethodError': <clinit>> (0x04b20248) thrown at [C:\re\workspace\8-2-build-windows-i586-cygwin\jdk8u45\3457\hotspot\src\share\vm\prims\jni.cpp, line 1598]

Events (10 events):
Event: 28.711 Thread 0x15b87400 Thread added: 0x15b87400
Event: 28.711 loading class java/awt/MultipleGradientPaintContext
Event: 28.712 loading class java/awt/PaintContext
Event: 28.712 loading class java/awt/PaintContext done
Event: 28.712 loading class java/awt/MultipleGradientPaintContext done
Event: 28.712 loading class java/awt/LinearGradientPaintContext done
Event: 28.712 Thread 0x15b87000 Thread added: 0x15b87000
Event: 28.713 Thread 0x15b83c00 Thread added: 0x15b83c00
Event: 28.714 Thread 0x17703000 Thread added: 0x17703000
Event: 28.714 Thread 0x17705400 Thread added: 0x17705400


Dynamic libraries:
0x01330000 - 0x01363000 	C:\Program Files (x86)\Java\jdk1.8.0_45\bin\java.exe
0x770c0000 - 0x7722e000 	C:\WINDOWS\SYSTEM32\ntdll.dll
0x76b90000 - 0x76cd0000 	C:\WINDOWS\SYSTEM32\KERNEL32.DLL
0x74f80000 - 0x75057000 	C:\WINDOWS\SYSTEM32\KERNELBASE.dll
0x746f0000 - 0x74790000 	C:\WINDOWS\system32\apphelp.dll
0x71670000 - 0x718d5000 	C:\WINDOWS\AppPatch\AcGenral.DLL
0x76ac0000 - 0x76b83000 	C:\WINDOWS\SYSTEM32\msvcrt.dll
0x75530000 - 0x75571000 	C:\WINDOWS\SYSTEM32\sechost.dll
0x748c0000 - 0x748de000 	C:\WINDOWS\SYSTEM32\SspiCli.dll
0x769c0000 - 0x76a05000 	C:\WINDOWS\SYSTEM32\SHLWAPI.dll
0x73f10000 - 0x73ffd000 	C:\WINDOWS\SYSTEM32\UxTheme.dll
0x75230000 - 0x75383000 	C:\WINDOWS\SYSTEM32\USER32.dll
0x76cd0000 - 0x76dde000 	C:\WINDOWS\SYSTEM32\GDI32.dll
0x74100000 - 0x74123000 	C:\WINDOWS\SYSTEM32\WINMM.dll
0x72920000 - 0x72933000 	C:\WINDOWS\SYSTEM32\samcli.dll
0x75070000 - 0x75198000 	C:\WINDOWS\SYSTEM32\ole32.dll
0x74900000 - 0x74995000 	C:\WINDOWS\SYSTEM32\OLEAUT32.dll
0x72d70000 - 0x72d87000 	C:\WINDOWS\SYSTEM32\MSACM32.dll
0x72d60000 - 0x72d68000 	C:\WINDOWS\SYSTEM32\VERSION.dll
0x75580000 - 0x7682c000 	C:\WINDOWS\SYSTEM32\SHELL32.dll
0x74300000 - 0x7431b000 	C:\WINDOWS\SYSTEM32\USERENV.dll
0x73ef0000 - 0x73f0a000 	C:\WINDOWS\SYSTEM32\dwmapi.dll
0x71350000 - 0x7149b000 	C:\WINDOWS\SYSTEM32\urlmon.dll
0x751a0000 - 0x7521c000 	C:\WINDOWS\SYSTEM32\ADVAPI32.dll
0x743d0000 - 0x74435000 	C:\WINDOWS\SYSTEM32\WINSPOOL.DRV
0x74450000 - 0x74466000 	C:\WINDOWS\SYSTEM32\MPR.dll
0x76870000 - 0x7692a000 	C:\WINDOWS\SYSTEM32\RPCRT4.dll
0x748b0000 - 0x748ba000 	C:\WINDOWS\SYSTEM32\CRYPTBASE.dll
0x74bc0000 - 0x74d3d000 	C:\WINDOWS\SYSTEM32\combase.dll
0x740c0000 - 0x740e3000 	C:\WINDOWS\SYSTEM32\WINMMBASE.dll
0x740f0000 - 0x740ff000 	C:\WINDOWS\SYSTEM32\profapi.dll
0x73210000 - 0x73442000 	C:\WINDOWS\SYSTEM32\iertutil.dll
0x73490000 - 0x73665000 	C:\WINDOWS\SYSTEM32\WININET.dll
0x74850000 - 0x748a4000 	C:\WINDOWS\SYSTEM32\bcryptPrimitives.dll
0x76a70000 - 0x76aac000 	C:\WINDOWS\SYSTEM32\cfgmgr32.dll
0x74000000 - 0x74021000 	C:\WINDOWS\SYSTEM32\DEVOBJ.dll
0x74030000 - 0x740bb000 	C:\WINDOWS\SYSTEM32\SHCORE.DLL
0x76840000 - 0x76867000 	C:\WINDOWS\system32\IMM32.DLL
0x74e60000 - 0x74f72000 	C:\WINDOWS\SYSTEM32\MSCTF.dll
0x73710000 - 0x73916000 	C:\WINDOWS\WinSxS\x86_microsoft.windows.common-controls_6595b64144ccf1df_6.0.9600.17415_none_a9ed7f470139b3c1\COMCTL32.dll
0x5c160000 - 0x5c21f000 	C:\Program Files (x86)\Java\jdk1.8.0_45\jre\bin\msvcr100.dll
0x5bda0000 - 0x5c160000 	C:\Program Files (x86)\Java\jdk1.8.0_45\jre\bin\client\jvm.dll
0x6e840000 - 0x6e848000 	C:\WINDOWS\SYSTEM32\WSOCK32.dll
0x75220000 - 0x75226000 	C:\WINDOWS\SYSTEM32\PSAPI.DLL
0x74d40000 - 0x74d90000 	C:\WINDOWS\SYSTEM32\WS2_32.dll
0x75520000 - 0x75527000 	C:\WINDOWS\SYSTEM32\NSI.dll
0x69ad0000 - 0x69adc000 	C:\Program Files (x86)\Java\jdk1.8.0_45\jre\bin\verify.dll
0x69aa0000 - 0x69ac1000 	C:\Program Files (x86)\Java\jdk1.8.0_45\jre\bin\java.dll
0x693c0000 - 0x693d3000 	C:\Program Files (x86)\Java\jdk1.8.0_45\jre\bin\zip.dll
0x693a0000 - 0x693b5000 	C:\Program Files (x86)\Java\jdk1.8.0_45\jre\bin\net.dll
0x73d70000 - 0x73dbb000 	C:\WINDOWS\system32\mswsock.dll
0x5bc50000 - 0x5bd95000 	C:\Program Files (x86)\Java\jdk1.8.0_45\jre\bin\awt.dll
0x151a0000 - 0x151d9000 	C:\Program Files (x86)\Samsung\Settings\CmdServer\WinCRT.dll
0x74790000 - 0x74799000 	C:\WINDOWS\SYSTEM32\kernel.appcore.dll
0x63080000 - 0x630b9000 	C:\Program Files (x86)\Java\jdk1.8.0_45\jre\bin\fontmanager.dll
0x69a90000 - 0x69a9f000 	C:\Program Files (x86)\Java\jdk1.8.0_45\jre\bin\nio.dll
0x61fa0000 - 0x61fd0000 	C:\Program Files (x86)\Java\jdk1.8.0_45\jre\bin\t2k.dll
0x73940000 - 0x73960000 	C:\WINDOWS\SYSTEM32\IPHLPAPI.DLL
0x730f0000 - 0x730f8000 	C:\WINDOWS\SYSTEM32\WINNSI.DLL
0x72730000 - 0x72743000 	C:\WINDOWS\SYSTEM32\dhcpcsvc6.DLL
0x72710000 - 0x72724000 	C:\WINDOWS\SYSTEM32\dhcpcsvc.DLL
0x76930000 - 0x769bd000 	C:\WINDOWS\SYSTEM32\clbcatq.dll
0x708c0000 - 0x70a2b000 	C:\WINDOWS\SYSTEM32\WindowsCodecs.dll
0x72670000 - 0x72689000 	C:\WINDOWS\SYSTEM32\CRYPTSP.dll
0x72640000 - 0x72670000 	C:\WINDOWS\system32\rsaenh.dll
0x72620000 - 0x7263e000 	C:\WINDOWS\SYSTEM32\bcrypt.dll
0x74320000 - 0x743a9000 	C:\WINDOWS\WinSxS\x86_microsoft.windows.common-controls_6595b64144ccf1df_5.82.9600.17415_none_7c5769eaaa0aa358\comctl32.dll
0x749a0000 - 0x74b51000 	C:\WINDOWS\SYSTEM32\SETUPAPI.dll
0x70a40000 - 0x70b7a000 	C:\WINDOWS\system32\propsys.dll
0x5bab0000 - 0x5bc4a000 	C:\WINDOWS\system32\NetworkExplorer.dll
0x6f290000 - 0x6f2b3000 	C:\Windows\SYSTEM32\thumbcache.dll
0x57770000 - 0x57779000 	C:\WINDOWS\System32\drprov.dll
0x73c40000 - 0x73c85000 	C:\WINDOWS\System32\WINSTA.dll
0x57750000 - 0x57762000 	C:\WINDOWS\System32\ntlanman.dll
0x57590000 - 0x575aa000 	C:\WINDOWS\System32\davclnt.dll
0x57580000 - 0x5758a000 	C:\WINDOWS\System32\DAVHLPR.dll
0x730a0000 - 0x730b1000 	C:\WINDOWS\System32\wkscli.dll
0x70450000 - 0x7045f000 	C:\WINDOWS\SYSTEM32\cscapi.dll
0x730e0000 - 0x730ea000 	C:\WINDOWS\System32\netutils.dll
0x57510000 - 0x5757e000 	C:\Windows\SYSTEM32\dlnashext.dll
0x5d5c0000 - 0x5d5f9000 	C:\Windows\System32\PlayToDevice.dll
0x61f10000 - 0x61f2a000 	C:\Windows\System32\DevDispItemProvider.dll
0x6f000000 - 0x6f103000 	C:\Windows\SYSTEM32\actxprxy.dll
0x5ba70000 - 0x5baa7000 	C:\WINDOWS\System32\netprofm.dll
0x69390000 - 0x69399000 	C:\WINDOWS\System32\npmproxy.dll
0x5b880000 - 0x5ba66000 	C:\WINDOWS\system32\wpdshext.dll
0x74130000 - 0x742a0000 	C:\WINDOWS\WinSxS\x86_microsoft.windows.gdiplus_6595b64144ccf1df_1.1.9600.17415_none_dad8722c5bcc2d8f\gdiplus.dll
0x5b7f0000 - 0x5b880000 	C:\Windows\SYSTEM32\PortableDeviceApi.dll
0x74e20000 - 0x74e5d000 	C:\WINDOWS\SYSTEM32\WINTRUST.dll
0x75390000 - 0x75518000 	C:\WINDOWS\SYSTEM32\CRYPT32.dll
0x76ab0000 - 0x76abe000 	C:\WINDOWS\SYSTEM32\MSASN1.dll
0x5b7b0000 - 0x5b7f0000 	C:\WINDOWS\system32\audiodev.dll
0x5b360000 - 0x5b5f1000 	C:\WINDOWS\system32\WMVCore.DLL
0x5b770000 - 0x5b7ad000 	C:\WINDOWS\system32\WMASF.DLL
0x6e850000 - 0x6e85b000 	C:\WINDOWS\SYSTEM32\LINKINFO.dll
0x72900000 - 0x72914000 	C:\WINDOWS\SYSTEM32\SAMLIB.dll
0x176c0000 - 0x176fd000 	C:\Users\Alexander\AppData\Local\Temp\jna-Alexander\jna3077336585227283912.dll
0x61f30000 - 0x61f59000 	C:\Users\Alexander\Documents\GitHub\sadoksync\Client\SadokSync\target\classes\VLC\libvlc.dll
0x5b0d0000 - 0x5b359000 	C:\Users\Alexander\Documents\GitHub\sadoksync\Client\SadokSync\target\classes\VLC\libvlccore.dll
0x5b040000 - 0x5b0cd000 	C:\Users\Alexander\Documents\GitHub\sadoksync\Client\SadokSync\target\classes\VLC\plugins\access\libdshow_plugin.dll
0x61f80000 - 0x61f91000 	C:\Users\Alexander\Documents\GitHub\sadoksync\Client\SadokSync\target\classes\VLC\plugins\audio_output\libdirectsound_plugin.dll
0x5b750000 - 0x5b761000 	C:\Users\Alexander\Documents\GitHub\sadoksync\Client\SadokSync\target\classes\VLC\plugins\audio_output\libwaveout_plugin.dll
0x591a0000 - 0x59d1e000 	C:\Users\Alexander\Documents\GitHub\sadoksync\Client\SadokSync\target\classes\VLC\plugins\gui\libqt4_plugin.dll
0x76f50000 - 0x76feb000 	C:\WINDOWS\SYSTEM32\COMDLG32.DLL
0x5af00000 - 0x5b03c000 	C:\Users\Alexander\Documents\GitHub\sadoksync\Client\SadokSync\target\classes\VLC\plugins\misc\libxml_plugin.dll
0x5b730000 - 0x5b74d000 	C:\Users\Alexander\Documents\GitHub\sadoksync\Client\SadokSync\target\classes\VLC\plugins\video_output\libdirect3d_plugin.dll
0x5aee0000 - 0x5aefa000 	C:\Users\Alexander\Documents\GitHub\sadoksync\Client\SadokSync\target\classes\VLC\plugins\video_output\libdirectdraw_plugin.dll
0x5ae50000 - 0x5aed1000 	C:\WINDOWS\SYSTEM32\DSOUND.DLL
0x72980000 - 0x729c0000 	C:\WINDOWS\SYSTEM32\POWRPROF.dll
0x72cb0000 - 0x72d03000 	C:\WINDOWS\System32\MMDevApi.dll
0x5ae20000 - 0x5ae44000 	C:\Program Files (x86)\Java\jdk1.8.0_45\jre\bin\dcpr.dll
0x73cf0000 - 0x73d6e000 	C:\WINDOWS\SYSTEM32\DNSAPI.dll
0x73ce0000 - 0x73ce8000 	C:\Windows\System32\rasadhlp.dll
0x73c90000 - 0x73cd6000 	C:\WINDOWS\System32\fwpuclnt.dll
0x69550000 - 0x69691000 	C:\WINDOWS\SYSTEM32\dbghelp.dll

VM Arguments:
java_command: com.sadoksync.sadoksync.Driver
java_class_path (initial): C:\Users\Alexander\Documents\GitHub\sadoksync\Client\SadokSync\target\classes;C:\Users\Alexander\.m2\repository\uk\co\caprica\vlcj\3.6.0\vlcj-3.6.0.jar;C:\Users\Alexander\.m2\repository\net\java\dev\jna\jna\3.5.2\jna-3.5.2.jar;C:\Users\Alexander\.m2\repository\net\java\dev\jna\platform\3.5.2\platform-3.5.2.jar;C:\Users\Alexander\.m2\repository\org\slf4j\slf4j-api\1.7.10\slf4j-api-1.7.10.jar
Launcher Type: SUN_STANDARD

Environment Variables:
JAVA_HOME=C:\Program Files (x86)\Java\jdk1.8.0_45
PATH=C:\Program Files (x86)\NVIDIA Corporation\PhysX\Common;C:\Program Files (x86)\Intel\iCLS Client\;C:\Program Files\Intel\iCLS Client\;C:\WINDOWS\system32;C:\WINDOWS;C:\WINDOWS\System32\Wbem;C:\WINDOWS\System32\WindowsPowerShell\v1.0\;C:\Program Files\Intel\WiFi\bin\;C:\Program Files\Common Files\Intel\WirelessCommon\;C:\Program Files\Intel\Intel(R) Management Engine Components\DAL;C:\Program Files\Intel\Intel(R) Management Engine Components\IPT;C:\Program Files (x86)\Intel\Intel(R) Management Engine Components\DAL;C:\Program Files (x86)\Intel\Intel(R) Management Engine Components\IPT;C:\Program Files (x86)\Intel\OpenCL SDK\2.0\bin\x86;C:\Program Files (x86)\Intel\OpenCL SDK\2.0\bin\x64;C:\Program Files (x86)\Windows Live\Shared;C:\Program Files\Condusiv Technologies\IntelliMemory\;C:\Program Files\Java\jdk1.7.0_45\bin;C:\VXIPNP\WinNT\Bin;;C:\Program Files\Samsung\AllShare Framework DMS\1.3.23\64bit\???;C:\Program Files (x86)\MiKTeX 2.9\miktex\bin\;C:\Program Files (x86)\OpenVPN\bin
USERNAME=Alexander
OS=Windows_NT
PROCESSOR_IDENTIFIER=Intel64 Family 6 Model 58 Stepping 9, GenuineIntel



---------------  S Y S T E M  ---------------

OS: Windows 8.1 , 64 bit Build 9600 (6.3.9600.17415)

CPU:total 4 (2 cores per cpu, 2 threads per core) family 6 model 58 stepping 9, cmov, cx8, fxsr, mmx, sse, sse2, sse3, ssse3, sse4.1, sse4.2, popcnt, avx, clmul, erms, ht, tsc, tscinvbit, tscinv

Memory: 4k page, physical 8001056k(515004k free), swap 11146788k(1780500k free)

vm_info: Java HotSpot(TM) Client VM (25.45-b02) for windows-x86 JRE (1.8.0_45-b14), built on Apr 10 2015 10:46:40 by "java_re" with MS VC++ 10.0 (VS2010)

time: Thu Apr 23 14:15:05 2015
elapsed time: 29 seconds (0d 0h 0m 29s)

