#
# A fatal error has been detected by the Java Runtime Environment:
#
#  EXCEPTION_ACCESS_VIOLATION (0xc0000005) at pc=0x77badf63, pid=5436, tid=1152
#
# JRE version: Java(TM) SE Runtime Environment (8.0_45-b14) (build 1.8.0_45-b14)
# Java VM: Java HotSpot(TM) Client VM (25.45-b02 mixed mode windows-x86 )
# Problematic frame:
# C  [ntdll.dll+0x1df63]
#
# Failed to write core dump. Minidumps are not enabled by default on client versions of Windows
#
# If you would like to submit a bug report, please visit:
#   http://bugreport.java.com/bugreport/crash.jsp
# The crash happened outside the Java Virtual Machine in native code.
# See problematic frame for where to report the bug.
#

---------------  T H R E A D  ---------------

Current thread (0x15fd3800):  JavaThread "AWT-EventQueue-0" [_thread_in_native, id=1152, stack(0x15a80000,0x15ad0000)]

siginfo: ExceptionCode=0xc0000005, writing address 0x00000014

Registers:
EAX=0x00000000, EBX=0x00000b3c, ECX=0xfffffffc, EDX=0x00000000
ESP=0x15acd968, EBP=0x15acd9c8, ESI=0x16545704, EDI=0x00000000
EIP=0x77badf63, EFLAGS=0x00010213

Top of Stack: (sp=0x15acd968)
0x15acd968:   00000000 16545708 16545704 fffffff7
0x15acd978:   16545704 00000000 7f29b000 00000000
0x15acd988:   00000000 00000000 15acd9dc 7756b0f9
0x15acd998:   00cc0000 00000000 7756b106 687590a2
0x15acd9a8:   16503b88 00000000 16501f4c 0acdce21
0x15acd9b8:   fffffffe 16503bd4 5a90362c 68dedd81
0x15acd9c8:   15acd9f4 77bade0b 16503bd4 16545700
0x15acd9d8:   165456f8 00000000 16545704 00000001 

Instructions: (pc=0x77badf63)
0x77badf43:   c2 f0 0f b1 0e 8b 75 b0 3b c2 0f 85 cf 5e fe ff
0x77badf53:   83 65 c0 00 33 c0 89 45 c4 8b 06 83 f8 ff 74 03
0x77badf63:   ff 40 14 b8 82 03 fe 7f 8a 08 84 c9 0f 85 c8 34
0x77badf73:   06 00 57 6a 00 83 fb ff 0f 84 0b 35 06 00 53 e8 


Register to memory mapping:

EAX=0x00000000 is an unknown value
EBX=0x00000b3c is an unknown value
ECX=0xfffffffc is an unknown value
EDX=0x00000000 is an unknown value
ESP=0x15acd968 is pointing into the stack for thread: 0x15fd3800
EBP=0x15acd9c8 is pointing into the stack for thread: 0x15fd3800
ESI=0x16545704 is an unknown value
EDI=0x00000000 is an unknown value


Stack: [0x15a80000,0x15ad0000],  sp=0x15acd968,  free space=310k
Native frames: (J=compiled Java code, j=interpreted, Vv=VM code, C=native code)
C  [ntdll.dll+0x1df63]
C  [ntdll.dll+0x1de0b]
C  [ntdll.dll+0x1de35]
C  [libvlccore.dll+0xa3bb0]

Java frames: (J=compiled Java code, j=interpreted, Vv=VM code)
j  com.sun.jna.Native.invokeVoid(JI[Ljava/lang/Object;)V+0
j  com.sun.jna.Function.invoke([Ljava/lang/Object;Ljava/lang/Class;Z)Ljava/lang/Object;+48
J 1129 C1 com.sun.jna.Function.invoke(Ljava/lang/Class;[Ljava/lang/Object;Ljava/util/Map;)Ljava/lang/Object; (526 bytes) @ 0x02b0c824 [0x02b0c3a0+0x484]
j  com.sun.jna.Library$Handler.invoke(Ljava/lang/Object;Ljava/lang/reflect/Method;[Ljava/lang/Object;)Ljava/lang/Object;+341
j  com.sun.proxy.$Proxy0.libvlc_media_player_stop(Luk/co/caprica/vlcj/binding/internal/libvlc_media_player_t;)V+16
j  uk.co.caprica.vlcj.player.DefaultMediaPlayer.stop()V+19
j  com.sadoksync.sadoksync.StreamThread.stopMedia()V+47
j  com.sadoksync.sadoksync.StreamThread.kill()V+9
j  com.sadoksync.sadoksync.StreamThreadManager.killStream()V+27
j  com.sadoksync.sadoksync.StreamThreadManager.stop()V+1
j  com.sadoksync.sadoksync.Client.ButtonStopActionPerformed(Ljava/awt/event/ActionEvent;)V+35
j  com.sadoksync.sadoksync.Client.access$700(Lcom/sadoksync/sadoksync/Client;Ljava/awt/event/ActionEvent;)V+2
j  com.sadoksync.sadoksync.Client$5.actionPerformed(Ljava/awt/event/ActionEvent;)V+5
j  javax.swing.AbstractButton.fireActionPerformed(Ljava/awt/event/ActionEvent;)V+83
j  javax.swing.AbstractButton$Handler.actionPerformed(Ljava/awt/event/ActionEvent;)V+5
j  javax.swing.DefaultButtonModel.fireActionPerformed(Ljava/awt/event/ActionEvent;)V+34
j  javax.swing.DefaultButtonModel.setPressed(Z)V+117
j  javax.swing.plaf.basic.BasicButtonListener.mouseReleased(Ljava/awt/event/MouseEvent;)V+35
j  java.awt.Component.processMouseEvent(Ljava/awt/event/MouseEvent;)V+64
j  javax.swing.JComponent.processMouseEvent(Ljava/awt/event/MouseEvent;)V+23
j  java.awt.Component.processEvent(Ljava/awt/AWTEvent;)V+81
j  java.awt.Container.processEvent(Ljava/awt/AWTEvent;)V+18
J 1377 C1 java.awt.Component.dispatchEventImpl(Ljava/awt/AWTEvent;)V (883 bytes) @ 0x02b770ac [0x02b760a0+0x100c]
J 776 C1 java.awt.Container.dispatchEventImpl(Ljava/awt/AWTEvent;)V (129 bytes) @ 0x02a7f87c [0x02a7f820+0x5c]
J 592 C1 java.awt.LightweightDispatcher.retargetMouseEvent(Ljava/awt/Component;ILjava/awt/event/MouseEvent;)V (350 bytes) @ 0x02a3f4ac [0x02a3ee70+0x63c]
J 1256 C1 java.awt.LightweightDispatcher.processMouseEvent(Ljava/awt/event/MouseEvent;)Z (301 bytes) @ 0x02b4be90 [0x02b4bae0+0x3b0]
J 1204 C1 java.awt.LightweightDispatcher.dispatchEvent(Ljava/awt/AWTEvent;)Z (73 bytes) @ 0x02b39f1c [0x02b39e30+0xec]
J 776 C1 java.awt.Container.dispatchEventImpl(Ljava/awt/AWTEvent;)V (129 bytes) @ 0x02a7f860 [0x02a7f820+0x40]
J 1402 C1 java.awt.Window.dispatchEventImpl(Ljava/awt/AWTEvent;)V (23 bytes) @ 0x02b82b88 [0x02b82a80+0x108]
J 724 C1 java.awt.EventQueue.dispatchEventImpl(Ljava/awt/AWTEvent;Ljava/lang/Object;)V (149 bytes) @ 0x02a6d51c [0x02a6d0d0+0x44c]
J 864 C1 java.awt.EventQueue$3.run()Ljava/lang/Void; (60 bytes) @ 0x02a96f1c [0x02a96ec0+0x5c]
J 863 C1 java.awt.EventQueue$3.run()Ljava/lang/Object; (5 bytes) @ 0x02a96ca0 [0x02a96c80+0x20]
v  ~StubRoutines::call_stub
J 588  java.security.AccessController.doPrivileged(Ljava/security/PrivilegedAction;Ljava/security/AccessControlContext;)Ljava/lang/Object; (0 bytes) @ 0x02a3e4c7 [0x02a3e460+0x67]
J 605 C1 java.security.ProtectionDomain$1.doIntersectionPrivilege(Ljava/security/PrivilegedAction;Ljava/security/AccessControlContext;Ljava/security/AccessControlContext;)Ljava/lang/Object; (32 bytes) @ 0x02a42294 [0x02a421f0+0xa4]
J 1233 C1 java.awt.EventQueue$4.run()Ljava/lang/Object; (5 bytes) @ 0x02b4396c [0x02b438b0+0xbc]
v  ~StubRoutines::call_stub
J 588  java.security.AccessController.doPrivileged(Ljava/security/PrivilegedAction;Ljava/security/AccessControlContext;)Ljava/lang/Object; (0 bytes) @ 0x02a3e4c7 [0x02a3e460+0x67]
J 719 C1 java.awt.EventQueue.dispatchEvent(Ljava/awt/AWTEvent;)V (80 bytes) @ 0x02a6bd34 [0x02a6ba80+0x2b4]
J 585 C1 java.awt.EventDispatchThread.pumpOneEventForFilters(I)V (295 bytes) @ 0x02a3be54 [0x02a3b7c0+0x694]
j  java.awt.EventDispatchThread.pumpEventsForFilter(ILjava/awt/Conditional;Ljava/awt/EventFilter;)V+35
j  java.awt.EventDispatchThread.pumpEventsForHierarchy(ILjava/awt/Conditional;Ljava/awt/Component;)V+11
j  java.awt.EventDispatchThread.pumpEvents(ILjava/awt/Conditional;)V+4
j  java.awt.EventDispatchThread.pumpEvents(Ljava/awt/Conditional;)V+3
j  java.awt.EventDispatchThread.run()V+9
v  ~StubRoutines::call_stub

---------------  P R O C E S S  ---------------

Java Threads: ( => current thread )
  0x161ab400 JavaThread "Thread-1319" [_thread_in_native_trans, id=3704, stack(0x15cf0000,0x15d40000)]
  0x161ac400 JavaThread "pool-7-thread-1" [_thread_blocked, id=2336, stack(0x19d80000,0x19dd0000)]
  0x161acc00 JavaThread "pool-1-thread-9" [_thread_blocked, id=7924, stack(0x16d90000,0x16de0000)]
  0x161ad800 JavaThread "pool-1-thread-8" [_thread_blocked, id=7928, stack(0x185e0000,0x18630000)]
  0x161aac00 JavaThread "pool-1-thread-7" [_thread_blocked, id=5132, stack(0x18550000,0x185a0000)]
  0x161aa400 JavaThread "pool-1-thread-6" [_thread_blocked, id=5980, stack(0x184c0000,0x18510000)]
  0x161aa000 JavaThread "pool-1-thread-5" [_thread_blocked, id=5244, stack(0x18430000,0x18480000)]
  0x161ad000 JavaThread "pool-1-thread-4" [_thread_blocked, id=5568, stack(0x17970000,0x179c0000)]
  0x161ab800 JavaThread "pool-1-thread-3" [_thread_blocked, id=6424, stack(0x178e0000,0x17930000)]
  0x1631b800 JavaThread "TimerQueue" daemon [_thread_blocked, id=5484, stack(0x17850000,0x178a0000)]
  0x028cd000 JavaThread "DestroyJavaVM" [_thread_blocked, id=4252, stack(0x00c40000,0x00c90000)]
  0x16085000 JavaThread "Swing-Shell" daemon [_thread_blocked, id=6956, stack(0x16e40000,0x16e90000)]
=>0x15fd3800 JavaThread "AWT-EventQueue-0" [_thread_in_native, id=1152, stack(0x15a80000,0x15ad0000)]
  0x14fe2400 JavaThread "AWT-Windows" daemon [_thread_in_native, id=3100, stack(0x159f0000,0x15a40000)]
  0x14fdfc00 JavaThread "AWT-Shutdown" [_thread_blocked, id=7460, stack(0x15960000,0x159b0000)]
  0x14fdf000 JavaThread "Java2D Disposer" daemon [_thread_blocked, id=6140, stack(0x158d0000,0x15920000)]
  0x14f19c00 JavaThread "pool-1-thread-2" [_thread_in_native, id=2776, stack(0x15370000,0x153c0000)]
  0x14f19400 JavaThread "pool-1-thread-1" [_thread_in_native, id=1848, stack(0x152e0000,0x15330000)]
  0x14ea9c00 JavaThread "Service Thread" daemon [_thread_blocked, id=7304, stack(0x151c0000,0x15210000)]
  0x14e8f800 JavaThread "C1 CompilerThread0" daemon [_thread_in_native, id=5372, stack(0x15130000,0x15180000)]
  0x14e8dc00 JavaThread "Attach Listener" daemon [_thread_blocked, id=8256, stack(0x150a0000,0x150f0000)]
  0x14e8c000 JavaThread "Signal Dispatcher" daemon [_thread_blocked, id=7776, stack(0x049b0000,0x04a00000)]
  0x14e67000 JavaThread "Finalizer" daemon [_thread_blocked, id=7904, stack(0x04920000,0x04970000)]
  0x14e62400 JavaThread "Reference Handler" daemon [_thread_blocked, id=32, stack(0x048d0000,0x04920000)]

Other Threads:
  0x0266dc00 VMThread [stack: 0x02670000,0x026c0000] [id=7080]
  0x14eadc00 WatcherThread [stack: 0x15250000,0x152a0000] [id=6884]

VM state:not at safepoint (normal execution)

VM Mutex/Monitor currently owned by a thread: None

Heap:
 def new generation   total 5952K, used 3631K [0x04a00000, 0x05070000, 0x09f50000)
  eden space 5312K,  65% used [0x04a00000, 0x04d6bea0, 0x04f30000)
  from space 640K,  22% used [0x04f30000, 0x04f53df8, 0x04fd0000)
  to   space 640K,   0% used [0x04fd0000, 0x04fd0000, 0x05070000)
 tenured generation   total 13048K, used 12960K [0x09f50000, 0x0ac0e000, 0x14a00000)
   the space 13048K,  99% used [0x09f50000, 0x0abf8330, 0x0abf8400, 0x0ac0e000)
 Metaspace       used 11411K, capacity 11626K, committed 11776K, reserved 12672K

Card table byte_map: [0x02750000,0x027e0000] byte_map_base: 0x0272b000

Polling page: 0x00bc0000

CodeCache: size=32768Kb used=2768Kb max_used=2768Kb free=29999Kb
 bounds [0x028d0000, 0x02b88000, 0x048d0000]
 total_blobs=1647 nmethods=1392 adapters=184
 compilation: enabled

Compilation events (10 events):
Event: 173.889 Thread 0x14e8f800 1402             java.awt.Window::dispatchEventImpl (23 bytes)
Event: 173.894 Thread 0x14e8f800 nmethod 1402 0x02b82948 code [0x02b82a80, 0x02b82c20]
Event: 173.944 Thread 0x14e8f800 1403             javax.swing.Timer::timerQueue (4 bytes)
Event: 173.944 Thread 0x14e8f800 nmethod 1403 0x02b82d48 code [0x02b82e40, 0x02b82ecc]
Event: 173.953 Thread 0x14e8f800 1404             java.util.PriorityQueue::siftUpComparable (61 bytes)
Event: 173.954 Thread 0x14e8f800 nmethod 1404 0x02b82f48 code [0x02b83070, 0x02b832dc]
Event: 174.612 Thread 0x14e8f800 1405             javax.swing.plaf.nimbus.NimbusDefaults$LazyStyle::matches (229 bytes)
Event: 174.614 Thread 0x14e8f800 nmethod 1405 0x02b835c8 code [0x02b837a0, 0x02b83c50]
Event: 174.614 Thread 0x14e8f800 1406             java.awt.Container::checkAddToSelf (37 bytes)
Event: 174.615 Thread 0x14e8f800 nmethod 1406 0x02b843c8 code [0x02b844d0, 0x02b8460c]

GC Heap History (10 events):
Event: 162.904 GC heap before
{Heap before GC invocations=39 (full 2):
 def new generation   total 5952K, used 5403K [0x04a00000, 0x05070000, 0x09f50000)
  eden space 5312K, 100% used [0x04a00000, 0x04f30000, 0x04f30000)
  from space 640K,  14% used [0x04fd0000, 0x04fe6f48, 0x05070000)
  to   space 640K,   0% used [0x04f30000, 0x04f30000, 0x04fd0000)
 tenured generation   total 13048K, used 12960K [0x09f50000, 0x0ac0e000, 0x14a00000)
   the space 13048K,  99% used [0x09f50000, 0x0abf8330, 0x0abf8400, 0x0ac0e000)
 Metaspace       used 11409K, capacity 11626K, committed 11776K, reserved 12672K
Event: 162.908 GC heap after
Heap after GC invocations=40 (full 2):
 def new generation   total 5952K, used 88K [0x04a00000, 0x05070000, 0x09f50000)
  eden space 5312K,   0% used [0x04a00000, 0x04a00000, 0x04f30000)
  from space 640K,  13% used [0x04f30000, 0x04f463d0, 0x04fd0000)
  to   space 640K,   0% used [0x04fd0000, 0x04fd0000, 0x05070000)
 tenured generation   total 13048K, used 12960K [0x09f50000, 0x0ac0e000, 0x14a00000)
   the space 13048K,  99% used [0x09f50000, 0x0abf8330, 0x0abf8400, 0x0ac0e000)
 Metaspace       used 11409K, capacity 11626K, committed 11776K, reserved 12672K
}
Event: 164.949 GC heap before
{Heap before GC invocations=40 (full 2):
 def new generation   total 5952K, used 5400K [0x04a00000, 0x05070000, 0x09f50000)
  eden space 5312K, 100% used [0x04a00000, 0x04f30000, 0x04f30000)
  from space 640K,  13% used [0x04f30000, 0x04f463d0, 0x04fd0000)
  to   space 640K,   0% used [0x04fd0000, 0x04fd0000, 0x05070000)
 tenured generation   total 13048K, used 12960K [0x09f50000, 0x0ac0e000, 0x14a00000)
   the space 13048K,  99% used [0x09f50000, 0x0abf8330, 0x0abf8400, 0x0ac0e000)
 Metaspace       used 11409K, capacity 11626K, committed 11776K, reserved 12672K
Event: 164.953 GC heap after
Heap after GC invocations=41 (full 2):
 def new generation   total 5952K, used 115K [0x04a00000, 0x05070000, 0x09f50000)
  eden space 5312K,   0% used [0x04a00000, 0x04a00000, 0x04f30000)
  from space 640K,  18% used [0x04fd0000, 0x04fecd28, 0x05070000)
  to   space 640K,   0% used [0x04f30000, 0x04f30000, 0x04fd0000)
 tenured generation   total 13048K, used 12960K [0x09f50000, 0x0ac0e000, 0x14a00000)
   the space 13048K,  99% used [0x09f50000, 0x0abf8330, 0x0abf8400, 0x0ac0e000)
 Metaspace       used 11409K, capacity 11626K, committed 11776K, reserved 12672K
}
Event: 168.013 GC heap before
{Heap before GC invocations=41 (full 2):
 def new generation   total 5952K, used 5427K [0x04a00000, 0x05070000, 0x09f50000)
  eden space 5312K, 100% used [0x04a00000, 0x04f30000, 0x04f30000)
  from space 640K,  18% used [0x04fd0000, 0x04fecd28, 0x05070000)
  to   space 640K,   0% used [0x04f30000, 0x04f30000, 0x04fd0000)
 tenured generation   total 13048K, used 12960K [0x09f50000, 0x0ac0e000, 0x14a00000)
   the space 13048K,  99% used [0x09f50000, 0x0abf8330, 0x0abf8400, 0x0ac0e000)
 Metaspace       used 11410K, capacity 11626K, committed 11776K, reserved 12672K
Event: 168.018 GC heap after
Heap after GC invocations=42 (full 2):
 def new generation   total 5952K, used 151K [0x04a00000, 0x05070000, 0x09f50000)
  eden space 5312K,   0% used [0x04a00000, 0x04a00000, 0x04f30000)
  from space 640K,  23% used [0x04f30000, 0x04f55e30, 0x04fd0000)
  to   space 640K,   0% used [0x04fd0000, 0x04fd0000, 0x05070000)
 tenured generation   total 13048K, used 12960K [0x09f50000, 0x0ac0e000, 0x14a00000)
   the space 13048K,  99% used [0x09f50000, 0x0abf8330, 0x0abf8400, 0x0ac0e000)
 Metaspace       used 11410K, capacity 11626K, committed 11776K, reserved 12672K
}
Event: 172.154 GC heap before
{Heap before GC invocations=42 (full 2):
 def new generation   total 5952K, used 5463K [0x04a00000, 0x05070000, 0x09f50000)
  eden space 5312K, 100% used [0x04a00000, 0x04f30000, 0x04f30000)
  from space 640K,  23% used [0x04f30000, 0x04f55e30, 0x04fd0000)
  to   space 640K,   0% used [0x04fd0000, 0x04fd0000, 0x05070000)
 tenured generation   total 13048K, used 12960K [0x09f50000, 0x0ac0e000, 0x14a00000)
   the space 13048K,  99% used [0x09f50000, 0x0abf8330, 0x0abf8400, 0x0ac0e000)
 Metaspace       used 11410K, capacity 11626K, committed 11776K, reserved 12672K
Event: 172.156 GC heap after
Heap after GC invocations=43 (full 2):
 def new generation   total 5952K, used 176K [0x04a00000, 0x05070000, 0x09f50000)
  eden space 5312K,   0% used [0x04a00000, 0x04a00000, 0x04f30000)
  from space 640K,  27% used [0x04fd0000, 0x04ffc078, 0x05070000)
  to   space 640K,   0% used [0x04f30000, 0x04f30000, 0x04fd0000)
 tenured generation   total 13048K, used 12960K [0x09f50000, 0x0ac0e000, 0x14a00000)
   the space 13048K,  99% used [0x09f50000, 0x0abf8330, 0x0abf8400, 0x0ac0e000)
 Metaspace       used 11410K, capacity 11626K, committed 11776K, reserved 12672K
}
Event: 173.890 GC heap before
{Heap before GC invocations=43 (full 2):
 def new generation   total 5952K, used 5488K [0x04a00000, 0x05070000, 0x09f50000)
  eden space 5312K, 100% used [0x04a00000, 0x04f30000, 0x04f30000)
  from space 640K,  27% used [0x04fd0000, 0x04ffc078, 0x05070000)
  to   space 640K,   0% used [0x04f30000, 0x04f30000, 0x04fd0000)
 tenured generation   total 13048K, used 12960K [0x09f50000, 0x0ac0e000, 0x14a00000)
   the space 13048K,  99% used [0x09f50000, 0x0abf8330, 0x0abf8400, 0x0ac0e000)
 Metaspace       used 11410K, capacity 11626K, committed 11776K, reserved 12672K
Event: 173.894 GC heap after
Heap after GC invocations=44 (full 2):
 def new generation   total 5952K, used 143K [0x04a00000, 0x05070000, 0x09f50000)
  eden space 5312K,   0% used [0x04a00000, 0x04a00000, 0x04f30000)
  from space 640K,  22% used [0x04f30000, 0x04f53df8, 0x04fd0000)
  to   space 640K,   0% used [0x04fd0000, 0x04fd0000, 0x05070000)
 tenured generation   total 13048K, used 12960K [0x09f50000, 0x0ac0e000, 0x14a00000)
   the space 13048K,  99% used [0x09f50000, 0x0abf8330, 0x0abf8400, 0x0ac0e000)
 Metaspace       used 11410K, capacity 11626K, committed 11776K, reserved 12672K
}

Deoptimization events (0 events):
No events

Internal exceptions (10 events):
Event: 2.051 Thread 0x1603f800 Exception <a 'java/security/PrivilegedActionException'> (0x04cd3710) thrown at [C:\re\workspace\8-2-build-windows-i586-cygwin\jdk8u45\3457\hotspot\src\share\vm\prims\jvm.cpp, line 1382]
Event: 2.963 Thread 0x028cd000 Exception <a 'java/lang/NoClassDefFoundError': org/slf4j/impl/StaticLoggerBinder> (0x04a90508) thrown at [C:\re\workspace\8-2-build-windows-i586-cygwin\jdk8u45\3457\hotspot\src\share\vm\classfile\systemDictionary.cpp, line 199]
Event: 2.976 Thread 0x028cd000 Exception <a 'java/lang/NullPointerException'> (0x04bf9f20) thrown at [C:\re\workspace\8-2-build-windows-i586-cygwin\jdk8u45\3457\hotspot\src\share\vm\interpreter\linkResolver.cpp, line 1178]
Event: 2.977 Thread 0x028cd000 Exception <a 'java/lang/UnsatisfiedLinkError': Det går inte att hitta den angivna modulen.
> (0x04bfa388) thrown at [C:\re\workspace\8-2-build-windows-i586-cygwin\jdk8u45\3457\hotspot\src\share\vm\prims\jni.cpp, line 735]
Event: 2.978 Thread 0x028cd000 Exception <a 'java/lang/UnsatisfiedLinkError': Det går inte att hitta den angivna modulen.
> (0x04bfa648) thrown at [C:\re\workspace\8-2-build-windows-i586-cygwin\jdk8u45\3457\hotspot\src\share\vm\prims\jni.cpp, line 735]
Event: 2.979 Thread 0x028cd000 Exception <a 'java/lang/UnsatisfiedLinkError': Det går inte att hitta den angivna modulen.
> (0x04bfa980) thrown at [C:\re\workspace\8-2-build-windows-i586-cygwin\jdk8u45\3457\hotspot\src\share\vm\prims\jni.cpp, line 735]
Event: 2.979 Thread 0x028cd000 Exception <a 'java/lang/UnsatisfiedLinkError'> (0x04bfd190) thrown at [C:\re\workspace\8-2-build-windows-i586-cygwin\jdk8u45\3457\hotspot\src\share\vm\oops\instanceKlass.cpp, line 938]
Event: 2.992 Thread 0x028cd000 Exception <a 'java/lang/NullPointerException'> (0x04d7ef70) thrown at [C:\re\workspace\8-2-build-windows-i586-cygwin\jdk8u45\3457\hotspot\src\share\vm\interpreter\linkResolver.cpp, line 1178]
Event: 9.860 Thread 0x161ab800 Exception <a 'java/lang/NoSuchMethodError': <clinit>> (0x04bafb08) thrown at [C:\re\workspace\8-2-build-windows-i586-cygwin\jdk8u45\3457\hotspot\src\share\vm\prims\jni.cpp, line 1598]
Event: 10.609 Thread 0x161aa000 Exception <a 'java/lang/NoSuchMethodError': <clinit>> (0x04c020d8) thrown at [C:\re\workspace\8-2-build-windows-i586-cygwin\jdk8u45\3457\hotspot\src\share\vm\prims\jni.cpp, line 1598]

Events (10 events):
Event: 175.933 Thread 0x161ab400 Thread added: 0x161ab400
Event: 175.934 Thread 0x161ab400 Thread exited: 0x161ab400
Event: 176.041 Thread 0x161ab400 Thread added: 0x161ab400
Event: 176.042 Thread 0x161ab400 Thread exited: 0x161ab400
Event: 176.042 Thread 0x161ab400 Thread added: 0x161ab400
Event: 176.043 Thread 0x161ab400 Thread exited: 0x161ab400
Event: 176.050 loading class uk/co/caprica/vlcj/player/events/MediaPlayerStoppedEvent
Event: 176.050 loading class uk/co/caprica/vlcj/player/events/MediaPlayerStoppedEvent done
Event: 176.072 Executing VM operation: RevokeBias
Event: 176.072 Executing VM operation: RevokeBias done


Dynamic libraries:
0x00cd0000 - 0x00d03000 	C:\Program Files (x86)\Java\jdk1.8.0_45\bin\java.exe
0x77b90000 - 0x77cfe000 	C:\WINDOWS\SYSTEM32\ntdll.dll
0x75500000 - 0x75640000 	C:\WINDOWS\SYSTEM32\KERNEL32.DLL
0x77900000 - 0x779d7000 	C:\WINDOWS\SYSTEM32\KERNELBASE.dll
0x72dd0000 - 0x72e70000 	C:\WINDOWS\system32\apphelp.dll
0x5c1a0000 - 0x5c405000 	C:\WINDOWS\AppPatch\AcGenral.DLL
0x77560000 - 0x77623000 	C:\WINDOWS\SYSTEM32\msvcrt.dll
0x778b0000 - 0x778f1000 	C:\WINDOWS\SYSTEM32\sechost.dll
0x75390000 - 0x753ae000 	C:\WINDOWS\SYSTEM32\SspiCli.dll
0x77510000 - 0x77555000 	C:\WINDOWS\SYSTEM32\SHLWAPI.dll
0x74f30000 - 0x7501d000 	C:\WINDOWS\SYSTEM32\UxTheme.dll
0x75870000 - 0x759c3000 	C:\WINDOWS\SYSTEM32\USER32.dll
0x759d0000 - 0x75ade000 	C:\WINDOWS\SYSTEM32\GDI32.dll
0x74c60000 - 0x74c83000 	C:\WINDOWS\SYSTEM32\WINMM.dll
0x73ad0000 - 0x73ae3000 	C:\WINDOWS\SYSTEM32\samcli.dll
0x75e70000 - 0x75f98000 	C:\WINDOWS\SYSTEM32\ole32.dll
0x75460000 - 0x754f5000 	C:\WINDOWS\SYSTEM32\OLEAUT32.dll
0x71160000 - 0x71177000 	C:\WINDOWS\SYSTEM32\MSACM32.dll
0x75100000 - 0x75108000 	C:\WINDOWS\SYSTEM32\VERSION.dll
0x76060000 - 0x7730c000 	C:\WINDOWS\SYSTEM32\SHELL32.dll
0x75150000 - 0x7516b000 	C:\WINDOWS\SYSTEM32\USERENV.dll
0x74c40000 - 0x74c5a000 	C:\WINDOWS\SYSTEM32\dwmapi.dll
0x74a00000 - 0x74b4b000 	C:\WINDOWS\SYSTEM32\urlmon.dll
0x757f0000 - 0x7586c000 	C:\WINDOWS\SYSTEM32\ADVAPI32.dll
0x74990000 - 0x749f5000 	C:\WINDOWS\SYSTEM32\WINSPOOL.DRV
0x70ef0000 - 0x70f06000 	C:\WINDOWS\SYSTEM32\MPR.dll
0x75fa0000 - 0x7605a000 	C:\WINDOWS\SYSTEM32\RPCRT4.dll
0x75380000 - 0x7538a000 	C:\WINDOWS\SYSTEM32\CRYPTBASE.dll
0x75cf0000 - 0x75e6d000 	C:\WINDOWS\SYSTEM32\combase.dll
0x74380000 - 0x743a3000 	C:\WINDOWS\SYSTEM32\WINMMBASE.dll
0x750f0000 - 0x750ff000 	C:\WINDOWS\SYSTEM32\profapi.dll
0x74590000 - 0x747c2000 	C:\WINDOWS\SYSTEM32\iertutil.dll
0x743b0000 - 0x74585000 	C:\WINDOWS\SYSTEM32\WININET.dll
0x75320000 - 0x75374000 	C:\WINDOWS\SYSTEM32\bcryptPrimitives.dll
0x777a0000 - 0x777dc000 	C:\WINDOWS\SYSTEM32\cfgmgr32.dll
0x74bb0000 - 0x74bd1000 	C:\WINDOWS\SYSTEM32\DEVOBJ.dll
0x742c0000 - 0x7434b000 	C:\WINDOWS\SYSTEM32\SHCORE.DLL
0x77880000 - 0x778a7000 	C:\WINDOWS\system32\IMM32.DLL
0x77390000 - 0x774a2000 	C:\WINDOWS\SYSTEM32\MSCTF.dll
0x737d0000 - 0x739d6000 	C:\WINDOWS\WinSxS\x86_microsoft.windows.common-controls_6595b64144ccf1df_6.0.9600.17415_none_a9ed7f470139b3c1\COMCTL32.dll
0x665f0000 - 0x666af000 	C:\Program Files (x86)\Java\jdk1.8.0_45\jre\bin\msvcr100.dll
0x5b820000 - 0x5bbe0000 	C:\Program Files (x86)\Java\jdk1.8.0_45\jre\bin\client\jvm.dll
0x73ac0000 - 0x73ac8000 	C:\WINDOWS\SYSTEM32\WSOCK32.dll
0x757d0000 - 0x757d6000 	C:\WINDOWS\SYSTEM32\PSAPI.DLL
0x75ae0000 - 0x75b30000 	C:\WINDOWS\SYSTEM32\WS2_32.dll
0x75450000 - 0x75457000 	C:\WINDOWS\SYSTEM32\NSI.dll
0x71460000 - 0x7146c000 	C:\Program Files (x86)\Java\jdk1.8.0_45\jre\bin\verify.dll
0x703b0000 - 0x703d1000 	C:\Program Files (x86)\Java\jdk1.8.0_45\jre\bin\java.dll
0x6ccc0000 - 0x6ccd3000 	C:\Program Files (x86)\Java\jdk1.8.0_45\jre\bin\zip.dll
0x6cca0000 - 0x6ccb5000 	C:\Program Files (x86)\Java\jdk1.8.0_45\jre\bin\net.dll
0x74db0000 - 0x74dfb000 	C:\WINDOWS\system32\mswsock.dll
0x641d0000 - 0x64315000 	C:\Program Files (x86)\Java\jdk1.8.0_45\jre\bin\awt.dll
0x750e0000 - 0x750e9000 	C:\WINDOWS\SYSTEM32\kernel.appcore.dll
0x6bf40000 - 0x6bf79000 	C:\Program Files (x86)\Java\jdk1.8.0_45\jre\bin\fontmanager.dll
0x70ee0000 - 0x70eef000 	C:\Program Files (x86)\Java\jdk1.8.0_45\jre\bin\nio.dll
0x6bf10000 - 0x6bf40000 	C:\Program Files (x86)\Java\jdk1.8.0_45\jre\bin\t2k.dll
0x72e80000 - 0x72ea0000 	C:\WINDOWS\SYSTEM32\IPHLPAPI.DLL
0x72e70000 - 0x72e78000 	C:\WINDOWS\SYSTEM32\WINNSI.DLL
0x70390000 - 0x703a3000 	C:\WINDOWS\SYSTEM32\dhcpcsvc6.DLL
0x70370000 - 0x70384000 	C:\WINDOWS\SYSTEM32\dhcpcsvc.DLL
0x77a30000 - 0x77abd000 	C:\WINDOWS\SYSTEM32\clbcatq.dll
0x703e0000 - 0x7054b000 	C:\WINDOWS\SYSTEM32\WindowsCodecs.dll
0x75070000 - 0x75089000 	C:\WINDOWS\SYSTEM32\CRYPTSP.dll
0x75040000 - 0x75070000 	C:\WINDOWS\system32\rsaenh.dll
0x75020000 - 0x7503e000 	C:\WINDOWS\SYSTEM32\bcrypt.dll
0x741f0000 - 0x74279000 	C:\WINDOWS\WinSxS\x86_microsoft.windows.common-controls_6595b64144ccf1df_5.82.9600.17415_none_7c5769eaaa0aa358\comctl32.dll
0x75b30000 - 0x75ce1000 	C:\WINDOWS\SYSTEM32\SETUPAPI.dll
0x71470000 - 0x715aa000 	C:\WINDOWS\system32\propsys.dll
0x5c000000 - 0x5c19a000 	C:\WINDOWS\system32\NetworkExplorer.dll
0x6a3e0000 - 0x6a403000 	C:\Windows\SYSTEM32\thumbcache.dll
0x70830000 - 0x70839000 	C:\WINDOWS\System32\drprov.dll
0x75090000 - 0x750d5000 	C:\WINDOWS\System32\WINSTA.dll
0x6bed0000 - 0x6bee2000 	C:\WINDOWS\System32\ntlanman.dll
0x69fd0000 - 0x69fea000 	C:\WINDOWS\System32\davclnt.dll
0x6cc90000 - 0x6cc9a000 	C:\WINDOWS\System32\DAVHLPR.dll
0x71b20000 - 0x71b31000 	C:\WINDOWS\System32\wkscli.dll
0x73440000 - 0x7344f000 	C:\WINDOWS\SYSTEM32\cscapi.dll
0x73610000 - 0x7361a000 	C:\WINDOWS\System32\netutils.dll
0x6c950000 - 0x6c9be000 	C:\Windows\SYSTEM32\dlnashext.dll
0x665b0000 - 0x665e9000 	C:\Windows\System32\PlayToDevice.dll
0x73560000 - 0x7357a000 	C:\Windows\System32\DevDispItemProvider.dll
0x6c910000 - 0x6c947000 	C:\WINDOWS\System32\netprofm.dll
0x73a00000 - 0x73a09000 	C:\WINDOWS\System32\npmproxy.dll
0x5f9b0000 - 0x5fab3000 	C:\Windows\SYSTEM32\actxprxy.dll
0x5b630000 - 0x5b816000 	C:\WINDOWS\system32\wpdshext.dll
0x747d0000 - 0x74940000 	C:\WINDOWS\WinSxS\x86_microsoft.windows.gdiplus_6595b64144ccf1df_1.1.9600.17415_none_dad8722c5bcc2d8f\gdiplus.dll
0x5bf70000 - 0x5c000000 	C:\Windows\SYSTEM32\PortableDeviceApi.dll
0x779f0000 - 0x77a2d000 	C:\WINDOWS\SYSTEM32\WINTRUST.dll
0x75640000 - 0x757c8000 	C:\WINDOWS\SYSTEM32\CRYPT32.dll
0x753b0000 - 0x753be000 	C:\WINDOWS\SYSTEM32\MSASN1.dll
0x668f0000 - 0x6691d000 	C:\Windows\SYSTEM32\PortableDeviceTypes.dll
0x66570000 - 0x665b0000 	C:\WINDOWS\system32\audiodev.dll
0x5aaf0000 - 0x5ad81000 	C:\WINDOWS\system32\WMVCore.DLL
0x64480000 - 0x644bd000 	C:\WINDOWS\system32\WMASF.DLL
0x73640000 - 0x7364b000 	C:\WINDOWS\SYSTEM32\LINKINFO.dll
0x17620000 - 0x1765d000 	C:\Users\Pontus\AppData\Local\Temp\jna-Pontus\jna5185844837356369212.dll
0x66540000 - 0x66569000 	C:\Users\Pontus\Documents\NetBeansProjects\sadoksync\Client\SadokSync\target\classes\VLC\libvlc.dll
0x5a860000 - 0x5aae9000 	C:\Users\Pontus\Documents\NetBeansProjects\sadoksync\Client\SadokSync\target\classes\VLC\libvlccore.dll
0x5bee0000 - 0x5bf6d000 	C:\Users\Pontus\Documents\NetBeansProjects\sadoksync\Client\SadokSync\target\classes\VLC\plugins\access\libdshow_plugin.dll
0x69fb0000 - 0x69fc1000 	C:\Users\Pontus\Documents\NetBeansProjects\sadoksync\Client\SadokSync\target\classes\VLC\plugins\audio_output\libdirectsound_plugin.dll
0x64380000 - 0x64391000 	C:\Users\Pontus\Documents\NetBeansProjects\sadoksync\Client\SadokSync\target\classes\VLC\plugins\audio_output\libwaveout_plugin.dll
0x60920000 - 0x6093d000 	C:\Users\Pontus\Documents\NetBeansProjects\sadoksync\Client\SadokSync\target\classes\VLC\plugins\video_output\libdirect3d_plugin.dll
0x60900000 - 0x6091a000 	C:\Users\Pontus\Documents\NetBeansProjects\sadoksync\Client\SadokSync\target\classes\VLC\plugins\video_output\libdirectdraw_plugin.dll
0x5be50000 - 0x5bed1000 	C:\WINDOWS\SYSTEM32\DSOUND.DLL
0x75110000 - 0x75150000 	C:\WINDOWS\SYSTEM32\POWRPROF.dll
0x73690000 - 0x736e3000 	C:\WINDOWS\System32\MMDevApi.dll
0x5f980000 - 0x5f9a4000 	C:\Program Files (x86)\Java\jdk1.8.0_45\jre\bin\dcpr.dll
0x74d30000 - 0x74dae000 	C:\WINDOWS\SYSTEM32\DNSAPI.dll
0x74d20000 - 0x74d28000 	C:\Windows\System32\rasadhlp.dll
0x74cd0000 - 0x74d16000 	C:\WINDOWS\System32\fwpuclnt.dll
0x5a800000 - 0x5a858000 	C:\Users\Pontus\Documents\NetBeansProjects\sadoksync\Client\SadokSync\target\classes\VLC\plugins\lua\liblua_plugin.dll
0x5be30000 - 0x5be4d000 	C:\Users\Pontus\Documents\NetBeansProjects\sadoksync\Client\SadokSync\target\classes\VLC\plugins\access\libvdr_plugin.dll
0x5b610000 - 0x5b625000 	C:\Users\Pontus\Documents\NetBeansProjects\sadoksync\Client\SadokSync\target\classes\VLC\plugins\access\libfilesystem_plugin.dll
0x5b5f0000 - 0x5b608000 	C:\Users\Pontus\Documents\NetBeansProjects\sadoksync\Client\SadokSync\target\classes\VLC\plugins\stream_filter\libsmooth_plugin.dll
0x5a760000 - 0x5a7f9000 	C:\Users\Pontus\Documents\NetBeansProjects\sadoksync\Client\SadokSync\target\classes\VLC\plugins\stream_filter\libhttplive_plugin.dll
0x5a740000 - 0x5a752000 	C:\Users\Pontus\Documents\NetBeansProjects\sadoksync\Client\SadokSync\target\classes\VLC\plugins\meta_engine\libfolder_plugin.dll
0x5a670000 - 0x5a733000 	C:\Users\Pontus\Documents\NetBeansProjects\sadoksync\Client\SadokSync\target\classes\VLC\plugins\stream_filter\libdash_plugin.dll
0x5a640000 - 0x5a667000 	C:\Users\Pontus\Documents\NetBeansProjects\sadoksync\Client\SadokSync\target\classes\VLC\plugins\access\libzip_plugin.dll
0x5a620000 - 0x5a634000 	C:\Users\Pontus\Documents\NetBeansProjects\sadoksync\Client\SadokSync\target\classes\VLC\plugins\access\librar_plugin.dll
0x6c9c0000 - 0x6c9cd000 	C:\Users\Pontus\Documents\NetBeansProjects\sadoksync\Client\SadokSync\target\classes\VLC\plugins\stream_filter\librecord_plugin.dll
0x5a5d0000 - 0x5a612000 	C:\Users\Pontus\Documents\NetBeansProjects\sadoksync\Client\SadokSync\target\classes\VLC\plugins\demux\libmp4_plugin.dll
0x5a5a0000 - 0x5a5c1000 	C:\Users\Pontus\Documents\NetBeansProjects\sadoksync\Client\SadokSync\target\classes\VLC\plugins\demux\libavi_plugin.dll
0x5a410000 - 0x5a595000 	C:\Users\Pontus\Documents\NetBeansProjects\sadoksync\Client\SadokSync\target\classes\VLC\plugins\meta_engine\libtaglib_plugin.dll
0x5a360000 - 0x5a403000 	C:\Users\Pontus\Documents\NetBeansProjects\sadoksync\Client\SadokSync\target\classes\VLC\plugins\stream_out\libstream_out_rtp_plugin.dll
0x5a140000 - 0x5a357000 	C:\Users\Pontus\Documents\NetBeansProjects\sadoksync\Client\SadokSync\target\classes\VLC\plugins\access\liblibbluray_plugin.dll
0x5a110000 - 0x5a132000 	C:\Users\Pontus\Documents\NetBeansProjects\sadoksync\Client\SadokSync\target\classes\VLC\plugins\access\libaccess_bd_plugin.dll
0x5a0c0000 - 0x5a103000 	C:\Users\Pontus\Documents\NetBeansProjects\sadoksync\Client\SadokSync\target\classes\VLC\plugins\access\libdvdnav_plugin.dll
0x5a060000 - 0x5a0bb000 	C:\Users\Pontus\Documents\NetBeansProjects\sadoksync\Client\SadokSync\target\classes\VLC\plugins\codec\libtheora_plugin.dll

VM Arguments:
java_command: com.sadoksync.sadoksync.Driver
java_class_path (initial): C:\Users\Pontus\Documents\NetBeansProjects\sadoksync\Client\SadokSync\target\classes;C:\Users\Pontus\.m2\repository\uk\co\caprica\vlcj\3.6.0\vlcj-3.6.0.jar;C:\Users\Pontus\.m2\repository\net\java\dev\jna\jna\3.5.2\jna-3.5.2.jar;C:\Users\Pontus\.m2\repository\net\java\dev\jna\platform\3.5.2\platform-3.5.2.jar;C:\Users\Pontus\.m2\repository\org\slf4j\slf4j-api\1.7.10\slf4j-api-1.7.10.jar;C:\Users\Pontus\.m2\repository\com\googlecode\json-simple\json-simple\1.1\json-simple-1.1.jar
Launcher Type: SUN_STANDARD

Environment Variables:
JAVA_HOME=C:\Program Files (x86)\Java\jdk1.8.0_45
CLASSPATH=C:\pontus\Proj_Elevator\elevator\lib\elevator.jar;C:\pontus\Proj_Elevator\elevator\lib\elevator_rmi.jar
PATH=C:\ProgramData\Oracle\Java\javapath;C:\Python27\Lib\site-packages\PyQt4;C:\prog\asf\apache-maven-3.2.3\bin;C:\Program Files\Java\jdk1.7.0_51\bin;C:\pontus\java;C:\Program Files (x86)\Intel\iCLS Client\;C:\Program Files\Intel\iCLS Client\;C:\WINDOWS\system32;C:\WINDOWS;C:\WINDOWS\System32\Wbem;C:\WINDOWS\System32\WindowsPowerShell\v1.0\;C:\Program Files\Intel\Intel(R) Management Engine Components\DAL;C:\Program Files\Intel\Intel(R) Management Engine Components\IPT;C:\Program Files (x86)\Intel\Intel(R) Management Engine Components\DAL;C:\Program Files (x86)\Intel\Intel(R) Management Engine Components\IPT;C:\Program Files (x86)\Intel\OpenCL SDK\2.0\bin\x86;C:\Program Files (x86)\Intel\OpenCL SDK\2.0\bin\x64;C:\Program Files\Lenovo Fingerprint Reader\;C:\Program Files\Lenovo Fingerprint Reader\x86\;C:\ProgramData\Lenovo\ReadyApps;C:\Program Files\Intel\WiFi\bin\;C:\Program Files\Common Files\Intel\WirelessCommon\;C:\cygwin64\bin;C:\Program Files (x86)\Common Files\lenovo\easyplussdk\bin;C:\lib\jblas-1.2.3\jblas-1.2.3.jar;c:\MinGW\bin;c:\MinGW\msys\1.0\bin;C:\Python27;C:\Python27\DLLs;C:\Python27\Scripts;C:\Python27\Lib\site-packages\vtk;C:\Python27\gnuplot\binary;C:\Python27\Lib\site-packages\osgeo;C:\Program Files (x86)\pythonxy\SciTE-3.3.2-3;C:\Program Files (x86)\pythonxy\console;C:\MinGW32-xy\bin;C:\Program Files (x86)\pythonxy\swig;C:\Program Files (x86)\pythonxy\gettext\bin
USERNAME=Pontus
OS=Windows_NT
PROCESSOR_IDENTIFIER=Intel64 Family 6 Model 58 Stepping 9, GenuineIntel



---------------  S Y S T E M  ---------------

OS: Windows 8.1 , 64 bit Build 9600 (6.3.9600.17415)

CPU:total 4 (2 cores per cpu, 2 threads per core) family 6 model 58 stepping 9, cmov, cx8, fxsr, mmx, sse, sse2, sse3, ssse3, sse4.1, sse4.2, popcnt, avx, clmul, erms, ht, tsc, tscinvbit, tscinv

Memory: 4k page, physical 4034788k(955884k free), swap 8796092k(4579456k free)

vm_info: Java HotSpot(TM) Client VM (25.45-b02) for windows-x86 JRE (1.8.0_45-b14), built on Apr 10 2015 10:46:40 by "java_re" with MS VC++ 10.0 (VS2010)

time: Mon May 04 15:21:21 2015
elapsed time: 176 seconds (0d 0h 2m 56s)

