#
# A fatal error has been detected by the Java Runtime Environment:
#
#  EXCEPTION_ACCESS_VIOLATION (0xc0000005) at pc=0x7798df63, pid=8132, tid=4488
#
# JRE version: Java(TM) SE Runtime Environment (8.0_45-b14) (build 1.8.0_45-b14)
# Java VM: Java HotSpot(TM) Client VM (25.45-b02 mixed mode, sharing windows-x86 )
# Problematic frame:
# C  [ntdll.dll+0x1df63]
#
# Failed to write core dump. Minidumps are not enabled by default on client versions of Windows
#
# If you would like to submit a bug report, please visit:
#   http://bugreport.java.com/bugreport/crash.jsp
# The crash happened outside the Java Virtual Machine in native code.
# See problematic frame for where to report the bug.
#

---------------  T H R E A D  ---------------

Current thread (0x00b4d400):  JavaThread "Thread-19" [_thread_in_native, id=4488, stack(0x17d20000,0x17d70000)]

siginfo: ExceptionCode=0xc0000005, writing address 0x00000014

Registers:
EAX=0x00000000, EBX=0x00000aac, ECX=0xfffffffc, EDX=0x00000000
ESP=0x17d6d7a8, EBP=0x17d6d808, ESI=0x16e9ce88, EDI=0x00000000
EIP=0x7798df63, EFLAGS=0x00010213

Top of Stack: (sp=0x17d6d7a8)
0x17d6d7a8:   00000000 16e9ce8c 16e9ce88 00000000
0x17d6d7b8:   16e9ce88 00000000 7ed58000 00000000
0x17d6d7c8:   00000000 00000000 1753dce0 048b7cf8
0x17d6d7d8:   1518f1a0 17d6dca0 5887752e 7a658bd3
0x17d6d7e8:   fffffffe 17d6d7fc 585c6ef4 00b40100
0x17d6d7f8:   17d6dc34 17d6d81c 17d6d7d4 1a0fd7b6
0x17d6d808:   17d6d834 7798de0b 17d6df80 16e9cdf0
0x17d6d818:   16e9ce84 00000000 16e9ce88 00000001 

Instructions: (pc=0x7798df63)
0x7798df43:   c2 f0 0f b1 0e 8b 75 b0 3b c2 0f 85 cf 5e fe ff
0x7798df53:   83 65 c0 00 33 c0 89 45 c4 8b 06 83 f8 ff 74 03
0x7798df63:   ff 40 14 b8 82 03 fe 7f 8a 08 84 c9 0f 85 c8 34
0x7798df73:   06 00 57 6a 00 83 fb ff 0f 84 0b 35 06 00 53 e8 


Register to memory mapping:

EAX=0x00000000 is an unknown value
EBX=0x00000aac is an unknown value
ECX=0xfffffffc is an unknown value
EDX=0x00000000 is an unknown value
ESP=0x17d6d7a8 is pointing into the stack for thread: 0x00b4d400
EBP=0x17d6d808 is pointing into the stack for thread: 0x00b4d400
ESI=0x16e9ce88 is an unknown value
EDI=0x00000000 is an unknown value


Stack: [0x17d20000,0x17d70000],  sp=0x17d6d7a8,  free space=309k
Native frames: (J=compiled Java code, j=interpreted, Vv=VM code, C=native code)
C  [ntdll.dll+0x1df63]
C  [ntdll.dll+0x1de0b]
C  [ntdll.dll+0x1de35]
C  [libvlccore.dll+0xa3bb0]
C  [jna8302868267598783437.dll+0xd546]
C  [jna8302868267598783437.dll+0x2e5e]
C  [jna8302868267598783437.dll+0x535e]
j  com.sun.jna.Native.invokePointer(JI[Ljava/lang/Object;)J+0
j  com.sun.jna.Function.invokePointer(I[Ljava/lang/Object;)Lcom/sun/jna/Pointer;+6
j  com.sun.jna.Function.invoke([Ljava/lang/Object;Ljava/lang/Class;Z)Ljava/lang/Object;+642
j  com.sun.jna.Function.invoke(Ljava/lang/Class;[Ljava/lang/Object;Ljava/util/Map;)Ljava/lang/Object;+214
j  com.sun.jna.Library$Handler.invoke(Ljava/lang/Object;Ljava/lang/reflect/Method;[Ljava/lang/Object;)Ljava/lang/Object;+341
j  com.sun.proxy.$Proxy0.libvlc_media_get_mrl(Luk/co/caprica/vlcj/binding/internal/libvlc_media_t;)Lcom/sun/jna/Pointer;+16
j  uk.co.caprica.vlcj.player.DefaultMediaPlayer.mrl(Luk/co/caprica/vlcj/binding/internal/libvlc_media_t;)Ljava/lang/String;+22
j  uk.co.caprica.vlcj.player.events.MediaPlayerEventFactory.createEvent(Luk/co/caprica/vlcj/binding/internal/libvlc_event_t;J)Luk/co/caprica/vlcj/player/events/MediaPlayerEvent;+195
j  uk.co.caprica.vlcj.player.DefaultMediaPlayer$EventCallback.callback(Luk/co/caprica/vlcj/binding/internal/libvlc_event_t;Lcom/sun/jna/Pointer;)V+31
v  ~StubRoutines::call_stub
V  [jvm.dll+0x155cb5]
V  [jvm.dll+0x21b12e]
V  [jvm.dll+0x155d4e]
V  [jvm.dll+0x16245a]
V  [jvm.dll+0x1626b3]
V  [jvm.dll+0xffdc3]
C  [java.dll+0x3b22]
j  sun.reflect.NativeMethodAccessorImpl.invoke(Ljava/lang/Object;[Ljava/lang/Object;)Ljava/lang/Object;+100
j  sun.reflect.DelegatingMethodAccessorImpl.invoke(Ljava/lang/Object;[Ljava/lang/Object;)Ljava/lang/Object;+6
j  java.lang.reflect.Method.invoke(Ljava/lang/Object;[Ljava/lang/Object;)Ljava/lang/Object;+56
j  com.sun.jna.CallbackReference$DefaultCallbackProxy.invokeCallback([Ljava/lang/Object;)Ljava/lang/Object;+127
j  com.sun.jna.CallbackReference$DefaultCallbackProxy.callback([Ljava/lang/Object;)Ljava/lang/Object;+2
v  ~StubRoutines::call_stub
V  [jvm.dll+0x155cb5]
V  [jvm.dll+0x21b12e]
V  [jvm.dll+0x155d4e]
V  [jvm.dll+0xdae87]
V  [jvm.dll+0xdc708]
C  [jna8302868267598783437.dll+0xa682]
C  [jna8302868267598783437.dll+0xae0e]
C  [jna8302868267598783437.dll+0xd602]
C  [jna8302868267598783437.dll+0xdd2e]
C  [libvlc.dll+0xa0a0]

Java frames: (J=compiled Java code, j=interpreted, Vv=VM code)
j  com.sun.jna.Native.invokePointer(JI[Ljava/lang/Object;)J+0
j  com.sun.jna.Function.invokePointer(I[Ljava/lang/Object;)Lcom/sun/jna/Pointer;+6
j  com.sun.jna.Function.invoke([Ljava/lang/Object;Ljava/lang/Class;Z)Ljava/lang/Object;+642
j  com.sun.jna.Function.invoke(Ljava/lang/Class;[Ljava/lang/Object;Ljava/util/Map;)Ljava/lang/Object;+214
j  com.sun.jna.Library$Handler.invoke(Ljava/lang/Object;Ljava/lang/reflect/Method;[Ljava/lang/Object;)Ljava/lang/Object;+341
j  com.sun.proxy.$Proxy0.libvlc_media_get_mrl(Luk/co/caprica/vlcj/binding/internal/libvlc_media_t;)Lcom/sun/jna/Pointer;+16
j  uk.co.caprica.vlcj.player.DefaultMediaPlayer.mrl(Luk/co/caprica/vlcj/binding/internal/libvlc_media_t;)Ljava/lang/String;+22
j  uk.co.caprica.vlcj.player.events.MediaPlayerEventFactory.createEvent(Luk/co/caprica/vlcj/binding/internal/libvlc_event_t;J)Luk/co/caprica/vlcj/player/events/MediaPlayerEvent;+195
j  uk.co.caprica.vlcj.player.DefaultMediaPlayer$EventCallback.callback(Luk/co/caprica/vlcj/binding/internal/libvlc_event_t;Lcom/sun/jna/Pointer;)V+31
v  ~StubRoutines::call_stub
j  sun.reflect.NativeMethodAccessorImpl.invoke0(Ljava/lang/reflect/Method;Ljava/lang/Object;[Ljava/lang/Object;)Ljava/lang/Object;+0
j  sun.reflect.NativeMethodAccessorImpl.invoke(Ljava/lang/Object;[Ljava/lang/Object;)Ljava/lang/Object;+100
j  sun.reflect.DelegatingMethodAccessorImpl.invoke(Ljava/lang/Object;[Ljava/lang/Object;)Ljava/lang/Object;+6
j  java.lang.reflect.Method.invoke(Ljava/lang/Object;[Ljava/lang/Object;)Ljava/lang/Object;+56
j  com.sun.jna.CallbackReference$DefaultCallbackProxy.invokeCallback([Ljava/lang/Object;)Ljava/lang/Object;+127
j  com.sun.jna.CallbackReference$DefaultCallbackProxy.callback([Ljava/lang/Object;)Ljava/lang/Object;+2
v  ~StubRoutines::call_stub
j  com.sun.jna.Native.invokeVoid(JI[Ljava/lang/Object;)V+0
j  com.sun.jna.Function.invoke([Ljava/lang/Object;Ljava/lang/Class;Z)Ljava/lang/Object;+48
j  com.sun.jna.Function.invoke(Ljava/lang/Class;[Ljava/lang/Object;Ljava/util/Map;)Ljava/lang/Object;+214
j  com.sun.jna.Library$Handler.invoke(Ljava/lang/Object;Ljava/lang/reflect/Method;[Ljava/lang/Object;)Ljava/lang/Object;+341
j  com.sun.proxy.$Proxy0.libvlc_media_player_set_media(Luk/co/caprica/vlcj/binding/internal/libvlc_media_player_t;Luk/co/caprica/vlcj/binding/internal/libvlc_media_t;)V+20
j  uk.co.caprica.vlcj.player.DefaultMediaPlayer.setMedia(Ljava/lang/String;[Ljava/lang/String;)Z+302
j  uk.co.caprica.vlcj.player.DefaultMediaPlayer.prepareMedia(Ljava/lang/String;[Ljava/lang/String;)Z+19
j  uk.co.caprica.vlcj.player.DefaultMediaPlayer.playMedia(Ljava/lang/String;[Ljava/lang/String;)Z+19
j  com.sadoksync.sadoksync.Client.connectToRtsp()V+12
j  com.sadoksync.sadoksync.ConnectionHandler.run()V+462
v  ~StubRoutines::call_stub

---------------  P R O C E S S  ---------------

Java Threads: ( => current thread )
  0x173b3400 Thread [stack: 0x1b310000,0x1b360000] [id=4208]
  0x173e7800 JavaThread "Thread-176" [_thread_in_native, id=8352, stack(0x1b1f0000,0x1b240000)]
  0x173e8800 JavaThread "Thread-171" [_thread_in_native, id=9024, stack(0x1b160000,0x1b1b0000)]
  0x173e7400 JavaThread "Thread-168" [_thread_in_native, id=3532, stack(0x1b0d0000,0x1b120000)]
  0x173e8000 JavaThread "Thread-164" [_thread_in_native, id=5088, stack(0x1b040000,0x1b090000)]
  0x173e8c00 JavaThread "Thread-160" [_thread_in_native, id=6820, stack(0x1afb0000,0x1b000000)]
  0x173e3000 JavaThread "Thread-155" [_thread_in_native, id=9064, stack(0x1af20000,0x1af70000)]
  0x173e6c00 JavaThread "Thread-151" [_thread_in_native, id=8692, stack(0x1ae90000,0x1aee0000)]
  0x173e6800 JavaThread "Thread-148" [_thread_in_native, id=7784, stack(0x1ae00000,0x1ae50000)]
  0x173e9800 JavaThread "Thread-144" [_thread_in_native, id=5648, stack(0x1ad70000,0x1adc0000)]
  0x173e6000 JavaThread "Thread-140" [_thread_in_native, id=7152, stack(0x1a8e0000,0x1a930000)]
  0x173e2000 JavaThread "Thread-136" [_thread_in_native, id=7416, stack(0x1a850000,0x1a8a0000)]
  0x173e2800 JavaThread "Thread-132" [_thread_in_native, id=7256, stack(0x1a7c0000,0x1a810000)]
  0x173e5c00 JavaThread "Thread-127" [_thread_in_native, id=8076, stack(0x1a730000,0x1a780000)]
  0x173e5400 JavaThread "Thread-124" [_thread_in_native, id=3780, stack(0x1a6a0000,0x1a6f0000)]
  0x173e4800 JavaThread "Thread-120" [_thread_in_native, id=6204, stack(0x1a610000,0x1a660000)]
  0x173e4c00 JavaThread "Thread-116" [_thread_in_native, id=8448, stack(0x1a580000,0x1a5d0000)]
  0x173e3400 JavaThread "Thread-112" [_thread_in_native, id=5452, stack(0x1a4f0000,0x1a540000)]
  0x173e4000 JavaThread "Thread-108" [_thread_in_native, id=7940, stack(0x1a340000,0x1a390000)]
  0x173e3c00 JavaThread "pool-1-thread-50" [_thread_blocked, id=7212, stack(0x1a460000,0x1a4b0000)]
  0x1515a800 JavaThread "Thread-103" [_thread_in_native, id=7540, stack(0x1a3d0000,0x1a420000)]
  0x173b2800 JavaThread "pool-1-thread-49" [_thread_blocked, id=8508, stack(0x1a100000,0x1a150000)]
  0x173b1400 JavaThread "pool-1-thread-48" [_thread_blocked, id=8332, stack(0x1a2b0000,0x1a300000)]
  0x173b3800 JavaThread "Thread-99" [_thread_in_native, id=5620, stack(0x1a220000,0x1a270000)]
  0x173b2c00 JavaThread "pool-1-thread-47" [_thread_blocked, id=4136, stack(0x19fe0000,0x1a030000)]
  0x173b0800 JavaThread "pool-1-thread-46" [_thread_blocked, id=5044, stack(0x1a190000,0x1a1e0000)]
  0x173b1800 JavaThread "Thread-95" [_thread_in_native, id=8408, stack(0x1a070000,0x1a0c0000)]
  0x173af400 JavaThread "pool-1-thread-45" [_thread_blocked, id=3680, stack(0x19e30000,0x19e80000)]
  0x173ae800 JavaThread "pool-1-thread-44" [_thread_blocked, id=7568, stack(0x19f50000,0x19fa0000)]
  0x173b2000 JavaThread "Thread-91" [_thread_in_native, id=5688, stack(0x19ec0000,0x19f10000)]
  0x173b0c00 JavaThread "pool-1-thread-43" [_thread_blocked, id=5496, stack(0x19c80000,0x19cd0000)]
  0x173afc00 JavaThread "pool-1-thread-42" [_thread_blocked, id=9196, stack(0x19da0000,0x19df0000)]
  0x173b0000 JavaThread "Thread-87" [_thread_in_native, id=6896, stack(0x19d10000,0x19d60000)]
  0x173adc00 JavaThread "pool-1-thread-41" [_thread_blocked, id=7724, stack(0x19ad0000,0x19b20000)]
  0x173ac800 JavaThread "pool-1-thread-40" [_thread_blocked, id=5124, stack(0x19bf0000,0x19c40000)]
  0x173aec00 JavaThread "Thread-83" [_thread_in_native, id=2272, stack(0x19b60000,0x19bb0000)]
  0x173ad000 JavaThread "pool-1-thread-39" [_thread_blocked, id=5768, stack(0x19920000,0x19970000)]
  0x173ae000 JavaThread "pool-1-thread-38" [_thread_blocked, id=4160, stack(0x19a40000,0x19a90000)]
  0x173ac000 JavaThread "Thread-79" [_thread_in_native, id=3524, stack(0x199b0000,0x19a00000)]
  0x173ad400 JavaThread "pool-1-thread-37" [_thread_blocked, id=9200, stack(0x19770000,0x197c0000)]
  0x00b4c800 JavaThread "pool-1-thread-36" [_thread_blocked, id=6332, stack(0x19890000,0x198e0000)]
  0x1515c800 JavaThread "Thread-76" [_thread_in_native, id=9212, stack(0x19800000,0x19850000)]
  0x1515bc00 JavaThread "pool-1-thread-35" [_thread_blocked, id=8756, stack(0x195c0000,0x19610000)]
  0x1515c000 JavaThread "pool-1-thread-34" [_thread_blocked, id=5524, stack(0x196e0000,0x19730000)]
  0x1515d000 JavaThread "Thread-71" [_thread_in_native, id=4216, stack(0x19650000,0x196a0000)]
  0x1515a400 JavaThread "pool-1-thread-33" [_thread_blocked, id=7408, stack(0x19410000,0x19460000)]
  0x1515b400 JavaThread "pool-1-thread-32" [_thread_blocked, id=8108, stack(0x19530000,0x19580000)]
  0x1515b000 JavaThread "Thread-67" [_thread_in_native, id=6296, stack(0x194a0000,0x194f0000)]
  0x15159400 JavaThread "pool-1-thread-31" [_thread_blocked, id=1624, stack(0x19260000,0x192b0000)]
  0x15159c00 JavaThread "pool-1-thread-30" [_thread_blocked, id=196, stack(0x19380000,0x193d0000)]
  0x15155c00 JavaThread "Thread-63" [_thread_in_native, id=6644, stack(0x192f0000,0x19340000)]
  0x15158400 JavaThread "pool-1-thread-29" [_thread_blocked, id=8808, stack(0x190b0000,0x19100000)]
  0x15159000 JavaThread "pool-1-thread-28" [_thread_blocked, id=8876, stack(0x191d0000,0x19220000)]
  0x15157800 JavaThread "Thread-59" [_thread_in_native, id=7192, stack(0x19140000,0x19190000)]
  0x15155800 JavaThread "pool-1-thread-27" [_thread_blocked, id=4960, stack(0x18ce0000,0x18d30000)]
  0x15157000 JavaThread "pool-1-thread-26" [_thread_blocked, id=8360, stack(0x19020000,0x19070000)]
  0x15157c00 JavaThread "Thread-55" [_thread_in_native, id=4140, stack(0x18d70000,0x18dc0000)]
  0x15156800 JavaThread "pool-1-thread-25" [_thread_blocked, id=1456, stack(0x18b30000,0x18b80000)]
  0x15156400 JavaThread "pool-1-thread-24" [_thread_blocked, id=7396, stack(0x18c50000,0x18ca0000)]
  0x15158800 JavaThread "Thread-51" [_thread_in_native, id=2868, stack(0x18bc0000,0x18c10000)]
  0x15173800 JavaThread "pool-1-thread-23" [_thread_blocked, id=9160, stack(0x18980000,0x189d0000)]
  0x00b4e800 JavaThread "pool-1-thread-22" [_thread_blocked, id=1732, stack(0x18aa0000,0x18af0000)]
  0x15174000 JavaThread "Thread-48" [_thread_in_native, id=2900, stack(0x18a10000,0x18a60000)]
  0x1516ec00 JavaThread "pool-1-thread-21" [_thread_blocked, id=1220, stack(0x18740000,0x18790000)]
  0x15173400 JavaThread "pool-1-thread-20" [_thread_blocked, id=4876, stack(0x188f0000,0x18940000)]
  0x15172c00 JavaThread "Thread-43" [_thread_in_native, id=6628, stack(0x18860000,0x188b0000)]
  0x15171800 JavaThread "pool-1-thread-19" [_thread_blocked, id=3748, stack(0x18590000,0x185e0000)]
  0x15172800 JavaThread "pool-1-thread-18" [_thread_blocked, id=8848, stack(0x186b0000,0x18700000)]
  0x15172000 JavaThread "Thread-39" [_thread_in_native, id=9036, stack(0x18620000,0x18670000)]
  0x15170c00 JavaThread "pool-1-thread-17" [_thread_blocked, id=7856, stack(0x17e40000,0x17e90000)]
  0x1516dc00 JavaThread "pool-1-thread-16" [_thread_blocked, id=2296, stack(0x18500000,0x18550000)]
  0x1516f400 JavaThread "Thread-35" [_thread_in_native, id=4516, stack(0x18470000,0x184c0000)]
  0x1516e800 JavaThread "pool-1-thread-15" [_thread_blocked, id=5796, stack(0x183e0000,0x18430000)]
  0x15170000 JavaThread "pool-3-thread-1" [_thread_blocked, id=6872, stack(0x17ff0000,0x18040000)]
  0x15171400 JavaThread "pool-1-thread-14" [_thread_blocked, id=5840, stack(0x18350000,0x183a0000)]
  0x15170800 JavaThread "Thread-32" [_thread_in_native, id=4372, stack(0x18230000,0x18280000)]
  0x1516d000 JavaThread "pool-1-thread-13" [_thread_blocked, id=8216, stack(0x181a0000,0x181f0000)]
  0x1516fc00 JavaThread "pool-1-thread-12" [_thread_blocked, id=6000, stack(0x18110000,0x18160000)]
  0x1516c800 JavaThread "Thread-27" [_thread_in_native, id=8744, stack(0x18080000,0x180d0000)]
  0x1516e000 JavaThread "pool-1-thread-11" [_thread_blocked, id=2500, stack(0x17c90000,0x17ce0000)]
  0x1516d400 JavaThread "pool-1-thread-10" [_thread_blocked, id=76, stack(0x17f60000,0x17fb0000)]
  0x00b4dc00 JavaThread "pool-1-thread-9" [_thread_blocked, id=5400, stack(0x17ed0000,0x17f20000)]
  0x00b4e000 JavaThread "pool-1-thread-8" [_thread_blocked, id=7160, stack(0x17db0000,0x17e00000)]
=>0x00b4d400 JavaThread "Thread-19" [_thread_in_native, id=4488, stack(0x17d20000,0x17d70000)]
  0x00b4bc00 JavaThread "pool-1-thread-7" [_thread_blocked, id=8088, stack(0x17b70000,0x17bc0000)]
  0x00b4c400 JavaThread "pool-1-thread-6" [_thread_blocked, id=5280, stack(0x17c00000,0x17c50000)]
  0x00b4f000 JavaThread "pool-1-thread-5" [_thread_blocked, id=4592, stack(0x16760000,0x167b0000)]
  0x00b4d000 JavaThread "pool-1-thread-4" [_thread_blocked, id=6700, stack(0x17ae0000,0x17b30000)]
  0x00b4b400 JavaThread "pool-1-thread-3" [_thread_blocked, id=2028, stack(0x17a50000,0x17aa0000)]
  0x1757e800 JavaThread "TimerQueue" daemon [_thread_blocked, id=8892, stack(0x179c0000,0x17a10000)]
  0x00c7d000 JavaThread "DestroyJavaVM" [_thread_blocked, id=7628, stack(0x00950000,0x009a0000)]
  0x15186800 JavaThread "Swing-Shell" daemon [_thread_blocked, id=6888, stack(0x16810000,0x16860000)]
  0x150c0000 JavaThread "AWT-EventQueue-0" [_thread_blocked, id=7436, stack(0x16100000,0x16150000)]
  0x1501d800 JavaThread "AWT-Windows" daemon [_thread_in_native, id=4560, stack(0x15b90000,0x15be0000)]
  0x15019000 JavaThread "AWT-Shutdown" [_thread_blocked, id=5140, stack(0x15b00000,0x15b50000)]
  0x15018400 JavaThread "Java2D Disposer" daemon [_thread_blocked, id=4956, stack(0x15a70000,0x15ac0000)]
  0x00b8dc00 JavaThread "pool-1-thread-2" [_thread_in_native, id=7756, stack(0x15290000,0x152e0000)]
  0x14fcb400 JavaThread "pool-1-thread-1" [_thread_in_native, id=8180, stack(0x15200000,0x15250000)]
  0x00b48c00 JavaThread "Service Thread" daemon [_thread_blocked, id=7376, stack(0x14ee0000,0x14f30000)]
  0x00acb000 JavaThread "C1 CompilerThread0" daemon [_thread_blocked, id=1792, stack(0x14e50000,0x14ea0000)]
  0x00ac9800 JavaThread "Attach Listener" daemon [_thread_blocked, id=5920, stack(0x14dc0000,0x14e10000)]
  0x00ac7800 JavaThread "Signal Dispatcher" daemon [_thread_blocked, id=5204, stack(0x14760000,0x147b0000)]
  0x00abb400 JavaThread "Finalizer" daemon [_thread_blocked, id=5072, stack(0x146d0000,0x14720000)]
  0x00ab6800 JavaThread "Reference Handler" daemon [_thread_blocked, id=6560, stack(0x14640000,0x14690000)]

Other Threads:
  0x00ab3c00 VMThread [stack: 0x00c10000,0x00c60000] [id=7864]
  0x00b55000 WatcherThread [stack: 0x14f70000,0x14fc0000] [id=6264]

VM state:not at safepoint (normal execution)

VM Mutex/Monitor currently owned by a thread: None

Heap:
 def new generation   total 4928K, used 1993K [0x04600000, 0x04b50000, 0x09b50000)
  eden space 4416K,  36% used [0x04600000, 0x04796eb8, 0x04a50000)
  from space 512K,  71% used [0x04ad0000, 0x04b2b738, 0x04b50000)
  to   space 512K,   0% used [0x04a50000, 0x04a50000, 0x04ad0000)
 tenured generation   total 10944K, used 7006K [0x09b50000, 0x0a600000, 0x14600000)
   the space 10944K,  64% used [0x09b50000, 0x0a2278d8, 0x0a227a00, 0x0a600000)
 Metaspace       used 3402K, capacity 3583K, committed 3648K, reserved 4480K

Card table byte_map: [0x00c80000,0x00d10000] byte_map_base: 0x00c5d000

Polling page: 0x00740000

CodeCache: size=32768Kb used=1624Kb max_used=1624Kb free=31143Kb
 bounds [0x025e0000, 0x02778000, 0x045e0000]
 total_blobs=958 nmethods=709 adapters=180
 compilation: enabled

Compilation events (10 events):
Event: 10.964 Thread 0x00acb000  636             com.sun.jna.Structure::getFieldList (132 bytes)
Event: 10.965 Thread 0x00acb000 nmethod 636 0x02751f48 code [0x02752100, 0x027524d0]
Event: 10.965 Thread 0x00acb000  637             java.net.URI$Parser::charAt (9 bytes)
Event: 10.966 Thread 0x00acb000 nmethod 637 0x027529c8 code [0x02752ad0, 0x02752bcc]
Event: 10.966 Thread 0x00acb000  638             java.nio.charset.CharsetEncoder::maxBytesPerChar (5 bytes)
Event: 10.966 Thread 0x00acb000 nmethod 638 0x02752d08 code [0x02752e00, 0x02752e80]
Event: 10.973 Thread 0x00acb000  639             java.awt.MultipleGradientPaintContext::indexIntoGradientsArrays (190 bytes)
Event: 10.974 Thread 0x00acb000 nmethod 639 0x02752ec8 code [0x02753050, 0x02753390]
Event: 10.974 Thread 0x00acb000  640             java.lang.Class::copyFields (36 bytes)
Event: 10.975 Thread 0x00acb000 nmethod 640 0x02753688 code [0x027537c0, 0x02753a98]

GC Heap History (10 events):
Event: 1.194 GC heap before
{Heap before GC invocations=1 (full 0):
 def new generation   total 4928K, used 4928K [0x04600000, 0x04b50000, 0x09b50000)
  eden space 4416K, 100% used [0x04600000, 0x04a50000, 0x04a50000)
  from space 512K, 100% used [0x04ad0000, 0x04b50000, 0x04b50000)
  to   space 512K,   0% used [0x04a50000, 0x04a50000, 0x04ad0000)
 tenured generation   total 10944K, used 1037K [0x09b50000, 0x0a600000, 0x14600000)
   the space 10944K,   9% used [0x09b50000, 0x09c535c8, 0x09c53600, 0x0a600000)
 Metaspace       used 2281K, capacity 2630K, committed 2752K, reserved 4480K
Event: 1.204 GC heap after
Heap after GC invocations=2 (full 0):
 def new generation   total 4928K, used 512K [0x04600000, 0x04b50000, 0x09b50000)
  eden space 4416K,   0% used [0x04600000, 0x04600000, 0x04a50000)
  from space 512K, 100% used [0x04a50000, 0x04ad0000, 0x04ad0000)
  to   space 512K,   0% used [0x04ad0000, 0x04ad0000, 0x04b50000)
 tenured generation   total 10944K, used 2486K [0x09b50000, 0x0a600000, 0x14600000)
   the space 10944K,  22% used [0x09b50000, 0x09dbd950, 0x09dbda00, 0x0a600000)
 Metaspace       used 2281K, capacity 2630K, committed 2752K, reserved 4480K
}
Event: 1.545 GC heap before
{Heap before GC invocations=2 (full 0):
 def new generation   total 4928K, used 4928K [0x04600000, 0x04b50000, 0x09b50000)
  eden space 4416K, 100% used [0x04600000, 0x04a50000, 0x04a50000)
  from space 512K, 100% used [0x04a50000, 0x04ad0000, 0x04ad0000)
  to   space 512K,   0% used [0x04ad0000, 0x04ad0000, 0x04b50000)
 tenured generation   total 10944K, used 2486K [0x09b50000, 0x0a600000, 0x14600000)
   the space 10944K,  22% used [0x09b50000, 0x09dbd950, 0x09dbda00, 0x0a600000)
 Metaspace       used 2661K, capacity 2862K, committed 2880K, reserved 4480K
Event: 1.550 GC heap after
Heap after GC invocations=3 (full 0):
 def new generation   total 4928K, used 452K [0x04600000, 0x04b50000, 0x09b50000)
  eden space 4416K,   0% used [0x04600000, 0x04600000, 0x04a50000)
  from space 512K,  88% used [0x04ad0000, 0x04b411f0, 0x04b50000)
  to   space 512K,   0% used [0x04a50000, 0x04a50000, 0x04ad0000)
 tenured generation   total 10944K, used 2985K [0x09b50000, 0x0a600000, 0x14600000)
   the space 10944K,  27% used [0x09b50000, 0x09e3a590, 0x09e3a600, 0x0a600000)
 Metaspace       used 2661K, capacity 2862K, committed 2880K, reserved 4480K
}
Event: 1.595 GC heap before
{Heap before GC invocations=3 (full 0):
 def new generation   total 4928K, used 4868K [0x04600000, 0x04b50000, 0x09b50000)
  eden space 4416K, 100% used [0x04600000, 0x04a50000, 0x04a50000)
  from space 512K,  88% used [0x04ad0000, 0x04b411f0, 0x04b50000)
  to   space 512K,   0% used [0x04a50000, 0x04a50000, 0x04ad0000)
 tenured generation   total 10944K, used 2985K [0x09b50000, 0x0a600000, 0x14600000)
   the space 10944K,  27% used [0x09b50000, 0x09e3a590, 0x09e3a600, 0x0a600000)
 Metaspace       used 2832K, capacity 3022K, committed 3136K, reserved 4480K
Event: 1.598 GC heap after
Heap after GC invocations=4 (full 0):
 def new generation   total 4928K, used 209K [0x04600000, 0x04b50000, 0x09b50000)
  eden space 4416K,   0% used [0x04600000, 0x04600000, 0x04a50000)
  from space 512K,  40% used [0x04a50000, 0x04a846d0, 0x04ad0000)
  to   space 512K,   0% used [0x04ad0000, 0x04ad0000, 0x04b50000)
 tenured generation   total 10944K, used 3231K [0x09b50000, 0x0a600000, 0x14600000)
   the space 10944K,  29% used [0x09b50000, 0x09e77fb8, 0x09e78000, 0x0a600000)
 Metaspace       used 2832K, capacity 3022K, committed 3136K, reserved 4480K
}
Event: 1.808 GC heap before
{Heap before GC invocations=4 (full 0):
 def new generation   total 4928K, used 4291K [0x04600000, 0x04b50000, 0x09b50000)
  eden space 4416K,  92% used [0x04600000, 0x049fc530, 0x04a50000)
  from space 512K,  40% used [0x04a50000, 0x04a846d0, 0x04ad0000)
  to   space 512K,   0% used [0x04ad0000, 0x04ad0000, 0x04b50000)
 tenured generation   total 10944K, used 3231K [0x09b50000, 0x0a600000, 0x14600000)
   the space 10944K,  29% used [0x09b50000, 0x09e77fb8, 0x09e78000, 0x0a600000)
 Metaspace       used 3180K, capacity 3376K, committed 3392K, reserved 4480K
Event: 1.812 GC heap after
Heap after GC invocations=5 (full 0):
 def new generation   total 4928K, used 509K [0x04600000, 0x04b50000, 0x09b50000)
  eden space 4416K,   0% used [0x04600000, 0x04600000, 0x04a50000)
  from space 512K,  99% used [0x04ad0000, 0x04b4f5d8, 0x04b50000)
  to   space 512K,   0% used [0x04a50000, 0x04a50000, 0x04ad0000)
 tenured generation   total 10944K, used 3231K [0x09b50000, 0x0a600000, 0x14600000)
   the space 10944K,  29% used [0x09b50000, 0x09e77fb8, 0x09e78000, 0x0a600000)
 Metaspace       used 3180K, capacity 3376K, committed 3392K, reserved 4480K
}
Event: 10.952 GC heap before
{Heap before GC invocations=5 (full 0):
 def new generation   total 4928K, used 3639K [0x04600000, 0x04b50000, 0x09b50000)
  eden space 4416K,  70% used [0x04600000, 0x0490e828, 0x04a50000)
  from space 512K,  99% used [0x04ad0000, 0x04b4f5d8, 0x04b50000)
  to   space 512K,   0% used [0x04a50000, 0x04a50000, 0x04ad0000)
 tenured generation   total 10944K, used 3231K [0x09b50000, 0x0a600000, 0x14600000)
   the space 10944K,  29% used [0x09b50000, 0x09e77fb8, 0x09e78000, 0x0a600000)
 Metaspace       used 3336K, capacity 3546K, committed 3648K, reserved 4480K
Event: 10.958 GC heap after
Heap after GC invocations=6 (full 0):
 def new generation   total 4928K, used 154K [0x04600000, 0x04b50000, 0x09b50000)
  eden space 4416K,   0% used [0x04600000, 0x04600000, 0x04a50000)
  from space 512K,  30% used [0x04a50000, 0x04a76ae8, 0x04ad0000)
  to   space 512K,   0% used [0x04ad0000, 0x04ad0000, 0x04b50000)
 tenured generation   total 10944K, used 4655K [0x09b50000, 0x0a600000, 0x14600000)
   the space 10944K,  42% used [0x09b50000, 0x09fdbe78, 0x09fdc000, 0x0a600000)
 Metaspace       used 3336K, capacity 3546K, committed 3648K, reserved 4480K
}

Deoptimization events (0 events):
No events

Internal exceptions (10 events):
Event: 1.118 Thread 0x15135000 Exception <a 'java/security/PrivilegedActionException'> (0x048d1538) thrown at [C:\re\workspace\8-2-build-windows-i586-cygwin\jdk8u45\3457\hotspot\src\share\vm\prims\jvm.cpp, line 1382]
Event: 1.564 Thread 0x00c7d000 Exception <a 'java/lang/NoClassDefFoundError': org/slf4j/impl/StaticLoggerBinder> (0x0471f0d0) thrown at [C:\re\workspace\8-2-build-windows-i586-cygwin\jdk8u45\3457\hotspot\src\share\vm\classfile\systemDictionary.cpp, line 199]
Event: 1.578 Thread 0x00c7d000 Exception <a 'java/lang/NullPointerException'> (0x048f3eb0) thrown at [C:\re\workspace\8-2-build-windows-i586-cygwin\jdk8u45\3457\hotspot\src\share\vm\interpreter\linkResolver.cpp, line 1178]
Event: 1.579 Thread 0x00c7d000 Exception <a 'java/lang/UnsatisfiedLinkError': Det går inte att hitta den angivna modulen.
> (0x048f4458) thrown at [C:\re\workspace\8-2-build-windows-i586-cygwin\jdk8u45\3457\hotspot\src\share\vm\prims\jni.cpp, line 735]
Event: 1.580 Thread 0x00c7d000 Exception <a 'java/lang/UnsatisfiedLinkError': Det går inte att hitta den angivna modulen.
> (0x048f4718) thrown at [C:\re\workspace\8-2-build-windows-i586-cygwin\jdk8u45\3457\hotspot\src\share\vm\prims\jni.cpp, line 735]
Event: 1.581 Thread 0x00c7d000 Exception <a 'java/lang/UnsatisfiedLinkError': Det går inte att hitta den angivna modulen.
> (0x048f4a50) thrown at [C:\re\workspace\8-2-build-windows-i586-cygwin\jdk8u45\3457\hotspot\src\share\vm\prims\jni.cpp, line 735]
Event: 1.581 Thread 0x00c7d000 Exception <a 'java/lang/UnsatisfiedLinkError'> (0x048f6ed0) thrown at [C:\re\workspace\8-2-build-windows-i586-cygwin\jdk8u45\3457\hotspot\src\share\vm\oops\instanceKlass.cpp, line 938]
Event: 1.589 Thread 0x00c7d000 Exception <a 'java/lang/NullPointerException'> (0x04a39af0) thrown at [C:\re\workspace\8-2-build-windows-i586-cygwin\jdk8u45\3457\hotspot\src\share\vm\interpreter\linkResolver.cpp, line 1178]
Event: 7.995 Thread 0x00b4b400 Exception <a 'java/lang/NoSuchMethodError': <clinit>> (0x048143a0) thrown at [C:\re\workspace\8-2-build-windows-i586-cygwin\jdk8u45\3457\hotspot\src\share\vm\prims\jni.cpp, line 1598]
Event: 9.310 Thread 0x00b4f000 Exception <a 'java/lang/NoSuchMethodError': <clinit>> (0x04872e40) thrown at [C:\re\workspace\8-2-build-windows-i586-cygwin\jdk8u45\3457\hotspot\src\share\vm\prims\jni.cpp, line 1598]

Events (10 events):
Event: 10.972 loading class com/sun/jna/Native$AWT done
Event: 10.972 Executing VM operation: RevokeBias done
Event: 10.972 loading class sun/java2d/pipe/AlphaPaintPipe$TileContext
Event: 10.973 loading class sun/java2d/pipe/AlphaPaintPipe$TileContext done
Event: 10.973 loading class java/awt/HeadlessException
Event: 10.973 loading class java/awt/HeadlessException done
Event: 10.973 loading class javax/swing/plaf/nimbus/ImageScalingHelper$PaintType
Event: 10.973 loading class javax/swing/plaf/nimbus/ImageScalingHelper$PaintType done
Event: 10.974 loading class javax/swing/plaf/nimbus/ImageScalingHelper
Event: 10.974 loading class javax/swing/plaf/nimbus/ImageScalingHelper done


Dynamic libraries:
0x011a0000 - 0x011d3000 	C:\Program Files (x86)\Java\jdk1.8.0_45\bin\java.exe
0x77970000 - 0x77ade000 	C:\WINDOWS\SYSTEM32\ntdll.dll
0x77260000 - 0x773a0000 	C:\WINDOWS\SYSTEM32\KERNEL32.DLL
0x77570000 - 0x77647000 	C:\WINDOWS\SYSTEM32\KERNELBASE.dll
0x735a0000 - 0x73640000 	C:\WINDOWS\system32\apphelp.dll
0x58980000 - 0x58be5000 	C:\WINDOWS\AppPatch\AcGenral.DLL
0x77650000 - 0x77713000 	C:\WINDOWS\SYSTEM32\msvcrt.dll
0x767b0000 - 0x767f1000 	C:\WINDOWS\SYSTEM32\sechost.dll
0x75170000 - 0x7518e000 	C:\WINDOWS\SYSTEM32\SspiCli.dll
0x773a0000 - 0x773e5000 	C:\WINDOWS\SYSTEM32\SHLWAPI.dll
0x74d00000 - 0x74ded000 	C:\WINDOWS\SYSTEM32\UxTheme.dll
0x76e80000 - 0x76fd3000 	C:\WINDOWS\SYSTEM32\USER32.dll
0x76690000 - 0x7679e000 	C:\WINDOWS\SYSTEM32\GDI32.dll
0x74ab0000 - 0x74ad3000 	C:\WINDOWS\SYSTEM32\WINMM.dll
0x73800000 - 0x73813000 	C:\WINDOWS\SYSTEM32\samcli.dll
0x76990000 - 0x76ab8000 	C:\WINDOWS\SYSTEM32\ole32.dll
0x77770000 - 0x77805000 	C:\WINDOWS\SYSTEM32\OLEAUT32.dll
0x60c70000 - 0x60c87000 	C:\WINDOWS\SYSTEM32\MSACM32.dll
0x74ee0000 - 0x74ee8000 	C:\WINDOWS\SYSTEM32\VERSION.dll
0x753a0000 - 0x7664c000 	C:\WINDOWS\SYSTEM32\SHELL32.dll
0x74f30000 - 0x74f4b000 	C:\WINDOWS\SYSTEM32\USERENV.dll
0x74a90000 - 0x74aaa000 	C:\WINDOWS\SYSTEM32\dwmapi.dll
0x74760000 - 0x748ab000 	C:\WINDOWS\SYSTEM32\urlmon.dll
0x76e00000 - 0x76e7c000 	C:\WINDOWS\SYSTEM32\ADVAPI32.dll
0x74a20000 - 0x74a85000 	C:\WINDOWS\SYSTEM32\WINSPOOL.DRV
0x73fb0000 - 0x73fc6000 	C:\WINDOWS\SYSTEM32\MPR.dll
0x76fe0000 - 0x7709a000 	C:\WINDOWS\SYSTEM32\RPCRT4.dll
0x75160000 - 0x7516a000 	C:\WINDOWS\SYSTEM32\CRYPTBASE.dll
0x76c80000 - 0x76dfd000 	C:\WINDOWS\SYSTEM32\combase.dll
0x749a0000 - 0x749c3000 	C:\WINDOWS\SYSTEM32\WINMMBASE.dll
0x74ed0000 - 0x74edf000 	C:\WINDOWS\SYSTEM32\profapi.dll
0x74210000 - 0x74442000 	C:\WINDOWS\SYSTEM32\iertutil.dll
0x74030000 - 0x74205000 	C:\WINDOWS\SYSTEM32\WININET.dll
0x75100000 - 0x75154000 	C:\WINDOWS\SYSTEM32\bcryptPrimitives.dll
0x768a0000 - 0x768dc000 	C:\WINDOWS\SYSTEM32\cfgmgr32.dll
0x74910000 - 0x74931000 	C:\WINDOWS\SYSTEM32\DEVOBJ.dll
0x746a0000 - 0x7472b000 	C:\WINDOWS\SYSTEM32\SHCORE.DLL
0x76870000 - 0x76897000 	C:\WINDOWS\system32\IMM32.DLL
0x76b50000 - 0x76c62000 	C:\WINDOWS\SYSTEM32\MSCTF.dll
0x73be0000 - 0x73de6000 	C:\WINDOWS\WinSxS\x86_microsoft.windows.common-controls_6595b64144ccf1df_6.0.9600.17415_none_a9ed7f470139b3c1\COMCTL32.dll
0x5e4b0000 - 0x5e56f000 	C:\Program Files (x86)\Java\jdk1.8.0_45\jre\bin\msvcr100.dll
0x585c0000 - 0x58980000 	C:\Program Files (x86)\Java\jdk1.8.0_45\jre\bin\client\jvm.dll
0x73220000 - 0x73228000 	C:\WINDOWS\SYSTEM32\WSOCK32.dll
0x76860000 - 0x76866000 	C:\WINDOWS\SYSTEM32\PSAPI.DLL
0x77720000 - 0x77770000 	C:\WINDOWS\SYSTEM32\WS2_32.dll
0x768e0000 - 0x768e7000 	C:\WINDOWS\SYSTEM32\NSI.dll
0x64590000 - 0x6459c000 	C:\Program Files (x86)\Java\jdk1.8.0_45\jre\bin\verify.dll
0x60c40000 - 0x60c61000 	C:\Program Files (x86)\Java\jdk1.8.0_45\jre\bin\java.dll
0x60c20000 - 0x60c33000 	C:\Program Files (x86)\Java\jdk1.8.0_45\jre\bin\zip.dll
0x5e490000 - 0x5e4a5000 	C:\Program Files (x86)\Java\jdk1.8.0_45\jre\bin\net.dll
0x74bf0000 - 0x74c3b000 	C:\WINDOWS\system32\mswsock.dll
0x539d0000 - 0x53b15000 	C:\Program Files (x86)\Java\jdk1.8.0_45\jre\bin\awt.dll
0x74ec0000 - 0x74ec9000 	C:\WINDOWS\SYSTEM32\kernel.appcore.dll
0x5dac0000 - 0x5daf9000 	C:\Program Files (x86)\Java\jdk1.8.0_45\jre\bin\fontmanager.dll
0x5dcf0000 - 0x5dcff000 	C:\Program Files (x86)\Java\jdk1.8.0_45\jre\bin\nio.dll
0x5cf70000 - 0x5cfa0000 	C:\Program Files (x86)\Java\jdk1.8.0_45\jre\bin\t2k.dll
0x74680000 - 0x746a0000 	C:\WINDOWS\SYSTEM32\IPHLPAPI.DLL
0x74650000 - 0x74658000 	C:\WINDOWS\SYSTEM32\WINNSI.DLL
0x6f470000 - 0x6f483000 	C:\WINDOWS\SYSTEM32\dhcpcsvc6.DLL
0x6f450000 - 0x6f464000 	C:\WINDOWS\SYSTEM32\dhcpcsvc.DLL
0x76ac0000 - 0x76b4d000 	C:\WINDOWS\SYSTEM32\clbcatq.dll
0x6eb40000 - 0x6ecab000 	C:\WINDOWS\SYSTEM32\WindowsCodecs.dll
0x74e50000 - 0x74e69000 	C:\WINDOWS\SYSTEM32\CRYPTSP.dll
0x74e20000 - 0x74e50000 	C:\WINDOWS\system32\rsaenh.dll
0x74e00000 - 0x74e1e000 	C:\WINDOWS\SYSTEM32\bcrypt.dll
0x72ce0000 - 0x72d69000 	C:\WINDOWS\WinSxS\x86_microsoft.windows.common-controls_6595b64144ccf1df_5.82.9600.17415_none_7c5769eaaa0aa358\comctl32.dll
0x770a0000 - 0x77251000 	C:\WINDOWS\SYSTEM32\SETUPAPI.dll
0x70a40000 - 0x70b7a000 	C:\WINDOWS\system32\propsys.dll
0x53700000 - 0x5389a000 	C:\WINDOWS\system32\NetworkExplorer.dll
0x5cf40000 - 0x5cf63000 	C:\Windows\SYSTEM32\thumbcache.dll
0x5dce0000 - 0x5dce9000 	C:\WINDOWS\System32\drprov.dll
0x74e70000 - 0x74eb5000 	C:\WINDOWS\System32\WINSTA.dll
0x5cf20000 - 0x5cf32000 	C:\WINDOWS\System32\ntlanman.dll
0x5cf00000 - 0x5cf1a000 	C:\WINDOWS\System32\davclnt.dll
0x5dcd0000 - 0x5dcda000 	C:\WINDOWS\System32\DAVHLPR.dll
0x73820000 - 0x73831000 	C:\WINDOWS\System32\wkscli.dll
0x73f80000 - 0x73f8f000 	C:\WINDOWS\SYSTEM32\cscapi.dll
0x74640000 - 0x7464a000 	C:\WINDOWS\System32\netutils.dll
0x53690000 - 0x536fe000 	C:\Windows\SYSTEM32\dlnashext.dll
0x53650000 - 0x53689000 	C:\Windows\System32\PlayToDevice.dll
0x732f0000 - 0x7330a000 	C:\Windows\System32\DevDispItemProvider.dll
0x5dd40000 - 0x5dd77000 	C:\WINDOWS\System32\netprofm.dll
0x5dd80000 - 0x5dd89000 	C:\WINDOWS\System32\npmproxy.dll
0x71c90000 - 0x71d93000 	C:\Windows\SYSTEM32\actxprxy.dll
0x53460000 - 0x53646000 	C:\WINDOWS\system32\wpdshext.dll
0x74450000 - 0x745c0000 	C:\WINDOWS\WinSxS\x86_microsoft.windows.gdiplus_6595b64144ccf1df_1.1.9600.17415_none_dad8722c5bcc2d8f\gdiplus.dll
0x533d0000 - 0x53460000 	C:\Windows\SYSTEM32\PortableDeviceApi.dll
0x76650000 - 0x7668d000 	C:\WINDOWS\SYSTEM32\WINTRUST.dll
0x75190000 - 0x75318000 	C:\WINDOWS\SYSTEM32\CRYPT32.dll
0x76c70000 - 0x76c7e000 	C:\WINDOWS\SYSTEM32\MSASN1.dll
0x53390000 - 0x533d0000 	C:\WINDOWS\system32\audiodev.dll
0x530f0000 - 0x53381000 	C:\WINDOWS\system32\WMVCore.DLL
0x530b0000 - 0x530ed000 	C:\WINDOWS\system32\WMASF.DLL
0x73f90000 - 0x73f9b000 	C:\WINDOWS\SYSTEM32\LINKINFO.dll
0x17870000 - 0x178ad000 	C:\Users\Pontus\AppData\Local\Temp\jna-Pontus\jna8302868267598783437.dll
0x53080000 - 0x530a9000 	C:\Users\Pontus\Documents\NetBeansProjects\sadoksync\Client\SadokSync\target\classes\VLC\libvlc.dll
0x52df0000 - 0x53079000 	C:\Users\Pontus\Documents\NetBeansProjects\sadoksync\Client\SadokSync\target\classes\VLC\libvlccore.dll
0x52d60000 - 0x52ded000 	C:\Users\Pontus\Documents\NetBeansProjects\sadoksync\Client\SadokSync\target\classes\VLC\plugins\access\libdshow_plugin.dll
0x5cee0000 - 0x5cef1000 	C:\Users\Pontus\Documents\NetBeansProjects\sadoksync\Client\SadokSync\target\classes\VLC\plugins\audio_output\libdirectsound_plugin.dll
0x52d40000 - 0x52d51000 	C:\Users\Pontus\Documents\NetBeansProjects\sadoksync\Client\SadokSync\target\classes\VLC\plugins\audio_output\libwaveout_plugin.dll
0x52d20000 - 0x52d3d000 	C:\Users\Pontus\Documents\NetBeansProjects\sadoksync\Client\SadokSync\target\classes\VLC\plugins\video_output\libdirect3d_plugin.dll
0x52d00000 - 0x52d1a000 	C:\Users\Pontus\Documents\NetBeansProjects\sadoksync\Client\SadokSync\target\classes\VLC\plugins\video_output\libdirectdraw_plugin.dll
0x52be0000 - 0x52c61000 	C:\WINDOWS\SYSTEM32\DSOUND.DLL
0x74ef0000 - 0x74f30000 	C:\WINDOWS\SYSTEM32\POWRPROF.dll
0x748b0000 - 0x74903000 	C:\WINDOWS\System32\MMDevApi.dll
0x52cd0000 - 0x52cf4000 	C:\Program Files (x86)\Java\jdk1.8.0_45\jre\bin\dcpr.dll
0x74b70000 - 0x74bee000 	C:\WINDOWS\SYSTEM32\DNSAPI.dll
0x74df0000 - 0x74df8000 	C:\Windows\System32\rasadhlp.dll
0x74b20000 - 0x74b66000 	C:\WINDOWS\System32\fwpuclnt.dll
0x5dab0000 - 0x5dab6000 	C:\Program Files (x86)\Java\jdk1.8.0_45\jre\bin\jawt.dll
0x72b90000 - 0x72cd1000 	C:\WINDOWS\SYSTEM32\dbghelp.dll
0x52b10000 - 0x52bd5000 	C:\Users\Pontus\Documents\NetBeansProjects\sadoksync\Client\SadokSync\target\classes\VLC\plugins\access\liblive555_plugin.dll

VM Arguments:
java_command: com.sadoksync.sadoksync.Driver
java_class_path (initial): C:\Users\Pontus\Documents\NetBeansProjects\sadoksync\Client\SadokSync\target\classes;C:\Users\Pontus\.m2\repository\uk\co\caprica\vlcj\3.6.0\vlcj-3.6.0.jar;C:\Users\Pontus\.m2\repository\net\java\dev\jna\jna\3.5.2\jna-3.5.2.jar;C:\Users\Pontus\.m2\repository\net\java\dev\jna\platform\3.5.2\platform-3.5.2.jar;C:\Users\Pontus\.m2\repository\org\slf4j\slf4j-api\1.7.10\slf4j-api-1.7.10.jar
Launcher Type: SUN_STANDARD

Environment Variables:
JAVA_HOME=C:\Program Files (x86)\Java\jdk1.8.0_45
CLASSPATH=C:\pontus\Proj_Elevator\elevator\lib\elevator.jar;C:\pontus\Proj_Elevator\elevator\lib\elevator_rmi.jar
PATH=C:\ProgramData\Oracle\Java\javapath;C:\Python27\Lib\site-packages\PyQt4;C:\prog\asf\apache-maven-3.2.3\bin;C:\Program Files\Java\jdk1.7.0_51\bin;C:\pontus\java;C:\Program Files (x86)\Intel\iCLS Client\;C:\Program Files\Intel\iCLS Client\;C:\WINDOWS\system32;C:\WINDOWS;C:\WINDOWS\System32\Wbem;C:\WINDOWS\System32\WindowsPowerShell\v1.0\;C:\Program Files\Intel\Intel(R) Management Engine Components\DAL;C:\Program Files\Intel\Intel(R) Management Engine Components\IPT;C:\Program Files (x86)\Intel\Intel(R) Management Engine Components\DAL;C:\Program Files (x86)\Intel\Intel(R) Management Engine Components\IPT;C:\Program Files (x86)\Intel\OpenCL SDK\2.0\bin\x86;C:\Program Files (x86)\Intel\OpenCL SDK\2.0\bin\x64;C:\Program Files\Lenovo Fingerprint Reader\;C:\Program Files\Lenovo Fingerprint Reader\x86\;C:\ProgramData\Lenovo\ReadyApps;C:\Program Files\Intel\WiFi\bin\;C:\Program Files\Common Files\Intel\WirelessCommon\;C:\cygwin64\bin;C:\Program Files (x86)\Common Files\lenovo\easyplussdk\bin;C:\lib\jblas-1.2.3\jblas-1.2.3.jar;c:\MinGW\bin;c:\MinGW\msys\1.0\bin;C:\Python27;C:\Python27\DLLs;C:\Python27\Scripts;C:\Python27\Lib\site-packages\vtk;C:\Python27\gnuplot\binary;C:\Python27\Lib\site-packages\osgeo;C:\Program Files (x86)\pythonxy\SciTE-3.3.2-3;C:\Program Files (x86)\pythonxy\console;C:\MinGW32-xy\bin;C:\Program Files (x86)\pythonxy\swig;C:\Program Files (x86)\pythonxy\gettext\bin
USERNAME=Pontus
OS=Windows_NT
PROCESSOR_IDENTIFIER=Intel64 Family 6 Model 58 Stepping 9, GenuineIntel



---------------  S Y S T E M  ---------------

OS: Windows 8.1 , 64 bit Build 9600 (6.3.9600.17415)

CPU:total 4 (2 cores per cpu, 2 threads per core) family 6 model 58 stepping 9, cmov, cx8, fxsr, mmx, sse, sse2, sse3, ssse3, sse4.1, sse4.2, popcnt, avx, clmul, erms, ht, tsc, tscinvbit, tscinv

Memory: 4k page, physical 4034788k(914420k free), swap 8130788k(3636824k free)

vm_info: Java HotSpot(TM) Client VM (25.45-b02) for windows-x86 JRE (1.8.0_45-b14), built on Apr 10 2015 10:46:40 by "java_re" with MS VC++ 10.0 (VS2010)

time: Wed Apr 22 16:10:02 2015
elapsed time: 11 seconds (0d 0h 0m 11s)

