#
# A fatal error has been detected by the Java Runtime Environment:
#
#  EXCEPTION_ACCESS_VIOLATION (0xc0000005) at pc=0x770ddf63, pid=8852, tid=6396
#
# JRE version: Java(TM) SE Runtime Environment (8.0_45-b14) (build 1.8.0_45-b14)
# Java VM: Java HotSpot(TM) Client VM (25.45-b02 mixed mode windows-x86 )
# Problematic frame:
# C  [ntdll.dll+0x1df63]
#
# Failed to write core dump. Minidumps are not enabled by default on client versions of Windows
#
# If you would like to submit a bug report, please visit:
#   http://bugreport.java.com/bugreport/crash.jsp
# The crash happened outside the Java Virtual Machine in native code.
# See problematic frame for where to report the bug.
#

---------------  T H R E A D  ---------------

Current thread (0x16ac8c00):  JavaThread "Thread-19" [_thread_in_native, id=6396, stack(0x195c0000,0x19610000)]

siginfo: ExceptionCode=0xc0000005, writing address 0x00000014

Registers:
EAX=0x00000000, EBX=0x00000ab8, ECX=0xfffffffc, EDX=0x00000000
ESP=0x1960dad8, EBP=0x1960db38, ESI=0x17b325b0, EDI=0x00000000
EIP=0x770ddf63, EFLAGS=0x00010213

Top of Stack: (sp=0x1960dad8)
0x1960dad8:   00000000 17b325b4 17b325b0 00000001
0x1960dae8:   17b325b0 00000000 7eb32000 00000000
0x1960daf8:   00000000 00000000 14fecdf8 00000000
0x1960db08:   14fecc08 00000000 1960db1c 1960db4c
0x1960db18:   02dc4314 00000001 0a4a2628 00000014
0x1960db28:   052210c0 1960db2c 1858f08b 2cc06b67
0x1960db38:   1960db64 770dde0b 1960e2b0 17b32518
0x1960db48:   17b325ac 00000000 17b325b0 00000001 

Instructions: (pc=0x770ddf63)
0x770ddf43:   c2 f0 0f b1 0e 8b 75 b0 3b c2 0f 85 cf 5e fe ff
0x770ddf53:   83 65 c0 00 33 c0 89 45 c4 8b 06 83 f8 ff 74 03
0x770ddf63:   ff 40 14 b8 82 03 fe 7f 8a 08 84 c9 0f 85 c8 34
0x770ddf73:   06 00 57 6a 00 83 fb ff 0f 84 0b 35 06 00 53 e8 


Register to memory mapping:

EAX=0x00000000 is an unknown value
EBX=0x00000ab8 is an unknown value
ECX=0xfffffffc is an unknown value
EDX=0x00000000 is an unknown value
ESP=0x1960dad8 is pointing into the stack for thread: 0x16ac8c00
EBP=0x1960db38 is pointing into the stack for thread: 0x16ac8c00
ESI=0x17b325b0 is an unknown value
EDI=0x00000000 is an unknown value


Stack: [0x195c0000,0x19610000],  sp=0x1960dad8,  free space=310k
Native frames: (J=compiled Java code, j=interpreted, Vv=VM code, C=native code)
C  [ntdll.dll+0x1df63]
C  [ntdll.dll+0x1de0b]
C  [ntdll.dll+0x1de35]
C  [libvlccore.dll+0xa3bb0]
C  [jna2192311886808884016.dll+0xd546]
C  [jna2192311886808884016.dll+0x2e5e]
C  [jna2192311886808884016.dll+0x535e]
j  com.sun.jna.Native.invokePointer(JI[Ljava/lang/Object;)J+0
j  com.sun.jna.Function.invokePointer(I[Ljava/lang/Object;)Lcom/sun/jna/Pointer;+6
j  com.sun.jna.Function.invoke([Ljava/lang/Object;Ljava/lang/Class;Z)Ljava/lang/Object;+642
j  com.sun.jna.Function.invoke(Ljava/lang/Class;[Ljava/lang/Object;Ljava/util/Map;)Ljava/lang/Object;+214
j  com.sun.jna.Library$Handler.invoke(Ljava/lang/Object;Ljava/lang/reflect/Method;[Ljava/lang/Object;)Ljava/lang/Object;+341
j  com.sun.proxy.$Proxy0.libvlc_media_get_mrl(Luk/co/caprica/vlcj/binding/internal/libvlc_media_t;)Lcom/sun/jna/Pointer;+16
j  uk.co.caprica.vlcj.player.DefaultMediaPlayer.mrl(Luk/co/caprica/vlcj/binding/internal/libvlc_media_t;)Ljava/lang/String;+22
j  uk.co.caprica.vlcj.player.events.MediaPlayerEventFactory.createEvent(Luk/co/caprica/vlcj/binding/internal/libvlc_event_t;J)Luk/co/caprica/vlcj/player/events/MediaPlayerEvent;+195
j  uk.co.caprica.vlcj.player.DefaultMediaPlayer$EventCallback.callback(Luk/co/caprica/vlcj/binding/internal/libvlc_event_t;Lcom/sun/jna/Pointer;)V+31
v  ~StubRoutines::call_stub
V  [jvm.dll+0x155cb5]
V  [jvm.dll+0x21b12e]
V  [jvm.dll+0x155d4e]
V  [jvm.dll+0x16245a]
V  [jvm.dll+0x1626b3]
V  [jvm.dll+0xffdc3]
C  [java.dll+0x3b22]
j  sun.reflect.NativeMethodAccessorImpl.invoke(Ljava/lang/Object;[Ljava/lang/Object;)Ljava/lang/Object;+100
j  sun.reflect.DelegatingMethodAccessorImpl.invoke(Ljava/lang/Object;[Ljava/lang/Object;)Ljava/lang/Object;+6
j  java.lang.reflect.Method.invoke(Ljava/lang/Object;[Ljava/lang/Object;)Ljava/lang/Object;+56
j  com.sun.jna.CallbackReference$DefaultCallbackProxy.invokeCallback([Ljava/lang/Object;)Ljava/lang/Object;+127
j  com.sun.jna.CallbackReference$DefaultCallbackProxy.callback([Ljava/lang/Object;)Ljava/lang/Object;+2
v  ~StubRoutines::call_stub
V  [jvm.dll+0x155cb5]
V  [jvm.dll+0x21b12e]
V  [jvm.dll+0x155d4e]
V  [jvm.dll+0xdae87]
V  [jvm.dll+0xdc708]
C  [jna2192311886808884016.dll+0xa682]
C  [jna2192311886808884016.dll+0xae0e]
C  [jna2192311886808884016.dll+0xd602]
C  [jna2192311886808884016.dll+0xdd2e]
C  [libvlc.dll+0xa0a0]

Java frames: (J=compiled Java code, j=interpreted, Vv=VM code)
j  com.sun.jna.Native.invokePointer(JI[Ljava/lang/Object;)J+0
j  com.sun.jna.Function.invokePointer(I[Ljava/lang/Object;)Lcom/sun/jna/Pointer;+6
j  com.sun.jna.Function.invoke([Ljava/lang/Object;Ljava/lang/Class;Z)Ljava/lang/Object;+642
j  com.sun.jna.Function.invoke(Ljava/lang/Class;[Ljava/lang/Object;Ljava/util/Map;)Ljava/lang/Object;+214
j  com.sun.jna.Library$Handler.invoke(Ljava/lang/Object;Ljava/lang/reflect/Method;[Ljava/lang/Object;)Ljava/lang/Object;+341
j  com.sun.proxy.$Proxy0.libvlc_media_get_mrl(Luk/co/caprica/vlcj/binding/internal/libvlc_media_t;)Lcom/sun/jna/Pointer;+16
j  uk.co.caprica.vlcj.player.DefaultMediaPlayer.mrl(Luk/co/caprica/vlcj/binding/internal/libvlc_media_t;)Ljava/lang/String;+22
j  uk.co.caprica.vlcj.player.events.MediaPlayerEventFactory.createEvent(Luk/co/caprica/vlcj/binding/internal/libvlc_event_t;J)Luk/co/caprica/vlcj/player/events/MediaPlayerEvent;+195
j  uk.co.caprica.vlcj.player.DefaultMediaPlayer$EventCallback.callback(Luk/co/caprica/vlcj/binding/internal/libvlc_event_t;Lcom/sun/jna/Pointer;)V+31
v  ~StubRoutines::call_stub
j  sun.reflect.NativeMethodAccessorImpl.invoke0(Ljava/lang/reflect/Method;Ljava/lang/Object;[Ljava/lang/Object;)Ljava/lang/Object;+0
j  sun.reflect.NativeMethodAccessorImpl.invoke(Ljava/lang/Object;[Ljava/lang/Object;)Ljava/lang/Object;+100
j  sun.reflect.DelegatingMethodAccessorImpl.invoke(Ljava/lang/Object;[Ljava/lang/Object;)Ljava/lang/Object;+6
j  java.lang.reflect.Method.invoke(Ljava/lang/Object;[Ljava/lang/Object;)Ljava/lang/Object;+56
j  com.sun.jna.CallbackReference$DefaultCallbackProxy.invokeCallback([Ljava/lang/Object;)Ljava/lang/Object;+127
j  com.sun.jna.CallbackReference$DefaultCallbackProxy.callback([Ljava/lang/Object;)Ljava/lang/Object;+2
v  ~StubRoutines::call_stub
j  com.sun.jna.Native.invokeVoid(JI[Ljava/lang/Object;)V+0
j  com.sun.jna.Function.invoke([Ljava/lang/Object;Ljava/lang/Class;Z)Ljava/lang/Object;+48
j  com.sun.jna.Function.invoke(Ljava/lang/Class;[Ljava/lang/Object;Ljava/util/Map;)Ljava/lang/Object;+214
j  com.sun.jna.Library$Handler.invoke(Ljava/lang/Object;Ljava/lang/reflect/Method;[Ljava/lang/Object;)Ljava/lang/Object;+341
j  com.sun.proxy.$Proxy0.libvlc_media_player_set_media(Luk/co/caprica/vlcj/binding/internal/libvlc_media_player_t;Luk/co/caprica/vlcj/binding/internal/libvlc_media_t;)V+20
j  uk.co.caprica.vlcj.player.DefaultMediaPlayer.setMedia(Ljava/lang/String;[Ljava/lang/String;)Z+302
j  uk.co.caprica.vlcj.player.DefaultMediaPlayer.prepareMedia(Ljava/lang/String;[Ljava/lang/String;)Z+19
j  uk.co.caprica.vlcj.player.DefaultMediaPlayer.playMedia(Ljava/lang/String;[Ljava/lang/String;)Z+19
j  com.sadoksync.sadoksync.Client.connectToRtsp()V+12
j  com.sadoksync.sadoksync.ConnectionHandler.run()V+462
v  ~StubRoutines::call_stub

---------------  P R O C E S S  ---------------

Java Threads: ( => current thread )
  0x187b1c00 JavaThread "Thread-182" [_thread_new, id=6576, stack(0x00000000,0x00000000)]
  0x187b1400 JavaThread "Thread-179" [_thread_new, id=8576, stack(0x00000000,0x00000000)]
  0x187adc00 JavaThread "Thread-176" [_thread_in_native, id=1376, stack(0x1c320000,0x1c370000)]
  0x187b0800 JavaThread "Thread-169" [_thread_in_native, id=1180, stack(0x1c200000,0x1c250000)]
  0x187ad400 JavaThread "Thread-164" [_thread_in_Java, id=192, stack(0x1c290000,0x1c2e0000)]
  0x187b0000 JavaThread "Thread-158" [_thread_in_native, id=8296, stack(0x1c170000,0x1c1c0000)]
  0x187b0c00 JavaThread "Thread-152" [_thread_in_native, id=5208, stack(0x1c050000,0x1c0a0000)]
  0x187afc00 JavaThread "Thread-146" [_thread_in_native, id=7716, stack(0x1bf30000,0x1bf80000)]
  0x187ad000 JavaThread "Thread-141" [_thread_in_native, id=7180, stack(0x1bfc0000,0x1c010000)]
  0x187af000 JavaThread "pool-3-thread-1" [_thread_blocked, id=7248, stack(0x1c0e0000,0x1c130000)]
  0x187ac800 JavaThread "Thread-134" [_thread_in_native, id=3112, stack(0x1be10000,0x1be60000)]
  0x187ac400 JavaThread "Thread-128" [_thread_in_native, id=8584, stack(0x1bea0000,0x1bef0000)]
  0x186b7400 JavaThread "Thread-122" [_thread_in_native, id=6056, stack(0x1bab0000,0x1bb00000)]
  0x186b6c00 JavaThread "Thread-116" [_thread_in_native, id=3716, stack(0x1bcf0000,0x1bd40000)]
  0x186b5c00 JavaThread "Thread-109" [_thread_in_native, id=4956, stack(0x1bd80000,0x1bdd0000)]
  0x186b6800 JavaThread "pool-1-thread-50" [_thread_blocked, id=3312, stack(0x1bc60000,0x1bcb0000)]
  0x186b6000 JavaThread "Thread-103" [_thread_in_native, id=6796, stack(0x1bbd0000,0x1bc20000)]
  0x186b0800 JavaThread "pool-1-thread-49" [_thread_blocked, id=8736, stack(0x1b870000,0x1b8c0000)]
  0x186b2000 JavaThread "pool-1-thread-48" [_thread_blocked, id=7616, stack(0x1bb40000,0x1bb90000)]
  0x186b5400 JavaThread "pool-1-thread-47" [_thread_blocked, id=7564, stack(0x1b990000,0x1b9e0000)]
  0x186b4c00 JavaThread "Thread-97" [_thread_in_native, id=7144, stack(0x1ba20000,0x1ba70000)]
  0x186b4800 JavaThread "pool-1-thread-46" [_thread_blocked, id=1044, stack(0x1b630000,0x1b680000)]
  0x186b1000 JavaThread "pool-1-thread-45" [_thread_blocked, id=684, stack(0x1b900000,0x1b950000)]
  0x186b4000 JavaThread "pool-1-thread-44" [_thread_blocked, id=8232, stack(0x1b7e0000,0x1b830000)]
  0x186b3c00 JavaThread "Thread-91" [_thread_in_native, id=4640, stack(0x1b750000,0x1b7a0000)]
  0x186b3400 JavaThread "pool-1-thread-43" [_thread_blocked, id=6660, stack(0x1b3f0000,0x1b440000)]
  0x186b3000 JavaThread "pool-1-thread-42" [_thread_blocked, id=4200, stack(0x1b6c0000,0x1b710000)]
  0x186b2800 JavaThread "pool-1-thread-41" [_thread_blocked, id=2768, stack(0x1b5a0000,0x1b5f0000)]
  0x186b0400 JavaThread "Thread-85" [_thread_in_native, id=4812, stack(0x1b510000,0x1b560000)]
  0x186b1400 JavaThread "pool-1-thread-40" [_thread_blocked, id=3320, stack(0x1b1b0000,0x1b200000)]
  0x186b1c00 JavaThread "pool-1-thread-39" [_thread_blocked, id=7600, stack(0x1b480000,0x1b4d0000)]
  0x16b71800 JavaThread "pool-1-thread-38" [_thread_blocked, id=6264, stack(0x1b360000,0x1b3b0000)]
  0x16aa4800 JavaThread "Thread-79" [_thread_in_native, id=6168, stack(0x1b2d0000,0x1b320000)]
  0x16a9fc00 JavaThread "pool-1-thread-37" [_thread_blocked, id=2452, stack(0x1b090000,0x1b0e0000)]
  0x16aa4400 JavaThread "pool-1-thread-36" [_thread_blocked, id=2344, stack(0x1b240000,0x1b290000)]
  0x16aa3400 JavaThread "pool-1-thread-35" [_thread_blocked, id=9204, stack(0x1b120000,0x1b170000)]
  0x16aa5000 JavaThread "Thread-73" [_thread_in_native, id=1624, stack(0x1a710000,0x1a760000)]
  0x16a9dc00 JavaThread "pool-1-thread-34" [_thread_blocked, id=7272, stack(0x1a4d0000,0x1a520000)]
  0x16aa3000 JavaThread "pool-1-thread-33" [_thread_blocked, id=8048, stack(0x1b000000,0x1b050000)]
  0x16aa2800 JavaThread "pool-1-thread-32" [_thread_blocked, id=8596, stack(0x1af70000,0x1afc0000)]
  0x16aa2400 JavaThread "Thread-67" [_thread_in_native, id=8236, stack(0x1aae0000,0x1ab30000)]
  0x16aa1c00 JavaThread "pool-1-thread-31" [_thread_blocked, id=8444, stack(0x1a7a0000,0x1a7f0000)]
  0x16aa1800 JavaThread "pool-1-thread-30" [_thread_blocked, id=8120, stack(0x1a680000,0x1a6d0000)]
  0x16a9ec00 JavaThread "Thread-63" [_thread_in_native, id=3528, stack(0x1a5f0000,0x1a640000)]
  0x16a9d800 JavaThread "pool-1-thread-29" [_thread_blocked, id=3124, stack(0x1a290000,0x1a2e0000)]
  0x16aa0800 JavaThread "pool-1-thread-28" [_thread_blocked, id=6744, stack(0x1a170000,0x1a1c0000)]
  0x16a9f000 JavaThread "pool-1-thread-27" [_thread_blocked, id=7228, stack(0x1a560000,0x1a5b0000)]
  0x16a9e400 JavaThread "pool-1-thread-26" [_thread_blocked, id=7104, stack(0x1a440000,0x1a490000)]
  0x16aa1000 JavaThread "Thread-56" [_thread_in_native, id=4124, stack(0x1a3b0000,0x1a400000)]
  0x16a9f800 JavaThread "pool-1-thread-25" [_thread_blocked, id=2472, stack(0x1a320000,0x1a370000)]
  0x16aa0400 JavaThread "pool-1-thread-24" [_thread_blocked, id=8872, stack(0x1a200000,0x1a250000)]
  0x16b72000 JavaThread "pool-1-thread-23" [_thread_blocked, id=5312, stack(0x1a0e0000,0x1a130000)]
  0x16b70000 JavaThread "Thread-49" [_thread_in_native, id=1232, stack(0x19fc0000,0x1a010000)]
  0x16ac8000 JavaThread "pool-1-thread-22" [_thread_blocked, id=5572, stack(0x19ea0000,0x19ef0000)]
  0x16ac7800 JavaThread "pool-1-thread-21" [_thread_blocked, id=5280, stack(0x1a050000,0x1a0a0000)]
  0x16b70800 JavaThread "pool-1-thread-20" [_thread_blocked, id=7316, stack(0x1aa50000,0x1aaa0000)]
  0x16b6ec00 JavaThread "Thread-44" [_thread_in_native, id=7532, stack(0x19ad0000,0x19b20000)]
  0x16b71400 JavaThread "pool-1-thread-19" [_thread_blocked, id=9156, stack(0x199b0000,0x19a00000)]
  0x16b6dc00 JavaThread "pool-1-thread-18" [_thread_blocked, id=8336, stack(0x19f30000,0x19f80000)]
  0x16b6f400 JavaThread "pool-1-thread-17" [_thread_blocked, id=8592, stack(0x19e10000,0x19e60000)]
  0x16b70c00 JavaThread "Thread-37" [_thread_in_native, id=5848, stack(0x19d80000,0x19dd0000)]
  0x16b6f800 JavaThread "pool-1-thread-16" [_thread_blocked, id=1228, stack(0x19cf0000,0x19d40000)]
  0x16b72400 JavaThread "pool-1-thread-15" [_thread_blocked, id=6300, stack(0x19b60000,0x19bb0000)]
  0x16b6b400 JavaThread "pool-1-thread-14" [_thread_blocked, id=2584, stack(0x19800000,0x19850000)]
  0x16b6b000 JavaThread "Thread-32" [_thread_in_native, id=5704, stack(0x196e0000,0x19730000)]
  0x16b6e800 JavaThread "pool-1-thread-13" [_thread_blocked, id=5316, stack(0x19380000,0x193d0000)]
  0x16b6e000 JavaThread "pool-1-thread-12" [_thread_blocked, id=2660, stack(0x19a40000,0x19a90000)]
  0x16b6cc00 JavaThread "pool-1-thread-11" [_thread_blocked, id=8968, stack(0x19920000,0x19970000)]
  0x16b6bc00 JavaThread "Thread-25" [_thread_in_native, id=6500, stack(0x19890000,0x198e0000)]
  0x16b6d400 JavaThread "pool-1-thread-10" [_thread_blocked, id=2388, stack(0x194a0000,0x194f0000)]
  0x16b6c800 JavaThread "pool-1-thread-9" [_thread_blocked, id=9044, stack(0x19770000,0x197c0000)]
  0x16b6c000 JavaThread "pool-1-thread-8" [_thread_blocked, id=7252, stack(0x19650000,0x196a0000)]
=>0x16ac8c00 JavaThread "Thread-19" [_thread_in_native, id=6396, stack(0x195c0000,0x19610000)]
  0x16ac8800 JavaThread "pool-1-thread-7" [_thread_blocked, id=8848, stack(0x19530000,0x19580000)]
  0x16acac00 JavaThread "pool-1-thread-6" [_thread_blocked, id=2320, stack(0x19410000,0x19460000)]
  0x16ac9400 JavaThread "pool-1-thread-5" [_thread_blocked, id=4844, stack(0x190b0000,0x19100000)]
  0x16ac7400 JavaThread "pool-1-thread-4" [_thread_blocked, id=3724, stack(0x192f0000,0x19340000)]
  0x16aca400 JavaThread "pool-1-thread-3" [_thread_blocked, id=7384, stack(0x19140000,0x19190000)]
  0x16ac9800 JavaThread "TimerQueue" daemon [_thread_blocked, id=1096, stack(0x184e0000,0x18530000)]
  0x16aca000 JavaThread "DestroyJavaVM" [_thread_blocked, id=8800, stack(0x01230000,0x01280000)]
  0x16999800 JavaThread "Swing-Shell" daemon [_thread_blocked, id=5940, stack(0x17810000,0x17860000)]
  0x1691a000 JavaThread "AWT-EventQueue-0" [_thread_blocked, id=5404, stack(0x161b0000,0x16200000)]
  0x16919800 JavaThread "AWT-Shutdown" [_thread_blocked, id=6568, stack(0x15fb0000,0x16000000)]
  0x154c6400 JavaThread "AWT-Windows" daemon [_thread_in_native, id=9104, stack(0x16040000,0x16090000)]
  0x154c0800 JavaThread "Java2D Disposer" daemon [_thread_blocked, id=8312, stack(0x15f20000,0x15f70000)]
  0x153fb000 JavaThread "pool-1-thread-2" [_thread_in_vm, id=4060, stack(0x159c0000,0x15a10000)]
  0x153fa800 JavaThread "pool-1-thread-1" [_thread_in_native, id=5356, stack(0x15930000,0x15980000)]
  0x15373400 JavaThread "Service Thread" daemon [_thread_blocked, id=5720, stack(0x15810000,0x15860000)]
  0x1537a400 JavaThread "C1 CompilerThread0" daemon [_thread_in_native, id=7952, stack(0x15780000,0x157d0000)]
  0x15379400 JavaThread "Attach Listener" daemon [_thread_blocked, id=1940, stack(0x156f0000,0x15740000)]
  0x15377000 JavaThread "Signal Dispatcher" daemon [_thread_blocked, id=8028, stack(0x15660000,0x156b0000)]
  0x15346800 JavaThread "Finalizer" daemon [_thread_blocked, id=3912, stack(0x155d0000,0x15620000)]
  0x02cfec00 JavaThread "Reference Handler" daemon [_thread_blocked, id=7884, stack(0x15540000,0x15590000)]

Other Threads:
  0x02cfd400 VMThread [stack: 0x152f0000,0x15340000] [id=6804]
  0x15375800 WatcherThread [stack: 0x158a0000,0x158f0000] [id=6616]

VM state:not at safepoint (normal execution)

VM Mutex/Monitor currently owned by a thread: None

Heap:
 def new generation   total 4928K, used 1439K [0x04e00000, 0x05350000, 0x0a350000)
  eden space 4416K,  24% used [0x04e00000, 0x04f0d000, 0x05250000)
  from space 512K,  70% used [0x05250000, 0x052aac88, 0x052d0000)
  to   space 512K,   0% used [0x052d0000, 0x052d0000, 0x05350000)
 tenured generation   total 10944K, used 7171K [0x0a350000, 0x0ae00000, 0x14e00000)
   the space 10944K,  65% used [0x0a350000, 0x0aa50e48, 0x0aa51000, 0x0ae00000)
 Metaspace       used 10887K, capacity 11079K, committed 11264K, reserved 11648K

Card table byte_map: [0x14e00000,0x14e90000] byte_map_base: 0x14dd9000

Polling page: 0x01280000

CodeCache: size=32768Kb used=1604Kb max_used=1604Kb free=31163Kb
 bounds [0x02dc0000, 0x02f58000, 0x04dc0000]
 total_blobs=944 nmethods=696 adapters=178
 compilation: enabled

Compilation events (10 events):
Event: 42.876 Thread 0x1537a400 nmethod 619 0x02f29608 code [0x02f29700, 0x02f29780]
Event: 42.878 Thread 0x1537a400  620             java.util.WeakHashMap::indexFor (6 bytes)
Event: 42.879 Thread 0x1537a400 nmethod 620 0x02f297c8 code [0x02f298c0, 0x02f29930]
Event: 42.885 Thread 0x1537a400  621             java.util.WeakHashMap::getTable (9 bytes)
Event: 42.885 Thread 0x1537a400 nmethod 621 0x02f29988 code [0x02f29a80, 0x02f29b1c]
Event: 42.886 Thread 0x1537a400  622   !         java.util.WeakHashMap::expungeStaleEntries (139 bytes)
Event: 42.888 Thread 0x1537a400 nmethod 622 0x02f29b88 code [0x02f29cc0, 0x02f2a1bc]
Event: 42.889 Thread 0x1537a400  623             java.util.WeakHashMap::maskNull (12 bytes)
Event: 42.889 Thread 0x1537a400 nmethod 623 0x02f2a688 code [0x02f2a780, 0x02f2a800]
Event: 42.890 Thread 0x1537a400  624             java.util.WeakHashMap::hash (28 bytes)

GC Heap History (8 events):
Event: 2.900 GC heap before
{Heap before GC invocations=0 (full 0):
 def new generation   total 4928K, used 4416K [0x04e00000, 0x05350000, 0x0a350000)
  eden space 4416K, 100% used [0x04e00000, 0x05250000, 0x05250000)
  from space 512K,   0% used [0x05250000, 0x05250000, 0x052d0000)
  to   space 512K,   0% used [0x052d0000, 0x052d0000, 0x05350000)
 tenured generation   total 10944K, used 0K [0x0a350000, 0x0ae00000, 0x14e00000)
   the space 10944K,   0% used [0x0a350000, 0x0a350000, 0x0a350200, 0x0ae00000)
 Metaspace       used 6590K, capacity 6768K, committed 6912K, reserved 7552K
Event: 2.919 GC heap after
Heap after GC invocations=1 (full 0):
 def new generation   total 4928K, used 512K [0x04e00000, 0x05350000, 0x0a350000)
  eden space 4416K,   0% used [0x04e00000, 0x04e00000, 0x05250000)
  from space 512K, 100% used [0x052d0000, 0x05350000, 0x05350000)
  to   space 512K,   0% used [0x05250000, 0x05250000, 0x052d0000)
 tenured generation   total 10944K, used 1013K [0x0a350000, 0x0ae00000, 0x14e00000)
   the space 10944K,   9% used [0x0a350000, 0x0a44d748, 0x0a44d800, 0x0ae00000)
 Metaspace       used 6590K, capacity 6768K, committed 6912K, reserved 7552K
}
Event: 4.782 GC heap before
{Heap before GC invocations=1 (full 0):
 def new generation   total 4928K, used 4928K [0x04e00000, 0x05350000, 0x0a350000)
  eden space 4416K, 100% used [0x04e00000, 0x05250000, 0x05250000)
  from space 512K, 100% used [0x052d0000, 0x05350000, 0x05350000)
  to   space 512K,   0% used [0x05250000, 0x05250000, 0x052d0000)
 tenured generation   total 10944K, used 1013K [0x0a350000, 0x0ae00000, 0x14e00000)
   the space 10944K,   9% used [0x0a350000, 0x0a44d748, 0x0a44d800, 0x0ae00000)
 Metaspace       used 9198K, capacity 9390K, committed 9600K, reserved 9600K
Event: 4.804 GC heap after
Heap after GC invocations=2 (full 0):
 def new generation   total 4928K, used 512K [0x04e00000, 0x05350000, 0x0a350000)
  eden space 4416K,   0% used [0x04e00000, 0x04e00000, 0x05250000)
  from space 512K, 100% used [0x05250000, 0x052d0000, 0x052d0000)
  to   space 512K,   0% used [0x052d0000, 0x052d0000, 0x05350000)
 tenured generation   total 10944K, used 2491K [0x0a350000, 0x0ae00000, 0x14e00000)
   the space 10944K,  22% used [0x0a350000, 0x0a5bef10, 0x0a5bf000, 0x0ae00000)
 Metaspace       used 9198K, capacity 9390K, committed 9600K, reserved 9600K
}
Event: 6.537 GC heap before
{Heap before GC invocations=2 (full 0):
 def new generation   total 4928K, used 4928K [0x04e00000, 0x05350000, 0x0a350000)
  eden space 4416K, 100% used [0x04e00000, 0x05250000, 0x05250000)
  from space 512K, 100% used [0x05250000, 0x052d0000, 0x052d0000)
  to   space 512K,   0% used [0x052d0000, 0x052d0000, 0x05350000)
 tenured generation   total 10944K, used 2491K [0x0a350000, 0x0ae00000, 0x14e00000)
   the space 10944K,  22% used [0x0a350000, 0x0a5bef10, 0x0a5bf000, 0x0ae00000)
 Metaspace       used 9787K, capacity 9998K, committed 10112K, reserved 10624K
Event: 6.546 GC heap after
Heap after GC invocations=3 (full 0):
 def new generation   total 4928K, used 498K [0x04e00000, 0x05350000, 0x0a350000)
  eden space 4416K,   0% used [0x04e00000, 0x04e00000, 0x05250000)
  from space 512K,  97% used [0x052d0000, 0x0534c8c0, 0x05350000)
  to   space 512K,   0% used [0x05250000, 0x05250000, 0x052d0000)
 tenured generation   total 10944K, used 2936K [0x0a350000, 0x0ae00000, 0x14e00000)
   the space 10944K,  26% used [0x0a350000, 0x0a62e238, 0x0a62e400, 0x0ae00000)
 Metaspace       used 9787K, capacity 9998K, committed 10112K, reserved 10624K
}
Event: 17.076 GC heap before
{Heap before GC invocations=3 (full 0):
 def new generation   total 4928K, used 4914K [0x04e00000, 0x05350000, 0x0a350000)
  eden space 4416K, 100% used [0x04e00000, 0x05250000, 0x05250000)
  from space 512K,  97% used [0x052d0000, 0x0534c8c0, 0x05350000)
  to   space 512K,   0% used [0x05250000, 0x05250000, 0x052d0000)
 tenured generation   total 10944K, used 2936K [0x0a350000, 0x0ae00000, 0x14e00000)
   the space 10944K,  26% used [0x0a350000, 0x0a62e238, 0x0a62e400, 0x0ae00000)
 Metaspace       used 10272K, capacity 10448K, committed 10624K, reserved 10624K
Event: 17.084 GC heap after
Heap after GC invocations=4 (full 0):
 def new generation   total 4928K, used 511K [0x04e00000, 0x05350000, 0x0a350000)
  eden space 4416K,   0% used [0x04e00000, 0x04e00000, 0x05250000)
  from space 512K,  99% used [0x05250000, 0x052cff48, 0x052d0000)
  to   space 512K,   0% used [0x052d0000, 0x052d0000, 0x05350000)
 tenured generation   total 10944K, used 3198K [0x0a350000, 0x0ae00000, 0x14e00000)
   the space 10944K,  29% used [0x0a350000, 0x0a66f940, 0x0a66fa00, 0x0ae00000)
 Metaspace       used 10272K, capacity 10448K, committed 10624K, reserved 10624K
}

Deoptimization events (0 events):
No events

Internal exceptions (10 events):
Event: 4.521 Thread 0x16983400 Exception <a 'java/security/PrivilegedActionException'> (0x050e8e80) thrown at [C:\re\workspace\8-2-build-windows-i586-cygwin\jdk8u45\3457\hotspot\src\share\vm\prims\jvm.cpp, line 1382]
Event: 6.559 Thread 0x0129c400 Exception <a 'java/lang/NoClassDefFoundError': org/slf4j/impl/StaticLoggerBinder> (0x04e148b0) thrown at [C:\re\workspace\8-2-build-windows-i586-cygwin\jdk8u45\3457\hotspot\src\share\vm\classfile\systemDictionary.cpp, line 199]
Event: 6.594 Thread 0x0129c400 Exception <a 'java/lang/NullPointerException'> (0x04e54690) thrown at [C:\re\workspace\8-2-build-windows-i586-cygwin\jdk8u45\3457\hotspot\src\share\vm\interpreter\linkResolver.cpp, line 1178]
Event: 6.597 Thread 0x0129c400 Exception <a 'java/lang/UnsatisfiedLinkError': Det går inte att hitta den angivna modulen.
> (0x04e54c38) thrown at [C:\re\workspace\8-2-build-windows-i586-cygwin\jdk8u45\3457\hotspot\src\share\vm\prims\jni.cpp, line 735]
Event: 6.599 Thread 0x0129c400 Exception <a 'java/lang/UnsatisfiedLinkError': Det går inte att hitta den angivna modulen.
> (0x04e54ef8) thrown at [C:\re\workspace\8-2-build-windows-i586-cygwin\jdk8u45\3457\hotspot\src\share\vm\prims\jni.cpp, line 735]
Event: 6.601 Thread 0x0129c400 Exception <a 'java/lang/UnsatisfiedLinkError': Det går inte att hitta den angivna modulen.
> (0x04e55230) thrown at [C:\re\workspace\8-2-build-windows-i586-cygwin\jdk8u45\3457\hotspot\src\share\vm\prims\jni.cpp, line 735]
Event: 6.602 Thread 0x0129c400 Exception <a 'java/lang/UnsatisfiedLinkError'> (0x04e57660) thrown at [C:\re\workspace\8-2-build-windows-i586-cygwin\jdk8u45\3457\hotspot\src\share\vm\oops\instanceKlass.cpp, line 938]
Event: 6.624 Thread 0x0129c400 Exception <a 'java/lang/NullPointerException'> (0x04e8cef8) thrown at [C:\re\workspace\8-2-build-windows-i586-cygwin\jdk8u45\3457\hotspot\src\share\vm\interpreter\linkResolver.cpp, line 1178]
Event: 32.339 Thread 0x16aca400 Exception <a 'java/lang/NoSuchMethodError': <clinit>> (0x050a64a8) thrown at [C:\re\workspace\8-2-build-windows-i586-cygwin\jdk8u45\3457\hotspot\src\share\vm\prims\jni.cpp, line 1598]
Event: 41.472 Thread 0x16ac9400 Exception <a 'java/lang/NoSuchMethodError': <clinit>> (0x051568e8) thrown at [C:\re\workspace\8-2-build-windows-i586-cygwin\jdk8u45\3457\hotspot\src\share\vm\prims\jni.cpp, line 1598]

Events (10 events):
Event: 42.881 Executing VM operation: RevokeBias
Event: 42.881 Executing VM operation: RevokeBias done
Event: 42.881 Executing VM operation: RevokeBias
Event: 42.881 Executing VM operation: RevokeBias done
Event: 42.884 Executing VM operation: RevokeBias
Event: 42.884 Executing VM operation: RevokeBias done
Event: 42.884 loading class uk/co/caprica/vlcj/player/events/MediaPlayerMediaChangedEvent
Event: 42.884 loading class uk/co/caprica/vlcj/player/events/MediaPlayerMediaChangedEvent done
Event: 42.886 loading class uk/co/caprica/vlcj/player/events/AbstractMediaPlayerEvent
Event: 42.886 loading class uk/co/caprica/vlcj/player/events/AbstractMediaPlayerEvent done


Dynamic libraries:
0x01330000 - 0x01363000 	C:\Program Files (x86)\Java\jdk1.8.0_45\bin\java.exe
0x770c0000 - 0x7722e000 	C:\WINDOWS\SYSTEM32\ntdll.dll
0x76b90000 - 0x76cd0000 	C:\WINDOWS\SYSTEM32\KERNEL32.DLL
0x74f80000 - 0x75057000 	C:\WINDOWS\SYSTEM32\KERNELBASE.dll
0x746f0000 - 0x74790000 	C:\WINDOWS\system32\apphelp.dll
0x71670000 - 0x718d5000 	C:\WINDOWS\AppPatch\AcGenral.DLL
0x76ac0000 - 0x76b83000 	C:\WINDOWS\SYSTEM32\msvcrt.dll
0x75530000 - 0x75571000 	C:\WINDOWS\SYSTEM32\sechost.dll
0x748c0000 - 0x748de000 	C:\WINDOWS\SYSTEM32\SspiCli.dll
0x769c0000 - 0x76a05000 	C:\WINDOWS\SYSTEM32\SHLWAPI.dll
0x73f10000 - 0x73ffd000 	C:\WINDOWS\SYSTEM32\UxTheme.dll
0x75230000 - 0x75383000 	C:\WINDOWS\SYSTEM32\USER32.dll
0x76cd0000 - 0x76dde000 	C:\WINDOWS\SYSTEM32\GDI32.dll
0x74100000 - 0x74123000 	C:\WINDOWS\SYSTEM32\WINMM.dll
0x72920000 - 0x72933000 	C:\WINDOWS\SYSTEM32\samcli.dll
0x75070000 - 0x75198000 	C:\WINDOWS\SYSTEM32\ole32.dll
0x74900000 - 0x74995000 	C:\WINDOWS\SYSTEM32\OLEAUT32.dll
0x72d70000 - 0x72d87000 	C:\WINDOWS\SYSTEM32\MSACM32.dll
0x72d60000 - 0x72d68000 	C:\WINDOWS\SYSTEM32\VERSION.dll
0x75580000 - 0x7682c000 	C:\WINDOWS\SYSTEM32\SHELL32.dll
0x74300000 - 0x7431b000 	C:\WINDOWS\SYSTEM32\USERENV.dll
0x73ef0000 - 0x73f0a000 	C:\WINDOWS\SYSTEM32\dwmapi.dll
0x71350000 - 0x7149b000 	C:\WINDOWS\SYSTEM32\urlmon.dll
0x751a0000 - 0x7521c000 	C:\WINDOWS\SYSTEM32\ADVAPI32.dll
0x743d0000 - 0x74435000 	C:\WINDOWS\SYSTEM32\WINSPOOL.DRV
0x74450000 - 0x74466000 	C:\WINDOWS\SYSTEM32\MPR.dll
0x76870000 - 0x7692a000 	C:\WINDOWS\SYSTEM32\RPCRT4.dll
0x748b0000 - 0x748ba000 	C:\WINDOWS\SYSTEM32\CRYPTBASE.dll
0x74bc0000 - 0x74d3d000 	C:\WINDOWS\SYSTEM32\combase.dll
0x740c0000 - 0x740e3000 	C:\WINDOWS\SYSTEM32\WINMMBASE.dll
0x740f0000 - 0x740ff000 	C:\WINDOWS\SYSTEM32\profapi.dll
0x73210000 - 0x73442000 	C:\WINDOWS\SYSTEM32\iertutil.dll
0x73490000 - 0x73665000 	C:\WINDOWS\SYSTEM32\WININET.dll
0x74850000 - 0x748a4000 	C:\WINDOWS\SYSTEM32\bcryptPrimitives.dll
0x76a70000 - 0x76aac000 	C:\WINDOWS\SYSTEM32\cfgmgr32.dll
0x74000000 - 0x74021000 	C:\WINDOWS\SYSTEM32\DEVOBJ.dll
0x74030000 - 0x740bb000 	C:\WINDOWS\SYSTEM32\SHCORE.DLL
0x76840000 - 0x76867000 	C:\WINDOWS\system32\IMM32.DLL
0x74e60000 - 0x74f72000 	C:\WINDOWS\SYSTEM32\MSCTF.dll
0x73710000 - 0x73916000 	C:\WINDOWS\WinSxS\x86_microsoft.windows.common-controls_6595b64144ccf1df_6.0.9600.17415_none_a9ed7f470139b3c1\COMCTL32.dll
0x5d6c0000 - 0x5d77f000 	C:\Program Files (x86)\Java\jdk1.8.0_45\jre\bin\msvcr100.dll
0x5d020000 - 0x5d3e0000 	C:\Program Files (x86)\Java\jdk1.8.0_45\jre\bin\client\jvm.dll
0x6e840000 - 0x6e848000 	C:\WINDOWS\SYSTEM32\WSOCK32.dll
0x75220000 - 0x75226000 	C:\WINDOWS\SYSTEM32\PSAPI.DLL
0x74d40000 - 0x74d90000 	C:\WINDOWS\SYSTEM32\WS2_32.dll
0x75520000 - 0x75527000 	C:\WINDOWS\SYSTEM32\NSI.dll
0x69ad0000 - 0x69adc000 	C:\Program Files (x86)\Java\jdk1.8.0_45\jre\bin\verify.dll
0x69aa0000 - 0x69ac1000 	C:\Program Files (x86)\Java\jdk1.8.0_45\jre\bin\java.dll
0x693c0000 - 0x693d3000 	C:\Program Files (x86)\Java\jdk1.8.0_45\jre\bin\zip.dll
0x693a0000 - 0x693b5000 	C:\Program Files (x86)\Java\jdk1.8.0_45\jre\bin\net.dll
0x73d70000 - 0x73dbb000 	C:\WINDOWS\system32\mswsock.dll
0x5ced0000 - 0x5d015000 	C:\Program Files (x86)\Java\jdk1.8.0_45\jre\bin\awt.dll
0x16090000 - 0x160c9000 	C:\Program Files (x86)\Samsung\Settings\CmdServer\WinCRT.dll
0x74790000 - 0x74799000 	C:\WINDOWS\SYSTEM32\kernel.appcore.dll
0x63080000 - 0x630b9000 	C:\Program Files (x86)\Java\jdk1.8.0_45\jre\bin\fontmanager.dll
0x69a90000 - 0x69a9f000 	C:\Program Files (x86)\Java\jdk1.8.0_45\jre\bin\nio.dll
0x61fa0000 - 0x61fd0000 	C:\Program Files (x86)\Java\jdk1.8.0_45\jre\bin\t2k.dll
0x73940000 - 0x73960000 	C:\WINDOWS\SYSTEM32\IPHLPAPI.DLL
0x730f0000 - 0x730f8000 	C:\WINDOWS\SYSTEM32\WINNSI.DLL
0x72730000 - 0x72743000 	C:\WINDOWS\SYSTEM32\dhcpcsvc6.DLL
0x72710000 - 0x72724000 	C:\WINDOWS\SYSTEM32\dhcpcsvc.DLL
0x76930000 - 0x769bd000 	C:\WINDOWS\SYSTEM32\clbcatq.dll
0x708c0000 - 0x70a2b000 	C:\WINDOWS\SYSTEM32\WindowsCodecs.dll
0x72670000 - 0x72689000 	C:\WINDOWS\SYSTEM32\CRYPTSP.dll
0x72640000 - 0x72670000 	C:\WINDOWS\system32\rsaenh.dll
0x72620000 - 0x7263e000 	C:\WINDOWS\SYSTEM32\bcrypt.dll
0x74320000 - 0x743a9000 	C:\WINDOWS\WinSxS\x86_microsoft.windows.common-controls_6595b64144ccf1df_5.82.9600.17415_none_7c5769eaaa0aa358\comctl32.dll
0x749a0000 - 0x74b51000 	C:\WINDOWS\SYSTEM32\SETUPAPI.dll
0x70a40000 - 0x70b7a000 	C:\WINDOWS\system32\propsys.dll
0x5cd30000 - 0x5ceca000 	C:\WINDOWS\system32\NetworkExplorer.dll
0x6f290000 - 0x6f2b3000 	C:\Windows\SYSTEM32\thumbcache.dll
0x57770000 - 0x57779000 	C:\WINDOWS\System32\drprov.dll
0x73c40000 - 0x73c85000 	C:\WINDOWS\System32\WINSTA.dll
0x57750000 - 0x57762000 	C:\WINDOWS\System32\ntlanman.dll
0x57590000 - 0x575aa000 	C:\WINDOWS\System32\davclnt.dll
0x57580000 - 0x5758a000 	C:\WINDOWS\System32\DAVHLPR.dll
0x730a0000 - 0x730b1000 	C:\WINDOWS\System32\wkscli.dll
0x70450000 - 0x7045f000 	C:\WINDOWS\SYSTEM32\cscapi.dll
0x730e0000 - 0x730ea000 	C:\WINDOWS\System32\netutils.dll
0x57510000 - 0x5757e000 	C:\Windows\SYSTEM32\dlnashext.dll
0x5d680000 - 0x5d6b9000 	C:\Windows\System32\PlayToDevice.dll
0x61f10000 - 0x61f2a000 	C:\Windows\System32\DevDispItemProvider.dll
0x6f000000 - 0x6f103000 	C:\Windows\SYSTEM32\actxprxy.dll
0x5d640000 - 0x5d677000 	C:\WINDOWS\System32\netprofm.dll
0x69390000 - 0x69399000 	C:\WINDOWS\System32\npmproxy.dll
0x5cb40000 - 0x5cd26000 	C:\WINDOWS\system32\wpdshext.dll
0x74130000 - 0x742a0000 	C:\WINDOWS\WinSxS\x86_microsoft.windows.gdiplus_6595b64144ccf1df_1.1.9600.17415_none_dad8722c5bcc2d8f\gdiplus.dll
0x5d5b0000 - 0x5d640000 	C:\Windows\SYSTEM32\PortableDeviceApi.dll
0x74e20000 - 0x74e5d000 	C:\WINDOWS\SYSTEM32\WINTRUST.dll
0x75390000 - 0x75518000 	C:\WINDOWS\SYSTEM32\CRYPT32.dll
0x76ab0000 - 0x76abe000 	C:\WINDOWS\SYSTEM32\MSASN1.dll
0x5cb00000 - 0x5cb40000 	C:\WINDOWS\system32\audiodev.dll
0x5c860000 - 0x5caf1000 	C:\WINDOWS\system32\WMVCore.DLL
0x5c820000 - 0x5c85d000 	C:\WINDOWS\system32\WMASF.DLL
0x6e850000 - 0x6e85b000 	C:\WINDOWS\SYSTEM32\LINKINFO.dll
0x72900000 - 0x72914000 	C:\WINDOWS\SYSTEM32\SAMLIB.dll
0x18670000 - 0x186ad000 	C:\Users\Alexander\AppData\Local\Temp\jna-Alexander\jna2192311886808884016.dll
0x61f30000 - 0x61f59000 	C:\Users\Alexander\Documents\GitHub\sadoksync\Client\SadokSync\target\classes\VLC\libvlc.dll
0x5c590000 - 0x5c819000 	C:\Users\Alexander\Documents\GitHub\sadoksync\Client\SadokSync\target\classes\VLC\libvlccore.dll
0x5c500000 - 0x5c58d000 	C:\Users\Alexander\Documents\GitHub\sadoksync\Client\SadokSync\target\classes\VLC\plugins\access\libdshow_plugin.dll
0x61f80000 - 0x61f91000 	C:\Users\Alexander\Documents\GitHub\sadoksync\Client\SadokSync\target\classes\VLC\plugins\audio_output\libdirectsound_plugin.dll
0x5c4e0000 - 0x5c4f1000 	C:\Users\Alexander\Documents\GitHub\sadoksync\Client\SadokSync\target\classes\VLC\plugins\audio_output\libwaveout_plugin.dll
0x5b960000 - 0x5c4de000 	C:\Users\Alexander\Documents\GitHub\sadoksync\Client\SadokSync\target\classes\VLC\plugins\gui\libqt4_plugin.dll
0x76f50000 - 0x76feb000 	C:\WINDOWS\SYSTEM32\COMDLG32.DLL
0x5b820000 - 0x5b95c000 	C:\Users\Alexander\Documents\GitHub\sadoksync\Client\SadokSync\target\classes\VLC\plugins\misc\libxml_plugin.dll
0x5b800000 - 0x5b81d000 	C:\Users\Alexander\Documents\GitHub\sadoksync\Client\SadokSync\target\classes\VLC\plugins\video_output\libdirect3d_plugin.dll
0x5b7e0000 - 0x5b7fa000 	C:\Users\Alexander\Documents\GitHub\sadoksync\Client\SadokSync\target\classes\VLC\plugins\video_output\libdirectdraw_plugin.dll
0x5b750000 - 0x5b7d1000 	C:\WINDOWS\SYSTEM32\DSOUND.DLL
0x72980000 - 0x729c0000 	C:\WINDOWS\SYSTEM32\POWRPROF.dll
0x72cb0000 - 0x72d03000 	C:\WINDOWS\System32\MMDevApi.dll
0x5b720000 - 0x5b744000 	C:\Program Files (x86)\Java\jdk1.8.0_45\jre\bin\dcpr.dll
0x73cf0000 - 0x73d6e000 	C:\WINDOWS\SYSTEM32\DNSAPI.dll
0x73ce0000 - 0x73ce8000 	C:\Windows\System32\rasadhlp.dll
0x73c90000 - 0x73cd6000 	C:\WINDOWS\System32\fwpuclnt.dll
0x69550000 - 0x69691000 	C:\WINDOWS\SYSTEM32\dbghelp.dll

VM Arguments:
java_command: com.sadoksync.sadoksync.Driver
java_class_path (initial): C:\Users\Alexander\Documents\GitHub\sadoksync\Client\SadokSync\target\classes;C:\Users\Alexander\.m2\repository\uk\co\caprica\vlcj\3.6.0\vlcj-3.6.0.jar;C:\Users\Alexander\.m2\repository\net\java\dev\jna\jna\3.5.2\jna-3.5.2.jar;C:\Users\Alexander\.m2\repository\net\java\dev\jna\platform\3.5.2\platform-3.5.2.jar;C:\Users\Alexander\.m2\repository\org\slf4j\slf4j-api\1.7.10\slf4j-api-1.7.10.jar
Launcher Type: SUN_STANDARD

Environment Variables:
JAVA_HOME=C:\Program Files (x86)\Java\jdk1.8.0_45
PATH=C:\Program Files (x86)\NVIDIA Corporation\PhysX\Common;C:\Program Files (x86)\Intel\iCLS Client\;C:\Program Files\Intel\iCLS Client\;C:\WINDOWS\system32;C:\WINDOWS;C:\WINDOWS\System32\Wbem;C:\WINDOWS\System32\WindowsPowerShell\v1.0\;C:\Program Files\Intel\WiFi\bin\;C:\Program Files\Common Files\Intel\WirelessCommon\;C:\Program Files\Intel\Intel(R) Management Engine Components\DAL;C:\Program Files\Intel\Intel(R) Management Engine Components\IPT;C:\Program Files (x86)\Intel\Intel(R) Management Engine Components\DAL;C:\Program Files (x86)\Intel\Intel(R) Management Engine Components\IPT;C:\Program Files (x86)\Intel\OpenCL SDK\2.0\bin\x86;C:\Program Files (x86)\Intel\OpenCL SDK\2.0\bin\x64;C:\Program Files (x86)\Windows Live\Shared;C:\Program Files\Condusiv Technologies\IntelliMemory\;C:\Program Files\Java\jdk1.7.0_45\bin;C:\VXIPNP\WinNT\Bin;;C:\Program Files\Samsung\AllShare Framework DMS\1.3.23\64bit\???;C:\Program Files (x86)\MiKTeX 2.9\miktex\bin\;C:\Program Files (x86)\OpenVPN\bin
USERNAME=Alexander
OS=Windows_NT
PROCESSOR_IDENTIFIER=Intel64 Family 6 Model 58 Stepping 9, GenuineIntel



---------------  S Y S T E M  ---------------

OS: Windows 8.1 , 64 bit Build 9600 (6.3.9600.17415)

CPU:total 4 (2 cores per cpu, 2 threads per core) family 6 model 58 stepping 9, cmov, cx8, fxsr, mmx, sse, sse2, sse3, ssse3, sse4.1, sse4.2, popcnt, avx, clmul, erms, ht, tsc, tscinvbit, tscinv

Memory: 4k page, physical 8001056k(501112k free), swap 11146788k(1826848k free)

vm_info: Java HotSpot(TM) Client VM (25.45-b02) for windows-x86 JRE (1.8.0_45-b14), built on Apr 10 2015 10:46:40 by "java_re" with MS VC++ 10.0 (VS2010)

time: Thu Apr 23 13:44:10 2015
elapsed time: 43 seconds (0d 0h 0m 43s)

