#
# A fatal error has been detected by the Java Runtime Environment:
#
#  EXCEPTION_ACCESS_VIOLATION (0xc0000005) at pc=0x770ddf63, pid=5988, tid=1940
#
# JRE version: Java(TM) SE Runtime Environment (8.0_45-b14) (build 1.8.0_45-b14)
# Java VM: Java HotSpot(TM) Client VM (25.45-b02 mixed mode windows-x86 )
# Problematic frame:
# C  [ntdll.dll+0x1df63]
#
# Failed to write core dump. Minidumps are not enabled by default on client versions of Windows
#
# If you would like to submit a bug report, please visit:
#   http://bugreport.java.com/bugreport/crash.jsp
# The crash happened outside the Java Virtual Machine in native code.
# See problematic frame for where to report the bug.
#

---------------  T H R E A D  ---------------

Current thread (0x161e5400):  JavaThread "Thread-37" [_thread_in_native, id=1940, stack(0x19040000,0x19090000)]

siginfo: ExceptionCode=0xc0000005, writing address 0x00000014

Registers:
EAX=0x00000000, EBX=0x00000c9c, ECX=0xfffffffc, EDX=0x00000000
ESP=0x1908e8a8, EBP=0x1908e908, ESI=0x17554918, EDI=0x00000000
EIP=0x770ddf63, EFLAGS=0x00010213

Top of Stack: (sp=0x1908e8a8)
0x1908e8a8:   00000000 1755491c 17554918 1908e988
0x1908e8b8:   17554918 00000000 7ee93000 00000000
0x1908e8c8:   00000000 00000000 771c1114 00b03568
0x1908e8d8:   17578798 1908f50c 5d2d752e 867f7431
0x1908e8e8:   00000000 1908e90c 5d175d4e 5d175ae0
0x1908e8f8:   1908ea08 1908e918 1908e988 e87eaed6
0x1908e908:   1908e930 770dde0b 1908e9d0 175548e8
0x1908e918:   175548f8 00000000 17554918 00000001 

Instructions: (pc=0x770ddf63)
0x770ddf43:   c2 f0 0f b1 0e 8b 75 b0 3b c2 0f 85 cf 5e fe ff
0x770ddf53:   83 65 c0 00 33 c0 89 45 c4 8b 06 83 f8 ff 74 03
0x770ddf63:   ff 40 14 b8 82 03 fe 7f 8a 08 84 c9 0f 85 c8 34
0x770ddf73:   06 00 57 6a 00 83 fb ff 0f 84 0b 35 06 00 53 e8 


Register to memory mapping:

EAX=0x00000000 is an unknown value
EBX=0x00000c9c is an unknown value
ECX=0xfffffffc is an unknown value
EDX=0x00000000 is an unknown value
ESP=0x1908e8a8 is pointing into the stack for thread: 0x161e5400
EBP=0x1908e908 is pointing into the stack for thread: 0x161e5400
ESI=0x17554918 is an unknown value
EDI=0x00000000 is an unknown value


Stack: [0x19040000,0x19090000],  sp=0x1908e8a8,  free space=314k
Native frames: (J=compiled Java code, j=interpreted, Vv=VM code, C=native code)
C  [ntdll.dll+0x1df63]
C  [ntdll.dll+0x1de0b]
C  [ntdll.dll+0x1de35]
C  [libvlccore.dll+0xa3bb0]

Java frames: (J=compiled Java code, j=interpreted, Vv=VM code)
j  com.sun.jna.Native.invokeVoid(JI[Ljava/lang/Object;)V+0
j  com.sun.jna.Function.invoke([Ljava/lang/Object;Ljava/lang/Class;Z)Ljava/lang/Object;+48
j  com.sun.jna.Function.invoke(Ljava/lang/Class;[Ljava/lang/Object;Ljava/util/Map;)Ljava/lang/Object;+214
j  com.sun.jna.Library$Handler.invoke(Ljava/lang/Object;Ljava/lang/reflect/Method;[Ljava/lang/Object;)Ljava/lang/Object;+341
j  com.sun.proxy.$Proxy0.libvlc_media_player_set_media(Luk/co/caprica/vlcj/binding/internal/libvlc_media_player_t;Luk/co/caprica/vlcj/binding/internal/libvlc_media_t;)V+20
j  uk.co.caprica.vlcj.player.DefaultMediaPlayer.setMedia(Ljava/lang/String;[Ljava/lang/String;)Z+302
j  uk.co.caprica.vlcj.player.DefaultMediaPlayer.prepareMedia(Ljava/lang/String;[Ljava/lang/String;)Z+19
j  uk.co.caprica.vlcj.player.DefaultMediaPlayer.playMedia(Ljava/lang/String;[Ljava/lang/String;)Z+19
j  com.sadoksync.sadoksync.Client.connectToRtsp()V+12
j  com.sadoksync.sadoksync.ConnectionHandler.run()V+462
v  ~StubRoutines::call_stub

---------------  P R O C E S S  ---------------

Java Threads: ( => current thread )
  0x161e7800 JavaThread "Thread-70" [_thread_new, id=5316, stack(0x00000000,0x00000000)]
  0x16229400 JavaThread "pool-1-thread-32" [_thread_new, id=6300, stack(0x00000000,0x00000000)]
  0x16227400 JavaThread "Thread-68" [_thread_new, id=5704, stack(0x00000000,0x00000000)]
  0x16226c00 JavaThread "pool-1-thread-31" [_thread_new, id=2660, stack(0x00000000,0x00000000)]
  0x16228c00 JavaThread "Thread-66" [_thread_new, id=8968, stack(0x00000000,0x00000000)]
  0x16228800 JavaThread "pool-1-thread-30" [_thread_new, id=6500, stack(0x00000000,0x00000000)]
  0x16228000 JavaThread "Thread-64" [_thread_in_native, id=2388, stack(0x19fe0000,0x1a030000)]
  0x16229800 JavaThread "Thread-63" [_thread_blocked, id=9044, stack(0x19f50000,0x19fa0000)]
  0x16227c00 JavaThread "Thread-60" [_thread_in_native, id=7252, stack(0x19ec0000,0x19f10000)]
  0x16223c00 JavaThread "pool-1-thread-29" [_thread_blocked, id=8848, stack(0x19e30000,0x19e80000)]
  0x16223000 JavaThread "pool-1-thread-28" [_thread_blocked, id=2320, stack(0x19b60000,0x19bb0000)]
  0x16225c00 JavaThread "pool-1-thread-27" [_thread_blocked, id=3724, stack(0x19a40000,0x19a90000)]
  0x16226800 JavaThread "pool-1-thread-26" [_thread_blocked, id=4844, stack(0x19d10000,0x19d60000)]
  0x16222800 JavaThread "pool-1-thread-25" [_thread_blocked, id=7528, stack(0x19bf0000,0x19c40000)]
  0x16226000 JavaThread "Thread-54" [_thread_in_native, id=7008, stack(0x19800000,0x19850000)]
  0x16224000 JavaThread "pool-1-thread-24" [_thread_blocked, id=5860, stack(0x19770000,0x197c0000)]
  0x16223400 JavaThread "pool-3-thread-1" [_thread_blocked, id=8076, stack(0x19650000,0x196a0000)]
  0x16222400 JavaThread "pool-1-thread-23" [_thread_blocked, id=5940, stack(0x19ad0000,0x19b20000)]
  0x16225000 JavaThread "Thread-50" [_thread_in_native, id=8432, stack(0x199b0000,0x19a00000)]
  0x16224800 JavaThread "pool-1-thread-22" [_thread_blocked, id=7572, stack(0x19920000,0x19970000)]
  0x16225400 JavaThread "pool-1-thread-21" [_thread_blocked, id=6600, stack(0x19890000,0x198e0000)]
  0x161ebc00 JavaThread "Thread-42" [_thread_in_native, id=5404, stack(0x19530000,0x19580000)]
  0x161eb800 JavaThread "pool-1-thread-20" [_thread_blocked, id=8800, stack(0x196e0000,0x19730000)]
  0x161e9800 JavaThread "pool-1-thread-19" [_thread_blocked, id=8312, stack(0x19410000,0x19460000)]
  0x161ea400 JavaThread "pool-1-thread-18" [_thread_blocked, id=4060, stack(0x191f0000,0x19240000)]
  0x161eac00 JavaThread "pool-1-thread-17" [_thread_blocked, id=6616, stack(0x195c0000,0x19610000)]
  0x161eb000 JavaThread "pool-1-thread-16" [_thread_blocked, id=7952, stack(0x194a0000,0x194f0000)]
=>0x161e5400 JavaThread "Thread-37" [_thread_in_native, id=1940, stack(0x19040000,0x19090000)]
  0x161e6c00 JavaThread "pool-1-thread-15" [_thread_blocked, id=8028, stack(0x18f20000,0x18f70000)]
  0x161e8c00 JavaThread "pool-1-thread-14" [_thread_blocked, id=7884, stack(0x19280000,0x192d0000)]
  0x161e8400 JavaThread "Thread-31" [_thread_in_native, id=6028, stack(0x19160000,0x191b0000)]
  0x161ea000 JavaThread "pool-1-thread-13" [_thread_blocked, id=5320, stack(0x190d0000,0x19120000)]
  0x161e4c00 JavaThread "pool-1-thread-12" [_thread_blocked, id=5256, stack(0x18d70000,0x18dc0000)]
  0x161e8000 JavaThread "pool-1-thread-11" [_thread_blocked, id=8764, stack(0x18fb0000,0x19000000)]
  0x161e7400 JavaThread "pool-1-thread-10" [_thread_blocked, id=5068, stack(0x18e90000,0x18ee0000)]
  0x161e4800 JavaThread "Thread-25" [_thread_in_native, id=8428, stack(0x18e00000,0x18e50000)]
  0x161e6400 JavaThread "pool-1-thread-9" [_thread_blocked, id=9052, stack(0x18c50000,0x18ca0000)]
  0x161e6000 JavaThread "pool-1-thread-8" [_thread_blocked, id=5548, stack(0x18ce0000,0x18d30000)]
  0x161e5800 JavaThread "pool-1-thread-7" [_thread_blocked, id=716, stack(0x16e80000,0x16ed0000)]
  0x161e3400 JavaThread "pool-1-thread-6" [_thread_blocked, id=2700, stack(0x18bc0000,0x18c10000)]
  0x161e3800 JavaThread "pool-1-thread-5" [_thread_blocked, id=9124, stack(0x18b30000,0x18b80000)]
  0x161e2c00 JavaThread "pool-1-thread-4" [_thread_blocked, id=7020, stack(0x18a90000,0x18ae0000)]
  0x161e4000 JavaThread "pool-1-thread-3" [_thread_blocked, id=5712, stack(0x18a00000,0x18a50000)]
  0x160bd800 JavaThread "TimerQueue" daemon [_thread_blocked, id=5868, stack(0x18970000,0x189c0000)]
  0x00f4c400 JavaThread "DestroyJavaVM" [_thread_blocked, id=5728, stack(0x00980000,0x009d0000)]
  0x16084400 JavaThread "Swing-Shell" daemon [_thread_blocked, id=5636, stack(0x16f30000,0x16f80000)]
  0x16007000 JavaThread "AWT-EventQueue-0" [_thread_in_native, id=2792, stack(0x165c0000,0x16610000)]
  0x15ff3000 JavaThread "AWT-Shutdown" [_thread_blocked, id=5388, stack(0x15720000,0x15770000)]
  0x14ddc400 JavaThread "AWT-Windows" daemon [_thread_in_native, id=6468, stack(0x157b0000,0x15800000)]
  0x14dd6c00 JavaThread "Java2D Disposer" daemon [_thread_blocked, id=1296, stack(0x15690000,0x156e0000)]
  0x14d16800 JavaThread "pool-1-thread-2" [_thread_in_native, id=4508, stack(0x15130000,0x15180000)]
  0x14d15c00 JavaThread "pool-1-thread-1" [_thread_in_native, id=3756, stack(0x150a0000,0x150f0000)]
  0x14c96400 JavaThread "Service Thread" daemon [_thread_blocked, id=8716, stack(0x14f80000,0x14fd0000)]
  0x14c9a400 JavaThread "C1 CompilerThread0" daemon [_thread_in_native, id=8768, stack(0x14ef0000,0x14f40000)]
  0x14c99400 JavaThread "Attach Listener" daemon [_thread_blocked, id=8892, stack(0x14e60000,0x14eb0000)]
  0x14c97000 JavaThread "Signal Dispatcher" daemon [_thread_blocked, id=4836, stack(0x04770000,0x047c0000)]
  0x14c66800 JavaThread "Finalizer" daemon [_thread_blocked, id=7964, stack(0x01270000,0x012c0000)]
  0x00f3ec00 JavaThread "Reference Handler" daemon [_thread_blocked, id=4536, stack(0x011e0000,0x01230000)]

Other Threads:
  0x00f3d400 VMThread [stack: 0x01150000,0x011a0000] [id=5044]
  0x14cab400 WatcherThread [stack: 0x15010000,0x15060000] [id=5204]

VM state:not at safepoint (normal execution)

VM Mutex/Monitor currently owned by a thread: None

Heap:
 def new generation   total 4928K, used 3852K [0x04800000, 0x04d50000, 0x09d50000)
  eden space 4416K,  82% used [0x04800000, 0x04b8bf88, 0x04c50000)
  from space 512K,  43% used [0x04cd0000, 0x04d07308, 0x04d50000)
  to   space 512K,   0% used [0x04c50000, 0x04c50000, 0x04cd0000)
 tenured generation   total 10944K, used 4819K [0x09d50000, 0x0a800000, 0x14800000)
   the space 10944K,  44% used [0x09d50000, 0x0a204c78, 0x0a204e00, 0x0a800000)
 Metaspace       used 10883K, capacity 11071K, committed 11264K, reserved 11648K

Card table byte_map: [0x01080000,0x01110000] byte_map_base: 0x0105c000

Polling page: 0x00960000

CodeCache: size=32768Kb used=1557Kb max_used=1557Kb free=31210Kb
 bounds [0x02770000, 0x028f8000, 0x04770000]
 total_blobs=928 nmethods=678 adapters=180
 compilation: enabled

Compilation events (10 events):
Event: 27.196 Thread 0x14c9a400 nmethod 669 0x028e8d48 code [0x028e8e70, 0x028e9024]
Event: 27.196 Thread 0x14c9a400  670             java.util.concurrent.ThreadPoolExecutor::isRunning (10 bytes)
Event: 27.196 Thread 0x14c9a400 nmethod 670 0x028e9308 code [0x028e9400, 0x028e9480]
Event: 27.197 Thread 0x14c9a400  671             java.lang.Integer::stringSize (21 bytes)
Event: 27.199 Thread 0x14c9a400 nmethod 671 0x028e94c8 code [0x028e95c0, 0x028e9670]
Event: 27.202 Thread 0x14c9a400  672             uk.co.caprica.vlcj.binding.internal.libvlc_event_e::intValue (5 bytes)
Event: 27.202 Thread 0x14c9a400 nmethod 672 0x028e9748 code [0x028e9840, 0x028e98c0]
Event: 27.203 Thread 0x14c9a400  673             java.util.WeakHashMap::getTable (9 bytes)
Event: 27.204 Thread 0x14c9a400 nmethod 673 0x028e9908 code [0x028e9a00, 0x028e9a9c]
Event: 27.204 Thread 0x14c9a400  674   !         java.util.WeakHashMap::expungeStaleEntries (139 bytes)

GC Heap History (10 events):
Event: 2.287 GC heap before
{Heap before GC invocations=0 (full 0):
 def new generation   total 4928K, used 4416K [0x04800000, 0x04d50000, 0x09d50000)
  eden space 4416K, 100% used [0x04800000, 0x04c50000, 0x04c50000)
  from space 512K,   0% used [0x04c50000, 0x04c50000, 0x04cd0000)
  to   space 512K,   0% used [0x04cd0000, 0x04cd0000, 0x04d50000)
 tenured generation   total 10944K, used 0K [0x09d50000, 0x0a800000, 0x14800000)
   the space 10944K,   0% used [0x09d50000, 0x09d50000, 0x09d50200, 0x0a800000)
 Metaspace       used 6590K, capacity 6768K, committed 6912K, reserved 7552K
Event: 2.302 GC heap after
Heap after GC invocations=1 (full 0):
 def new generation   total 4928K, used 512K [0x04800000, 0x04d50000, 0x09d50000)
  eden space 4416K,   0% used [0x04800000, 0x04800000, 0x04c50000)
  from space 512K, 100% used [0x04cd0000, 0x04d50000, 0x04d50000)
  to   space 512K,   0% used [0x04c50000, 0x04c50000, 0x04cd0000)
 tenured generation   total 10944K, used 1013K [0x09d50000, 0x0a800000, 0x14800000)
   the space 10944K,   9% used [0x09d50000, 0x09e4d7f8, 0x09e4d800, 0x0a800000)
 Metaspace       used 6590K, capacity 6768K, committed 6912K, reserved 7552K
}
Event: 4.159 GC heap before
{Heap before GC invocations=1 (full 0):
 def new generation   total 4928K, used 4928K [0x04800000, 0x04d50000, 0x09d50000)
  eden space 4416K, 100% used [0x04800000, 0x04c50000, 0x04c50000)
  from space 512K, 100% used [0x04cd0000, 0x04d50000, 0x04d50000)
  to   space 512K,   0% used [0x04c50000, 0x04c50000, 0x04cd0000)
 tenured generation   total 10944K, used 1013K [0x09d50000, 0x0a800000, 0x14800000)
   the space 10944K,   9% used [0x09d50000, 0x09e4d7f8, 0x09e4d800, 0x0a800000)
 Metaspace       used 9198K, capacity 9390K, committed 9600K, reserved 9600K
Event: 4.181 GC heap after
Heap after GC invocations=2 (full 0):
 def new generation   total 4928K, used 512K [0x04800000, 0x04d50000, 0x09d50000)
  eden space 4416K,   0% used [0x04800000, 0x04800000, 0x04c50000)
  from space 512K, 100% used [0x04c50000, 0x04cd0000, 0x04cd0000)
  to   space 512K,   0% used [0x04cd0000, 0x04cd0000, 0x04d50000)
 tenured generation   total 10944K, used 2494K [0x09d50000, 0x0a800000, 0x14800000)
   the space 10944K,  22% used [0x09d50000, 0x09fbf920, 0x09fbfa00, 0x0a800000)
 Metaspace       used 9198K, capacity 9390K, committed 9600K, reserved 9600K
}
Event: 5.201 GC heap before
{Heap before GC invocations=2 (full 0):
 def new generation   total 4928K, used 4928K [0x04800000, 0x04d50000, 0x09d50000)
  eden space 4416K, 100% used [0x04800000, 0x04c50000, 0x04c50000)
  from space 512K, 100% used [0x04c50000, 0x04cd0000, 0x04cd0000)
  to   space 512K,   0% used [0x04cd0000, 0x04cd0000, 0x04d50000)
 tenured generation   total 10944K, used 2494K [0x09d50000, 0x0a800000, 0x14800000)
   the space 10944K,  22% used [0x09d50000, 0x09fbf920, 0x09fbfa00, 0x0a800000)
 Metaspace       used 9789K, capacity 9998K, committed 10112K, reserved 10624K
Event: 5.212 GC heap after
Heap after GC invocations=3 (full 0):
 def new generation   total 4928K, used 496K [0x04800000, 0x04d50000, 0x09d50000)
  eden space 4416K,   0% used [0x04800000, 0x04800000, 0x04c50000)
  from space 512K,  96% used [0x04cd0000, 0x04d4c1a0, 0x04d50000)
  to   space 512K,   0% used [0x04c50000, 0x04c50000, 0x04cd0000)
 tenured generation   total 10944K, used 2938K [0x09d50000, 0x0a800000, 0x14800000)
   the space 10944K,  26% used [0x09d50000, 0x0a02e880, 0x0a02ea00, 0x0a800000)
 Metaspace       used 9789K, capacity 9998K, committed 10112K, reserved 10624K
}
Event: 6.338 GC heap before
{Heap before GC invocations=3 (full 0):
 def new generation   total 4928K, used 4912K [0x04800000, 0x04d50000, 0x09d50000)
  eden space 4416K, 100% used [0x04800000, 0x04c50000, 0x04c50000)
  from space 512K,  96% used [0x04cd0000, 0x04d4c1a0, 0x04d50000)
  to   space 512K,   0% used [0x04c50000, 0x04c50000, 0x04cd0000)
 tenured generation   total 10944K, used 2938K [0x09d50000, 0x0a800000, 0x14800000)
   the space 10944K,  26% used [0x09d50000, 0x0a02e880, 0x0a02ea00, 0x0a800000)
 Metaspace       used 10272K, capacity 10448K, committed 10624K, reserved 10624K
Event: 6.346 GC heap after
Heap after GC invocations=4 (full 0):
 def new generation   total 4928K, used 511K [0x04800000, 0x04d50000, 0x09d50000)
  eden space 4416K,   0% used [0x04800000, 0x04800000, 0x04c50000)
  from space 512K,  99% used [0x04c50000, 0x04ccff58, 0x04cd0000)
  to   space 512K,   0% used [0x04cd0000, 0x04cd0000, 0x04d50000)
 tenured generation   total 10944K, used 3197K [0x09d50000, 0x0a800000, 0x14800000)
   the space 10944K,  29% used [0x09d50000, 0x0a06f520, 0x0a06f600, 0x0a800000)
 Metaspace       used 10272K, capacity 10448K, committed 10624K, reserved 10624K
}
Event: 27.112 GC heap before
{Heap before GC invocations=4 (full 0):
 def new generation   total 4928K, used 4666K [0x04800000, 0x04d50000, 0x09d50000)
  eden space 4416K,  94% used [0x04800000, 0x04c0eb40, 0x04c50000)
  from space 512K,  99% used [0x04c50000, 0x04ccff58, 0x04cd0000)
  to   space 512K,   0% used [0x04cd0000, 0x04cd0000, 0x04d50000)
 tenured generation   total 10944K, used 3197K [0x09d50000, 0x0a800000, 0x14800000)
   the space 10944K,  29% used [0x09d50000, 0x0a06f520, 0x0a06f600, 0x0a800000)
 Metaspace       used 10817K, capacity 11005K, committed 11264K, reserved 11648K
Event: 27.132 GC heap after
Heap after GC invocations=5 (full 0):
 def new generation   total 4928K, used 220K [0x04800000, 0x04d50000, 0x09d50000)
  eden space 4416K,   0% used [0x04800000, 0x04800000, 0x04c50000)
  from space 512K,  43% used [0x04cd0000, 0x04d07308, 0x04d50000)
  to   space 512K,   0% used [0x04c50000, 0x04c50000, 0x04cd0000)
 tenured generation   total 10944K, used 4819K [0x09d50000, 0x0a800000, 0x14800000)
   the space 10944K,  44% used [0x09d50000, 0x0a204c78, 0x0a204e00, 0x0a800000)
 Metaspace       used 10817K, capacity 11005K, committed 11264K, reserved 11648K
}

Deoptimization events (0 events):
No events

Internal exceptions (10 events):
Event: 3.979 Thread 0x1606d400 Exception <a 'java/security/PrivilegedActionException'> (0x04ae9190) thrown at [C:\re\workspace\8-2-build-windows-i586-cygwin\jdk8u45\3457\hotspot\src\share\vm\prims\jvm.cpp, line 1382]
Event: 5.222 Thread 0x00f4c400 Exception <a 'java/lang/NoClassDefFoundError': org/slf4j/impl/StaticLoggerBinder> (0x04811f58) thrown at [C:\re\workspace\8-2-build-windows-i586-cygwin\jdk8u45\3457\hotspot\src\share\vm\classfile\systemDictionary.cpp, line 199]
Event: 5.251 Thread 0x00f4c400 Exception <a 'java/lang/NullPointerException'> (0x04851c38) thrown at [C:\re\workspace\8-2-build-windows-i586-cygwin\jdk8u45\3457\hotspot\src\share\vm\interpreter\linkResolver.cpp, line 1178]
Event: 5.253 Thread 0x00f4c400 Exception <a 'java/lang/UnsatisfiedLinkError': Det går inte att hitta den angivna modulen.
> (0x048521e0) thrown at [C:\re\workspace\8-2-build-windows-i586-cygwin\jdk8u45\3457\hotspot\src\share\vm\prims\jni.cpp, line 735]
Event: 5.254 Thread 0x00f4c400 Exception <a 'java/lang/UnsatisfiedLinkError': Det går inte att hitta den angivna modulen.
> (0x048524a0) thrown at [C:\re\workspace\8-2-build-windows-i586-cygwin\jdk8u45\3457\hotspot\src\share\vm\prims\jni.cpp, line 735]
Event: 5.256 Thread 0x00f4c400 Exception <a 'java/lang/UnsatisfiedLinkError': Det går inte att hitta den angivna modulen.
> (0x048527d8) thrown at [C:\re\workspace\8-2-build-windows-i586-cygwin\jdk8u45\3457\hotspot\src\share\vm\prims\jni.cpp, line 735]
Event: 5.256 Thread 0x00f4c400 Exception <a 'java/lang/UnsatisfiedLinkError'> (0x04854c08) thrown at [C:\re\workspace\8-2-build-windows-i586-cygwin\jdk8u45\3457\hotspot\src\share\vm\oops\instanceKlass.cpp, line 938]
Event: 5.278 Thread 0x00f4c400 Exception <a 'java/lang/NullPointerException'> (0x04889f70) thrown at [C:\re\workspace\8-2-build-windows-i586-cygwin\jdk8u45\3457\hotspot\src\share\vm\interpreter\linkResolver.cpp, line 1178]
Event: 18.310 Thread 0x161e4000 Exception <a 'java/lang/NoSuchMethodError': <clinit>> (0x04a9db70) thrown at [C:\re\workspace\8-2-build-windows-i586-cygwin\jdk8u45\3457\hotspot\src\share\vm\prims\jni.cpp, line 1598]
Event: 25.791 Thread 0x161e5800 Exception <a 'java/lang/NoSuchMethodError': <clinit>> (0x04b6c108) thrown at [C:\re\workspace\8-2-build-windows-i586-cygwin\jdk8u45\3457\hotspot\src\share\vm\prims\jni.cpp, line 1598]

Events (10 events):
Event: 27.195 Thread 0x16226000 Thread added: 0x16226000
Event: 27.197 Thread 0x16222800 Thread added: 0x16222800
Event: 27.197 Thread 0x16227400 Thread added: 0x16227400
Event: 27.197 Executing VM operation: RevokeBias
Event: 27.199 Executing VM operation: RevokeBias done
Event: 27.200 Thread 0x16226800 Thread added: 0x16226800
Event: 27.201 Thread 0x16226c00 Thread added: 0x16226c00
Event: 27.201 Thread 0x16225c00 Thread exited: 0x16225c00
Event: 27.201 loading class java/awt/geom/RoundRectIterator
Event: 27.202 loading class java/awt/geom/RoundRectIterator done


Dynamic libraries:
0x01330000 - 0x01363000 	C:\Program Files (x86)\Java\jdk1.8.0_45\bin\java.exe
0x770c0000 - 0x7722e000 	C:\WINDOWS\SYSTEM32\ntdll.dll
0x76b90000 - 0x76cd0000 	C:\WINDOWS\SYSTEM32\KERNEL32.DLL
0x74f80000 - 0x75057000 	C:\WINDOWS\SYSTEM32\KERNELBASE.dll
0x746f0000 - 0x74790000 	C:\WINDOWS\system32\apphelp.dll
0x71670000 - 0x718d5000 	C:\WINDOWS\AppPatch\AcGenral.DLL
0x76ac0000 - 0x76b83000 	C:\WINDOWS\SYSTEM32\msvcrt.dll
0x75530000 - 0x75571000 	C:\WINDOWS\SYSTEM32\sechost.dll
0x748c0000 - 0x748de000 	C:\WINDOWS\SYSTEM32\SspiCli.dll
0x769c0000 - 0x76a05000 	C:\WINDOWS\SYSTEM32\SHLWAPI.dll
0x73f10000 - 0x73ffd000 	C:\WINDOWS\SYSTEM32\UxTheme.dll
0x75230000 - 0x75383000 	C:\WINDOWS\SYSTEM32\USER32.dll
0x76cd0000 - 0x76dde000 	C:\WINDOWS\SYSTEM32\GDI32.dll
0x74100000 - 0x74123000 	C:\WINDOWS\SYSTEM32\WINMM.dll
0x72920000 - 0x72933000 	C:\WINDOWS\SYSTEM32\samcli.dll
0x75070000 - 0x75198000 	C:\WINDOWS\SYSTEM32\ole32.dll
0x74900000 - 0x74995000 	C:\WINDOWS\SYSTEM32\OLEAUT32.dll
0x72d70000 - 0x72d87000 	C:\WINDOWS\SYSTEM32\MSACM32.dll
0x72d60000 - 0x72d68000 	C:\WINDOWS\SYSTEM32\VERSION.dll
0x75580000 - 0x7682c000 	C:\WINDOWS\SYSTEM32\SHELL32.dll
0x74300000 - 0x7431b000 	C:\WINDOWS\SYSTEM32\USERENV.dll
0x73ef0000 - 0x73f0a000 	C:\WINDOWS\SYSTEM32\dwmapi.dll
0x71350000 - 0x7149b000 	C:\WINDOWS\SYSTEM32\urlmon.dll
0x751a0000 - 0x7521c000 	C:\WINDOWS\SYSTEM32\ADVAPI32.dll
0x743d0000 - 0x74435000 	C:\WINDOWS\SYSTEM32\WINSPOOL.DRV
0x74450000 - 0x74466000 	C:\WINDOWS\SYSTEM32\MPR.dll
0x76870000 - 0x7692a000 	C:\WINDOWS\SYSTEM32\RPCRT4.dll
0x748b0000 - 0x748ba000 	C:\WINDOWS\SYSTEM32\CRYPTBASE.dll
0x74bc0000 - 0x74d3d000 	C:\WINDOWS\SYSTEM32\combase.dll
0x740c0000 - 0x740e3000 	C:\WINDOWS\SYSTEM32\WINMMBASE.dll
0x740f0000 - 0x740ff000 	C:\WINDOWS\SYSTEM32\profapi.dll
0x73210000 - 0x73442000 	C:\WINDOWS\SYSTEM32\iertutil.dll
0x73490000 - 0x73665000 	C:\WINDOWS\SYSTEM32\WININET.dll
0x74850000 - 0x748a4000 	C:\WINDOWS\SYSTEM32\bcryptPrimitives.dll
0x76a70000 - 0x76aac000 	C:\WINDOWS\SYSTEM32\cfgmgr32.dll
0x74000000 - 0x74021000 	C:\WINDOWS\SYSTEM32\DEVOBJ.dll
0x74030000 - 0x740bb000 	C:\WINDOWS\SYSTEM32\SHCORE.DLL
0x76840000 - 0x76867000 	C:\WINDOWS\system32\IMM32.DLL
0x74e60000 - 0x74f72000 	C:\WINDOWS\SYSTEM32\MSCTF.dll
0x73710000 - 0x73916000 	C:\WINDOWS\WinSxS\x86_microsoft.windows.common-controls_6595b64144ccf1df_6.0.9600.17415_none_a9ed7f470139b3c1\COMCTL32.dll
0x5d6c0000 - 0x5d77f000 	C:\Program Files (x86)\Java\jdk1.8.0_45\jre\bin\msvcr100.dll
0x5d020000 - 0x5d3e0000 	C:\Program Files (x86)\Java\jdk1.8.0_45\jre\bin\client\jvm.dll
0x6e840000 - 0x6e848000 	C:\WINDOWS\SYSTEM32\WSOCK32.dll
0x75220000 - 0x75226000 	C:\WINDOWS\SYSTEM32\PSAPI.DLL
0x74d40000 - 0x74d90000 	C:\WINDOWS\SYSTEM32\WS2_32.dll
0x75520000 - 0x75527000 	C:\WINDOWS\SYSTEM32\NSI.dll
0x69ad0000 - 0x69adc000 	C:\Program Files (x86)\Java\jdk1.8.0_45\jre\bin\verify.dll
0x69aa0000 - 0x69ac1000 	C:\Program Files (x86)\Java\jdk1.8.0_45\jre\bin\java.dll
0x693c0000 - 0x693d3000 	C:\Program Files (x86)\Java\jdk1.8.0_45\jre\bin\zip.dll
0x693a0000 - 0x693b5000 	C:\Program Files (x86)\Java\jdk1.8.0_45\jre\bin\net.dll
0x73d70000 - 0x73dbb000 	C:\WINDOWS\system32\mswsock.dll
0x5ced0000 - 0x5d015000 	C:\Program Files (x86)\Java\jdk1.8.0_45\jre\bin\awt.dll
0x15800000 - 0x15839000 	C:\Program Files (x86)\Samsung\Settings\CmdServer\WinCRT.dll
0x74790000 - 0x74799000 	C:\WINDOWS\SYSTEM32\kernel.appcore.dll
0x63080000 - 0x630b9000 	C:\Program Files (x86)\Java\jdk1.8.0_45\jre\bin\fontmanager.dll
0x69a90000 - 0x69a9f000 	C:\Program Files (x86)\Java\jdk1.8.0_45\jre\bin\nio.dll
0x61fa0000 - 0x61fd0000 	C:\Program Files (x86)\Java\jdk1.8.0_45\jre\bin\t2k.dll
0x73940000 - 0x73960000 	C:\WINDOWS\SYSTEM32\IPHLPAPI.DLL
0x730f0000 - 0x730f8000 	C:\WINDOWS\SYSTEM32\WINNSI.DLL
0x72730000 - 0x72743000 	C:\WINDOWS\SYSTEM32\dhcpcsvc6.DLL
0x72710000 - 0x72724000 	C:\WINDOWS\SYSTEM32\dhcpcsvc.DLL
0x76930000 - 0x769bd000 	C:\WINDOWS\SYSTEM32\clbcatq.dll
0x708c0000 - 0x70a2b000 	C:\WINDOWS\SYSTEM32\WindowsCodecs.dll
0x72670000 - 0x72689000 	C:\WINDOWS\SYSTEM32\CRYPTSP.dll
0x72640000 - 0x72670000 	C:\WINDOWS\system32\rsaenh.dll
0x72620000 - 0x7263e000 	C:\WINDOWS\SYSTEM32\bcrypt.dll
0x74320000 - 0x743a9000 	C:\WINDOWS\WinSxS\x86_microsoft.windows.common-controls_6595b64144ccf1df_5.82.9600.17415_none_7c5769eaaa0aa358\comctl32.dll
0x749a0000 - 0x74b51000 	C:\WINDOWS\SYSTEM32\SETUPAPI.dll
0x70a40000 - 0x70b7a000 	C:\WINDOWS\system32\propsys.dll
0x5cd30000 - 0x5ceca000 	C:\WINDOWS\system32\NetworkExplorer.dll
0x6f290000 - 0x6f2b3000 	C:\Windows\SYSTEM32\thumbcache.dll
0x57770000 - 0x57779000 	C:\WINDOWS\System32\drprov.dll
0x73c40000 - 0x73c85000 	C:\WINDOWS\System32\WINSTA.dll
0x57750000 - 0x57762000 	C:\WINDOWS\System32\ntlanman.dll
0x57590000 - 0x575aa000 	C:\WINDOWS\System32\davclnt.dll
0x57580000 - 0x5758a000 	C:\WINDOWS\System32\DAVHLPR.dll
0x730a0000 - 0x730b1000 	C:\WINDOWS\System32\wkscli.dll
0x70450000 - 0x7045f000 	C:\WINDOWS\SYSTEM32\cscapi.dll
0x730e0000 - 0x730ea000 	C:\WINDOWS\System32\netutils.dll
0x57510000 - 0x5757e000 	C:\Windows\SYSTEM32\dlnashext.dll
0x5d680000 - 0x5d6b9000 	C:\Windows\System32\PlayToDevice.dll
0x61f10000 - 0x61f2a000 	C:\Windows\System32\DevDispItemProvider.dll
0x6f000000 - 0x6f103000 	C:\Windows\SYSTEM32\actxprxy.dll
0x5d640000 - 0x5d677000 	C:\WINDOWS\System32\netprofm.dll
0x69390000 - 0x69399000 	C:\WINDOWS\System32\npmproxy.dll
0x5cb40000 - 0x5cd26000 	C:\WINDOWS\system32\wpdshext.dll
0x74130000 - 0x742a0000 	C:\WINDOWS\WinSxS\x86_microsoft.windows.gdiplus_6595b64144ccf1df_1.1.9600.17415_none_dad8722c5bcc2d8f\gdiplus.dll
0x5d5b0000 - 0x5d640000 	C:\Windows\SYSTEM32\PortableDeviceApi.dll
0x74e20000 - 0x74e5d000 	C:\WINDOWS\SYSTEM32\WINTRUST.dll
0x75390000 - 0x75518000 	C:\WINDOWS\SYSTEM32\CRYPT32.dll
0x76ab0000 - 0x76abe000 	C:\WINDOWS\SYSTEM32\MSASN1.dll
0x5cb00000 - 0x5cb40000 	C:\WINDOWS\system32\audiodev.dll
0x5c860000 - 0x5caf1000 	C:\WINDOWS\system32\WMVCore.DLL
0x5c820000 - 0x5c85d000 	C:\WINDOWS\system32\WMASF.DLL
0x6e850000 - 0x6e85b000 	C:\WINDOWS\SYSTEM32\LINKINFO.dll
0x72900000 - 0x72914000 	C:\WINDOWS\SYSTEM32\SAMLIB.dll
0x17db0000 - 0x17ded000 	C:\Users\Alexander\AppData\Local\Temp\jna-Alexander\jna6307717836234201241.dll
0x61f30000 - 0x61f59000 	C:\Users\Alexander\Documents\GitHub\sadoksync\Client\SadokSync\target\classes\VLC\libvlc.dll
0x5c590000 - 0x5c819000 	C:\Users\Alexander\Documents\GitHub\sadoksync\Client\SadokSync\target\classes\VLC\libvlccore.dll
0x5c500000 - 0x5c58d000 	C:\Users\Alexander\Documents\GitHub\sadoksync\Client\SadokSync\target\classes\VLC\plugins\access\libdshow_plugin.dll
0x61f80000 - 0x61f91000 	C:\Users\Alexander\Documents\GitHub\sadoksync\Client\SadokSync\target\classes\VLC\plugins\audio_output\libdirectsound_plugin.dll
0x5c4e0000 - 0x5c4f1000 	C:\Users\Alexander\Documents\GitHub\sadoksync\Client\SadokSync\target\classes\VLC\plugins\audio_output\libwaveout_plugin.dll
0x5b960000 - 0x5c4de000 	C:\Users\Alexander\Documents\GitHub\sadoksync\Client\SadokSync\target\classes\VLC\plugins\gui\libqt4_plugin.dll
0x76f50000 - 0x76feb000 	C:\WINDOWS\SYSTEM32\COMDLG32.DLL
0x5b820000 - 0x5b95c000 	C:\Users\Alexander\Documents\GitHub\sadoksync\Client\SadokSync\target\classes\VLC\plugins\misc\libxml_plugin.dll
0x5b800000 - 0x5b81d000 	C:\Users\Alexander\Documents\GitHub\sadoksync\Client\SadokSync\target\classes\VLC\plugins\video_output\libdirect3d_plugin.dll
0x5b7e0000 - 0x5b7fa000 	C:\Users\Alexander\Documents\GitHub\sadoksync\Client\SadokSync\target\classes\VLC\plugins\video_output\libdirectdraw_plugin.dll
0x5b750000 - 0x5b7d1000 	C:\WINDOWS\SYSTEM32\DSOUND.DLL
0x72980000 - 0x729c0000 	C:\WINDOWS\SYSTEM32\POWRPROF.dll
0x72cb0000 - 0x72d03000 	C:\WINDOWS\System32\MMDevApi.dll
0x5b720000 - 0x5b744000 	C:\Program Files (x86)\Java\jdk1.8.0_45\jre\bin\dcpr.dll
0x73cf0000 - 0x73d6e000 	C:\WINDOWS\SYSTEM32\DNSAPI.dll
0x73ce0000 - 0x73ce8000 	C:\Windows\System32\rasadhlp.dll
0x73c90000 - 0x73cd6000 	C:\WINDOWS\System32\fwpuclnt.dll
0x69550000 - 0x69691000 	C:\WINDOWS\SYSTEM32\dbghelp.dll
0x63070000 - 0x63076000 	C:\Program Files (x86)\Java\jdk1.8.0_45\jre\bin\jawt.dll

VM Arguments:
java_command: com.sadoksync.sadoksync.Driver
java_class_path (initial): C:\Users\Alexander\Documents\GitHub\sadoksync\Client\SadokSync\target\classes;C:\Users\Alexander\.m2\repository\uk\co\caprica\vlcj\3.6.0\vlcj-3.6.0.jar;C:\Users\Alexander\.m2\repository\net\java\dev\jna\jna\3.5.2\jna-3.5.2.jar;C:\Users\Alexander\.m2\repository\net\java\dev\jna\platform\3.5.2\platform-3.5.2.jar;C:\Users\Alexander\.m2\repository\org\slf4j\slf4j-api\1.7.10\slf4j-api-1.7.10.jar
Launcher Type: SUN_STANDARD

Environment Variables:
JAVA_HOME=C:\Program Files (x86)\Java\jdk1.8.0_45
PATH=C:\Program Files (x86)\NVIDIA Corporation\PhysX\Common;C:\Program Files (x86)\Intel\iCLS Client\;C:\Program Files\Intel\iCLS Client\;C:\WINDOWS\system32;C:\WINDOWS;C:\WINDOWS\System32\Wbem;C:\WINDOWS\System32\WindowsPowerShell\v1.0\;C:\Program Files\Intel\WiFi\bin\;C:\Program Files\Common Files\Intel\WirelessCommon\;C:\Program Files\Intel\Intel(R) Management Engine Components\DAL;C:\Program Files\Intel\Intel(R) Management Engine Components\IPT;C:\Program Files (x86)\Intel\Intel(R) Management Engine Components\DAL;C:\Program Files (x86)\Intel\Intel(R) Management Engine Components\IPT;C:\Program Files (x86)\Intel\OpenCL SDK\2.0\bin\x86;C:\Program Files (x86)\Intel\OpenCL SDK\2.0\bin\x64;C:\Program Files (x86)\Windows Live\Shared;C:\Program Files\Condusiv Technologies\IntelliMemory\;C:\Program Files\Java\jdk1.7.0_45\bin;C:\VXIPNP\WinNT\Bin;;C:\Program Files\Samsung\AllShare Framework DMS\1.3.23\64bit\???;C:\Program Files (x86)\MiKTeX 2.9\miktex\bin\;C:\Program Files (x86)\OpenVPN\bin
USERNAME=Alexander
OS=Windows_NT
PROCESSOR_IDENTIFIER=Intel64 Family 6 Model 58 Stepping 9, GenuineIntel



---------------  S Y S T E M  ---------------

OS: Windows 8.1 , 64 bit Build 9600 (6.3.9600.17415)

CPU:total 4 (2 cores per cpu, 2 threads per core) family 6 model 58 stepping 9, cmov, cx8, fxsr, mmx, sse, sse2, sse3, ssse3, sse4.1, sse4.2, popcnt, avx, clmul, erms, ht, tsc, tscinvbit, tscinv

Memory: 4k page, physical 8001056k(542332k free), swap 11146788k(1740716k free)

vm_info: Java HotSpot(TM) Client VM (25.45-b02) for windows-x86 JRE (1.8.0_45-b14), built on Apr 10 2015 10:46:40 by "java_re" with MS VC++ 10.0 (VS2010)

time: Thu Apr 23 13:51:22 2015
elapsed time: 27 seconds (0d 0h 0m 27s)

