#
# A fatal error has been detected by the Java Runtime Environment:
#
#  EXCEPTION_ACCESS_VIOLATION (0xc0000005) at pc=0x770ddf63, pid=7184, tid=3700
#
# JRE version: Java(TM) SE Runtime Environment (8.0_45-b14) (build 1.8.0_45-b14)
# Java VM: Java HotSpot(TM) Client VM (25.45-b02 mixed mode windows-x86 )
# Problematic frame:
# C  [ntdll.dll+0x1df63]
#
# Failed to write core dump. Minidumps are not enabled by default on client versions of Windows
#
# If you would like to submit a bug report, please visit:
#   http://bugreport.java.com/bugreport/crash.jsp
# The crash happened outside the Java Virtual Machine in native code.
# See problematic frame for where to report the bug.
#

---------------  T H R E A D  ---------------

Current thread (0x15ead400):  JavaThread "Thread-19" [_thread_in_native, id=3700, stack(0x18380000,0x183d0000)]

siginfo: ExceptionCode=0xc0000005, writing address 0x00000014

Registers:
EAX=0x00000000, EBX=0x00000ba8, ECX=0xfffffffc, EDX=0x00000000
ESP=0x183cda78, EBP=0x183cdad8, ESI=0x16646c38, EDI=0x00000000
EIP=0x770ddf63, EFLAGS=0x00010213

Top of Stack: (sp=0x183cda78)
0x183cda78:   00000000 16646c3c 16646c38 17767408
0x183cda88:   16646c38 00000000 7f438000 00000000
0x183cda98:   00000000 00000000 183cdc28 00000000
0x183cdaa8:   00000000 183cdac8 5beb409d 00000008
0x183cdab8:   00000000 183cdb48 15e03fc0 17863570
0x183cdac8:   183cdb5c 5bebc269 177c3500 4f3fac4e
0x183cdad8:   183cdb04 770dde0b 183ce250 16646ba0
0x183cdae8:   16646c34 00000000 16646c38 00000001 

Instructions: (pc=0x770ddf63)
0x770ddf43:   c2 f0 0f b1 0e 8b 75 b0 3b c2 0f 85 cf 5e fe ff
0x770ddf53:   83 65 c0 00 33 c0 89 45 c4 8b 06 83 f8 ff 74 03
0x770ddf63:   ff 40 14 b8 82 03 fe 7f 8a 08 84 c9 0f 85 c8 34
0x770ddf73:   06 00 57 6a 00 83 fb ff 0f 84 0b 35 06 00 53 e8 


Register to memory mapping:

EAX=0x00000000 is an unknown value
EBX=0x00000ba8 is an unknown value
ECX=0xfffffffc is an unknown value
EDX=0x00000000 is an unknown value
ESP=0x183cda78 is pointing into the stack for thread: 0x15ead400
EBP=0x183cdad8 is pointing into the stack for thread: 0x15ead400
ESI=0x16646c38 is an unknown value
EDI=0x00000000 is an unknown value


Stack: [0x18380000,0x183d0000],  sp=0x183cda78,  free space=310k
Native frames: (J=compiled Java code, j=interpreted, Vv=VM code, C=native code)
C  [ntdll.dll+0x1df63]
C  [ntdll.dll+0x1de0b]
C  [ntdll.dll+0x1de35]
C  [libvlccore.dll+0xa3bb0]
C  [jna1378666292728474047.dll+0xd546]
C  [jna1378666292728474047.dll+0x2e5e]
C  [jna1378666292728474047.dll+0x535e]
j  com.sun.jna.Native.invokePointer(JI[Ljava/lang/Object;)J+0
j  com.sun.jna.Function.invokePointer(I[Ljava/lang/Object;)Lcom/sun/jna/Pointer;+6
j  com.sun.jna.Function.invoke([Ljava/lang/Object;Ljava/lang/Class;Z)Ljava/lang/Object;+642
j  com.sun.jna.Function.invoke(Ljava/lang/Class;[Ljava/lang/Object;Ljava/util/Map;)Ljava/lang/Object;+214
j  com.sun.jna.Library$Handler.invoke(Ljava/lang/Object;Ljava/lang/reflect/Method;[Ljava/lang/Object;)Ljava/lang/Object;+341
j  com.sun.proxy.$Proxy0.libvlc_media_get_mrl(Luk/co/caprica/vlcj/binding/internal/libvlc_media_t;)Lcom/sun/jna/Pointer;+16
j  uk.co.caprica.vlcj.player.DefaultMediaPlayer.mrl(Luk/co/caprica/vlcj/binding/internal/libvlc_media_t;)Ljava/lang/String;+22
j  uk.co.caprica.vlcj.player.events.MediaPlayerEventFactory.createEvent(Luk/co/caprica/vlcj/binding/internal/libvlc_event_t;J)Luk/co/caprica/vlcj/player/events/MediaPlayerEvent;+195
j  uk.co.caprica.vlcj.player.DefaultMediaPlayer$EventCallback.callback(Luk/co/caprica/vlcj/binding/internal/libvlc_event_t;Lcom/sun/jna/Pointer;)V+31
v  ~StubRoutines::call_stub
V  [jvm.dll+0x155cb5]
V  [jvm.dll+0x21b12e]
V  [jvm.dll+0x155d4e]
V  [jvm.dll+0x16245a]
V  [jvm.dll+0x1626b3]
V  [jvm.dll+0xffdc3]
C  [java.dll+0x3b22]
j  sun.reflect.NativeMethodAccessorImpl.invoke(Ljava/lang/Object;[Ljava/lang/Object;)Ljava/lang/Object;+100
j  sun.reflect.DelegatingMethodAccessorImpl.invoke(Ljava/lang/Object;[Ljava/lang/Object;)Ljava/lang/Object;+6
j  java.lang.reflect.Method.invoke(Ljava/lang/Object;[Ljava/lang/Object;)Ljava/lang/Object;+56
j  com.sun.jna.CallbackReference$DefaultCallbackProxy.invokeCallback([Ljava/lang/Object;)Ljava/lang/Object;+127
j  com.sun.jna.CallbackReference$DefaultCallbackProxy.callback([Ljava/lang/Object;)Ljava/lang/Object;+2
v  ~StubRoutines::call_stub
V  [jvm.dll+0x155cb5]
V  [jvm.dll+0x21b12e]
V  [jvm.dll+0x155d4e]
V  [jvm.dll+0xdae87]
V  [jvm.dll+0xdc708]
C  [jna1378666292728474047.dll+0xa682]
C  [jna1378666292728474047.dll+0xae0e]
C  [jna1378666292728474047.dll+0xd602]
C  [jna1378666292728474047.dll+0xdd2e]
C  [libvlc.dll+0xa0a0]

Java frames: (J=compiled Java code, j=interpreted, Vv=VM code)
j  com.sun.jna.Native.invokePointer(JI[Ljava/lang/Object;)J+0
j  com.sun.jna.Function.invokePointer(I[Ljava/lang/Object;)Lcom/sun/jna/Pointer;+6
j  com.sun.jna.Function.invoke([Ljava/lang/Object;Ljava/lang/Class;Z)Ljava/lang/Object;+642
j  com.sun.jna.Function.invoke(Ljava/lang/Class;[Ljava/lang/Object;Ljava/util/Map;)Ljava/lang/Object;+214
j  com.sun.jna.Library$Handler.invoke(Ljava/lang/Object;Ljava/lang/reflect/Method;[Ljava/lang/Object;)Ljava/lang/Object;+341
j  com.sun.proxy.$Proxy0.libvlc_media_get_mrl(Luk/co/caprica/vlcj/binding/internal/libvlc_media_t;)Lcom/sun/jna/Pointer;+16
j  uk.co.caprica.vlcj.player.DefaultMediaPlayer.mrl(Luk/co/caprica/vlcj/binding/internal/libvlc_media_t;)Ljava/lang/String;+22
j  uk.co.caprica.vlcj.player.events.MediaPlayerEventFactory.createEvent(Luk/co/caprica/vlcj/binding/internal/libvlc_event_t;J)Luk/co/caprica/vlcj/player/events/MediaPlayerEvent;+195
j  uk.co.caprica.vlcj.player.DefaultMediaPlayer$EventCallback.callback(Luk/co/caprica/vlcj/binding/internal/libvlc_event_t;Lcom/sun/jna/Pointer;)V+31
v  ~StubRoutines::call_stub
j  sun.reflect.NativeMethodAccessorImpl.invoke0(Ljava/lang/reflect/Method;Ljava/lang/Object;[Ljava/lang/Object;)Ljava/lang/Object;+0
j  sun.reflect.NativeMethodAccessorImpl.invoke(Ljava/lang/Object;[Ljava/lang/Object;)Ljava/lang/Object;+100
j  sun.reflect.DelegatingMethodAccessorImpl.invoke(Ljava/lang/Object;[Ljava/lang/Object;)Ljava/lang/Object;+6
j  java.lang.reflect.Method.invoke(Ljava/lang/Object;[Ljava/lang/Object;)Ljava/lang/Object;+56
j  com.sun.jna.CallbackReference$DefaultCallbackProxy.invokeCallback([Ljava/lang/Object;)Ljava/lang/Object;+127
j  com.sun.jna.CallbackReference$DefaultCallbackProxy.callback([Ljava/lang/Object;)Ljava/lang/Object;+2
v  ~StubRoutines::call_stub
j  com.sun.jna.Native.invokeVoid(JI[Ljava/lang/Object;)V+0
j  com.sun.jna.Function.invoke([Ljava/lang/Object;Ljava/lang/Class;Z)Ljava/lang/Object;+48
j  com.sun.jna.Function.invoke(Ljava/lang/Class;[Ljava/lang/Object;Ljava/util/Map;)Ljava/lang/Object;+214
j  com.sun.jna.Library$Handler.invoke(Ljava/lang/Object;Ljava/lang/reflect/Method;[Ljava/lang/Object;)Ljava/lang/Object;+341
j  com.sun.proxy.$Proxy0.libvlc_media_player_set_media(Luk/co/caprica/vlcj/binding/internal/libvlc_media_player_t;Luk/co/caprica/vlcj/binding/internal/libvlc_media_t;)V+20
j  uk.co.caprica.vlcj.player.DefaultMediaPlayer.setMedia(Ljava/lang/String;[Ljava/lang/String;)Z+302
j  uk.co.caprica.vlcj.player.DefaultMediaPlayer.prepareMedia(Ljava/lang/String;[Ljava/lang/String;)Z+19
j  uk.co.caprica.vlcj.player.DefaultMediaPlayer.playMedia(Ljava/lang/String;[Ljava/lang/String;)Z+19
j  com.sadoksync.sadoksync.Client.connectToRtsp()V+12
j  com.sadoksync.sadoksync.ConnectionHandler.run()V+462
v  ~StubRoutines::call_stub

---------------  P R O C E S S  ---------------

Java Threads: ( => current thread )
  0x15d98400 JavaThread "Thread-95" [_thread_new, id=3604, stack(0x00000000,0x00000000)]
  0x15d99c00 JavaThread "pool-1-thread-45" [_thread_new, id=3408, stack(0x00000000,0x00000000)]
  0x15d9a800 JavaThread "Thread-93" [_thread_new, id=920, stack(0x00000000,0x00000000)]
  0x15d9a400 JavaThread "pool-1-thread-44" [_thread_new, id=8692, stack(0x00000000,0x00000000)]
  0x15d95c00 JavaThread "Thread-91" [_thread_blocked, id=5324, stack(0x1a630000,0x1a680000)]
  0x15d97000 JavaThread "pool-1-thread-43" [_thread_blocked, id=6164, stack(0x1a2d0000,0x1a320000)]
  0x15d97c00 JavaThread "pool-1-thread-42" [_thread_blocked, id=2892, stack(0x1a5a0000,0x1a5f0000)]
  0x15d93000 JavaThread "Thread-87" [_thread_blocked, id=7548, stack(0x1a510000,0x1a560000)]
  0x15d96400 JavaThread "pool-1-thread-41" [_thread_blocked, id=5928, stack(0x1a480000,0x1a4d0000)]
  0x15d94000 JavaThread "Thread-85" [_thread_in_native, id=4568, stack(0x1a3f0000,0x1a440000)]
  0x15d94400 JavaThread "pool-1-thread-40" [_thread_blocked, id=8724, stack(0x1a090000,0x1a0e0000)]
  0x15d93800 JavaThread "pool-1-thread-39" [_thread_blocked, id=6780, stack(0x1a360000,0x1a3b0000)]
  0x15d96c00 JavaThread "pool-1-thread-38" [_thread_blocked, id=7756, stack(0x1a240000,0x1a290000)]
  0x15d95800 JavaThread "Thread-79" [_thread_in_native, id=2672, stack(0x1a1b0000,0x1a200000)]
  0x15d94c00 JavaThread "pool-1-thread-37" [_thread_blocked, id=8308, stack(0x19710000,0x19760000)]
  0x15d95000 JavaThread "pool-1-thread-36" [_thread_blocked, id=8512, stack(0x1a120000,0x1a170000)]
  0x17873000 JavaThread "pool-1-thread-35" [_thread_blocked, id=6380, stack(0x1a000000,0x1a050000)]
  0x15eb0800 JavaThread "Thread-73" [_thread_in_native, id=3572, stack(0x19f70000,0x19fc0000)]
  0x15eb3800 JavaThread "pool-1-thread-34" [_thread_blocked, id=4888, stack(0x195f0000,0x19640000)]
  0x17870400 JavaThread "pool-1-thread-33" [_thread_blocked, id=4524, stack(0x19ee0000,0x19f30000)]
  0x17870800 JavaThread "pool-1-thread-32" [_thread_blocked, id=2484, stack(0x19a50000,0x19aa0000)]
  0x1786fc00 JavaThread "Thread-67" [_thread_in_native, id=2644, stack(0x19440000,0x19490000)]
  0x17872800 JavaThread "pool-1-thread-31" [_thread_blocked, id=4176, stack(0x193b0000,0x19400000)]
  0x17873400 JavaThread "pool-1-thread-30" [_thread_blocked, id=6408, stack(0x19680000,0x196d0000)]
  0x17872000 JavaThread "Thread-61" [_thread_in_native, id=8972, stack(0x19560000,0x195b0000)]
  0x1786dc00 JavaThread "pool-1-thread-29" [_thread_blocked, id=7596, stack(0x19200000,0x19250000)]
  0x1786f400 JavaThread "pool-1-thread-28" [_thread_blocked, id=3476, stack(0x190e0000,0x19130000)]
  0x17871400 JavaThread "pool-1-thread-27" [_thread_blocked, id=4104, stack(0x194d0000,0x19520000)]
  0x17871c00 JavaThread "pool-1-thread-26" [_thread_blocked, id=5672, stack(0x18f30000,0x18f80000)]
  0x1786bc00 JavaThread "Thread-55" [_thread_in_native, id=6928, stack(0x19320000,0x19370000)]
  0x1786d800 JavaThread "pool-1-thread-25" [_thread_blocked, id=5796, stack(0x19290000,0x192e0000)]
  0x1786d000 JavaThread "pool-1-thread-24" [_thread_blocked, id=6608, stack(0x19170000,0x191c0000)]
  0x1786c800 JavaThread "pool-1-thread-23" [_thread_blocked, id=6508, stack(0x19050000,0x190a0000)]
  0x1786f000 JavaThread "pool-3-thread-1" [_thread_blocked, id=7636, stack(0x18fc0000,0x19010000)]
  0x1786c400 JavaThread "Thread-49" [_thread_in_native, id=3852, stack(0x18d10000,0x18d60000)]
  0x1786e400 JavaThread "pool-1-thread-22" [_thread_blocked, id=1756, stack(0x18bf0000,0x18c40000)]
  0x1786e800 JavaThread "pool-1-thread-21" [_thread_blocked, id=6544, stack(0x199c0000,0x19a10000)]
  0x15eb0c00 JavaThread "pool-1-thread-20" [_thread_blocked, id=3344, stack(0x18ea0000,0x18ef0000)]
  0x15eb4400 JavaThread "Thread-44" [_thread_in_native, id=6368, stack(0x18a40000,0x18a90000)]
  0x15eb2c00 JavaThread "pool-1-thread-19" [_thread_blocked, id=7808, stack(0x18920000,0x18970000)]
  0x15eb4000 JavaThread "pool-1-thread-18" [_thread_blocked, id=3524, stack(0x18c80000,0x18cd0000)]
  0x15eae000 JavaThread "pool-1-thread-17" [_thread_blocked, id=8136, stack(0x18b60000,0x18bb0000)]
  0x15eafc00 JavaThread "Thread-37" [_thread_in_native, id=8988, stack(0x18800000,0x18850000)]
  0x15eb1c00 JavaThread "pool-1-thread-16" [_thread_blocked, id=6760, stack(0x186e0000,0x18730000)]
  0x15eb3400 JavaThread "pool-1-thread-15" [_thread_blocked, id=7500, stack(0x18ad0000,0x18b20000)]
  0x15eb2000 JavaThread "pool-1-thread-14" [_thread_blocked, id=5416, stack(0x189b0000,0x18a00000)]
  0x15eaf000 JavaThread "Thread-31" [_thread_in_native, id=204, stack(0x18890000,0x188e0000)]
  0x15eb2800 JavaThread "pool-1-thread-13" [_thread_blocked, id=1124, stack(0x184a0000,0x184f0000)]
  0x15eb1400 JavaThread "pool-1-thread-12" [_thread_blocked, id=8884, stack(0x18770000,0x187c0000)]
  0x15eb0000 JavaThread "Thread-25" [_thread_in_native, id=2744, stack(0x185c0000,0x18610000)]
  0x15eaf400 JavaThread "pool-1-thread-11" [_thread_blocked, id=5680, stack(0x18650000,0x186a0000)]
  0x15ead000 JavaThread "pool-1-thread-10" [_thread_blocked, id=8704, stack(0x182f0000,0x18340000)]
  0x15eadc00 JavaThread "pool-1-thread-9" [_thread_blocked, id=4996, stack(0x18530000,0x18580000)]
  0x15eae800 JavaThread "pool-1-thread-8" [_thread_blocked, id=6720, stack(0x18410000,0x18460000)]
=>0x15ead400 JavaThread "Thread-19" [_thread_in_native, id=3700, stack(0x18380000,0x183d0000)]
  0x17862400 JavaThread "pool-1-thread-7" [_thread_blocked, id=484, stack(0x17390000,0x173e0000)]
  0x17862800 JavaThread "pool-1-thread-6" [_thread_blocked, id=8920, stack(0x18260000,0x182b0000)]
  0x17861000 JavaThread "pool-1-thread-5" [_thread_blocked, id=7092, stack(0x16800000,0x16850000)]
  0x17861c00 JavaThread "pool-1-thread-4" [_thread_blocked, id=5932, stack(0x172d0000,0x17320000)]
  0x1785e400 JavaThread "pool-1-thread-3" [_thread_blocked, id=8196, stack(0x17240000,0x17290000)]
  0x178aec00 JavaThread "TimerQueue" daemon [_thread_blocked, id=592, stack(0x18190000,0x181e0000)]
  0x00b8c800 JavaThread "DestroyJavaVM" [_thread_blocked, id=6428, stack(0x00270000,0x002c0000)]
  0x011d1000 JavaThread "Swing-Shell" daemon [_thread_blocked, id=9088, stack(0x16ad0000,0x16b20000)]
  0x15ba2000 JavaThread "AWT-EventQueue-0" [_thread_in_vm, id=5900, stack(0x153c0000,0x15410000)]
  0x0119c800 JavaThread "AWT-Shutdown" [_thread_blocked, id=7472, stack(0x151e0000,0x15230000)]
  0x0119e000 JavaThread "AWT-Windows" daemon [_thread_in_native, id=3744, stack(0x15270000,0x152c0000)]
  0x01199000 JavaThread "Java2D Disposer" daemon [_thread_blocked, id=6952, stack(0x15150000,0x151a0000)]
  0x010d1c00 JavaThread "pool-1-thread-2" [_thread_in_native, id=7100, stack(0x14bf0000,0x14c40000)]
  0x010cf400 JavaThread "pool-1-thread-1" [_thread_in_native, id=4272, stack(0x14b60000,0x14bb0000)]
  0x01057000 JavaThread "Service Thread" daemon [_thread_blocked, id=3196, stack(0x14a40000,0x14a90000)]
  0x0103a800 JavaThread "C1 CompilerThread0" daemon [_thread_blocked, id=7148, stack(0x149b0000,0x14a00000)]
  0x01032000 JavaThread "JDWP Command Reader" daemon [_thread_in_native, id=2496, stack(0x14920000,0x14970000)]
  0x0102f400 JavaThread "JDWP Event Helper Thread" daemon [_thread_blocked, id=8436, stack(0x14890000,0x148e0000)]
  0x0102e000 JavaThread "JDWP Transport Listener: dt_socket" daemon [_thread_blocked, id=8740, stack(0x14800000,0x14850000)]
  0x01029000 JavaThread "Attach Listener" daemon [_thread_blocked, id=6840, stack(0x04770000,0x047c0000)]
  0x01027000 JavaThread "Signal Dispatcher" daemon [_thread_blocked, id=2876, stack(0x01280000,0x012d0000)]
  0x00ff7c00 JavaThread "Finalizer" daemon [_thread_blocked, id=8916, stack(0x011f0000,0x01240000)]
  0x00ff2400 JavaThread "Reference Handler" daemon [_thread_blocked, id=7664, stack(0x00ac0000,0x00b10000)]

Other Threads:
  0x0090d400 VMThread [stack: 0x00a30000,0x00a80000] [id=6484]
  0x01058c00 WatcherThread [stack: 0x14ad0000,0x14b20000] [id=6424]

VM state:at safepoint (normal execution)

VM Mutex/Monitor currently owned by a thread:  ([mutex/lock_event])
[0x00b8bfa8] Threads_lock - owner thread: 0x0090d400

Heap:
 def new generation   total 4928K, used 729K [0x04800000, 0x04d50000, 0x09d50000)
  eden space 4416K,  10% used [0x04800000, 0x04875068, 0x04c50000)
  from space 512K,  51% used [0x04c50000, 0x04c916b8, 0x04cd0000)
  to   space 512K,   0% used [0x04cd0000, 0x04cd0000, 0x04d50000)
 tenured generation   total 10944K, used 7182K [0x09d50000, 0x0a800000, 0x14800000)
   the space 10944K,  65% used [0x09d50000, 0x0a453988, 0x0a453a00, 0x0a800000)
 Metaspace       used 11061K, capacity 11262K, committed 11392K, reserved 11648K

Card table byte_map: [0x009a0000,0x00a30000] byte_map_base: 0x0097c000

Polling page: 0x00200000

CodeCache: size=32768Kb used=1814Kb max_used=1814Kb free=30953Kb
 bounds [0x02770000, 0x02938000, 0x04770000]
 total_blobs=1047 nmethods=808 adapters=178
 compilation: enabled

Compilation events (10 events):
Event: 176.783 Thread 0x0103a800 nmethod 779 0x02928f48 code [0x02929040, 0x029290e0]
Event: 176.784 Thread 0x0103a800  780             javax.swing.GroupLayout$Spring::setSize (16 bytes)
Event: 176.785 Thread 0x0103a800 nmethod 780 0x02929148 code [0x02929250, 0x029292fc]
Event: 176.791 Thread 0x0103a800  781             java.net.URI$Parser::charAt (9 bytes)
Event: 176.792 Thread 0x0103a800 nmethod 781 0x02929388 code [0x029294a0, 0x029295ac]
Event: 176.828 Thread 0x0103a800  782             java.io.WinNTFileSystem::isLetter (30 bytes)
Event: 176.835 Thread 0x0103a800 nmethod 782 0x02929708 code [0x02929800, 0x029298d0]
Event: 176.843 Thread 0x0103a800  783             java.awt.KeyboardFocusManager::checkKFMSecurity (11 bytes)
Event: 176.845 Thread 0x0103a800 nmethod 783 0x02929908 code [0x02929a40, 0x02929bb0]
Event: 176.881 Thread 0x0103a800  784             java.util.LinkedList$ListItr::hasPrevious (13 bytes)

GC Heap History (10 events):
Event: 3.867 GC heap before
{Heap before GC invocations=0 (full 0):
 def new generation   total 4928K, used 4416K [0x04800000, 0x04d50000, 0x09d50000)
  eden space 4416K, 100% used [0x04800000, 0x04c50000, 0x04c50000)
  from space 512K,   0% used [0x04c50000, 0x04c50000, 0x04cd0000)
  to   space 512K,   0% used [0x04cd0000, 0x04cd0000, 0x04d50000)
 tenured generation   total 10944K, used 0K [0x09d50000, 0x0a800000, 0x14800000)
   the space 10944K,   0% used [0x09d50000, 0x09d50000, 0x09d50200, 0x0a800000)
 Metaspace       used 6687K, capacity 6858K, committed 6912K, reserved 7552K
Event: 3.882 GC heap after
Heap after GC invocations=1 (full 0):
 def new generation   total 4928K, used 512K [0x04800000, 0x04d50000, 0x09d50000)
  eden space 4416K,   0% used [0x04800000, 0x04800000, 0x04c50000)
  from space 512K, 100% used [0x04cd0000, 0x04d50000, 0x04d50000)
  to   space 512K,   0% used [0x04c50000, 0x04c50000, 0x04cd0000)
 tenured generation   total 10944K, used 971K [0x09d50000, 0x0a800000, 0x14800000)
   the space 10944K,   8% used [0x09d50000, 0x09e42c40, 0x09e42e00, 0x0a800000)
 Metaspace       used 6687K, capacity 6858K, committed 6912K, reserved 7552K
}
Event: 46.644 GC heap before
{Heap before GC invocations=1 (full 0):
 def new generation   total 4928K, used 4928K [0x04800000, 0x04d50000, 0x09d50000)
  eden space 4416K, 100% used [0x04800000, 0x04c50000, 0x04c50000)
  from space 512K, 100% used [0x04cd0000, 0x04d50000, 0x04d50000)
  to   space 512K,   0% used [0x04c50000, 0x04c50000, 0x04cd0000)
 tenured generation   total 10944K, used 971K [0x09d50000, 0x0a800000, 0x14800000)
   the space 10944K,   8% used [0x09d50000, 0x09e42c40, 0x09e42e00, 0x0a800000)
 Metaspace       used 9351K, capacity 9544K, committed 9728K, reserved 10624K
Event: 46.667 GC heap after
Heap after GC invocations=2 (full 0):
 def new generation   total 4928K, used 512K [0x04800000, 0x04d50000, 0x09d50000)
  eden space 4416K,   0% used [0x04800000, 0x04800000, 0x04c50000)
  from space 512K, 100% used [0x04c50000, 0x04cd0000, 0x04cd0000)
  to   space 512K,   0% used [0x04cd0000, 0x04cd0000, 0x04d50000)
 tenured generation   total 10944K, used 2437K [0x09d50000, 0x0a800000, 0x14800000)
   the space 10944K,  22% used [0x09d50000, 0x09fb1400, 0x09fb1400, 0x0a800000)
 Metaspace       used 9351K, capacity 9544K, committed 9728K, reserved 10624K
}
Event: 49.748 GC heap before
{Heap before GC invocations=2 (full 0):
 def new generation   total 4928K, used 4918K [0x04800000, 0x04d50000, 0x09d50000)
  eden space 4416K,  99% used [0x04800000, 0x04c4dba0, 0x04c50000)
  from space 512K, 100% used [0x04c50000, 0x04cd0000, 0x04cd0000)
  to   space 512K,   0% used [0x04cd0000, 0x04cd0000, 0x04d50000)
 tenured generation   total 10944K, used 2437K [0x09d50000, 0x0a800000, 0x14800000)
   the space 10944K,  22% used [0x09d50000, 0x09fb1400, 0x09fb1400, 0x0a800000)
 Metaspace       used 9923K, capacity 10120K, committed 10240K, reserved 10624K
Event: 49.760 GC heap after
Heap after GC invocations=3 (full 0):
 def new generation   total 4928K, used 495K [0x04800000, 0x04d50000, 0x09d50000)
  eden space 4416K,   0% used [0x04800000, 0x04800000, 0x04c50000)
  from space 512K,  96% used [0x04cd0000, 0x04d4bf50, 0x04d50000)
  to   space 512K,   0% used [0x04c50000, 0x04c50000, 0x04cd0000)
 tenured generation   total 10944K, used 2917K [0x09d50000, 0x0a800000, 0x14800000)
   the space 10944K,  26% used [0x09d50000, 0x0a0297d8, 0x0a029800, 0x0a800000)
 Metaspace       used 9923K, capacity 10120K, committed 10240K, reserved 10624K
}
Event: 51.457 GC heap before
{Heap before GC invocations=3 (full 0):
 def new generation   total 4928K, used 4911K [0x04800000, 0x04d50000, 0x09d50000)
  eden space 4416K, 100% used [0x04800000, 0x04c50000, 0x04c50000)
  from space 512K,  96% used [0x04cd0000, 0x04d4bf50, 0x04d50000)
  to   space 512K,   0% used [0x04c50000, 0x04c50000, 0x04cd0000)
 tenured generation   total 10944K, used 2917K [0x09d50000, 0x0a800000, 0x14800000)
   the space 10944K,  26% used [0x09d50000, 0x0a0297d8, 0x0a029800, 0x0a800000)
 Metaspace       used 10437K, capacity 10632K, committed 10752K, reserved 11648K
Event: 51.467 GC heap after
Heap after GC invocations=4 (full 0):
 def new generation   total 4928K, used 512K [0x04800000, 0x04d50000, 0x09d50000)
  eden space 4416K,   0% used [0x04800000, 0x04800000, 0x04c50000)
  from space 512K, 100% used [0x04c50000, 0x04cd0000, 0x04cd0000)
  to   space 512K,   0% used [0x04cd0000, 0x04cd0000, 0x04d50000)
 tenured generation   total 10944K, used 3211K [0x09d50000, 0x0a800000, 0x14800000)
   the space 10944K,  29% used [0x09d50000, 0x0a072ea0, 0x0a073000, 0x0a800000)
 Metaspace       used 10437K, capacity 10632K, committed 10752K, reserved 11648K
}
Event: 123.671 GC heap before
{Heap before GC invocations=4 (full 0):
 def new generation   total 4928K, used 4928K [0x04800000, 0x04d50000, 0x09d50000)
  eden space 4416K, 100% used [0x04800000, 0x04c50000, 0x04c50000)
  from space 512K, 100% used [0x04c50000, 0x04cd0000, 0x04cd0000)
  to   space 512K,   0% used [0x04cd0000, 0x04cd0000, 0x04d50000)
 tenured generation   total 10944K, used 3211K [0x09d50000, 0x0a800000, 0x14800000)
   the space 10944K,  29% used [0x09d50000, 0x0a072ea0, 0x0a073000, 0x0a800000)
 Metaspace       used 10972K, capacity 11151K, committed 11264K, reserved 11648K
Event: 123.683 GC heap after
Heap after GC invocations=5 (full 0):
 def new generation   total 4928K, used 153K [0x04800000, 0x04d50000, 0x09d50000)
  eden space 4416K,   0% used [0x04800000, 0x04800000, 0x04c50000)
  from space 512K,  30% used [0x04cd0000, 0x04cf6668, 0x04d50000)
  to   space 512K,   0% used [0x04c50000, 0x04c50000, 0x04cd0000)
 tenured generation   total 10944K, used 4831K [0x09d50000, 0x0a800000, 0x14800000)
   the space 10944K,  44% used [0x09d50000, 0x0a207f28, 0x0a208000, 0x0a800000)
 Metaspace       used 10972K, capacity 11151K, committed 11264K, reserved 11648K
}

Deoptimization events (0 events):
No events

Internal exceptions (10 events):
Event: 49.900 Thread 0x00b8c800 Exception <a 'java/lang/UnsatisfiedLinkError': Det går inte att hitta den angivna modulen.
> (0x0487de30) thrown at [C:\re\workspace\8-2-build-windows-i586-cygwin\jdk8u45\3457\hotspot\src\share\vm\prims\jni.cpp, line 735]
Event: 49.902 Thread 0x00b8c800 Exception <a 'java/lang/UnsatisfiedLinkError': Det går inte att hitta den angivna modulen.
> (0x0487e0f0) thrown at [C:\re\workspace\8-2-build-windows-i586-cygwin\jdk8u45\3457\hotspot\src\share\vm\prims\jni.cpp, line 735]
Event: 49.903 Thread 0x00b8c800 Exception <a 'java/lang/UnsatisfiedLinkError': Det går inte att hitta den angivna modulen.
> (0x0487e428) thrown at [C:\re\workspace\8-2-build-windows-i586-cygwin\jdk8u45\3457\hotspot\src\share\vm\prims\jni.cpp, line 735]
Event: 49.906 Thread 0x00b8c800 Exception <a 'java/lang/UnsatisfiedLinkError'> (0x04880858) thrown at [C:\re\workspace\8-2-build-windows-i586-cygwin\jdk8u45\3457\hotspot\src\share\vm\oops\instanceKlass.cpp, line 938]
Event: 49.958 Thread 0x00b8c800 Exception <a 'java/lang/NullPointerException'> (0x048b5b20) thrown at [C:\re\workspace\8-2-build-windows-i586-cygwin\jdk8u45\3457\hotspot\src\share\vm\interpreter\linkResolver.cpp, line 1178]
Event: 95.381 Thread 0x1785e400 Exception <a 'java/lang/NoSuchMethodError': <clinit>> (0x04bcdc68) thrown at [C:\re\workspace\8-2-build-windows-i586-cygwin\jdk8u45\3457\hotspot\src\share\vm\prims\jni.cpp, line 1598]
Event: 98.737 Thread 0x15ba2000 Exception <a 'java/lang/ArrayIndexOutOfBoundsException': -1> (0x04bfd418) thrown at [C:\re\workspace\8-2-build-windows-i586-cygwin\jdk8u45\3457\hotspot\src\share\vm\interpreter\interpreterRuntime.cpp, line 366]
Event: 98.737 Thread 0x15ba2000 Exception <a 'java/lang/ArrayIndexOutOfBoundsException'> (0x04bfd418) thrown at [C:\re\workspace\8-2-build-windows-i586-cygwin\jdk8u45\3457\hotspot\src\share\vm\prims\jvm.cpp, line 1386]
Event: 98.737 Thread 0x15ba2000 Exception <a 'java/lang/ArrayIndexOutOfBoundsException'> (0x04bfd418) thrown at [C:\re\workspace\8-2-build-windows-i586-cygwin\jdk8u45\3457\hotspot\src\share\vm\prims\jvm.cpp, line 1386]
Event: 123.715 Thread 0x17861000 Exception <a 'java/lang/NoSuchMethodError': <clinit>> (0x0481ed40) thrown at [C:\re\workspace\8-2-build-windows-i586-cygwin\jdk8u45\3457\hotspot\src\share\vm\prims\jni.cpp, line 1598]

Events (10 events):
Event: 176.874 Executing VM operation: RevokeBias
Event: 176.874 Executing VM operation: RevokeBias done
Event: 176.874 Executing VM operation: RevokeBias
Event: 176.874 Executing VM operation: RevokeBias done
Event: 176.875 Executing VM operation: RevokeBias
Event: 176.875 Executing VM operation: RevokeBias done
Event: 176.876 Executing VM operation: RevokeBias
Event: 176.876 Executing VM operation: RevokeBias done
Event: 176.876 Executing VM operation: EnterInterpOnlyMode
Event: 176.877 Executing VM operation: EnterInterpOnlyMode done


Dynamic libraries:
0x01330000 - 0x01363000 	C:\Program Files (x86)\Java\jdk1.8.0_45\bin\java.exe
0x770c0000 - 0x7722e000 	C:\WINDOWS\SYSTEM32\ntdll.dll
0x76b90000 - 0x76cd0000 	C:\WINDOWS\SYSTEM32\KERNEL32.DLL
0x74f80000 - 0x75057000 	C:\WINDOWS\SYSTEM32\KERNELBASE.dll
0x746f0000 - 0x74790000 	C:\WINDOWS\system32\apphelp.dll
0x71670000 - 0x718d5000 	C:\WINDOWS\AppPatch\AcGenral.DLL
0x76ac0000 - 0x76b83000 	C:\WINDOWS\SYSTEM32\msvcrt.dll
0x75530000 - 0x75571000 	C:\WINDOWS\SYSTEM32\sechost.dll
0x748c0000 - 0x748de000 	C:\WINDOWS\SYSTEM32\SspiCli.dll
0x769c0000 - 0x76a05000 	C:\WINDOWS\SYSTEM32\SHLWAPI.dll
0x73f10000 - 0x73ffd000 	C:\WINDOWS\SYSTEM32\UxTheme.dll
0x75230000 - 0x75383000 	C:\WINDOWS\SYSTEM32\USER32.dll
0x76cd0000 - 0x76dde000 	C:\WINDOWS\SYSTEM32\GDI32.dll
0x74100000 - 0x74123000 	C:\WINDOWS\SYSTEM32\WINMM.dll
0x72920000 - 0x72933000 	C:\WINDOWS\SYSTEM32\samcli.dll
0x75070000 - 0x75198000 	C:\WINDOWS\SYSTEM32\ole32.dll
0x74900000 - 0x74995000 	C:\WINDOWS\SYSTEM32\OLEAUT32.dll
0x72d70000 - 0x72d87000 	C:\WINDOWS\SYSTEM32\MSACM32.dll
0x72d60000 - 0x72d68000 	C:\WINDOWS\SYSTEM32\VERSION.dll
0x75580000 - 0x7682c000 	C:\WINDOWS\SYSTEM32\SHELL32.dll
0x74300000 - 0x7431b000 	C:\WINDOWS\SYSTEM32\USERENV.dll
0x73ef0000 - 0x73f0a000 	C:\WINDOWS\SYSTEM32\dwmapi.dll
0x71350000 - 0x7149b000 	C:\WINDOWS\SYSTEM32\urlmon.dll
0x751a0000 - 0x7521c000 	C:\WINDOWS\SYSTEM32\ADVAPI32.dll
0x743d0000 - 0x74435000 	C:\WINDOWS\SYSTEM32\WINSPOOL.DRV
0x74450000 - 0x74466000 	C:\WINDOWS\SYSTEM32\MPR.dll
0x76870000 - 0x7692a000 	C:\WINDOWS\SYSTEM32\RPCRT4.dll
0x748b0000 - 0x748ba000 	C:\WINDOWS\SYSTEM32\CRYPTBASE.dll
0x74bc0000 - 0x74d3d000 	C:\WINDOWS\SYSTEM32\combase.dll
0x740c0000 - 0x740e3000 	C:\WINDOWS\SYSTEM32\WINMMBASE.dll
0x740f0000 - 0x740ff000 	C:\WINDOWS\SYSTEM32\profapi.dll
0x73210000 - 0x73442000 	C:\WINDOWS\SYSTEM32\iertutil.dll
0x73490000 - 0x73665000 	C:\WINDOWS\SYSTEM32\WININET.dll
0x74850000 - 0x748a4000 	C:\WINDOWS\SYSTEM32\bcryptPrimitives.dll
0x76a70000 - 0x76aac000 	C:\WINDOWS\SYSTEM32\cfgmgr32.dll
0x74000000 - 0x74021000 	C:\WINDOWS\SYSTEM32\DEVOBJ.dll
0x74030000 - 0x740bb000 	C:\WINDOWS\SYSTEM32\SHCORE.DLL
0x76840000 - 0x76867000 	C:\WINDOWS\system32\IMM32.DLL
0x74e60000 - 0x74f72000 	C:\WINDOWS\SYSTEM32\MSCTF.dll
0x73710000 - 0x73916000 	C:\WINDOWS\WinSxS\x86_microsoft.windows.common-controls_6595b64144ccf1df_6.0.9600.17415_none_a9ed7f470139b3c1\COMCTL32.dll
0x5c160000 - 0x5c21f000 	C:\Program Files (x86)\Java\jdk1.8.0_45\jre\bin\msvcr100.dll
0x5bda0000 - 0x5c160000 	C:\Program Files (x86)\Java\jdk1.8.0_45\jre\bin\client\jvm.dll
0x6e840000 - 0x6e848000 	C:\WINDOWS\SYSTEM32\WSOCK32.dll
0x75220000 - 0x75226000 	C:\WINDOWS\SYSTEM32\PSAPI.DLL
0x74d40000 - 0x74d90000 	C:\WINDOWS\SYSTEM32\WS2_32.dll
0x75520000 - 0x75527000 	C:\WINDOWS\SYSTEM32\NSI.dll
0x69ad0000 - 0x69adc000 	C:\Program Files (x86)\Java\jdk1.8.0_45\jre\bin\verify.dll
0x69aa0000 - 0x69ac1000 	C:\Program Files (x86)\Java\jdk1.8.0_45\jre\bin\java.dll
0x63090000 - 0x630b9000 	C:\Program Files (x86)\Java\jdk1.8.0_45\jre\bin\jdwp.dll
0x69390000 - 0x69397000 	C:\Program Files (x86)\Java\jdk1.8.0_45\jre\bin\npt.dll
0x693c0000 - 0x693d3000 	C:\Program Files (x86)\Java\jdk1.8.0_45\jre\bin\zip.dll
0x63080000 - 0x63088000 	C:\Program Files (x86)\Java\jdk1.8.0_45\jre\bin\dt_socket.dll
0x73d70000 - 0x73dbb000 	C:\WINDOWS\system32\mswsock.dll
0x693a0000 - 0x693b5000 	C:\Program Files (x86)\Java\jdk1.8.0_45\jre\bin\net.dll
0x5bc50000 - 0x5bd95000 	C:\Program Files (x86)\Java\jdk1.8.0_45\jre\bin\awt.dll
0x152c0000 - 0x152f9000 	C:\Program Files (x86)\Samsung\Settings\CmdServer\WinCRT.dll
0x74790000 - 0x74799000 	C:\WINDOWS\SYSTEM32\kernel.appcore.dll
0x61f90000 - 0x61fc9000 	C:\Program Files (x86)\Java\jdk1.8.0_45\jre\bin\fontmanager.dll
0x69a90000 - 0x69a9f000 	C:\Program Files (x86)\Java\jdk1.8.0_45\jre\bin\nio.dll
0x61f30000 - 0x61f60000 	C:\Program Files (x86)\Java\jdk1.8.0_45\jre\bin\t2k.dll
0x73940000 - 0x73960000 	C:\WINDOWS\SYSTEM32\IPHLPAPI.DLL
0x730f0000 - 0x730f8000 	C:\WINDOWS\SYSTEM32\WINNSI.DLL
0x72730000 - 0x72743000 	C:\WINDOWS\SYSTEM32\dhcpcsvc6.DLL
0x72710000 - 0x72724000 	C:\WINDOWS\SYSTEM32\dhcpcsvc.DLL
0x76930000 - 0x769bd000 	C:\WINDOWS\SYSTEM32\clbcatq.dll
0x708c0000 - 0x70a2b000 	C:\WINDOWS\SYSTEM32\WindowsCodecs.dll
0x72670000 - 0x72689000 	C:\WINDOWS\SYSTEM32\CRYPTSP.dll
0x72640000 - 0x72670000 	C:\WINDOWS\system32\rsaenh.dll
0x72620000 - 0x7263e000 	C:\WINDOWS\SYSTEM32\bcrypt.dll
0x74320000 - 0x743a9000 	C:\WINDOWS\WinSxS\x86_microsoft.windows.common-controls_6595b64144ccf1df_5.82.9600.17415_none_7c5769eaaa0aa358\comctl32.dll
0x749a0000 - 0x74b51000 	C:\WINDOWS\SYSTEM32\SETUPAPI.dll
0x70a40000 - 0x70b7a000 	C:\WINDOWS\system32\propsys.dll
0x5bab0000 - 0x5bc4a000 	C:\WINDOWS\system32\NetworkExplorer.dll
0x6f290000 - 0x6f2b3000 	C:\Windows\SYSTEM32\thumbcache.dll
0x57770000 - 0x57779000 	C:\WINDOWS\System32\drprov.dll
0x73c40000 - 0x73c85000 	C:\WINDOWS\System32\WINSTA.dll
0x57750000 - 0x57762000 	C:\WINDOWS\System32\ntlanman.dll
0x57590000 - 0x575aa000 	C:\WINDOWS\System32\davclnt.dll
0x57580000 - 0x5758a000 	C:\WINDOWS\System32\DAVHLPR.dll
0x730a0000 - 0x730b1000 	C:\WINDOWS\System32\wkscli.dll
0x70450000 - 0x7045f000 	C:\WINDOWS\SYSTEM32\cscapi.dll
0x730e0000 - 0x730ea000 	C:\WINDOWS\System32\netutils.dll
0x57510000 - 0x5757e000 	C:\Windows\SYSTEM32\dlnashext.dll
0x5d5c0000 - 0x5d5f9000 	C:\Windows\System32\PlayToDevice.dll
0x61f10000 - 0x61f2a000 	C:\Windows\System32\DevDispItemProvider.dll
0x6f000000 - 0x6f103000 	C:\Windows\SYSTEM32\actxprxy.dll
0x5ba70000 - 0x5baa7000 	C:\WINDOWS\System32\netprofm.dll
0x63070000 - 0x63079000 	C:\WINDOWS\System32\npmproxy.dll
0x5b880000 - 0x5ba66000 	C:\WINDOWS\system32\wpdshext.dll
0x74130000 - 0x742a0000 	C:\WINDOWS\WinSxS\x86_microsoft.windows.gdiplus_6595b64144ccf1df_1.1.9600.17415_none_dad8722c5bcc2d8f\gdiplus.dll
0x5b7f0000 - 0x5b880000 	C:\Windows\SYSTEM32\PortableDeviceApi.dll
0x74e20000 - 0x74e5d000 	C:\WINDOWS\SYSTEM32\WINTRUST.dll
0x75390000 - 0x75518000 	C:\WINDOWS\SYSTEM32\CRYPT32.dll
0x76ab0000 - 0x76abe000 	C:\WINDOWS\SYSTEM32\MSASN1.dll
0x5b7b0000 - 0x5b7f0000 	C:\WINDOWS\system32\audiodev.dll
0x5b360000 - 0x5b5f1000 	C:\WINDOWS\system32\WMVCore.DLL
0x5b770000 - 0x5b7ad000 	C:\WINDOWS\system32\WMASF.DLL
0x6e850000 - 0x6e85b000 	C:\WINDOWS\SYSTEM32\LINKINFO.dll
0x72900000 - 0x72914000 	C:\WINDOWS\SYSTEM32\SAMLIB.dll
0x169e0000 - 0x16a1d000 	C:\Users\Alexander\AppData\Local\Temp\jna-Alexander\jna1378666292728474047.dll
0x5b740000 - 0x5b769000 	C:\Users\Alexander\Documents\GitHub\sadoksync\Client\SadokSync\target\classes\VLC\libvlc.dll
0x5b0d0000 - 0x5b359000 	C:\Users\Alexander\Documents\GitHub\sadoksync\Client\SadokSync\target\classes\VLC\libvlccore.dll
0x5b040000 - 0x5b0cd000 	C:\Users\Alexander\Documents\GitHub\sadoksync\Client\SadokSync\target\classes\VLC\plugins\access\libdshow_plugin.dll
0x5b720000 - 0x5b731000 	C:\Users\Alexander\Documents\GitHub\sadoksync\Client\SadokSync\target\classes\VLC\plugins\audio_output\libdirectsound_plugin.dll
0x5b020000 - 0x5b031000 	C:\Users\Alexander\Documents\GitHub\sadoksync\Client\SadokSync\target\classes\VLC\plugins\audio_output\libwaveout_plugin.dll
0x5b000000 - 0x5b01d000 	C:\Users\Alexander\Documents\GitHub\sadoksync\Client\SadokSync\target\classes\VLC\plugins\video_output\libdirect3d_plugin.dll
0x5afe0000 - 0x5affa000 	C:\Users\Alexander\Documents\GitHub\sadoksync\Client\SadokSync\target\classes\VLC\plugins\video_output\libdirectdraw_plugin.dll
0x5af50000 - 0x5afd1000 	C:\WINDOWS\SYSTEM32\DSOUND.DLL
0x72980000 - 0x729c0000 	C:\WINDOWS\SYSTEM32\POWRPROF.dll
0x72cb0000 - 0x72d03000 	C:\WINDOWS\System32\MMDevApi.dll
0x5af20000 - 0x5af44000 	C:\Program Files (x86)\Java\jdk1.8.0_45\jre\bin\dcpr.dll
0x73cf0000 - 0x73d6e000 	C:\WINDOWS\SYSTEM32\DNSAPI.dll
0x73ce0000 - 0x73ce8000 	C:\Windows\System32\rasadhlp.dll
0x73c90000 - 0x73cd6000 	C:\WINDOWS\System32\fwpuclnt.dll
0x69550000 - 0x69691000 	C:\WINDOWS\SYSTEM32\dbghelp.dll

VM Arguments:
jvm_args: -Xdebug -Xrunjdwp:transport=dt_socket,server=n,address=64187 
java_command: com.sadoksync.sadoksync.Driver
java_class_path (initial): C:\Users\Alexander\Documents\GitHub\sadoksync\Client\SadokSync\target\classes;C:\Users\Alexander\.m2\repository\uk\co\caprica\vlcj\3.6.0\vlcj-3.6.0.jar;C:\Users\Alexander\.m2\repository\net\java\dev\jna\jna\3.5.2\jna-3.5.2.jar;C:\Users\Alexander\.m2\repository\net\java\dev\jna\platform\3.5.2\platform-3.5.2.jar;C:\Users\Alexander\.m2\repository\org\slf4j\slf4j-api\1.7.10\slf4j-api-1.7.10.jar
Launcher Type: SUN_STANDARD

Environment Variables:
JAVA_HOME=C:\Program Files (x86)\Java\jdk1.8.0_45
PATH=C:\Program Files (x86)\NVIDIA Corporation\PhysX\Common;C:\Program Files (x86)\Intel\iCLS Client\;C:\Program Files\Intel\iCLS Client\;C:\WINDOWS\system32;C:\WINDOWS;C:\WINDOWS\System32\Wbem;C:\WINDOWS\System32\WindowsPowerShell\v1.0\;C:\Program Files\Intel\WiFi\bin\;C:\Program Files\Common Files\Intel\WirelessCommon\;C:\Program Files\Intel\Intel(R) Management Engine Components\DAL;C:\Program Files\Intel\Intel(R) Management Engine Components\IPT;C:\Program Files (x86)\Intel\Intel(R) Management Engine Components\DAL;C:\Program Files (x86)\Intel\Intel(R) Management Engine Components\IPT;C:\Program Files (x86)\Intel\OpenCL SDK\2.0\bin\x86;C:\Program Files (x86)\Intel\OpenCL SDK\2.0\bin\x64;C:\Program Files (x86)\Windows Live\Shared;C:\Program Files\Condusiv Technologies\IntelliMemory\;C:\Program Files\Java\jdk1.7.0_45\bin;C:\VXIPNP\WinNT\Bin;;C:\Program Files\Samsung\AllShare Framework DMS\1.3.23\64bit\???;C:\Program Files (x86)\MiKTeX 2.9\miktex\bin\;C:\Program Files (x86)\OpenVPN\bin
USERNAME=Alexander
OS=Windows_NT
PROCESSOR_IDENTIFIER=Intel64 Family 6 Model 58 Stepping 9, GenuineIntel



---------------  S Y S T E M  ---------------

OS: Windows 8.1 , 64 bit Build 9600 (6.3.9600.17415)

CPU:total 4 (2 cores per cpu, 2 threads per core) family 6 model 58 stepping 9, cmov, cx8, fxsr, mmx, sse, sse2, sse3, ssse3, sse4.1, sse4.2, popcnt, avx, clmul, erms, ht, tsc, tscinvbit, tscinv

Memory: 4k page, physical 8001056k(509272k free), swap 11146788k(1764424k free)

vm_info: Java HotSpot(TM) Client VM (25.45-b02) for windows-x86 JRE (1.8.0_45-b14), built on Apr 10 2015 10:46:40 by "java_re" with MS VC++ 10.0 (VS2010)

time: Thu Apr 23 14:04:58 2015
elapsed time: 177 seconds (0d 0h 2m 57s)

