#
# A fatal error has been detected by the Java Runtime Environment:
#
#  EXCEPTION_ACCESS_VIOLATION (0xc0000005) at pc=0x770ddf63, pid=7528, tid=3756
#
# JRE version: Java(TM) SE Runtime Environment (8.0_45-b14) (build 1.8.0_45-b14)
# Java VM: Java HotSpot(TM) Client VM (25.45-b02 mixed mode windows-x86 )
# Problematic frame:
# C  [ntdll.dll+0x1df63]
#
# Failed to write core dump. Minidumps are not enabled by default on client versions of Windows
#
# If you would like to submit a bug report, please visit:
#   http://bugreport.java.com/bugreport/crash.jsp
# The crash happened outside the Java Virtual Machine in native code.
# See problematic frame for where to report the bug.
#

---------------  T H R E A D  ---------------

Current thread (0x16197000):  JavaThread "Thread-19" [_thread_in_native, id=3756, stack(0x186a0000,0x186f0000)]

siginfo: ExceptionCode=0xc0000005, writing address 0x00000014

Registers:
EAX=0x00000000, EBX=0x00000984, ECX=0xfffffffc, EDX=0x00000000
ESP=0x186ed5e8, EBP=0x186ed648, ESI=0x16a3fef8, EDI=0x00000000
EIP=0x770ddf63, EFLAGS=0x00010213

Top of Stack: (sp=0x186ed5e8)
0x186ed5e8:   00000000 16a3fefc 16a3fef8 17ac7408
0x186ed5f8:   16a3fef8 00000000 7eb28000 00000000
0x186ed608:   00000000 00000000 186ed798 00000000
0x186ed618:   00000000 186ed638 5beb409d 00000008
0x186ed628:   00000000 186ed6b8 17c1bd58 160f94c8
0x186ed638:   186ed6cc 5bebc269 17b23500 b63244f0
0x186ed648:   186ed674 770dde0b 186eddc0 16a3fe60
0x186ed658:   16a3fef4 00000000 16a3fef8 00000001 

Instructions: (pc=0x770ddf63)
0x770ddf43:   c2 f0 0f b1 0e 8b 75 b0 3b c2 0f 85 cf 5e fe ff
0x770ddf53:   83 65 c0 00 33 c0 89 45 c4 8b 06 83 f8 ff 74 03
0x770ddf63:   ff 40 14 b8 82 03 fe 7f 8a 08 84 c9 0f 85 c8 34
0x770ddf73:   06 00 57 6a 00 83 fb ff 0f 84 0b 35 06 00 53 e8 


Register to memory mapping:

EAX=0x00000000 is an unknown value
EBX=0x00000984 is an unknown value
ECX=0xfffffffc is an unknown value
EDX=0x00000000 is an unknown value
ESP=0x186ed5e8 is pointing into the stack for thread: 0x16197000
EBP=0x186ed648 is pointing into the stack for thread: 0x16197000
ESI=0x16a3fef8 is an unknown value
EDI=0x00000000 is an unknown value


Stack: [0x186a0000,0x186f0000],  sp=0x186ed5e8,  free space=309k
Native frames: (J=compiled Java code, j=interpreted, Vv=VM code, C=native code)
C  [ntdll.dll+0x1df63]
C  [ntdll.dll+0x1de0b]
C  [ntdll.dll+0x1de35]
C  [libvlccore.dll+0xa3bb0]
C  [jna5742645893411813920.dll+0xd546]
C  [jna5742645893411813920.dll+0x2e5e]
C  [jna5742645893411813920.dll+0x535e]
j  com.sun.jna.Native.invokePointer(JI[Ljava/lang/Object;)J+0
j  com.sun.jna.Function.invokePointer(I[Ljava/lang/Object;)Lcom/sun/jna/Pointer;+6
j  com.sun.jna.Function.invoke([Ljava/lang/Object;Ljava/lang/Class;Z)Ljava/lang/Object;+642
j  com.sun.jna.Function.invoke(Ljava/lang/Class;[Ljava/lang/Object;Ljava/util/Map;)Ljava/lang/Object;+214
j  com.sun.jna.Library$Handler.invoke(Ljava/lang/Object;Ljava/lang/reflect/Method;[Ljava/lang/Object;)Ljava/lang/Object;+341
j  com.sun.proxy.$Proxy0.libvlc_media_get_mrl(Luk/co/caprica/vlcj/binding/internal/libvlc_media_t;)Lcom/sun/jna/Pointer;+16
j  uk.co.caprica.vlcj.player.DefaultMediaPlayer.mrl(Luk/co/caprica/vlcj/binding/internal/libvlc_media_t;)Ljava/lang/String;+22
j  uk.co.caprica.vlcj.player.events.MediaPlayerEventFactory.createEvent(Luk/co/caprica/vlcj/binding/internal/libvlc_event_t;J)Luk/co/caprica/vlcj/player/events/MediaPlayerEvent;+195
j  uk.co.caprica.vlcj.player.DefaultMediaPlayer$EventCallback.callback(Luk/co/caprica/vlcj/binding/internal/libvlc_event_t;Lcom/sun/jna/Pointer;)V+31
v  ~StubRoutines::call_stub
V  [jvm.dll+0x155cb5]
V  [jvm.dll+0x21b12e]
V  [jvm.dll+0x155d4e]
V  [jvm.dll+0x16245a]
V  [jvm.dll+0x1626b3]
V  [jvm.dll+0xffdc3]
C  [java.dll+0x3b22]
j  sun.reflect.NativeMethodAccessorImpl.invoke(Ljava/lang/Object;[Ljava/lang/Object;)Ljava/lang/Object;+100
j  sun.reflect.DelegatingMethodAccessorImpl.invoke(Ljava/lang/Object;[Ljava/lang/Object;)Ljava/lang/Object;+6
j  java.lang.reflect.Method.invoke(Ljava/lang/Object;[Ljava/lang/Object;)Ljava/lang/Object;+56
j  com.sun.jna.CallbackReference$DefaultCallbackProxy.invokeCallback([Ljava/lang/Object;)Ljava/lang/Object;+127
j  com.sun.jna.CallbackReference$DefaultCallbackProxy.callback([Ljava/lang/Object;)Ljava/lang/Object;+2
v  ~StubRoutines::call_stub
V  [jvm.dll+0x155cb5]
V  [jvm.dll+0x21b12e]
V  [jvm.dll+0x155d4e]
V  [jvm.dll+0xdae87]
V  [jvm.dll+0xdc708]
C  [jna5742645893411813920.dll+0xa682]
C  [jna5742645893411813920.dll+0xae0e]
C  [jna5742645893411813920.dll+0xd602]
C  [jna5742645893411813920.dll+0xdd2e]
C  [libvlc.dll+0xa0a0]

Java frames: (J=compiled Java code, j=interpreted, Vv=VM code)
j  com.sun.jna.Native.invokePointer(JI[Ljava/lang/Object;)J+0
j  com.sun.jna.Function.invokePointer(I[Ljava/lang/Object;)Lcom/sun/jna/Pointer;+6
j  com.sun.jna.Function.invoke([Ljava/lang/Object;Ljava/lang/Class;Z)Ljava/lang/Object;+642
j  com.sun.jna.Function.invoke(Ljava/lang/Class;[Ljava/lang/Object;Ljava/util/Map;)Ljava/lang/Object;+214
j  com.sun.jna.Library$Handler.invoke(Ljava/lang/Object;Ljava/lang/reflect/Method;[Ljava/lang/Object;)Ljava/lang/Object;+341
j  com.sun.proxy.$Proxy0.libvlc_media_get_mrl(Luk/co/caprica/vlcj/binding/internal/libvlc_media_t;)Lcom/sun/jna/Pointer;+16
j  uk.co.caprica.vlcj.player.DefaultMediaPlayer.mrl(Luk/co/caprica/vlcj/binding/internal/libvlc_media_t;)Ljava/lang/String;+22
j  uk.co.caprica.vlcj.player.events.MediaPlayerEventFactory.createEvent(Luk/co/caprica/vlcj/binding/internal/libvlc_event_t;J)Luk/co/caprica/vlcj/player/events/MediaPlayerEvent;+195
j  uk.co.caprica.vlcj.player.DefaultMediaPlayer$EventCallback.callback(Luk/co/caprica/vlcj/binding/internal/libvlc_event_t;Lcom/sun/jna/Pointer;)V+31
v  ~StubRoutines::call_stub
j  sun.reflect.NativeMethodAccessorImpl.invoke0(Ljava/lang/reflect/Method;Ljava/lang/Object;[Ljava/lang/Object;)Ljava/lang/Object;+0
j  sun.reflect.NativeMethodAccessorImpl.invoke(Ljava/lang/Object;[Ljava/lang/Object;)Ljava/lang/Object;+100
j  sun.reflect.DelegatingMethodAccessorImpl.invoke(Ljava/lang/Object;[Ljava/lang/Object;)Ljava/lang/Object;+6
j  java.lang.reflect.Method.invoke(Ljava/lang/Object;[Ljava/lang/Object;)Ljava/lang/Object;+56
j  com.sun.jna.CallbackReference$DefaultCallbackProxy.invokeCallback([Ljava/lang/Object;)Ljava/lang/Object;+127
j  com.sun.jna.CallbackReference$DefaultCallbackProxy.callback([Ljava/lang/Object;)Ljava/lang/Object;+2
v  ~StubRoutines::call_stub
j  com.sun.jna.Native.invokeVoid(JI[Ljava/lang/Object;)V+0
j  com.sun.jna.Function.invoke([Ljava/lang/Object;Ljava/lang/Class;Z)Ljava/lang/Object;+48
j  com.sun.jna.Function.invoke(Ljava/lang/Class;[Ljava/lang/Object;Ljava/util/Map;)Ljava/lang/Object;+214
j  com.sun.jna.Library$Handler.invoke(Ljava/lang/Object;Ljava/lang/reflect/Method;[Ljava/lang/Object;)Ljava/lang/Object;+341
j  com.sun.proxy.$Proxy0.libvlc_media_player_set_media(Luk/co/caprica/vlcj/binding/internal/libvlc_media_player_t;Luk/co/caprica/vlcj/binding/internal/libvlc_media_t;)V+20
j  uk.co.caprica.vlcj.player.DefaultMediaPlayer.setMedia(Ljava/lang/String;[Ljava/lang/String;)Z+302
j  uk.co.caprica.vlcj.player.DefaultMediaPlayer.prepareMedia(Ljava/lang/String;[Ljava/lang/String;)Z+19
j  uk.co.caprica.vlcj.player.DefaultMediaPlayer.playMedia(Ljava/lang/String;[Ljava/lang/String;)Z+19
j  com.sadoksync.sadoksync.Client.connectToRtsp()V+12
j  com.sadoksync.sadoksync.ConnectionHandler.run()V+462
v  ~StubRoutines::call_stub

---------------  P R O C E S S  ---------------

Java Threads: ( => current thread )
  0x16277c00 JavaThread "pool-1-thread-48" [_thread_blocked, id=2724, stack(0x1ad20000,0x1ad70000)]
  0x16274c00 JavaThread "Thread-99" [_thread_in_Java, id=9008, stack(0x1ac90000,0x1ace0000)]
  0x16276000 JavaThread "pool-1-thread-47" [_thread_blocked, id=7108, stack(0x1ac00000,0x1ac50000)]
  0x16275800 JavaThread "Thread-97" [_thread_in_vm, id=8656, stack(0x1ab70000,0x1abc0000)]
  0x16278400 JavaThread "pool-1-thread-46" [_thread_blocked, id=3636, stack(0x1a780000,0x1a7d0000)]
  0x16277800 JavaThread "pool-1-thread-45" [_thread_blocked, id=3628, stack(0x1aae0000,0x1ab30000)]
  0x16273400 JavaThread "pool-1-thread-44" [_thread_blocked, id=5988, stack(0x1a930000,0x1a980000)]
  0x16273800 JavaThread "Thread-91" [_thread_in_native, id=5288, stack(0x1a9c0000,0x1aa10000)]
  0x16276c00 JavaThread "pool-1-thread-43" [_thread_blocked, id=7452, stack(0x1a5d0000,0x1a620000)]
  0x16274400 JavaThread "pool-1-thread-42" [_thread_blocked, id=6608, stack(0x1a8a0000,0x1a8f0000)]
  0x16274000 JavaThread "pool-1-thread-41" [_thread_blocked, id=9004, stack(0x1a810000,0x1a860000)]
  0x16276400 JavaThread "Thread-85" [_thread_in_native, id=5892, stack(0x1a6f0000,0x1a740000)]
  0x16197800 JavaThread "pool-1-thread-40" [_thread_blocked, id=4524, stack(0x1a660000,0x1a6b0000)]
  0x17be4c00 JavaThread "pool-3-thread-1" [_thread_blocked, id=6440, stack(0x1a390000,0x1a3e0000)]
  0x17be5400 JavaThread "pool-1-thread-39" [_thread_blocked, id=7288, stack(0x1a420000,0x1a470000)]
  0x1611c400 JavaThread "pool-1-thread-38" [_thread_blocked, id=1684, stack(0x1a540000,0x1a590000)]
  0x17be3400 JavaThread "Thread-79" [_thread_in_native, id=6996, stack(0x1a1e0000,0x1a230000)]
  0x17be3c00 JavaThread "pool-1-thread-37" [_thread_blocked, id=7020, stack(0x1a0c0000,0x1a110000)]
  0x17be5800 JavaThread "pool-1-thread-36" [_thread_blocked, id=4944, stack(0x1a4b0000,0x1a500000)]
  0x17be4000 JavaThread "pool-1-thread-35" [_thread_blocked, id=4880, stack(0x1a300000,0x1a350000)]
  0x17be2c00 JavaThread "pool-1-thread-34" [_thread_blocked, id=5824, stack(0x1a270000,0x1a2c0000)]
  0x17bde800 JavaThread "Thread-73" [_thread_in_native, id=4276, stack(0x19e80000,0x19ed0000)]
  0x17be4800 JavaThread "pool-1-thread-33" [_thread_blocked, id=5704, stack(0x1a150000,0x1a1a0000)]
  0x17be2800 JavaThread "pool-1-thread-32" [_thread_blocked, id=5928, stack(0x19fa0000,0x19ff0000)]
  0x17bdf000 JavaThread "Thread-67" [_thread_in_native, id=7592, stack(0x1a030000,0x1a080000)]
  0x17bdfc00 JavaThread "pool-1-thread-31" [_thread_blocked, id=7144, stack(0x19c40000,0x19c90000)]
  0x17be0800 JavaThread "pool-1-thread-30" [_thread_blocked, id=5828, stack(0x19f10000,0x19f60000)]
  0x17be2000 JavaThread "pool-1-thread-29" [_thread_blocked, id=3876, stack(0x19df0000,0x19e40000)]
  0x17bdf400 JavaThread "Thread-61" [_thread_in_native, id=9192, stack(0x19cd0000,0x19d20000)]
  0x17bde400 JavaThread "pool-1-thread-28" [_thread_blocked, id=9048, stack(0x19490000,0x194e0000)]
  0x17be1400 JavaThread "pool-1-thread-27" [_thread_blocked, id=6620, stack(0x19d60000,0x19db0000)]
  0x17be1000 JavaThread "pool-1-thread-26" [_thread_blocked, id=7636, stack(0x195b0000,0x19600000)]
  0x17be0400 JavaThread "Thread-55" [_thread_in_native, id=6396, stack(0x192e0000,0x19330000)]
  0x17be1c00 JavaThread "pool-1-thread-25" [_thread_blocked, id=6184, stack(0x191c0000,0x19210000)]
  0x16194000 JavaThread "pool-1-thread-24" [_thread_blocked, id=3724, stack(0x19520000,0x19570000)]
  0x1611d400 JavaThread "pool-1-thread-23" [_thread_blocked, id=5912, stack(0x19400000,0x19450000)]
  0x1611d000 JavaThread "Thread-50" [_thread_in_native, id=5388, stack(0x19370000,0x193c0000)]
  0x16117800 JavaThread "pool-1-thread-22" [_thread_blocked, id=5716, stack(0x18e80000,0x18ed0000)]
  0x16118800 JavaThread "pool-1-thread-21" [_thread_blocked, id=4036, stack(0x19250000,0x192a0000)]
  0x16118400 JavaThread "pool-1-thread-20" [_thread_blocked, id=3124, stack(0x19130000,0x19180000)]
  0x1611bc00 JavaThread "Thread-43" [_thread_in_native, id=6468, stack(0x18fa0000,0x18ff0000)]
  0x16117c00 JavaThread "pool-1-thread-19" [_thread_blocked, id=4152, stack(0x18cd0000,0x18d20000)]
  0x1611b400 JavaThread "pool-1-thread-18" [_thread_blocked, id=5264, stack(0x18f10000,0x18f60000)]
  0x1611b000 JavaThread "pool-1-thread-17" [_thread_blocked, id=8616, stack(0x18d60000,0x18db0000)]
  0x1611a800 JavaThread "Thread-37" [_thread_in_native, id=6840, stack(0x18a90000,0x18ae0000)]
  0x1611a400 JavaThread "pool-1-thread-16" [_thread_blocked, id=2768, stack(0x187c0000,0x18810000)]
  0x16116400 JavaThread "pool-1-thread-15" [_thread_blocked, id=4748, stack(0x18df0000,0x18e40000)]
  0x16119800 JavaThread "pool-1-thread-14" [_thread_blocked, id=6212, stack(0x18c40000,0x18c90000)]
  0x16119000 JavaThread "Thread-31" [_thread_in_native, id=4960, stack(0x18bb0000,0x18c00000)]
  0x16119c00 JavaThread "pool-1-thread-13" [_thread_blocked, id=2644, stack(0x188e0000,0x18930000)]
  0x16115c00 JavaThread "pool-1-thread-12" [_thread_blocked, id=5884, stack(0x18b20000,0x18b70000)]
  0x16116c00 JavaThread "pool-1-thread-11" [_thread_blocked, id=9200, stack(0x18a00000,0x18a50000)]
  0x16117000 JavaThread "Thread-25" [_thread_in_native, id=9176, stack(0x18970000,0x189c0000)]
  0x16194c00 JavaThread "pool-1-thread-10" [_thread_blocked, id=4884, stack(0x17010000,0x17060000)]
  0x16195400 JavaThread "pool-1-thread-9" [_thread_blocked, id=4104, stack(0x18850000,0x188a0000)]
  0x16194400 JavaThread "pool-1-thread-8" [_thread_blocked, id=924, stack(0x18730000,0x18780000)]
=>0x16197000 JavaThread "Thread-19" [_thread_in_native, id=3756, stack(0x186a0000,0x186f0000)]
  0x16196000 JavaThread "pool-1-thread-7" [_thread_blocked, id=5068, stack(0x16b60000,0x16bb0000)]
  0x16196c00 JavaThread "pool-1-thread-6" [_thread_blocked, id=7616, stack(0x16bf0000,0x16c40000)]
  0x16195800 JavaThread "pool-1-thread-5" [_thread_blocked, id=6428, stack(0x17630000,0x17680000)]
  0x16196400 JavaThread "pool-1-thread-4" [_thread_blocked, id=7648, stack(0x18580000,0x185d0000)]
  0x16192000 JavaThread "pool-1-thread-3" [_thread_blocked, id=6148, stack(0x18610000,0x18660000)]
  0x16109800 JavaThread "TimerQueue" daemon [_thread_blocked, id=5304, stack(0x184f0000,0x18540000)]
  0x0076c800 JavaThread "DestroyJavaVM" [_thread_blocked, id=8928, stack(0x00770000,0x007c0000)]
  0x149e0c00 JavaThread "Swing-Shell" daemon [_thread_blocked, id=8212, stack(0x16f00000,0x16f50000)]
  0x15f62c00 JavaThread "AWT-EventQueue-0" [_thread_in_vm, id=6816, stack(0x15770000,0x157c0000)]
  0x149b0400 JavaThread "AWT-Shutdown" [_thread_blocked, id=2792, stack(0x15570000,0x155c0000)]
  0x149b3c00 JavaThread "AWT-Windows" daemon [_thread_in_native, id=5496, stack(0x15600000,0x15650000)]
  0x149adc00 JavaThread "Java2D Disposer" daemon [_thread_blocked, id=3528, stack(0x154e0000,0x15530000)]
  0x148cc400 JavaThread "pool-1-thread-2" [_thread_blocked, id=7488, stack(0x14f70000,0x14fc0000)]
  0x148c9800 JavaThread "pool-1-thread-1" [_thread_in_native, id=3916, stack(0x14ee0000,0x14f30000)]
  0x1484c000 JavaThread "Service Thread" daemon [_thread_blocked, id=4440, stack(0x14dc0000,0x14e10000)]
  0x14849800 JavaThread "C1 CompilerThread0" daemon [_thread_blocked, id=6696, stack(0x14d30000,0x14d80000)]
  0x14840c00 JavaThread "JDWP Command Reader" daemon [_thread_in_native, id=9156, stack(0x14ca0000,0x14cf0000)]
  0x1483e000 JavaThread "JDWP Event Helper Thread" daemon [_thread_blocked, id=8888, stack(0x14c10000,0x14c60000)]
  0x14834800 JavaThread "JDWP Transport Listener: dt_socket" daemon [_thread_blocked, id=6476, stack(0x14b80000,0x14bd0000)]
  0x14839400 JavaThread "Attach Listener" daemon [_thread_blocked, id=5256, stack(0x14ad0000,0x14b20000)]
  0x14837400 JavaThread "Signal Dispatcher" daemon [_thread_blocked, id=684, stack(0x14a40000,0x14a90000)]
  0x14806c00 JavaThread "Finalizer" daemon [_thread_blocked, id=2452, stack(0x047b0000,0x04800000)]
  0x14802400 JavaThread "Reference Handler" daemon [_thread_blocked, id=3540, stack(0x012e0000,0x01330000)]

Other Threads:
  0x00d5d400 VMThread [stack: 0x01250000,0x012a0000] [id=8428]
  0x1484e000 WatcherThread [stack: 0x14e50000,0x14ea0000] [id=8860]

VM state:not at safepoint (normal execution)

VM Mutex/Monitor currently owned by a thread: None

Heap:
 def new generation   total 4928K, used 3900K [0x04800000, 0x04d50000, 0x09d50000)
  eden space 4416K,  83% used [0x04800000, 0x04b95208, 0x04c50000)
  from space 512K,  45% used [0x04cd0000, 0x04d0a1f0, 0x04d50000)
  to   space 512K,   0% used [0x04c50000, 0x04c50000, 0x04cd0000)
 tenured generation   total 10944K, used 4833K [0x09d50000, 0x0a800000, 0x14800000)
   the space 10944K,  44% used [0x09d50000, 0x0a2087a0, 0x0a208800, 0x0a800000)
 Metaspace       used 11066K, capacity 11262K, committed 11392K, reserved 11648K

Card table byte_map: [0x00d60000,0x00df0000] byte_map_base: 0x00d3c000

Polling page: 0x00600000

CodeCache: size=32768Kb used=1648Kb max_used=1648Kb free=31120Kb
 bounds [0x02770000, 0x02910000, 0x04770000]
 total_blobs=961 nmethods=722 adapters=178
 compilation: enabled

Compilation events (10 events):
Event: 74.583 Thread 0x14849800  682             java.util.WeakHashMap::get (77 bytes)
Event: 74.587 Thread 0x14849800 nmethod 682 0x028f8288 code [0x028f83b0, 0x028f8564]
Event: 74.612 Thread 0x14849800  683             javax.swing.GroupLayout::getComponentInfo (62 bytes)
Event: 74.634 Thread 0x14849800 nmethod 683 0x028f8748 code [0x028f8880, 0x028f8a6c]
Event: 74.640 Thread 0x14849800  684             java.awt.Component::location_NoClientCode (16 bytes)
Event: 74.641 Thread 0x14849800 nmethod 684 0x028f8bc8 code [0x028f8cc0, 0x028f8d80]
Event: 74.642 Thread 0x14849800  685             java.net.URI$Parser::charAt (9 bytes)
Event: 74.642 Thread 0x14849800 nmethod 685 0x028f8e08 code [0x028f8f20, 0x028f902c]
Event: 74.643 Thread 0x14849800  686             java.io.WinNTFileSystem::isLetter (30 bytes)
Event: 74.643 Thread 0x14849800 nmethod 686 0x028f9188 code [0x028f9280, 0x028f9350]

GC Heap History (8 events):
Event: 3.359 GC heap before
{Heap before GC invocations=0 (full 0):
 def new generation   total 4928K, used 4416K [0x04800000, 0x04d50000, 0x09d50000)
  eden space 4416K, 100% used [0x04800000, 0x04c50000, 0x04c50000)
  from space 512K,   0% used [0x04c50000, 0x04c50000, 0x04cd0000)
  to   space 512K,   0% used [0x04cd0000, 0x04cd0000, 0x04d50000)
 tenured generation   total 10944K, used 0K [0x09d50000, 0x0a800000, 0x14800000)
   the space 10944K,   0% used [0x09d50000, 0x09d50000, 0x09d50200, 0x0a800000)
 Metaspace       used 6685K, capacity 6858K, committed 6912K, reserved 7552K
Event: 3.374 GC heap after
Heap after GC invocations=1 (full 0):
 def new generation   total 4928K, used 512K [0x04800000, 0x04d50000, 0x09d50000)
  eden space 4416K,   0% used [0x04800000, 0x04800000, 0x04c50000)
  from space 512K, 100% used [0x04cd0000, 0x04d50000, 0x04d50000)
  to   space 512K,   0% used [0x04c50000, 0x04c50000, 0x04cd0000)
 tenured generation   total 10944K, used 973K [0x09d50000, 0x0a800000, 0x14800000)
   the space 10944K,   8% used [0x09d50000, 0x09e43620, 0x09e43800, 0x0a800000)
 Metaspace       used 6685K, capacity 6858K, committed 6912K, reserved 7552K
}
Event: 33.974 GC heap before
{Heap before GC invocations=1 (full 0):
 def new generation   total 4928K, used 4928K [0x04800000, 0x04d50000, 0x09d50000)
  eden space 4416K, 100% used [0x04800000, 0x04c50000, 0x04c50000)
  from space 512K, 100% used [0x04cd0000, 0x04d50000, 0x04d50000)
  to   space 512K,   0% used [0x04c50000, 0x04c50000, 0x04cd0000)
 tenured generation   total 10944K, used 973K [0x09d50000, 0x0a800000, 0x14800000)
   the space 10944K,   8% used [0x09d50000, 0x09e43620, 0x09e43800, 0x0a800000)
 Metaspace       used 9338K, capacity 9512K, committed 9600K, reserved 9600K
Event: 34.001 GC heap after
Heap after GC invocations=2 (full 0):
 def new generation   total 4928K, used 512K [0x04800000, 0x04d50000, 0x09d50000)
  eden space 4416K,   0% used [0x04800000, 0x04800000, 0x04c50000)
  from space 512K, 100% used [0x04c50000, 0x04cd0000, 0x04cd0000)
  to   space 512K,   0% used [0x04cd0000, 0x04cd0000, 0x04d50000)
 tenured generation   total 10944K, used 2433K [0x09d50000, 0x0a800000, 0x14800000)
   the space 10944K,  22% used [0x09d50000, 0x09fb0750, 0x09fb0800, 0x0a800000)
 Metaspace       used 9338K, capacity 9512K, committed 9600K, reserved 9600K
}
Event: 37.225 GC heap before
{Heap before GC invocations=2 (full 0):
 def new generation   total 4928K, used 4928K [0x04800000, 0x04d50000, 0x09d50000)
  eden space 4416K, 100% used [0x04800000, 0x04c50000, 0x04c50000)
  from space 512K, 100% used [0x04c50000, 0x04cd0000, 0x04cd0000)
  to   space 512K,   0% used [0x04cd0000, 0x04cd0000, 0x04d50000)
 tenured generation   total 10944K, used 2433K [0x09d50000, 0x0a800000, 0x14800000)
   the space 10944K,  22% used [0x09d50000, 0x09fb0750, 0x09fb0800, 0x0a800000)
 Metaspace       used 9942K, capacity 10120K, committed 10240K, reserved 10624K
Event: 37.236 GC heap after
Heap after GC invocations=3 (full 0):
 def new generation   total 4928K, used 512K [0x04800000, 0x04d50000, 0x09d50000)
  eden space 4416K,   0% used [0x04800000, 0x04800000, 0x04c50000)
  from space 512K, 100% used [0x04cd0000, 0x04d50000, 0x04d50000)
  to   space 512K,   0% used [0x04c50000, 0x04c50000, 0x04cd0000)
 tenured generation   total 10944K, used 2920K [0x09d50000, 0x0a800000, 0x14800000)
   the space 10944K,  26% used [0x09d50000, 0x0a02a230, 0x0a02a400, 0x0a800000)
 Metaspace       used 9942K, capacity 10120K, committed 10240K, reserved 10624K
}
Event: 39.070 GC heap before
{Heap before GC invocations=3 (full 0):
 def new generation   total 4928K, used 4928K [0x04800000, 0x04d50000, 0x09d50000)
  eden space 4416K, 100% used [0x04800000, 0x04c50000, 0x04c50000)
  from space 512K, 100% used [0x04cd0000, 0x04d50000, 0x04d50000)
  to   space 512K,   0% used [0x04c50000, 0x04c50000, 0x04cd0000)
 tenured generation   total 10944K, used 2920K [0x09d50000, 0x0a800000, 0x14800000)
   the space 10944K,  26% used [0x09d50000, 0x0a02a230, 0x0a02a400, 0x0a800000)
 Metaspace       used 10438K, capacity 10634K, committed 10752K, reserved 11648K
Event: 39.080 GC heap after
Heap after GC invocations=4 (full 0):
 def new generation   total 4928K, used 511K [0x04800000, 0x04d50000, 0x09d50000)
  eden space 4416K,   0% used [0x04800000, 0x04800000, 0x04c50000)
  from space 512K,  99% used [0x04c50000, 0x04ccffa8, 0x04cd0000)
  to   space 512K,   0% used [0x04cd0000, 0x04cd0000, 0x04d50000)
 tenured generation   total 10944K, used 3215K [0x09d50000, 0x0a800000, 0x14800000)
   the space 10944K,  29% used [0x09d50000, 0x0a073ce8, 0x0a073e00, 0x0a800000)
 Metaspace       used 10438K, capacity 10634K, committed 10752K, reserved 11648K
}

Deoptimization events (0 events):
No events

Internal exceptions (10 events):
Event: 12.119 Thread 0x15ff7800 Exception <a 'java/security/PrivilegedActionException'> (0x04afb2b0) thrown at [C:\re\workspace\8-2-build-windows-i586-cygwin\jdk8u45\3457\hotspot\src\share\vm\prims\jvm.cpp, line 1382]
Event: 37.256 Thread 0x0076c800 Exception <a 'java/lang/NoClassDefFoundError': org/slf4j/impl/StaticLoggerBinder> (0x048056f8) thrown at [C:\re\workspace\8-2-build-windows-i586-cygwin\jdk8u45\3457\hotspot\src\share\vm\classfile\systemDictionary.cpp, line 199]
Event: 37.317 Thread 0x0076c800 Exception <a 'java/lang/NullPointerException'> (0x0485b550) thrown at [C:\re\workspace\8-2-build-windows-i586-cygwin\jdk8u45\3457\hotspot\src\share\vm\interpreter\linkResolver.cpp, line 1178]
Event: 37.319 Thread 0x0076c800 Exception <a 'java/lang/UnsatisfiedLinkError': Det går inte att hitta den angivna modulen.
> (0x0485baf8) thrown at [C:\re\workspace\8-2-build-windows-i586-cygwin\jdk8u45\3457\hotspot\src\share\vm\prims\jni.cpp, line 735]
Event: 37.321 Thread 0x0076c800 Exception <a 'java/lang/UnsatisfiedLinkError': Det går inte att hitta den angivna modulen.
> (0x0485bdb8) thrown at [C:\re\workspace\8-2-build-windows-i586-cygwin\jdk8u45\3457\hotspot\src\share\vm\prims\jni.cpp, line 735]
Event: 37.322 Thread 0x0076c800 Exception <a 'java/lang/UnsatisfiedLinkError': Det går inte att hitta den angivna modulen.
> (0x0485c0f0) thrown at [C:\re\workspace\8-2-build-windows-i586-cygwin\jdk8u45\3457\hotspot\src\share\vm\prims\jni.cpp, line 735]
Event: 37.324 Thread 0x0076c800 Exception <a 'java/lang/UnsatisfiedLinkError'> (0x0485e520) thrown at [C:\re\workspace\8-2-build-windows-i586-cygwin\jdk8u45\3457\hotspot\src\share\vm\oops\instanceKlass.cpp, line 938]
Event: 37.363 Thread 0x0076c800 Exception <a 'java/lang/NullPointerException'> (0x0488ef38) thrown at [C:\re\workspace\8-2-build-windows-i586-cygwin\jdk8u45\3457\hotspot\src\share\vm\interpreter\linkResolver.cpp, line 1178]
Event: 58.207 Thread 0x16192000 Exception <a 'java/lang/NoSuchMethodError': <clinit>> (0x04b19048) thrown at [C:\re\workspace\8-2-build-windows-i586-cygwin\jdk8u45\3457\hotspot\src\share\vm\prims\jni.cpp, line 1598]
Event: 67.669 Thread 0x16195800 Exception <a 'java/lang/NoSuchMethodError': <clinit>> (0x04b72ff8) thrown at [C:\re\workspace\8-2-build-windows-i586-cygwin\jdk8u45\3457\hotspot\src\share\vm\prims\jni.cpp, line 1598]

Events (10 events):
Event: 74.669 Executing VM operation: EnterInterpOnlyMode done
Event: 74.681 Executing VM operation: RevokeBias
Event: 74.681 Executing VM operation: RevokeBias done
Event: 74.682 Thread 0x16117800 Thread exited: 0x16117800
Event: 74.682 Thread 0x16117c00 Thread exited: 0x16117c00
Event: 74.682 Executing VM operation: RevokeBias
Event: 74.682 Executing VM operation: RevokeBias done
Event: 74.682 Executing VM operation: BulkRevokeBias
Event: 74.683 Executing VM operation: BulkRevokeBias done
Event: 74.683 Executing VM operation: EnterInterpOnlyMode


Dynamic libraries:
0x01330000 - 0x01363000 	C:\Program Files (x86)\Java\jdk1.8.0_45\bin\java.exe
0x770c0000 - 0x7722e000 	C:\WINDOWS\SYSTEM32\ntdll.dll
0x76b90000 - 0x76cd0000 	C:\WINDOWS\SYSTEM32\KERNEL32.DLL
0x74f80000 - 0x75057000 	C:\WINDOWS\SYSTEM32\KERNELBASE.dll
0x746f0000 - 0x74790000 	C:\WINDOWS\system32\apphelp.dll
0x71670000 - 0x718d5000 	C:\WINDOWS\AppPatch\AcGenral.DLL
0x76ac0000 - 0x76b83000 	C:\WINDOWS\SYSTEM32\msvcrt.dll
0x75530000 - 0x75571000 	C:\WINDOWS\SYSTEM32\sechost.dll
0x748c0000 - 0x748de000 	C:\WINDOWS\SYSTEM32\SspiCli.dll
0x769c0000 - 0x76a05000 	C:\WINDOWS\SYSTEM32\SHLWAPI.dll
0x73f10000 - 0x73ffd000 	C:\WINDOWS\SYSTEM32\UxTheme.dll
0x75230000 - 0x75383000 	C:\WINDOWS\SYSTEM32\USER32.dll
0x76cd0000 - 0x76dde000 	C:\WINDOWS\SYSTEM32\GDI32.dll
0x74100000 - 0x74123000 	C:\WINDOWS\SYSTEM32\WINMM.dll
0x72920000 - 0x72933000 	C:\WINDOWS\SYSTEM32\samcli.dll
0x75070000 - 0x75198000 	C:\WINDOWS\SYSTEM32\ole32.dll
0x74900000 - 0x74995000 	C:\WINDOWS\SYSTEM32\OLEAUT32.dll
0x72d70000 - 0x72d87000 	C:\WINDOWS\SYSTEM32\MSACM32.dll
0x72d60000 - 0x72d68000 	C:\WINDOWS\SYSTEM32\VERSION.dll
0x75580000 - 0x7682c000 	C:\WINDOWS\SYSTEM32\SHELL32.dll
0x74300000 - 0x7431b000 	C:\WINDOWS\SYSTEM32\USERENV.dll
0x73ef0000 - 0x73f0a000 	C:\WINDOWS\SYSTEM32\dwmapi.dll
0x71350000 - 0x7149b000 	C:\WINDOWS\SYSTEM32\urlmon.dll
0x751a0000 - 0x7521c000 	C:\WINDOWS\SYSTEM32\ADVAPI32.dll
0x743d0000 - 0x74435000 	C:\WINDOWS\SYSTEM32\WINSPOOL.DRV
0x74450000 - 0x74466000 	C:\WINDOWS\SYSTEM32\MPR.dll
0x76870000 - 0x7692a000 	C:\WINDOWS\SYSTEM32\RPCRT4.dll
0x748b0000 - 0x748ba000 	C:\WINDOWS\SYSTEM32\CRYPTBASE.dll
0x74bc0000 - 0x74d3d000 	C:\WINDOWS\SYSTEM32\combase.dll
0x740c0000 - 0x740e3000 	C:\WINDOWS\SYSTEM32\WINMMBASE.dll
0x740f0000 - 0x740ff000 	C:\WINDOWS\SYSTEM32\profapi.dll
0x73210000 - 0x73442000 	C:\WINDOWS\SYSTEM32\iertutil.dll
0x73490000 - 0x73665000 	C:\WINDOWS\SYSTEM32\WININET.dll
0x74850000 - 0x748a4000 	C:\WINDOWS\SYSTEM32\bcryptPrimitives.dll
0x76a70000 - 0x76aac000 	C:\WINDOWS\SYSTEM32\cfgmgr32.dll
0x74000000 - 0x74021000 	C:\WINDOWS\SYSTEM32\DEVOBJ.dll
0x74030000 - 0x740bb000 	C:\WINDOWS\SYSTEM32\SHCORE.DLL
0x76840000 - 0x76867000 	C:\WINDOWS\system32\IMM32.DLL
0x74e60000 - 0x74f72000 	C:\WINDOWS\SYSTEM32\MSCTF.dll
0x73710000 - 0x73916000 	C:\WINDOWS\WinSxS\x86_microsoft.windows.common-controls_6595b64144ccf1df_6.0.9600.17415_none_a9ed7f470139b3c1\COMCTL32.dll
0x5c160000 - 0x5c21f000 	C:\Program Files (x86)\Java\jdk1.8.0_45\jre\bin\msvcr100.dll
0x5bda0000 - 0x5c160000 	C:\Program Files (x86)\Java\jdk1.8.0_45\jre\bin\client\jvm.dll
0x6e840000 - 0x6e848000 	C:\WINDOWS\SYSTEM32\WSOCK32.dll
0x75220000 - 0x75226000 	C:\WINDOWS\SYSTEM32\PSAPI.DLL
0x74d40000 - 0x74d90000 	C:\WINDOWS\SYSTEM32\WS2_32.dll
0x75520000 - 0x75527000 	C:\WINDOWS\SYSTEM32\NSI.dll
0x69ad0000 - 0x69adc000 	C:\Program Files (x86)\Java\jdk1.8.0_45\jre\bin\verify.dll
0x69aa0000 - 0x69ac1000 	C:\Program Files (x86)\Java\jdk1.8.0_45\jre\bin\java.dll
0x63090000 - 0x630b9000 	C:\Program Files (x86)\Java\jdk1.8.0_45\jre\bin\jdwp.dll
0x69390000 - 0x69397000 	C:\Program Files (x86)\Java\jdk1.8.0_45\jre\bin\npt.dll
0x693c0000 - 0x693d3000 	C:\Program Files (x86)\Java\jdk1.8.0_45\jre\bin\zip.dll
0x63080000 - 0x63088000 	C:\Program Files (x86)\Java\jdk1.8.0_45\jre\bin\dt_socket.dll
0x73d70000 - 0x73dbb000 	C:\WINDOWS\system32\mswsock.dll
0x693a0000 - 0x693b5000 	C:\Program Files (x86)\Java\jdk1.8.0_45\jre\bin\net.dll
0x5bc50000 - 0x5bd95000 	C:\Program Files (x86)\Java\jdk1.8.0_45\jre\bin\awt.dll
0x15650000 - 0x15689000 	C:\Program Files (x86)\Samsung\Settings\CmdServer\WinCRT.dll
0x74790000 - 0x74799000 	C:\WINDOWS\SYSTEM32\kernel.appcore.dll
0x61f90000 - 0x61fc9000 	C:\Program Files (x86)\Java\jdk1.8.0_45\jre\bin\fontmanager.dll
0x69a90000 - 0x69a9f000 	C:\Program Files (x86)\Java\jdk1.8.0_45\jre\bin\nio.dll
0x61f30000 - 0x61f60000 	C:\Program Files (x86)\Java\jdk1.8.0_45\jre\bin\t2k.dll
0x73940000 - 0x73960000 	C:\WINDOWS\SYSTEM32\IPHLPAPI.DLL
0x730f0000 - 0x730f8000 	C:\WINDOWS\SYSTEM32\WINNSI.DLL
0x72730000 - 0x72743000 	C:\WINDOWS\SYSTEM32\dhcpcsvc6.DLL
0x72710000 - 0x72724000 	C:\WINDOWS\SYSTEM32\dhcpcsvc.DLL
0x76930000 - 0x769bd000 	C:\WINDOWS\SYSTEM32\clbcatq.dll
0x708c0000 - 0x70a2b000 	C:\WINDOWS\SYSTEM32\WindowsCodecs.dll
0x72670000 - 0x72689000 	C:\WINDOWS\SYSTEM32\CRYPTSP.dll
0x72640000 - 0x72670000 	C:\WINDOWS\system32\rsaenh.dll
0x72620000 - 0x7263e000 	C:\WINDOWS\SYSTEM32\bcrypt.dll
0x74320000 - 0x743a9000 	C:\WINDOWS\WinSxS\x86_microsoft.windows.common-controls_6595b64144ccf1df_5.82.9600.17415_none_7c5769eaaa0aa358\comctl32.dll
0x749a0000 - 0x74b51000 	C:\WINDOWS\SYSTEM32\SETUPAPI.dll
0x70a40000 - 0x70b7a000 	C:\WINDOWS\system32\propsys.dll
0x5bab0000 - 0x5bc4a000 	C:\WINDOWS\system32\NetworkExplorer.dll
0x6f290000 - 0x6f2b3000 	C:\Windows\SYSTEM32\thumbcache.dll
0x57770000 - 0x57779000 	C:\WINDOWS\System32\drprov.dll
0x73c40000 - 0x73c85000 	C:\WINDOWS\System32\WINSTA.dll
0x57750000 - 0x57762000 	C:\WINDOWS\System32\ntlanman.dll
0x57590000 - 0x575aa000 	C:\WINDOWS\System32\davclnt.dll
0x57580000 - 0x5758a000 	C:\WINDOWS\System32\DAVHLPR.dll
0x730a0000 - 0x730b1000 	C:\WINDOWS\System32\wkscli.dll
0x70450000 - 0x7045f000 	C:\WINDOWS\SYSTEM32\cscapi.dll
0x730e0000 - 0x730ea000 	C:\WINDOWS\System32\netutils.dll
0x57510000 - 0x5757e000 	C:\Windows\SYSTEM32\dlnashext.dll
0x5d5c0000 - 0x5d5f9000 	C:\Windows\System32\PlayToDevice.dll
0x61f10000 - 0x61f2a000 	C:\Windows\System32\DevDispItemProvider.dll
0x6f000000 - 0x6f103000 	C:\Windows\SYSTEM32\actxprxy.dll
0x5ba70000 - 0x5baa7000 	C:\WINDOWS\System32\netprofm.dll
0x63070000 - 0x63079000 	C:\WINDOWS\System32\npmproxy.dll
0x5b880000 - 0x5ba66000 	C:\WINDOWS\system32\wpdshext.dll
0x74130000 - 0x742a0000 	C:\WINDOWS\WinSxS\x86_microsoft.windows.gdiplus_6595b64144ccf1df_1.1.9600.17415_none_dad8722c5bcc2d8f\gdiplus.dll
0x5b7f0000 - 0x5b880000 	C:\Windows\SYSTEM32\PortableDeviceApi.dll
0x74e20000 - 0x74e5d000 	C:\WINDOWS\SYSTEM32\WINTRUST.dll
0x75390000 - 0x75518000 	C:\WINDOWS\SYSTEM32\CRYPT32.dll
0x76ab0000 - 0x76abe000 	C:\WINDOWS\SYSTEM32\MSASN1.dll
0x5b7b0000 - 0x5b7f0000 	C:\WINDOWS\system32\audiodev.dll
0x5b360000 - 0x5b5f1000 	C:\WINDOWS\system32\WMVCore.DLL
0x5b770000 - 0x5b7ad000 	C:\WINDOWS\system32\WMASF.DLL
0x6e850000 - 0x6e85b000 	C:\WINDOWS\SYSTEM32\LINKINFO.dll
0x72900000 - 0x72914000 	C:\WINDOWS\SYSTEM32\SAMLIB.dll
0x16dd0000 - 0x16e0d000 	C:\Users\Alexander\AppData\Local\Temp\jna-Alexander\jna5742645893411813920.dll
0x5b740000 - 0x5b769000 	C:\Users\Alexander\Documents\GitHub\sadoksync\Client\SadokSync\target\classes\VLC\libvlc.dll
0x5b0d0000 - 0x5b359000 	C:\Users\Alexander\Documents\GitHub\sadoksync\Client\SadokSync\target\classes\VLC\libvlccore.dll
0x5b040000 - 0x5b0cd000 	C:\Users\Alexander\Documents\GitHub\sadoksync\Client\SadokSync\target\classes\VLC\plugins\access\libdshow_plugin.dll
0x5b720000 - 0x5b731000 	C:\Users\Alexander\Documents\GitHub\sadoksync\Client\SadokSync\target\classes\VLC\plugins\audio_output\libdirectsound_plugin.dll
0x5b020000 - 0x5b031000 	C:\Users\Alexander\Documents\GitHub\sadoksync\Client\SadokSync\target\classes\VLC\plugins\audio_output\libwaveout_plugin.dll
0x5b000000 - 0x5b01d000 	C:\Users\Alexander\Documents\GitHub\sadoksync\Client\SadokSync\target\classes\VLC\plugins\video_output\libdirect3d_plugin.dll
0x5afe0000 - 0x5affa000 	C:\Users\Alexander\Documents\GitHub\sadoksync\Client\SadokSync\target\classes\VLC\plugins\video_output\libdirectdraw_plugin.dll
0x5af50000 - 0x5afd1000 	C:\WINDOWS\SYSTEM32\DSOUND.DLL
0x72980000 - 0x729c0000 	C:\WINDOWS\SYSTEM32\POWRPROF.dll
0x72cb0000 - 0x72d03000 	C:\WINDOWS\System32\MMDevApi.dll
0x5af20000 - 0x5af44000 	C:\Program Files (x86)\Java\jdk1.8.0_45\jre\bin\dcpr.dll
0x73cf0000 - 0x73d6e000 	C:\WINDOWS\SYSTEM32\DNSAPI.dll
0x73ce0000 - 0x73ce8000 	C:\Windows\System32\rasadhlp.dll
0x73c90000 - 0x73cd6000 	C:\WINDOWS\System32\fwpuclnt.dll
0x69550000 - 0x69691000 	C:\WINDOWS\SYSTEM32\dbghelp.dll

VM Arguments:
jvm_args: -Xdebug -Xrunjdwp:transport=dt_socket,server=n,address=64909 
java_command: com.sadoksync.sadoksync.Driver
java_class_path (initial): C:\Users\Alexander\Documents\GitHub\sadoksync\Client\SadokSync\target\classes;C:\Users\Alexander\.m2\repository\uk\co\caprica\vlcj\3.6.0\vlcj-3.6.0.jar;C:\Users\Alexander\.m2\repository\net\java\dev\jna\jna\3.5.2\jna-3.5.2.jar;C:\Users\Alexander\.m2\repository\net\java\dev\jna\platform\3.5.2\platform-3.5.2.jar;C:\Users\Alexander\.m2\repository\org\slf4j\slf4j-api\1.7.10\slf4j-api-1.7.10.jar
Launcher Type: SUN_STANDARD

Environment Variables:
JAVA_HOME=C:\Program Files (x86)\Java\jdk1.8.0_45
PATH=C:\Program Files (x86)\NVIDIA Corporation\PhysX\Common;C:\Program Files (x86)\Intel\iCLS Client\;C:\Program Files\Intel\iCLS Client\;C:\WINDOWS\system32;C:\WINDOWS;C:\WINDOWS\System32\Wbem;C:\WINDOWS\System32\WindowsPowerShell\v1.0\;C:\Program Files\Intel\WiFi\bin\;C:\Program Files\Common Files\Intel\WirelessCommon\;C:\Program Files\Intel\Intel(R) Management Engine Components\DAL;C:\Program Files\Intel\Intel(R) Management Engine Components\IPT;C:\Program Files (x86)\Intel\Intel(R) Management Engine Components\DAL;C:\Program Files (x86)\Intel\Intel(R) Management Engine Components\IPT;C:\Program Files (x86)\Intel\OpenCL SDK\2.0\bin\x86;C:\Program Files (x86)\Intel\OpenCL SDK\2.0\bin\x64;C:\Program Files (x86)\Windows Live\Shared;C:\Program Files\Condusiv Technologies\IntelliMemory\;C:\Program Files\Java\jdk1.7.0_45\bin;C:\VXIPNP\WinNT\Bin;;C:\Program Files\Samsung\AllShare Framework DMS\1.3.23\64bit\???;C:\Program Files (x86)\MiKTeX 2.9\miktex\bin\;C:\Program Files (x86)\OpenVPN\bin
USERNAME=Alexander
OS=Windows_NT
PROCESSOR_IDENTIFIER=Intel64 Family 6 Model 58 Stepping 9, GenuineIntel



---------------  S Y S T E M  ---------------

OS: Windows 8.1 , 64 bit Build 9600 (6.3.9600.17415)

CPU:total 4 (2 cores per cpu, 2 threads per core) family 6 model 58 stepping 9, cmov, cx8, fxsr, mmx, sse, sse2, sse3, ssse3, sse4.1, sse4.2, popcnt, avx, clmul, erms, ht, tsc, tscinvbit, tscinv

Memory: 4k page, physical 8001056k(513736k free), swap 11146788k(1723740k free)

vm_info: Java HotSpot(TM) Client VM (25.45-b02) for windows-x86 JRE (1.8.0_45-b14), built on Apr 10 2015 10:46:40 by "java_re" with MS VC++ 10.0 (VS2010)

time: Thu Apr 23 14:29:32 2015
elapsed time: 75 seconds (0d 0h 1m 15s)

