#
# A fatal error has been detected by the Java Runtime Environment:
#
#  EXCEPTION_ACCESS_VIOLATION (0xc0000005) at pc=0x770ddf63, pid=8344, tid=5724
#
# JRE version: Java(TM) SE Runtime Environment (8.0_45-b14) (build 1.8.0_45-b14)
# Java VM: Java HotSpot(TM) Client VM (25.45-b02 mixed mode windows-x86 )
# Problematic frame:
# C  [ntdll.dll+0x1df63]
#
# Failed to write core dump. Minidumps are not enabled by default on client versions of Windows
#
# If you would like to submit a bug report, please visit:
#   http://bugreport.java.com/bugreport/crash.jsp
# The crash happened outside the Java Virtual Machine in native code.
# See problematic frame for where to report the bug.
#

---------------  T H R E A D  ---------------

Current thread (0x1642e000):  JavaThread "Thread-32" [_thread_in_native, id=5724, stack(0x192b0000,0x19300000)]

siginfo: ExceptionCode=0xc0000005, writing address 0x00000014

Registers:
EAX=0x00000000, EBX=0x00000b80, ECX=0xfffffffc, EDX=0x00000000
ESP=0x192fe6f8, EBP=0x192fe758, ESI=0x17896758, EDI=0x00000000
EIP=0x770ddf63, EFLAGS=0x00010213

Top of Stack: (sp=0x192fe6f8)
0x192fe6f8:   00000000 1789675c 17896758 192fe7d8
0x192fe708:   17896758 00000000 7e747000 00000000
0x192fe718:   00000000 00000000 771c1114 17615e28
0x192fe728:   178b3848 192ff35c 5c05752e 224f58f5
0x192fe738:   00000000 192fe75c 5bef5d4e 5bef5ae0
0x192fe748:   192fe858 192fe768 192fe7d8 4c528bb8
0x192fe758:   192fe780 770dde0b 192fe820 17896728
0x192fe768:   17896738 00000000 17896758 00000001 

Instructions: (pc=0x770ddf63)
0x770ddf43:   c2 f0 0f b1 0e 8b 75 b0 3b c2 0f 85 cf 5e fe ff
0x770ddf53:   83 65 c0 00 33 c0 89 45 c4 8b 06 83 f8 ff 74 03
0x770ddf63:   ff 40 14 b8 82 03 fe 7f 8a 08 84 c9 0f 85 c8 34
0x770ddf73:   06 00 57 6a 00 83 fb ff 0f 84 0b 35 06 00 53 e8 


Register to memory mapping:

EAX=0x00000000 is an unknown value
EBX=0x00000b80 is an unknown value
ECX=0xfffffffc is an unknown value
EDX=0x00000000 is an unknown value
ESP=0x192fe6f8 is pointing into the stack for thread: 0x1642e000
EBP=0x192fe758 is pointing into the stack for thread: 0x1642e000
ESI=0x17896758 is an unknown value
EDI=0x00000000 is an unknown value


Stack: [0x192b0000,0x19300000],  sp=0x192fe6f8,  free space=313k
Native frames: (J=compiled Java code, j=interpreted, Vv=VM code, C=native code)
C  [ntdll.dll+0x1df63]
C  [ntdll.dll+0x1de0b]
C  [ntdll.dll+0x1de35]
C  [libvlccore.dll+0xa3bb0]

Java frames: (J=compiled Java code, j=interpreted, Vv=VM code)
j  com.sun.jna.Native.invokeVoid(JI[Ljava/lang/Object;)V+0
j  com.sun.jna.Function.invoke([Ljava/lang/Object;Ljava/lang/Class;Z)Ljava/lang/Object;+48
j  com.sun.jna.Function.invoke(Ljava/lang/Class;[Ljava/lang/Object;Ljava/util/Map;)Ljava/lang/Object;+214
j  com.sun.jna.Library$Handler.invoke(Ljava/lang/Object;Ljava/lang/reflect/Method;[Ljava/lang/Object;)Ljava/lang/Object;+341
j  com.sun.proxy.$Proxy0.libvlc_media_player_set_media(Luk/co/caprica/vlcj/binding/internal/libvlc_media_player_t;Luk/co/caprica/vlcj/binding/internal/libvlc_media_t;)V+20
j  uk.co.caprica.vlcj.player.DefaultMediaPlayer.setMedia(Ljava/lang/String;[Ljava/lang/String;)Z+302
j  uk.co.caprica.vlcj.player.DefaultMediaPlayer.prepareMedia(Ljava/lang/String;[Ljava/lang/String;)Z+19
j  uk.co.caprica.vlcj.player.DefaultMediaPlayer.playMedia(Ljava/lang/String;[Ljava/lang/String;)Z+19
j  com.sadoksync.sadoksync.Client.connectToRtsp()V+12
j  com.sadoksync.sadoksync.ConnectionHandler.run()V+462
v  ~StubRoutines::call_stub

---------------  P R O C E S S  ---------------

Java Threads: ( => current thread )
  0x16433800 JavaThread "Thread-49" [_thread_blocked, id=6156, stack(0x199e0000,0x19a30000)]
  0x16432400 JavaThread "Thread-47" [_thread_blocked, id=1532, stack(0x1a3e0000,0x1a430000)]
  0x1642cc00 JavaThread "Thread-46" [_thread_blocked, id=7564, stack(0x19190000,0x191e0000)]
  0x1642f800 JavaThread "pool-1-thread-21" [_thread_blocked, id=6236, stack(0x19950000,0x199a0000)]
  0x16433000 JavaThread "pool-1-thread-20" [_thread_blocked, id=5564, stack(0x198c0000,0x19910000)]
  0x16432000 JavaThread "Thread-43" [_thread_in_native, id=6544, stack(0x19830000,0x19880000)]
  0x16432c00 JavaThread "pool-1-thread-19" [_thread_blocked, id=5656, stack(0x197a0000,0x197f0000)]
  0x16430c00 JavaThread "pool-3-thread-1" [_thread_blocked, id=7792, stack(0x19340000,0x19390000)]
  0x16434400 JavaThread "pool-1-thread-18" [_thread_blocked, id=4904, stack(0x19680000,0x196d0000)]
  0x16434000 JavaThread "pool-1-thread-17" [_thread_blocked, id=808, stack(0x195f0000,0x19640000)]
  0x16430000 JavaThread "pool-1-thread-16" [_thread_blocked, id=6720, stack(0x19070000,0x190c0000)]
  0x1642dc00 JavaThread "Thread-37" [_thread_in_native, id=1228, stack(0x18f50000,0x18fa0000)]
  0x16431400 JavaThread "pool-1-thread-15" [_thread_blocked, id=8792, stack(0x19560000,0x195b0000)]
  0x16430800 JavaThread "pool-1-thread-14" [_thread_blocked, id=7720, stack(0x193d0000,0x19420000)]
=>0x1642e000 JavaThread "Thread-32" [_thread_in_native, id=5724, stack(0x192b0000,0x19300000)]
  0x1642f400 JavaThread "pool-1-thread-13" [_thread_blocked, id=5340, stack(0x18e30000,0x18e80000)]
  0x1642e800 JavaThread "pool-1-thread-12" [_thread_blocked, id=8276, stack(0x19220000,0x19270000)]
  0x1642ec00 JavaThread "pool-1-thread-11" [_thread_blocked, id=8940, stack(0x19100000,0x19150000)]
  0x1642d400 JavaThread "Thread-25" [_thread_blocked, id=3672, stack(0x18fe0000,0x19030000)]
  0x16461000 JavaThread "pool-1-thread-10" [_thread_blocked, id=1108, stack(0x18c80000,0x18cd0000)]
  0x16461400 JavaThread "pool-1-thread-9" [_thread_blocked, id=8360, stack(0x18ec0000,0x18f10000)]
  0x16460400 JavaThread "pool-1-thread-8" [_thread_blocked, id=7876, stack(0x18da0000,0x18df0000)]
  0x1645fc00 JavaThread "Thread-19" [_thread_blocked, id=8972, stack(0x18d10000,0x18d60000)]
  0x1645f400 JavaThread "pool-1-thread-7" [_thread_blocked, id=6660, stack(0x18b60000,0x18bb0000)]
  0x1645f000 JavaThread "pool-1-thread-6" [_thread_blocked, id=8784, stack(0x18bf0000,0x18c40000)]
  0x16462000 JavaThread "pool-1-thread-5" [_thread_blocked, id=6984, stack(0x170b0000,0x17100000)]
  0x1645e800 JavaThread "pool-1-thread-4" [_thread_blocked, id=6116, stack(0x18ad0000,0x18b20000)]
  0x14e79c00 JavaThread "pool-1-thread-3" [_thread_blocked, id=7484, stack(0x18a40000,0x18a90000)]
  0x16524400 JavaThread "TimerQueue" daemon [_thread_blocked, id=8232, stack(0x18990000,0x189e0000)]
  0x012ec400 JavaThread "DestroyJavaVM" [_thread_blocked, id=6592, stack(0x00fc0000,0x01010000)]
  0x16275c00 JavaThread "Swing-Shell" daemon [_thread_blocked, id=4544, stack(0x17160000,0x171b0000)]
  0x161fb000 JavaThread "AWT-EventQueue-0" [_thread_in_Java, id=5572, stack(0x167b0000,0x16800000)]
  0x14e27400 JavaThread "AWT-Shutdown" [_thread_blocked, id=8160, stack(0x15910000,0x15960000)]
  0x14e2c000 JavaThread "AWT-Windows" daemon [_thread_in_native, id=7796, stack(0x159a0000,0x159f0000)]
  0x14e26c00 JavaThread "Java2D Disposer" daemon [_thread_blocked, id=3012, stack(0x15880000,0x158d0000)]
  0x14d6c800 JavaThread "pool-1-thread-2" [_thread_in_native, id=4056, stack(0x15310000,0x15360000)]
  0x14d6c400 JavaThread "pool-1-thread-1" [_thread_in_native, id=9192, stack(0x15280000,0x152d0000)]
  0x14ce3400 JavaThread "Service Thread" daemon [_thread_blocked, id=6780, stack(0x15140000,0x15190000)]
  0x14cea400 JavaThread "C1 CompilerThread0" daemon [_thread_in_native, id=6212, stack(0x150b0000,0x15100000)]
  0x14ce9400 JavaThread "Attach Listener" daemon [_thread_blocked, id=6712, stack(0x15020000,0x15070000)]
  0x14ce7000 JavaThread "Signal Dispatcher" daemon [_thread_blocked, id=4872, stack(0x14f90000,0x14fe0000)]
  0x14cb6800 JavaThread "Finalizer" daemon [_thread_blocked, id=8208, stack(0x14f00000,0x14f50000)]
  0x0121ec00 JavaThread "Reference Handler" daemon [_thread_blocked, id=8976, stack(0x14eb0000,0x14f00000)]

Other Threads:
  0x0121d400 VMThread [stack: 0x14c60000,0x14cb0000] [id=2016]
  0x14ce6800 WatcherThread [stack: 0x151d0000,0x15220000] [id=2996]

VM state:not at safepoint (normal execution)

VM Mutex/Monitor currently owned by a thread: None

Heap:
 def new generation   total 4928K, used 3310K [0x04800000, 0x04d50000, 0x09d50000)
  eden space 4416K,  69% used [0x04800000, 0x04b01840, 0x04c50000)
  from space 512K,  45% used [0x04cd0000, 0x04d0a188, 0x04d50000)
  to   space 512K,   0% used [0x04c50000, 0x04c50000, 0x04cd0000)
 tenured generation   total 10944K, used 4812K [0x09d50000, 0x0a800000, 0x14800000)
   the space 10944K,  43% used [0x09d50000, 0x0a203040, 0x0a203200, 0x0a800000)
 Metaspace       used 10879K, capacity 11071K, committed 11264K, reserved 11648K

Card table byte_map: [0x04770000,0x04800000] byte_map_base: 0x0474c000

Polling page: 0x01010000

CodeCache: size=32768Kb used=1523Kb max_used=1523Kb free=31244Kb
 bounds [0x02770000, 0x028f0000, 0x04770000]
 total_blobs=909 nmethods=661 adapters=178
 compilation: enabled

Compilation events (10 events):
Event: 19.992 Thread 0x14cea400  660             sun.reflect.ReflectionFactory::langReflectAccess (15 bytes)
Event: 19.993 Thread 0x14cea400 nmethod 660 0x028e7ac8 code [0x028e7bc0, 0x028e7c40]
Event: 19.993 Thread 0x14cea400  661             java.util.ArrayList$Itr::next (66 bytes)
Event: 19.994 Thread 0x14cea400 nmethod 661 0x028e7c88 code [0x028e7dc0, 0x028e7f94]
Event: 19.994 Thread 0x14cea400  662             com.sun.jna.Structure::getFieldList (132 bytes)
Event: 20.003 Thread 0x14cea400 nmethod 662 0x028e8188 code [0x028e8340, 0x028e8710]
Event: 20.006 Thread 0x14cea400  663             java.io.WinNTFileSystem::isLetter (30 bytes)
Event: 20.007 Thread 0x14cea400 nmethod 663 0x028e8c08 code [0x028e8d00, 0x028e8dd0]
Event: 20.022 Thread 0x14cea400  664             uk.co.caprica.vlcj.binding.internal.libvlc_event_e::intValue (5 bytes)
Event: 20.022 Thread 0x14cea400 nmethod 664 0x028e8e08 code [0x028e8f00, 0x028e8f80]

GC Heap History (10 events):
Event: 2.178 GC heap before
{Heap before GC invocations=0 (full 0):
 def new generation   total 4928K, used 4416K [0x04800000, 0x04d50000, 0x09d50000)
  eden space 4416K, 100% used [0x04800000, 0x04c50000, 0x04c50000)
  from space 512K,   0% used [0x04c50000, 0x04c50000, 0x04cd0000)
  to   space 512K,   0% used [0x04cd0000, 0x04cd0000, 0x04d50000)
 tenured generation   total 10944K, used 0K [0x09d50000, 0x0a800000, 0x14800000)
   the space 10944K,   0% used [0x09d50000, 0x09d50000, 0x09d50200, 0x0a800000)
 Metaspace       used 6590K, capacity 6768K, committed 6912K, reserved 7552K
Event: 2.192 GC heap after
Heap after GC invocations=1 (full 0):
 def new generation   total 4928K, used 512K [0x04800000, 0x04d50000, 0x09d50000)
  eden space 4416K,   0% used [0x04800000, 0x04800000, 0x04c50000)
  from space 512K, 100% used [0x04cd0000, 0x04d50000, 0x04d50000)
  to   space 512K,   0% used [0x04c50000, 0x04c50000, 0x04cd0000)
 tenured generation   total 10944K, used 1013K [0x09d50000, 0x0a800000, 0x14800000)
   the space 10944K,   9% used [0x09d50000, 0x09e4d750, 0x09e4d800, 0x0a800000)
 Metaspace       used 6590K, capacity 6768K, committed 6912K, reserved 7552K
}
Event: 3.678 GC heap before
{Heap before GC invocations=1 (full 0):
 def new generation   total 4928K, used 4928K [0x04800000, 0x04d50000, 0x09d50000)
  eden space 4416K, 100% used [0x04800000, 0x04c50000, 0x04c50000)
  from space 512K, 100% used [0x04cd0000, 0x04d50000, 0x04d50000)
  to   space 512K,   0% used [0x04c50000, 0x04c50000, 0x04cd0000)
 tenured generation   total 10944K, used 1013K [0x09d50000, 0x0a800000, 0x14800000)
   the space 10944K,   9% used [0x09d50000, 0x09e4d750, 0x09e4d800, 0x0a800000)
 Metaspace       used 9197K, capacity 9390K, committed 9600K, reserved 9600K
Event: 3.701 GC heap after
Heap after GC invocations=2 (full 0):
 def new generation   total 4928K, used 512K [0x04800000, 0x04d50000, 0x09d50000)
  eden space 4416K,   0% used [0x04800000, 0x04800000, 0x04c50000)
  from space 512K, 100% used [0x04c50000, 0x04cd0000, 0x04cd0000)
  to   space 512K,   0% used [0x04cd0000, 0x04cd0000, 0x04d50000)
 tenured generation   total 10944K, used 2495K [0x09d50000, 0x0a800000, 0x14800000)
   the space 10944K,  22% used [0x09d50000, 0x09fbfc88, 0x09fbfe00, 0x0a800000)
 Metaspace       used 9197K, capacity 9390K, committed 9600K, reserved 9600K
}
Event: 4.833 GC heap before
{Heap before GC invocations=2 (full 0):
 def new generation   total 4928K, used 4928K [0x04800000, 0x04d50000, 0x09d50000)
  eden space 4416K, 100% used [0x04800000, 0x04c50000, 0x04c50000)
  from space 512K, 100% used [0x04c50000, 0x04cd0000, 0x04cd0000)
  to   space 512K,   0% used [0x04cd0000, 0x04cd0000, 0x04d50000)
 tenured generation   total 10944K, used 2495K [0x09d50000, 0x0a800000, 0x14800000)
   the space 10944K,  22% used [0x09d50000, 0x09fbfc88, 0x09fbfe00, 0x0a800000)
 Metaspace       used 9789K, capacity 9998K, committed 10112K, reserved 10624K
Event: 4.847 GC heap after
Heap after GC invocations=3 (full 0):
 def new generation   total 4928K, used 494K [0x04800000, 0x04d50000, 0x09d50000)
  eden space 4416K,   0% used [0x04800000, 0x04800000, 0x04c50000)
  from space 512K,  96% used [0x04cd0000, 0x04d4ba28, 0x04d50000)
  to   space 512K,   0% used [0x04c50000, 0x04c50000, 0x04cd0000)
 tenured generation   total 10944K, used 2934K [0x09d50000, 0x0a800000, 0x14800000)
   the space 10944K,  26% used [0x09d50000, 0x0a02d930, 0x0a02da00, 0x0a800000)
 Metaspace       used 9789K, capacity 9998K, committed 10112K, reserved 10624K
}
Event: 5.663 GC heap before
{Heap before GC invocations=3 (full 0):
 def new generation   total 4928K, used 4910K [0x04800000, 0x04d50000, 0x09d50000)
  eden space 4416K, 100% used [0x04800000, 0x04c50000, 0x04c50000)
  from space 512K,  96% used [0x04cd0000, 0x04d4ba28, 0x04d50000)
  to   space 512K,   0% used [0x04c50000, 0x04c50000, 0x04cd0000)
 tenured generation   total 10944K, used 2934K [0x09d50000, 0x0a800000, 0x14800000)
   the space 10944K,  26% used [0x09d50000, 0x0a02d930, 0x0a02da00, 0x0a800000)
 Metaspace       used 10272K, capacity 10448K, committed 10624K, reserved 10624K
Event: 5.673 GC heap after
Heap after GC invocations=4 (full 0):
 def new generation   total 4928K, used 511K [0x04800000, 0x04d50000, 0x09d50000)
  eden space 4416K,   0% used [0x04800000, 0x04800000, 0x04c50000)
  from space 512K,  99% used [0x04c50000, 0x04ccff70, 0x04cd0000)
  to   space 512K,   0% used [0x04cd0000, 0x04cd0000, 0x04d50000)
 tenured generation   total 10944K, used 3192K [0x09d50000, 0x0a800000, 0x14800000)
   the space 10944K,  29% used [0x09d50000, 0x0a06e120, 0x0a06e200, 0x0a800000)
 Metaspace       used 10272K, capacity 10448K, committed 10624K, reserved 10624K
}
Event: 19.967 GC heap before
{Heap before GC invocations=4 (full 0):
 def new generation   total 4928K, used 4706K [0x04800000, 0x04d50000, 0x09d50000)
  eden space 4416K,  94% used [0x04800000, 0x04c18988, 0x04c50000)
  from space 512K,  99% used [0x04c50000, 0x04ccff70, 0x04cd0000)
  to   space 512K,   0% used [0x04cd0000, 0x04cd0000, 0x04d50000)
 tenured generation   total 10944K, used 3192K [0x09d50000, 0x0a800000, 0x14800000)
   the space 10944K,  29% used [0x09d50000, 0x0a06e120, 0x0a06e200, 0x0a800000)
 Metaspace       used 10815K, capacity 11005K, committed 11264K, reserved 11648K
Event: 19.988 GC heap after
Heap after GC invocations=5 (full 0):
 def new generation   total 4928K, used 232K [0x04800000, 0x04d50000, 0x09d50000)
  eden space 4416K,   0% used [0x04800000, 0x04800000, 0x04c50000)
  from space 512K,  45% used [0x04cd0000, 0x04d0a188, 0x04d50000)
  to   space 512K,   0% used [0x04c50000, 0x04c50000, 0x04cd0000)
 tenured generation   total 10944K, used 4812K [0x09d50000, 0x0a800000, 0x14800000)
   the space 10944K,  43% used [0x09d50000, 0x0a203040, 0x0a203200, 0x0a800000)
 Metaspace       used 10815K, capacity 11005K, committed 11264K, reserved 11648K
}

Deoptimization events (0 events):
No events

Internal exceptions (10 events):
Event: 3.452 Thread 0x1625c800 Exception <a 'java/security/PrivilegedActionException'> (0x04ae8d68) thrown at [C:\re\workspace\8-2-build-windows-i586-cygwin\jdk8u45\3457\hotspot\src\share\vm\prims\jvm.cpp, line 1382]
Event: 4.857 Thread 0x012ec400 Exception <a 'java/lang/NoClassDefFoundError': org/slf4j/impl/StaticLoggerBinder> (0x04807dc8) thrown at [C:\re\workspace\8-2-build-windows-i586-cygwin\jdk8u45\3457\hotspot\src\share\vm\classfile\systemDictionary.cpp, line 199]
Event: 4.905 Thread 0x012ec400 Exception <a 'java/lang/NullPointerException'> (0x04852ba8) thrown at [C:\re\workspace\8-2-build-windows-i586-cygwin\jdk8u45\3457\hotspot\src\share\vm\interpreter\linkResolver.cpp, line 1178]
Event: 4.909 Thread 0x012ec400 Exception <a 'java/lang/UnsatisfiedLinkError': Det går inte att hitta den angivna modulen.
> (0x04853150) thrown at [C:\re\workspace\8-2-build-windows-i586-cygwin\jdk8u45\3457\hotspot\src\share\vm\prims\jni.cpp, line 735]
Event: 4.911 Thread 0x012ec400 Exception <a 'java/lang/UnsatisfiedLinkError': Det går inte att hitta den angivna modulen.
> (0x04853410) thrown at [C:\re\workspace\8-2-build-windows-i586-cygwin\jdk8u45\3457\hotspot\src\share\vm\prims\jni.cpp, line 735]
Event: 4.913 Thread 0x012ec400 Exception <a 'java/lang/UnsatisfiedLinkError': Det går inte att hitta den angivna modulen.
> (0x04853748) thrown at [C:\re\workspace\8-2-build-windows-i586-cygwin\jdk8u45\3457\hotspot\src\share\vm\prims\jni.cpp, line 735]
Event: 4.914 Thread 0x012ec400 Exception <a 'java/lang/UnsatisfiedLinkError'> (0x04855b78) thrown at [C:\re\workspace\8-2-build-windows-i586-cygwin\jdk8u45\3457\hotspot\src\share\vm\oops\instanceKlass.cpp, line 938]
Event: 4.938 Thread 0x012ec400 Exception <a 'java/lang/NullPointerException'> (0x0488aee8) thrown at [C:\re\workspace\8-2-build-windows-i586-cygwin\jdk8u45\3457\hotspot\src\share\vm\interpreter\linkResolver.cpp, line 1178]
Event: 17.497 Thread 0x14e79c00 Exception <a 'java/lang/NoSuchMethodError': <clinit>> (0x04af58e0) thrown at [C:\re\workspace\8-2-build-windows-i586-cygwin\jdk8u45\3457\hotspot\src\share\vm\prims\jni.cpp, line 1598]
Event: 18.619 Thread 0x16462000 Exception <a 'java/lang/NoSuchMethodError': <clinit>> (0x04b54530) thrown at [C:\re\workspace\8-2-build-windows-i586-cygwin\jdk8u45\3457\hotspot\src\share\vm\prims\jni.cpp, line 1598]

Events (10 events):
Event: 20.015 loading class java/awt/LinearGradientPaintContext done
Event: 20.016 loading class uk/co/caprica/vlcj/player/DefaultMediaPlayer$NotifyEventListenersRunnable
Event: 20.016 loading class uk/co/caprica/vlcj/player/DefaultMediaPlayer$NotifyEventListenersRunnable done
Event: 20.016 loading class uk/co/caprica/vlcj/player/NativeString done
Event: 20.017 Executing VM operation: RevokeBias
Event: 20.018 Executing VM operation: RevokeBias done
Event: 20.019 Thread 0x1642f800 Thread exited: 0x1642f800
Event: 20.021 loading class java/util/concurrent/Executors$RunnableAdapter
Event: 20.021 loading class java/util/concurrent/Executors$RunnableAdapter done
Event: 20.021 Thread 0x16430c00 Thread added: 0x16430c00


Dynamic libraries:
0x01330000 - 0x01363000 	C:\Program Files (x86)\Java\jdk1.8.0_45\bin\java.exe
0x770c0000 - 0x7722e000 	C:\WINDOWS\SYSTEM32\ntdll.dll
0x76b90000 - 0x76cd0000 	C:\WINDOWS\SYSTEM32\KERNEL32.DLL
0x74f80000 - 0x75057000 	C:\WINDOWS\SYSTEM32\KERNELBASE.dll
0x746f0000 - 0x74790000 	C:\WINDOWS\system32\apphelp.dll
0x71670000 - 0x718d5000 	C:\WINDOWS\AppPatch\AcGenral.DLL
0x76ac0000 - 0x76b83000 	C:\WINDOWS\SYSTEM32\msvcrt.dll
0x75530000 - 0x75571000 	C:\WINDOWS\SYSTEM32\sechost.dll
0x748c0000 - 0x748de000 	C:\WINDOWS\SYSTEM32\SspiCli.dll
0x769c0000 - 0x76a05000 	C:\WINDOWS\SYSTEM32\SHLWAPI.dll
0x73f10000 - 0x73ffd000 	C:\WINDOWS\SYSTEM32\UxTheme.dll
0x75230000 - 0x75383000 	C:\WINDOWS\SYSTEM32\USER32.dll
0x76cd0000 - 0x76dde000 	C:\WINDOWS\SYSTEM32\GDI32.dll
0x74100000 - 0x74123000 	C:\WINDOWS\SYSTEM32\WINMM.dll
0x72920000 - 0x72933000 	C:\WINDOWS\SYSTEM32\samcli.dll
0x75070000 - 0x75198000 	C:\WINDOWS\SYSTEM32\ole32.dll
0x74900000 - 0x74995000 	C:\WINDOWS\SYSTEM32\OLEAUT32.dll
0x72d70000 - 0x72d87000 	C:\WINDOWS\SYSTEM32\MSACM32.dll
0x72d60000 - 0x72d68000 	C:\WINDOWS\SYSTEM32\VERSION.dll
0x75580000 - 0x7682c000 	C:\WINDOWS\SYSTEM32\SHELL32.dll
0x74300000 - 0x7431b000 	C:\WINDOWS\SYSTEM32\USERENV.dll
0x73ef0000 - 0x73f0a000 	C:\WINDOWS\SYSTEM32\dwmapi.dll
0x71350000 - 0x7149b000 	C:\WINDOWS\SYSTEM32\urlmon.dll
0x751a0000 - 0x7521c000 	C:\WINDOWS\SYSTEM32\ADVAPI32.dll
0x743d0000 - 0x74435000 	C:\WINDOWS\SYSTEM32\WINSPOOL.DRV
0x74450000 - 0x74466000 	C:\WINDOWS\SYSTEM32\MPR.dll
0x76870000 - 0x7692a000 	C:\WINDOWS\SYSTEM32\RPCRT4.dll
0x748b0000 - 0x748ba000 	C:\WINDOWS\SYSTEM32\CRYPTBASE.dll
0x74bc0000 - 0x74d3d000 	C:\WINDOWS\SYSTEM32\combase.dll
0x740c0000 - 0x740e3000 	C:\WINDOWS\SYSTEM32\WINMMBASE.dll
0x740f0000 - 0x740ff000 	C:\WINDOWS\SYSTEM32\profapi.dll
0x73210000 - 0x73442000 	C:\WINDOWS\SYSTEM32\iertutil.dll
0x73490000 - 0x73665000 	C:\WINDOWS\SYSTEM32\WININET.dll
0x74850000 - 0x748a4000 	C:\WINDOWS\SYSTEM32\bcryptPrimitives.dll
0x76a70000 - 0x76aac000 	C:\WINDOWS\SYSTEM32\cfgmgr32.dll
0x74000000 - 0x74021000 	C:\WINDOWS\SYSTEM32\DEVOBJ.dll
0x74030000 - 0x740bb000 	C:\WINDOWS\SYSTEM32\SHCORE.DLL
0x76840000 - 0x76867000 	C:\WINDOWS\system32\IMM32.DLL
0x74e60000 - 0x74f72000 	C:\WINDOWS\SYSTEM32\MSCTF.dll
0x73710000 - 0x73916000 	C:\WINDOWS\WinSxS\x86_microsoft.windows.common-controls_6595b64144ccf1df_6.0.9600.17415_none_a9ed7f470139b3c1\COMCTL32.dll
0x5c160000 - 0x5c21f000 	C:\Program Files (x86)\Java\jdk1.8.0_45\jre\bin\msvcr100.dll
0x5bda0000 - 0x5c160000 	C:\Program Files (x86)\Java\jdk1.8.0_45\jre\bin\client\jvm.dll
0x6e840000 - 0x6e848000 	C:\WINDOWS\SYSTEM32\WSOCK32.dll
0x75220000 - 0x75226000 	C:\WINDOWS\SYSTEM32\PSAPI.DLL
0x74d40000 - 0x74d90000 	C:\WINDOWS\SYSTEM32\WS2_32.dll
0x75520000 - 0x75527000 	C:\WINDOWS\SYSTEM32\NSI.dll
0x69ad0000 - 0x69adc000 	C:\Program Files (x86)\Java\jdk1.8.0_45\jre\bin\verify.dll
0x69aa0000 - 0x69ac1000 	C:\Program Files (x86)\Java\jdk1.8.0_45\jre\bin\java.dll
0x693c0000 - 0x693d3000 	C:\Program Files (x86)\Java\jdk1.8.0_45\jre\bin\zip.dll
0x693a0000 - 0x693b5000 	C:\Program Files (x86)\Java\jdk1.8.0_45\jre\bin\net.dll
0x73d70000 - 0x73dbb000 	C:\WINDOWS\system32\mswsock.dll
0x5bc50000 - 0x5bd95000 	C:\Program Files (x86)\Java\jdk1.8.0_45\jre\bin\awt.dll
0x159f0000 - 0x15a29000 	C:\Program Files (x86)\Samsung\Settings\CmdServer\WinCRT.dll
0x74790000 - 0x74799000 	C:\WINDOWS\SYSTEM32\kernel.appcore.dll
0x63080000 - 0x630b9000 	C:\Program Files (x86)\Java\jdk1.8.0_45\jre\bin\fontmanager.dll
0x69a90000 - 0x69a9f000 	C:\Program Files (x86)\Java\jdk1.8.0_45\jre\bin\nio.dll
0x61fa0000 - 0x61fd0000 	C:\Program Files (x86)\Java\jdk1.8.0_45\jre\bin\t2k.dll
0x73940000 - 0x73960000 	C:\WINDOWS\SYSTEM32\IPHLPAPI.DLL
0x730f0000 - 0x730f8000 	C:\WINDOWS\SYSTEM32\WINNSI.DLL
0x72730000 - 0x72743000 	C:\WINDOWS\SYSTEM32\dhcpcsvc6.DLL
0x72710000 - 0x72724000 	C:\WINDOWS\SYSTEM32\dhcpcsvc.DLL
0x76930000 - 0x769bd000 	C:\WINDOWS\SYSTEM32\clbcatq.dll
0x708c0000 - 0x70a2b000 	C:\WINDOWS\SYSTEM32\WindowsCodecs.dll
0x72670000 - 0x72689000 	C:\WINDOWS\SYSTEM32\CRYPTSP.dll
0x72640000 - 0x72670000 	C:\WINDOWS\system32\rsaenh.dll
0x72620000 - 0x7263e000 	C:\WINDOWS\SYSTEM32\bcrypt.dll
0x74320000 - 0x743a9000 	C:\WINDOWS\WinSxS\x86_microsoft.windows.common-controls_6595b64144ccf1df_5.82.9600.17415_none_7c5769eaaa0aa358\comctl32.dll
0x749a0000 - 0x74b51000 	C:\WINDOWS\SYSTEM32\SETUPAPI.dll
0x70a40000 - 0x70b7a000 	C:\WINDOWS\system32\propsys.dll
0x5bab0000 - 0x5bc4a000 	C:\WINDOWS\system32\NetworkExplorer.dll
0x6f290000 - 0x6f2b3000 	C:\Windows\SYSTEM32\thumbcache.dll
0x57770000 - 0x57779000 	C:\WINDOWS\System32\drprov.dll
0x73c40000 - 0x73c85000 	C:\WINDOWS\System32\WINSTA.dll
0x57750000 - 0x57762000 	C:\WINDOWS\System32\ntlanman.dll
0x57590000 - 0x575aa000 	C:\WINDOWS\System32\davclnt.dll
0x57580000 - 0x5758a000 	C:\WINDOWS\System32\DAVHLPR.dll
0x730a0000 - 0x730b1000 	C:\WINDOWS\System32\wkscli.dll
0x70450000 - 0x7045f000 	C:\WINDOWS\SYSTEM32\cscapi.dll
0x730e0000 - 0x730ea000 	C:\WINDOWS\System32\netutils.dll
0x57510000 - 0x5757e000 	C:\Windows\SYSTEM32\dlnashext.dll
0x5d5c0000 - 0x5d5f9000 	C:\Windows\System32\PlayToDevice.dll
0x61f10000 - 0x61f2a000 	C:\Windows\System32\DevDispItemProvider.dll
0x5ba70000 - 0x5baa7000 	C:\WINDOWS\System32\netprofm.dll
0x6f000000 - 0x6f103000 	C:\Windows\SYSTEM32\actxprxy.dll
0x69390000 - 0x69399000 	C:\WINDOWS\System32\npmproxy.dll
0x5b880000 - 0x5ba66000 	C:\WINDOWS\system32\wpdshext.dll
0x74130000 - 0x742a0000 	C:\WINDOWS\WinSxS\x86_microsoft.windows.gdiplus_6595b64144ccf1df_1.1.9600.17415_none_dad8722c5bcc2d8f\gdiplus.dll
0x5b7f0000 - 0x5b880000 	C:\Windows\SYSTEM32\PortableDeviceApi.dll
0x74e20000 - 0x74e5d000 	C:\WINDOWS\SYSTEM32\WINTRUST.dll
0x75390000 - 0x75518000 	C:\WINDOWS\SYSTEM32\CRYPT32.dll
0x76ab0000 - 0x76abe000 	C:\WINDOWS\SYSTEM32\MSASN1.dll
0x5b7b0000 - 0x5b7f0000 	C:\WINDOWS\system32\audiodev.dll
0x5b360000 - 0x5b5f1000 	C:\WINDOWS\system32\WMVCore.DLL
0x5b770000 - 0x5b7ad000 	C:\WINDOWS\system32\WMASF.DLL
0x6e850000 - 0x6e85b000 	C:\WINDOWS\SYSTEM32\LINKINFO.dll
0x72900000 - 0x72914000 	C:\WINDOWS\SYSTEM32\SAMLIB.dll
0x17fe0000 - 0x1801d000 	C:\Users\Alexander\AppData\Local\Temp\jna-Alexander\jna8043097961362888942.dll
0x61f30000 - 0x61f59000 	C:\Users\Alexander\Documents\GitHub\sadoksync\Client\SadokSync\target\classes\VLC\libvlc.dll
0x5b0d0000 - 0x5b359000 	C:\Users\Alexander\Documents\GitHub\sadoksync\Client\SadokSync\target\classes\VLC\libvlccore.dll
0x5b040000 - 0x5b0cd000 	C:\Users\Alexander\Documents\GitHub\sadoksync\Client\SadokSync\target\classes\VLC\plugins\access\libdshow_plugin.dll
0x61f80000 - 0x61f91000 	C:\Users\Alexander\Documents\GitHub\sadoksync\Client\SadokSync\target\classes\VLC\plugins\audio_output\libdirectsound_plugin.dll
0x5b750000 - 0x5b761000 	C:\Users\Alexander\Documents\GitHub\sadoksync\Client\SadokSync\target\classes\VLC\plugins\audio_output\libwaveout_plugin.dll
0x5b730000 - 0x5b74d000 	C:\Users\Alexander\Documents\GitHub\sadoksync\Client\SadokSync\target\classes\VLC\plugins\video_output\libdirect3d_plugin.dll
0x5b020000 - 0x5b03a000 	C:\Users\Alexander\Documents\GitHub\sadoksync\Client\SadokSync\target\classes\VLC\plugins\video_output\libdirectdraw_plugin.dll
0x5af90000 - 0x5b011000 	C:\WINDOWS\SYSTEM32\DSOUND.DLL
0x72980000 - 0x729c0000 	C:\WINDOWS\SYSTEM32\POWRPROF.dll
0x72cb0000 - 0x72d03000 	C:\WINDOWS\System32\MMDevApi.dll
0x5af60000 - 0x5af84000 	C:\Program Files (x86)\Java\jdk1.8.0_45\jre\bin\dcpr.dll
0x73cf0000 - 0x73d6e000 	C:\WINDOWS\SYSTEM32\DNSAPI.dll
0x73ce0000 - 0x73ce8000 	C:\Windows\System32\rasadhlp.dll
0x73c90000 - 0x73cd6000 	C:\WINDOWS\System32\fwpuclnt.dll
0x69550000 - 0x69691000 	C:\WINDOWS\SYSTEM32\dbghelp.dll

VM Arguments:
java_command: com.sadoksync.sadoksync.Driver
java_class_path (initial): C:\Users\Alexander\Documents\GitHub\sadoksync\Client\SadokSync\target\classes;C:\Users\Alexander\.m2\repository\uk\co\caprica\vlcj\3.6.0\vlcj-3.6.0.jar;C:\Users\Alexander\.m2\repository\net\java\dev\jna\jna\3.5.2\jna-3.5.2.jar;C:\Users\Alexander\.m2\repository\net\java\dev\jna\platform\3.5.2\platform-3.5.2.jar;C:\Users\Alexander\.m2\repository\org\slf4j\slf4j-api\1.7.10\slf4j-api-1.7.10.jar
Launcher Type: SUN_STANDARD

Environment Variables:
JAVA_HOME=C:\Program Files (x86)\Java\jdk1.8.0_45
PATH=C:\Program Files (x86)\NVIDIA Corporation\PhysX\Common;C:\Program Files (x86)\Intel\iCLS Client\;C:\Program Files\Intel\iCLS Client\;C:\WINDOWS\system32;C:\WINDOWS;C:\WINDOWS\System32\Wbem;C:\WINDOWS\System32\WindowsPowerShell\v1.0\;C:\Program Files\Intel\WiFi\bin\;C:\Program Files\Common Files\Intel\WirelessCommon\;C:\Program Files\Intel\Intel(R) Management Engine Components\DAL;C:\Program Files\Intel\Intel(R) Management Engine Components\IPT;C:\Program Files (x86)\Intel\Intel(R) Management Engine Components\DAL;C:\Program Files (x86)\Intel\Intel(R) Management Engine Components\IPT;C:\Program Files (x86)\Intel\OpenCL SDK\2.0\bin\x86;C:\Program Files (x86)\Intel\OpenCL SDK\2.0\bin\x64;C:\Program Files (x86)\Windows Live\Shared;C:\Program Files\Condusiv Technologies\IntelliMemory\;C:\Program Files\Java\jdk1.7.0_45\bin;C:\VXIPNP\WinNT\Bin;;C:\Program Files\Samsung\AllShare Framework DMS\1.3.23\64bit\???;C:\Program Files (x86)\MiKTeX 2.9\miktex\bin\;C:\Program Files (x86)\OpenVPN\bin
USERNAME=Alexander
OS=Windows_NT
PROCESSOR_IDENTIFIER=Intel64 Family 6 Model 58 Stepping 9, GenuineIntel



---------------  S Y S T E M  ---------------

OS: Windows 8.1 , 64 bit Build 9600 (6.3.9600.17415)

CPU:total 4 (2 cores per cpu, 2 threads per core) family 6 model 58 stepping 9, cmov, cx8, fxsr, mmx, sse, sse2, sse3, ssse3, sse4.1, sse4.2, popcnt, avx, clmul, erms, ht, tsc, tscinvbit, tscinv

Memory: 4k page, physical 8001056k(505312k free), swap 11146788k(1720084k free)

vm_info: Java HotSpot(TM) Client VM (25.45-b02) for windows-x86 JRE (1.8.0_45-b14), built on Apr 10 2015 10:46:40 by "java_re" with MS VC++ 10.0 (VS2010)

time: Thu Apr 23 14:55:50 2015
elapsed time: 20 seconds (0d 0h 0m 20s)

