#
# A fatal error has been detected by the Java Runtime Environment:
#
#  EXCEPTION_ACCESS_VIOLATION (0xc0000005) at pc=0x7798df63, pid=9040, tid=5304
#
# JRE version: Java(TM) SE Runtime Environment (8.0_45-b14) (build 1.8.0_45-b14)
# Java VM: Java HotSpot(TM) Client VM (25.45-b02 mixed mode, sharing windows-x86 )
# Problematic frame:
# C  [ntdll.dll+0x1df63]
#
# Failed to write core dump. Minidumps are not enabled by default on client versions of Windows
#
# If you would like to submit a bug report, please visit:
#   http://bugreport.java.com/bugreport/crash.jsp
# The crash happened outside the Java Virtual Machine in native code.
# See problematic frame for where to report the bug.
#

---------------  T H R E A D  ---------------

Current thread (0x177d0000):  JavaThread "Thread-157" [_thread_in_native, id=5304, stack(0x1a8a0000,0x1a8f0000)]

siginfo: ExceptionCode=0xc0000005, writing address 0x00000014

Registers:
EAX=0x00000000, EBX=0x00001340, ECX=0xfffffffc, EDX=0x00000000
ESP=0x1a8eea90, EBP=0x1a8eeaf0, ESI=0x1728e1c4, EDI=0x00000000
EIP=0x7798df63, EFLAGS=0x00010213

Top of Stack: (sp=0x1a8eea90)
0x1a8eea90:   00000000 1728e1c8 1728e1c4 779b10e9
0x1a8eeaa0:   1728e1c4 00000000 7eb8f000 00000000
0x1a8eeab0:   00000000 00000000 17d2d460 00000002
0x1a8eeac0:   00000003 2a8b8ec0 00000000 00000018
0x1a8eead0:   58715d4e 58715ae0 1a8eebe8 1a8eeaf8
0x1a8eeae0:   1a8eeb68 177d0000 177bbf00 47bd75a6
0x1a8eeaf0:   1a8eeb18 7798de0b 17d2d460 1728e1c0
0x1a8eeb00:   1728e1b0 00000000 1728e1c4 00000001 

Instructions: (pc=0x7798df63)
0x7798df43:   c2 f0 0f b1 0e 8b 75 b0 3b c2 0f 85 cf 5e fe ff
0x7798df53:   83 65 c0 00 33 c0 89 45 c4 8b 06 83 f8 ff 74 03
0x7798df63:   ff 40 14 b8 82 03 fe 7f 8a 08 84 c9 0f 85 c8 34
0x7798df73:   06 00 57 6a 00 83 fb ff 0f 84 0b 35 06 00 53 e8 


Register to memory mapping:

EAX=0x00000000 is an unknown value
EBX=0x00001340 is an unknown value
ECX=0xfffffffc is an unknown value
EDX=0x00000000 is an unknown value
ESP=0x1a8eea90 is pointing into the stack for thread: 0x177d0000
EBP=0x1a8eeaf0 is pointing into the stack for thread: 0x177d0000
ESI=0x1728e1c4 is an unknown value
EDI=0x00000000 is an unknown value


Stack: [0x1a8a0000,0x1a8f0000],  sp=0x1a8eea90,  free space=314k
Native frames: (J=compiled Java code, j=interpreted, Vv=VM code, C=native code)
C  [ntdll.dll+0x1df63]
C  [ntdll.dll+0x1de0b]
C  [ntdll.dll+0x1de35]
C  [libvlccore.dll+0xa3bb0]
C  [jna6739316487861095158.dll+0xd546]
C  [jna6739316487861095158.dll+0x2e5e]
C  [jna6739316487861095158.dll+0x54ce]
j  com.sun.jna.Native.invokeInt(JI[Ljava/lang/Object;)I+0
j  com.sun.jna.Function.invoke([Ljava/lang/Object;Ljava/lang/Class;Z)Ljava/lang/Object;+333
J 660 C1 com.sun.jna.Function.invoke(Ljava/lang/Class;[Ljava/lang/Object;Ljava/util/Map;)Ljava/lang/Object; (526 bytes) @ 0x0275b1e4 [0x0275ad60+0x484]
j  com.sun.jna.Library$Handler.invoke(Ljava/lang/Object;Ljava/lang/reflect/Method;[Ljava/lang/Object;)Ljava/lang/Object;+341
j  com.sun.proxy.$Proxy0.libvlc_event_attach(Luk/co/caprica/vlcj/binding/internal/libvlc_event_manager_t;ILuk/co/caprica/vlcj/binding/internal/libvlc_callback_t;Lcom/sun/jna/Pointer;)I+32
j  uk.co.caprica.vlcj.player.DefaultMediaPlayer.registerMediaEventListener()V+117
j  uk.co.caprica.vlcj.player.DefaultMediaPlayer.setMedia(Ljava/lang/String;[Ljava/lang/String;)Z+287
j  uk.co.caprica.vlcj.player.DefaultMediaPlayer.prepareMedia(Ljava/lang/String;[Ljava/lang/String;)Z+19
j  uk.co.caprica.vlcj.player.DefaultMediaPlayer.playMedia(Ljava/lang/String;[Ljava/lang/String;)Z+19
j  com.sadoksync.sadoksync.Client.connectToRtsp()V+12
j  com.sadoksync.sadoksync.ConnectionHandler.run()V+462
v  ~StubRoutines::call_stub
V  [jvm.dll+0x155cb5]
V  [jvm.dll+0x21b12e]
V  [jvm.dll+0x155d4e]
V  [jvm.dll+0x155ed6]
V  [jvm.dll+0x155f47]
V  [jvm.dll+0xfb0cf]
V  [jvm.dll+0x17901c]
V  [jvm.dll+0x17910a]
V  [jvm.dll+0x1bd6e6]
C  [msvcr100.dll+0x5c556]
C  [msvcr100.dll+0x5c600]
C  [KERNEL32.DLL+0x17c04]
C  [ntdll.dll+0x5ad1f]
C  [ntdll.dll+0x5acea]
C  0x00000000

Java frames: (J=compiled Java code, j=interpreted, Vv=VM code)
j  com.sun.jna.Native.invokeInt(JI[Ljava/lang/Object;)I+0
j  com.sun.jna.Function.invoke([Ljava/lang/Object;Ljava/lang/Class;Z)Ljava/lang/Object;+333
J 660 C1 com.sun.jna.Function.invoke(Ljava/lang/Class;[Ljava/lang/Object;Ljava/util/Map;)Ljava/lang/Object; (526 bytes) @ 0x0275b1e4 [0x0275ad60+0x484]
j  com.sun.jna.Library$Handler.invoke(Ljava/lang/Object;Ljava/lang/reflect/Method;[Ljava/lang/Object;)Ljava/lang/Object;+341
j  com.sun.proxy.$Proxy0.libvlc_event_attach(Luk/co/caprica/vlcj/binding/internal/libvlc_event_manager_t;ILuk/co/caprica/vlcj/binding/internal/libvlc_callback_t;Lcom/sun/jna/Pointer;)I+32
j  uk.co.caprica.vlcj.player.DefaultMediaPlayer.registerMediaEventListener()V+117
j  uk.co.caprica.vlcj.player.DefaultMediaPlayer.setMedia(Ljava/lang/String;[Ljava/lang/String;)Z+287
j  uk.co.caprica.vlcj.player.DefaultMediaPlayer.prepareMedia(Ljava/lang/String;[Ljava/lang/String;)Z+19
j  uk.co.caprica.vlcj.player.DefaultMediaPlayer.playMedia(Ljava/lang/String;[Ljava/lang/String;)Z+19
j  com.sadoksync.sadoksync.Client.connectToRtsp()V+12
j  com.sadoksync.sadoksync.ConnectionHandler.run()V+462
v  ~StubRoutines::call_stub

---------------  P R O C E S S  ---------------

Java Threads: ( => current thread )
  0x179d5000 JavaThread "Thread-299" [_thread_in_vm_trans, id=4984, stack(0x1bd60000,0x1bdb0000)]
  0x179d5400 JavaThread "Thread-298" [_thread_new, id=1944, stack(0x00000000,0x00000000)]
  0x179d3400 JavaThread "Thread-296" [_thread_in_Java, id=8976, stack(0x1bbb0000,0x1bc00000)]
  0x179d2800 JavaThread "Thread-290" [_thread_in_native, id=1776, stack(0x1b500000,0x1b550000)]
  0x179d1800 JavaThread "Thread-284" [_thread_in_native, id=8432, stack(0x1b470000,0x1b4c0000)]
  0x179d4400 JavaThread "Thread-277" [_thread_in_native, id=2924, stack(0x1b3e0000,0x1b430000)]
  0x179d4800 JavaThread "Thread-272" [_thread_in_native, id=2076, stack(0x1b350000,0x1b3a0000)]
  0x179d3c00 JavaThread "Thread-266" [_thread_in_native, id=8308, stack(0x1b2c0000,0x1b310000)]
  0x179d1c00 JavaThread "Thread-260" [_thread_in_native, id=8872, stack(0x1b230000,0x1b280000)]
  0x177d6800 JavaThread "Thread-254" [_thread_in_native, id=3768, stack(0x1b1a0000,0x1b1f0000)]
  0x177d5c00 JavaThread "Thread-248" [_thread_in_native, id=5680, stack(0x1b080000,0x1b0d0000)]
  0x177d6400 JavaThread "Thread-242" [_thread_in_native, id=9012, stack(0x1b110000,0x1b160000)]
  0x177d4400 JavaThread "Thread-236" [_thread_in_native, id=5564, stack(0x1af60000,0x1afb0000)]
  0x177d3c00 JavaThread "Thread-230" [_thread_in_native, id=6160, stack(0x1aed0000,0x1af20000)]
  0x177d5000 JavaThread "Thread-224" [_thread_in_native, id=3396, stack(0x1aff0000,0x1b040000)]
  0x177d5800 JavaThread "Thread-218" [_thread_in_native, id=6676, stack(0x1adb0000,0x1ae00000)]
  0x177d0400 JavaThread "Thread-211" [_thread_in_native, id=1624, stack(0x1ae40000,0x1ae90000)]
  0x177d4800 JavaThread "Thread-206" [_thread_in_native, id=9196, stack(0x1ad20000,0x1ad70000)]
  0x177d3800 JavaThread "Thread-200" [_thread_in_native, id=2620, stack(0x1ac90000,0x1ace0000)]
  0x177d1800 JavaThread "Thread-194" [_thread_in_native, id=2348, stack(0x1ac00000,0x1ac50000)]
  0x177d3000 JavaThread "Thread-188" [_thread_in_native, id=8996, stack(0x1ab70000,0x1abc0000)]
  0x177d1c00 JavaThread "Thread-182" [_thread_in_native, id=3552, stack(0x1aae0000,0x1ab30000)]
  0x177d1000 JavaThread "Thread-176" [_thread_in_native, id=744, stack(0x1aa50000,0x1aaa0000)]
  0x177cf800 JavaThread "Thread-170" [_thread_in_native, id=8708, stack(0x1a9c0000,0x1aa10000)]
  0x177d0c00 JavaThread "Thread-163" [_thread_in_native, id=5884, stack(0x1a930000,0x1a980000)]
=>0x177d0000 JavaThread "Thread-157" [_thread_in_native, id=5304, stack(0x1a8a0000,0x1a8f0000)]
  0x177d2c00 JavaThread "Thread-152" [_thread_in_native, id=6116, stack(0x1a810000,0x1a860000)]
  0x177cf400 JavaThread "Thread-146" [_thread_in_native, id=3484, stack(0x1a780000,0x1a7d0000)]
  0x177a6800 JavaThread "Thread-140" [_thread_in_native, id=7904, stack(0x1a6f0000,0x1a740000)]
  0x15aefc00 JavaThread "Thread-133" [_thread_in_native, id=3524, stack(0x1a660000,0x1a6b0000)]
  0x177a7400 JavaThread "Thread-127" [_thread_in_native, id=248, stack(0x1a5d0000,0x1a620000)]
  0x1783dc00 JavaThread "Thread-121" [_thread_in_native, id=4228, stack(0x1a540000,0x1a590000)]
  0x177a6000 JavaThread "Thread-116" [_thread_in_native, id=2848, stack(0x1a4b0000,0x1a500000)]
  0x177a2800 JavaThread "Thread-110" [_thread_in_native, id=5768, stack(0x1a300000,0x1a350000)]
  0x177a5800 JavaThread "pool-1-thread-50" [_thread_blocked, id=5128, stack(0x1a420000,0x1a470000)]
  0x177a6c00 JavaThread "Thread-103" [_thread_in_native, id=8420, stack(0x1a150000,0x1a1a0000)]
  0x177a7800 JavaThread "pool-1-thread-49" [_thread_blocked, id=7384, stack(0x1a0c0000,0x1a110000)]
  0x177a1c00 JavaThread "pool-1-thread-48" [_thread_blocked, id=6336, stack(0x1a390000,0x1a3e0000)]
  0x177a4800 JavaThread "pool-1-thread-47" [_thread_blocked, id=3916, stack(0x19e80000,0x19ed0000)]
  0x177a4000 JavaThread "Thread-97" [_thread_in_native, id=4176, stack(0x1a270000,0x1a2c0000)]
  0x177a5400 JavaThread "pool-1-thread-46" [_thread_blocked, id=4452, stack(0x19f10000,0x19f60000)]
  0x177a4c00 JavaThread "pool-1-thread-45" [_thread_blocked, id=8504, stack(0x1a1e0000,0x1a230000)]
  0x177a1000 JavaThread "pool-1-thread-44" [_thread_blocked, id=3864, stack(0x1a030000,0x1a080000)]
  0x177a0800 JavaThread "Thread-91" [_thread_in_native, id=440, stack(0x19fa0000,0x19ff0000)]
  0x177a2c00 JavaThread "pool-1-thread-43" [_thread_blocked, id=6468, stack(0x19c40000,0x19c90000)]
  0x177a2000 JavaThread "pool-1-thread-42" [_thread_blocked, id=924, stack(0x197c0000,0x19810000)]
  0x177a3400 JavaThread "pool-1-thread-41" [_thread_blocked, id=7296, stack(0x19df0000,0x19e40000)]
  0x177a0000 JavaThread "Thread-85" [_thread_in_native, id=7724, stack(0x19d60000,0x19db0000)]
  0x177a3c00 JavaThread "pool-1-thread-40" [_thread_blocked, id=5948, stack(0x19970000,0x199c0000)]
  0x177a1400 JavaThread "pool-1-thread-39" [_thread_blocked, id=6736, stack(0x19cd0000,0x19d20000)]
  0x1783e800 JavaThread "pool-1-thread-38" [_thread_blocked, id=6044, stack(0x19bb0000,0x19c00000)]
  0x1783f400 JavaThread "Thread-79" [_thread_in_native, id=4512, stack(0x19b20000,0x19b70000)]
  0x1783c800 JavaThread "pool-1-thread-37" [_thread_blocked, id=4564, stack(0x19a90000,0x19ae0000)]
  0x1783e400 JavaThread "pool-1-thread-36" [_thread_blocked, id=3928, stack(0x19a00000,0x19a50000)]
  0x1783f000 JavaThread "pool-1-thread-35" [_thread_blocked, id=2244, stack(0x198e0000,0x19930000)]
  0x17839800 JavaThread "pool-1-thread-34" [_thread_blocked, id=5868, stack(0x19610000,0x19660000)]
  0x1783a400 JavaThread "Thread-73" [_thread_in_native, id=8356, stack(0x194f0000,0x19540000)]
  0x1783d400 JavaThread "pool-1-thread-33" [_thread_blocked, id=8572, stack(0x19850000,0x198a0000)]
  0x1783d000 JavaThread "pool-1-thread-32" [_thread_blocked, id=7964, stack(0x19730000,0x19780000)]
  0x1783b800 JavaThread "Thread-67" [_thread_in_native, id=8816, stack(0x196a0000,0x196f0000)]
  0x17839c00 JavaThread "pool-1-thread-31" [_thread_blocked, id=5528, stack(0x192b0000,0x19300000)]
  0x17838400 JavaThread "pool-1-thread-30" [_thread_blocked, id=8688, stack(0x19580000,0x195d0000)]
  0x1783bc00 JavaThread "pool-1-thread-29" [_thread_blocked, id=4736, stack(0x19460000,0x194b0000)]
  0x17839000 JavaThread "pool-1-thread-28" [_thread_blocked, id=6052, stack(0x193d0000,0x19420000)]
  0x17838c00 JavaThread "Thread-61" [_thread_in_native, id=4772, stack(0x19070000,0x190c0000)]
  0x17837c00 JavaThread "pool-1-thread-27" [_thread_blocked, id=2608, stack(0x19340000,0x19390000)]
  0x1783a800 JavaThread "pool-1-thread-26" [_thread_blocked, id=5384, stack(0x19220000,0x19270000)]
  0x1783b000 JavaThread "Thread-55" [_thread_in_native, id=5448, stack(0x19190000,0x191e0000)]
  0x15aee000 JavaThread "pool-1-thread-25" [_thread_blocked, id=8740, stack(0x18e30000,0x18e80000)]
  0x15af0000 JavaThread "pool-1-thread-24" [_thread_blocked, id=8120, stack(0x19100000,0x19150000)]
  0x15af2000 JavaThread "pool-1-thread-23" [_thread_blocked, id=5828, stack(0x18fe0000,0x19030000)]
  0x15aef000 JavaThread "Thread-49" [_thread_in_native, id=6620, stack(0x18f50000,0x18fa0000)]
  0x15ae8c00 JavaThread "pool-1-thread-22" [_thread_blocked, id=8208, stack(0x18890000,0x188e0000)]
  0x15aee400 JavaThread "pool-1-thread-21" [_thread_blocked, id=4624, stack(0x18ec0000,0x18f10000)]
  0x15aeec00 JavaThread "pool-1-thread-20" [_thread_blocked, id=8260, stack(0x18da0000,0x18df0000)]
  0x15aed800 JavaThread "Thread-43" [_thread_in_native, id=8616, stack(0x18d10000,0x18d60000)]
  0x15ae9400 JavaThread "pool-1-thread-19" [_thread_blocked, id=5224, stack(0x189b0000,0x18a00000)]
  0x15ae9800 JavaThread "pool-1-thread-18" [_thread_blocked, id=7028, stack(0x18c80000,0x18cd0000)]
  0x15aed000 JavaThread "pool-1-thread-17" [_thread_blocked, id=4032, stack(0x18ad0000,0x18b20000)]
  0x15aeb800 JavaThread "Thread-37" [_thread_in_native, id=5212, stack(0x18650000,0x186a0000)]
  0x15aea400 JavaThread "pool-1-thread-16" [_thread_blocked, id=3416, stack(0x182f0000,0x18340000)]
  0x15aecc00 JavaThread "pool-1-thread-15" [_thread_blocked, id=8788, stack(0x18b60000,0x18bb0000)]
  0x15aec400 JavaThread "Thread-32" [_thread_in_native, id=5116, stack(0x18920000,0x18970000)]
  0x15ae8800 JavaThread "pool-1-thread-14" [_thread_blocked, id=2144, stack(0x184a0000,0x184f0000)]
  0x15aec000 JavaThread "pool-1-thread-13" [_thread_blocked, id=3732, stack(0x18260000,0x182b0000)]
  0x15ae8000 JavaThread "pool-1-thread-12" [_thread_blocked, id=5896, stack(0x18800000,0x18850000)]
  0x15aeac00 JavaThread "pool-3-thread-1" [_thread_blocked, id=3280, stack(0x18770000,0x187c0000)]
  0x15aeb400 JavaThread "pool-1-thread-11" [_thread_blocked, id=5656, stack(0x186e0000,0x18730000)]
  0x15aea000 JavaThread "pool-1-thread-10" [_thread_blocked, id=8324, stack(0x185c0000,0x18610000)]
  0x15ae7800 JavaThread "Thread-25" [_thread_in_native, id=9208, stack(0x18530000,0x18580000)]
  0x15af1400 JavaThread "pool-1-thread-9" [_thread_blocked, id=4872, stack(0x18410000,0x18460000)]
  0x15af0c00 JavaThread "pool-1-thread-8" [_thread_blocked, id=6768, stack(0x18380000,0x183d0000)]
  0x15af2c00 JavaThread "pool-1-thread-7" [_thread_blocked, id=2964, stack(0x18140000,0x18190000)]
  0x15af3400 JavaThread "pool-1-thread-6" [_thread_blocked, id=6584, stack(0x181d0000,0x18220000)]
  0x15af2800 JavaThread "pool-1-thread-5" [_thread_blocked, id=3060, stack(0x16b60000,0x16bb0000)]
  0x15af0800 JavaThread "pool-1-thread-4" [_thread_blocked, id=3316, stack(0x180b0000,0x18100000)]
  0x15af1800 JavaThread "pool-1-thread-3" [_thread_blocked, id=4484, stack(0x18020000,0x18070000)]
  0x1794bc00 JavaThread "TimerQueue" daemon [_thread_blocked, id=4832, stack(0x17f90000,0x17fe0000)]
  0x00f5d000 JavaThread "DestroyJavaVM" [_thread_blocked, id=6748, stack(0x008f0000,0x00940000)]
  0x15affc00 JavaThread "Swing-Shell" daemon [_thread_blocked, id=9088, stack(0x16bf0000,0x16c40000)]
  0x15a2b800 JavaThread "AWT-EventQueue-0" [_thread_blocked, id=4460, stack(0x160c0000,0x16110000)]
  0x15997000 JavaThread "AWT-Windows" daemon [_thread_in_native, id=5172, stack(0x15f60000,0x15fb0000)]
  0x15994400 JavaThread "AWT-Shutdown" [_thread_blocked, id=6252, stack(0x15ed0000,0x15f20000)]
  0x15991400 JavaThread "Java2D Disposer" daemon [_thread_blocked, id=6664, stack(0x15e40000,0x15e90000)]
  0x15941000 JavaThread "pool-1-thread-2" [_thread_in_native, id=8332, stack(0x15bc0000,0x15c10000)]
  0x15940400 JavaThread "pool-1-thread-1" [_thread_in_native, id=7876, stack(0x15b30000,0x15b80000)]
  0x0101ec00 JavaThread "Service Thread" daemon [_thread_blocked, id=5124, stack(0x152b0000,0x15300000)]
  0x00f9ac00 JavaThread "C1 CompilerThread0" daemon [_thread_blocked, id=7144, stack(0x15220000,0x15270000)]
  0x00f99400 JavaThread "Attach Listener" daemon [_thread_blocked, id=7068, stack(0x14760000,0x147b0000)]
  0x00f97400 JavaThread "Signal Dispatcher" daemon [_thread_blocked, id=8144, stack(0x146d0000,0x14720000)]
  0x00f87c00 JavaThread "Finalizer" daemon [_thread_blocked, id=7132, stack(0x14640000,0x14690000)]
  0x00f86800 JavaThread "Reference Handler" daemon [_thread_blocked, id=2272, stack(0x01130000,0x01180000)]

Other Threads:
  0x00f83c00 VMThread [stack: 0x00ef0000,0x00f40000] [id=5696]
  0x01033000 WatcherThread [stack: 0x15340000,0x15390000] [id=1892]

VM state:not at safepoint (normal execution)

VM Mutex/Monitor currently owned by a thread: None

Heap:
 def new generation   total 4928K, used 2529K [0x04600000, 0x04b50000, 0x09b50000)
  eden space 4416K,  49% used [0x04600000, 0x0481db68, 0x04a50000)
  from space 512K,  70% used [0x04ad0000, 0x04b2a988, 0x04b50000)
  to   space 512K,   0% used [0x04a50000, 0x04a50000, 0x04ad0000)
 tenured generation   total 10944K, used 7005K [0x09b50000, 0x0a600000, 0x14600000)
   the space 10944K,  64% used [0x09b50000, 0x0a227530, 0x0a227600, 0x0a600000)
 Metaspace       used 3410K, capacity 3591K, committed 3648K, reserved 4480K

Card table byte_map: [0x01060000,0x010f0000] byte_map_base: 0x0103d000

Polling page: 0x008c0000

CodeCache: size=32768Kb used=1631Kb max_used=1631Kb free=31136Kb
 bounds [0x025e0000, 0x02780000, 0x045e0000]
 total_blobs=969 nmethods=718 adapters=182
 compilation: enabled

Compilation events (10 events):
Event: 14.331 Thread 0x00f9ac00 nmethod 691 0x02764988 code [0x02764a90, 0x02764c08]
Event: 14.334 Thread 0x00f9ac00  692             java.util.BitSet::wordIndex (5 bytes)
Event: 14.334 Thread 0x00f9ac00 nmethod 692 0x02764cc8 code [0x02764dc0, 0x02764e30]
Event: 14.337 Thread 0x00f9ac00  693             java.util.BitSet::checkInvariants (111 bytes)
Event: 14.337 Thread 0x00f9ac00 nmethod 693 0x02764e88 code [0x02764f80, 0x02765000]
Event: 14.340 Thread 0x00f9ac00  694             java.io.ObjectInputStream$PeekInputStream::peek (27 bytes)
Event: 14.341 Thread 0x00f9ac00 nmethod 694 0x02765048 code [0x02765150, 0x0276520c]
Event: 14.341 Thread 0x00f9ac00  695             java.io.ObjectOutputStream$BlockDataOutputStream::setBlockDataMode (35 bytes)
Event: 14.341 Thread 0x00f9ac00 nmethod 695 0x02765288 code [0x02765390, 0x0276546c]
Event: 14.342 Thread 0x00f9ac00  696             com.sun.jna.Function::convertArgument (896 bytes)

GC Heap History (10 events):
Event: 1.574 GC heap before
{Heap before GC invocations=2 (full 0):
 def new generation   total 4928K, used 4926K [0x04600000, 0x04b50000, 0x09b50000)
  eden space 4416K,  99% used [0x04600000, 0x04a4fb10, 0x04a50000)
  from space 512K, 100% used [0x04a50000, 0x04ad0000, 0x04ad0000)
  to   space 512K,   0% used [0x04ad0000, 0x04ad0000, 0x04b50000)
 tenured generation   total 10944K, used 2486K [0x09b50000, 0x0a600000, 0x14600000)
   the space 10944K,  22% used [0x09b50000, 0x09dbd970, 0x09dbda00, 0x0a600000)
 Metaspace       used 2661K, capacity 2862K, committed 2880K, reserved 4480K
Event: 1.578 GC heap after
Heap after GC invocations=3 (full 0):
 def new generation   total 4928K, used 457K [0x04600000, 0x04b50000, 0x09b50000)
  eden space 4416K,   0% used [0x04600000, 0x04600000, 0x04a50000)
  from space 512K,  89% used [0x04ad0000, 0x04b427e0, 0x04b50000)
  to   space 512K,   0% used [0x04a50000, 0x04a50000, 0x04ad0000)
 tenured generation   total 10944K, used 2985K [0x09b50000, 0x0a600000, 0x14600000)
   the space 10944K,  27% used [0x09b50000, 0x09e3a580, 0x09e3a600, 0x0a600000)
 Metaspace       used 2661K, capacity 2862K, committed 2880K, reserved 4480K
}
Event: 1.624 GC heap before
{Heap before GC invocations=3 (full 0):
 def new generation   total 4928K, used 4873K [0x04600000, 0x04b50000, 0x09b50000)
  eden space 4416K, 100% used [0x04600000, 0x04a50000, 0x04a50000)
  from space 512K,  89% used [0x04ad0000, 0x04b427e0, 0x04b50000)
  to   space 512K,   0% used [0x04a50000, 0x04a50000, 0x04ad0000)
 tenured generation   total 10944K, used 2985K [0x09b50000, 0x0a600000, 0x14600000)
   the space 10944K,  27% used [0x09b50000, 0x09e3a580, 0x09e3a600, 0x0a600000)
 Metaspace       used 2831K, capacity 3022K, committed 3136K, reserved 4480K
Event: 1.627 GC heap after
Heap after GC invocations=4 (full 0):
 def new generation   total 4928K, used 208K [0x04600000, 0x04b50000, 0x09b50000)
  eden space 4416K,   0% used [0x04600000, 0x04600000, 0x04a50000)
  from space 512K,  40% used [0x04a50000, 0x04a84008, 0x04ad0000)
  to   space 512K,   0% used [0x04ad0000, 0x04ad0000, 0x04b50000)
 tenured generation   total 10944K, used 3230K [0x09b50000, 0x0a600000, 0x14600000)
   the space 10944K,  29% used [0x09b50000, 0x09e77aa0, 0x09e77c00, 0x0a600000)
 Metaspace       used 2831K, capacity 3022K, committed 3136K, reserved 4480K
}
Event: 2.293 GC heap before
{Heap before GC invocations=4 (full 0):
 def new generation   total 4928K, used 4298K [0x04600000, 0x04b50000, 0x09b50000)
  eden space 4416K,  92% used [0x04600000, 0x049fe9e8, 0x04a50000)
  from space 512K,  40% used [0x04a50000, 0x04a84008, 0x04ad0000)
  to   space 512K,   0% used [0x04ad0000, 0x04ad0000, 0x04b50000)
 tenured generation   total 10944K, used 3230K [0x09b50000, 0x0a600000, 0x14600000)
   the space 10944K,  29% used [0x09b50000, 0x09e77aa0, 0x09e77c00, 0x0a600000)
 Metaspace       used 3180K, capacity 3376K, committed 3392K, reserved 4480K
Event: 2.295 GC heap after
Heap after GC invocations=5 (full 0):
 def new generation   total 4928K, used 511K [0x04600000, 0x04b50000, 0x09b50000)
  eden space 4416K,   0% used [0x04600000, 0x04600000, 0x04a50000)
  from space 512K,  99% used [0x04ad0000, 0x04b4ffd8, 0x04b50000)
  to   space 512K,   0% used [0x04a50000, 0x04a50000, 0x04ad0000)
 tenured generation   total 10944K, used 3230K [0x09b50000, 0x0a600000, 0x14600000)
   the space 10944K,  29% used [0x09b50000, 0x09e77aa0, 0x09e77c00, 0x0a600000)
 Metaspace       used 3180K, capacity 3376K, committed 3392K, reserved 4480K
}
Event: 14.195 GC heap before
{Heap before GC invocations=5 (full 0):
 def new generation   total 4928K, used 3724K [0x04600000, 0x04b50000, 0x09b50000)
  eden space 4416K,  72% used [0x04600000, 0x04923050, 0x04a50000)
  from space 512K,  99% used [0x04ad0000, 0x04b4ffd8, 0x04b50000)
  to   space 512K,   0% used [0x04a50000, 0x04a50000, 0x04ad0000)
 tenured generation   total 10944K, used 3230K [0x09b50000, 0x0a600000, 0x14600000)
   the space 10944K,  29% used [0x09b50000, 0x09e77aa0, 0x09e77c00, 0x0a600000)
 Metaspace       used 3355K, capacity 3549K, committed 3648K, reserved 4480K
Event: 14.207 GC heap after
Heap after GC invocations=6 (full 0):
 def new generation   total 4928K, used 181K [0x04600000, 0x04b50000, 0x09b50000)
  eden space 4416K,   0% used [0x04600000, 0x04600000, 0x04a50000)
  from space 512K,  35% used [0x04a50000, 0x04a7d448, 0x04ad0000)
  to   space 512K,   0% used [0x04ad0000, 0x04ad0000, 0x04b50000)
 tenured generation   total 10944K, used 4654K [0x09b50000, 0x0a600000, 0x14600000)
   the space 10944K,  42% used [0x09b50000, 0x09fdbad0, 0x09fdbc00, 0x0a600000)
 Metaspace       used 3355K, capacity 3549K, committed 3648K, reserved 4480K
}
Event: 14.311 GC heap before
{Heap before GC invocations=6 (full 0):
 def new generation   total 4928K, used 4590K [0x04600000, 0x04b50000, 0x09b50000)
  eden space 4416K,  99% used [0x04600000, 0x04a4e5d8, 0x04a50000)
  from space 512K,  35% used [0x04a50000, 0x04a7d448, 0x04ad0000)
  to   space 512K,   0% used [0x04ad0000, 0x04ad0000, 0x04b50000)
 tenured generation   total 10944K, used 4654K [0x09b50000, 0x0a600000, 0x14600000)
   the space 10944K,  42% used [0x09b50000, 0x09fdbad0, 0x09fdbc00, 0x0a600000)
 Metaspace       used 3410K, capacity 3591K, committed 3648K, reserved 4480K
Event: 14.319 GC heap after
Heap after GC invocations=7 (full 0):
 def new generation   total 4928K, used 362K [0x04600000, 0x04b50000, 0x09b50000)
  eden space 4416K,   0% used [0x04600000, 0x04600000, 0x04a50000)
  from space 512K,  70% used [0x04ad0000, 0x04b2a988, 0x04b50000)
  to   space 512K,   0% used [0x04a50000, 0x04a50000, 0x04ad0000)
 tenured generation   total 10944K, used 7005K [0x09b50000, 0x0a600000, 0x14600000)
   the space 10944K,  64% used [0x09b50000, 0x0a227530, 0x0a227600, 0x0a600000)
 Metaspace       used 3410K, capacity 3591K, committed 3648K, reserved 4480K
}

Deoptimization events (0 events):
No events

Internal exceptions (10 events):
Event: 1.131 Thread 0x15adf400 Exception <a 'java/security/PrivilegedActionException'> (0x048d55c0) thrown at [C:\re\workspace\8-2-build-windows-i586-cygwin\jdk8u45\3457\hotspot\src\share\vm\prims\jvm.cpp, line 1382]
Event: 1.594 Thread 0x00f5d000 Exception <a 'java/lang/NoClassDefFoundError': org/slf4j/impl/StaticLoggerBinder> (0x04740a90) thrown at [C:\re\workspace\8-2-build-windows-i586-cygwin\jdk8u45\3457\hotspot\src\share\vm\classfile\systemDictionary.cpp, line 199]
Event: 1.609 Thread 0x00f5d000 Exception <a 'java/lang/NullPointerException'> (0x049916c0) thrown at [C:\re\workspace\8-2-build-windows-i586-cygwin\jdk8u45\3457\hotspot\src\share\vm\interpreter\linkResolver.cpp, line 1178]
Event: 1.610 Thread 0x00f5d000 Exception <a 'java/lang/UnsatisfiedLinkError': Det går inte att hitta den angivna modulen.
> (0x04991c68) thrown at [C:\re\workspace\8-2-build-windows-i586-cygwin\jdk8u45\3457\hotspot\src\share\vm\prims\jni.cpp, line 735]
Event: 1.611 Thread 0x00f5d000 Exception <a 'java/lang/UnsatisfiedLinkError': Det går inte att hitta den angivna modulen.
> (0x04991f28) thrown at [C:\re\workspace\8-2-build-windows-i586-cygwin\jdk8u45\3457\hotspot\src\share\vm\prims\jni.cpp, line 735]
Event: 1.612 Thread 0x00f5d000 Exception <a 'java/lang/UnsatisfiedLinkError': Det går inte att hitta den angivna modulen.
> (0x04992260) thrown at [C:\re\workspace\8-2-build-windows-i586-cygwin\jdk8u45\3457\hotspot\src\share\vm\prims\jni.cpp, line 735]
Event: 1.612 Thread 0x00f5d000 Exception <a 'java/lang/UnsatisfiedLinkError'> (0x049946e0) thrown at [C:\re\workspace\8-2-build-windows-i586-cygwin\jdk8u45\3457\hotspot\src\share\vm\oops\instanceKlass.cpp, line 938]
Event: 1.619 Thread 0x00f5d000 Exception <a 'java/lang/NullPointerException'> (0x04a3ebb8) thrown at [C:\re\workspace\8-2-build-windows-i586-cygwin\jdk8u45\3457\hotspot\src\share\vm\interpreter\linkResolver.cpp, line 1178]
Event: 10.754 Thread 0x15af1800 Exception <a 'java/lang/NoSuchMethodError': <clinit>> (0x0481b628) thrown at [C:\re\workspace\8-2-build-windows-i586-cygwin\jdk8u45\3457\hotspot\src\share\vm\prims\jni.cpp, line 1598]
Event: 12.190 Thread 0x15af2800 Exception <a 'java/lang/NoSuchMethodError': <clinit>> (0x0487a128) thrown at [C:\re\workspace\8-2-build-windows-i586-cygwin\jdk8u45\3457\hotspot\src\share\vm\prims\jni.cpp, line 1598]

Events (10 events):
Event: 14.342 Thread 0x177d1000 Thread exited: 0x177d1000
Event: 14.343 Thread 0x177cf800 Thread exited: 0x177cf800
Event: 14.343 Thread 0x177d0000 Thread added: 0x177d0000
Event: 14.344 Thread 0x177d1000 Thread added: 0x177d1000
Event: 14.344 Thread 0x177d0400 Thread added: 0x177d0400
Event: 14.344 Thread 0x177d3000 Thread exited: 0x177d3000
Event: 14.346 Thread 0x177d0c00 Thread added: 0x177d0c00
Event: 14.346 Thread 0x177d0400 Thread exited: 0x177d0400
Event: 14.347 Thread 0x177d3000 Thread added: 0x177d3000
Event: 14.348 Thread 0x177d1800 Thread added: 0x177d1800


Dynamic libraries:
0x011a0000 - 0x011d3000 	C:\Program Files (x86)\Java\jdk1.8.0_45\bin\java.exe
0x77970000 - 0x77ade000 	C:\WINDOWS\SYSTEM32\ntdll.dll
0x77260000 - 0x773a0000 	C:\WINDOWS\SYSTEM32\KERNEL32.DLL
0x77570000 - 0x77647000 	C:\WINDOWS\SYSTEM32\KERNELBASE.dll
0x735a0000 - 0x73640000 	C:\WINDOWS\system32\apphelp.dll
0x58980000 - 0x58be5000 	C:\WINDOWS\AppPatch\AcGenral.DLL
0x77650000 - 0x77713000 	C:\WINDOWS\SYSTEM32\msvcrt.dll
0x767b0000 - 0x767f1000 	C:\WINDOWS\SYSTEM32\sechost.dll
0x75170000 - 0x7518e000 	C:\WINDOWS\SYSTEM32\SspiCli.dll
0x773a0000 - 0x773e5000 	C:\WINDOWS\SYSTEM32\SHLWAPI.dll
0x74d00000 - 0x74ded000 	C:\WINDOWS\SYSTEM32\UxTheme.dll
0x76e80000 - 0x76fd3000 	C:\WINDOWS\SYSTEM32\USER32.dll
0x76690000 - 0x7679e000 	C:\WINDOWS\SYSTEM32\GDI32.dll
0x74ab0000 - 0x74ad3000 	C:\WINDOWS\SYSTEM32\WINMM.dll
0x73800000 - 0x73813000 	C:\WINDOWS\SYSTEM32\samcli.dll
0x76990000 - 0x76ab8000 	C:\WINDOWS\SYSTEM32\ole32.dll
0x77770000 - 0x77805000 	C:\WINDOWS\SYSTEM32\OLEAUT32.dll
0x60c70000 - 0x60c87000 	C:\WINDOWS\SYSTEM32\MSACM32.dll
0x74ee0000 - 0x74ee8000 	C:\WINDOWS\SYSTEM32\VERSION.dll
0x753a0000 - 0x7664c000 	C:\WINDOWS\SYSTEM32\SHELL32.dll
0x74f30000 - 0x74f4b000 	C:\WINDOWS\SYSTEM32\USERENV.dll
0x74a90000 - 0x74aaa000 	C:\WINDOWS\SYSTEM32\dwmapi.dll
0x74760000 - 0x748ab000 	C:\WINDOWS\SYSTEM32\urlmon.dll
0x76e00000 - 0x76e7c000 	C:\WINDOWS\SYSTEM32\ADVAPI32.dll
0x74a20000 - 0x74a85000 	C:\WINDOWS\SYSTEM32\WINSPOOL.DRV
0x73fb0000 - 0x73fc6000 	C:\WINDOWS\SYSTEM32\MPR.dll
0x76fe0000 - 0x7709a000 	C:\WINDOWS\SYSTEM32\RPCRT4.dll
0x75160000 - 0x7516a000 	C:\WINDOWS\SYSTEM32\CRYPTBASE.dll
0x76c80000 - 0x76dfd000 	C:\WINDOWS\SYSTEM32\combase.dll
0x749a0000 - 0x749c3000 	C:\WINDOWS\SYSTEM32\WINMMBASE.dll
0x74ed0000 - 0x74edf000 	C:\WINDOWS\SYSTEM32\profapi.dll
0x74210000 - 0x74442000 	C:\WINDOWS\SYSTEM32\iertutil.dll
0x74030000 - 0x74205000 	C:\WINDOWS\SYSTEM32\WININET.dll
0x75100000 - 0x75154000 	C:\WINDOWS\SYSTEM32\bcryptPrimitives.dll
0x768a0000 - 0x768dc000 	C:\WINDOWS\SYSTEM32\cfgmgr32.dll
0x74910000 - 0x74931000 	C:\WINDOWS\SYSTEM32\DEVOBJ.dll
0x746a0000 - 0x7472b000 	C:\WINDOWS\SYSTEM32\SHCORE.DLL
0x76870000 - 0x76897000 	C:\WINDOWS\system32\IMM32.DLL
0x76b50000 - 0x76c62000 	C:\WINDOWS\SYSTEM32\MSCTF.dll
0x73be0000 - 0x73de6000 	C:\WINDOWS\WinSxS\x86_microsoft.windows.common-controls_6595b64144ccf1df_6.0.9600.17415_none_a9ed7f470139b3c1\COMCTL32.dll
0x5e4b0000 - 0x5e56f000 	C:\Program Files (x86)\Java\jdk1.8.0_45\jre\bin\msvcr100.dll
0x585c0000 - 0x58980000 	C:\Program Files (x86)\Java\jdk1.8.0_45\jre\bin\client\jvm.dll
0x73220000 - 0x73228000 	C:\WINDOWS\SYSTEM32\WSOCK32.dll
0x76860000 - 0x76866000 	C:\WINDOWS\SYSTEM32\PSAPI.DLL
0x77720000 - 0x77770000 	C:\WINDOWS\SYSTEM32\WS2_32.dll
0x768e0000 - 0x768e7000 	C:\WINDOWS\SYSTEM32\NSI.dll
0x64590000 - 0x6459c000 	C:\Program Files (x86)\Java\jdk1.8.0_45\jre\bin\verify.dll
0x60c40000 - 0x60c61000 	C:\Program Files (x86)\Java\jdk1.8.0_45\jre\bin\java.dll
0x60c20000 - 0x60c33000 	C:\Program Files (x86)\Java\jdk1.8.0_45\jre\bin\zip.dll
0x5e490000 - 0x5e4a5000 	C:\Program Files (x86)\Java\jdk1.8.0_45\jre\bin\net.dll
0x74bf0000 - 0x74c3b000 	C:\WINDOWS\system32\mswsock.dll
0x539d0000 - 0x53b15000 	C:\Program Files (x86)\Java\jdk1.8.0_45\jre\bin\awt.dll
0x74ec0000 - 0x74ec9000 	C:\WINDOWS\SYSTEM32\kernel.appcore.dll
0x5dac0000 - 0x5daf9000 	C:\Program Files (x86)\Java\jdk1.8.0_45\jre\bin\fontmanager.dll
0x5dcf0000 - 0x5dcff000 	C:\Program Files (x86)\Java\jdk1.8.0_45\jre\bin\nio.dll
0x5cf70000 - 0x5cfa0000 	C:\Program Files (x86)\Java\jdk1.8.0_45\jre\bin\t2k.dll
0x74680000 - 0x746a0000 	C:\WINDOWS\SYSTEM32\IPHLPAPI.DLL
0x74650000 - 0x74658000 	C:\WINDOWS\SYSTEM32\WINNSI.DLL
0x6f470000 - 0x6f483000 	C:\WINDOWS\SYSTEM32\dhcpcsvc6.DLL
0x6f450000 - 0x6f464000 	C:\WINDOWS\SYSTEM32\dhcpcsvc.DLL
0x76ac0000 - 0x76b4d000 	C:\WINDOWS\SYSTEM32\clbcatq.dll
0x6eb40000 - 0x6ecab000 	C:\WINDOWS\SYSTEM32\WindowsCodecs.dll
0x74e50000 - 0x74e69000 	C:\WINDOWS\SYSTEM32\CRYPTSP.dll
0x74e20000 - 0x74e50000 	C:\WINDOWS\system32\rsaenh.dll
0x74e00000 - 0x74e1e000 	C:\WINDOWS\SYSTEM32\bcrypt.dll
0x72ce0000 - 0x72d69000 	C:\WINDOWS\WinSxS\x86_microsoft.windows.common-controls_6595b64144ccf1df_5.82.9600.17415_none_7c5769eaaa0aa358\comctl32.dll
0x770a0000 - 0x77251000 	C:\WINDOWS\SYSTEM32\SETUPAPI.dll
0x70a40000 - 0x70b7a000 	C:\WINDOWS\system32\propsys.dll
0x53700000 - 0x5389a000 	C:\WINDOWS\system32\NetworkExplorer.dll
0x5cf40000 - 0x5cf63000 	C:\Windows\SYSTEM32\thumbcache.dll
0x5dce0000 - 0x5dce9000 	C:\WINDOWS\System32\drprov.dll
0x74e70000 - 0x74eb5000 	C:\WINDOWS\System32\WINSTA.dll
0x5cf20000 - 0x5cf32000 	C:\WINDOWS\System32\ntlanman.dll
0x5cf00000 - 0x5cf1a000 	C:\WINDOWS\System32\davclnt.dll
0x5dcd0000 - 0x5dcda000 	C:\WINDOWS\System32\DAVHLPR.dll
0x73820000 - 0x73831000 	C:\WINDOWS\System32\wkscli.dll
0x73f80000 - 0x73f8f000 	C:\WINDOWS\SYSTEM32\cscapi.dll
0x74640000 - 0x7464a000 	C:\WINDOWS\System32\netutils.dll
0x53690000 - 0x536fe000 	C:\Windows\SYSTEM32\dlnashext.dll
0x53650000 - 0x53689000 	C:\Windows\System32\PlayToDevice.dll
0x732f0000 - 0x7330a000 	C:\Windows\System32\DevDispItemProvider.dll
0x5dd40000 - 0x5dd77000 	C:\WINDOWS\System32\netprofm.dll
0x5dd80000 - 0x5dd89000 	C:\WINDOWS\System32\npmproxy.dll
0x71c90000 - 0x71d93000 	C:\Windows\SYSTEM32\actxprxy.dll
0x53460000 - 0x53646000 	C:\WINDOWS\system32\wpdshext.dll
0x74450000 - 0x745c0000 	C:\WINDOWS\WinSxS\x86_microsoft.windows.gdiplus_6595b64144ccf1df_1.1.9600.17415_none_dad8722c5bcc2d8f\gdiplus.dll
0x533d0000 - 0x53460000 	C:\Windows\SYSTEM32\PortableDeviceApi.dll
0x76650000 - 0x7668d000 	C:\WINDOWS\SYSTEM32\WINTRUST.dll
0x75190000 - 0x75318000 	C:\WINDOWS\SYSTEM32\CRYPT32.dll
0x76c70000 - 0x76c7e000 	C:\WINDOWS\SYSTEM32\MSASN1.dll
0x53390000 - 0x533d0000 	C:\WINDOWS\system32\audiodev.dll
0x530f0000 - 0x53381000 	C:\WINDOWS\system32\WMVCore.DLL
0x530b0000 - 0x530ed000 	C:\WINDOWS\system32\WMASF.DLL
0x73f90000 - 0x73f9b000 	C:\WINDOWS\SYSTEM32\LINKINFO.dll
0x17c40000 - 0x17c7d000 	C:\Users\Pontus\AppData\Local\Temp\jna-Pontus\jna6739316487861095158.dll
0x53080000 - 0x530a9000 	C:\Users\Pontus\Documents\NetBeansProjects\sadoksync\Client\SadokSync\target\classes\VLC\libvlc.dll
0x52df0000 - 0x53079000 	C:\Users\Pontus\Documents\NetBeansProjects\sadoksync\Client\SadokSync\target\classes\VLC\libvlccore.dll
0x52d60000 - 0x52ded000 	C:\Users\Pontus\Documents\NetBeansProjects\sadoksync\Client\SadokSync\target\classes\VLC\plugins\access\libdshow_plugin.dll
0x5cee0000 - 0x5cef1000 	C:\Users\Pontus\Documents\NetBeansProjects\sadoksync\Client\SadokSync\target\classes\VLC\plugins\audio_output\libdirectsound_plugin.dll
0x52d40000 - 0x52d51000 	C:\Users\Pontus\Documents\NetBeansProjects\sadoksync\Client\SadokSync\target\classes\VLC\plugins\audio_output\libwaveout_plugin.dll
0x520f0000 - 0x52c6e000 	C:\Users\Pontus\Documents\NetBeansProjects\sadoksync\Client\SadokSync\target\classes\VLC\plugins\gui\libqt4_plugin.dll
0x768f0000 - 0x7698b000 	C:\WINDOWS\SYSTEM32\COMDLG32.DLL
0x51fb0000 - 0x520ec000 	C:\Users\Pontus\Documents\NetBeansProjects\sadoksync\Client\SadokSync\target\classes\VLC\plugins\misc\libxml_plugin.dll
0x52d20000 - 0x52d3d000 	C:\Users\Pontus\Documents\NetBeansProjects\sadoksync\Client\SadokSync\target\classes\VLC\plugins\video_output\libdirect3d_plugin.dll
0x52d00000 - 0x52d1a000 	C:\Users\Pontus\Documents\NetBeansProjects\sadoksync\Client\SadokSync\target\classes\VLC\plugins\video_output\libdirectdraw_plugin.dll
0x51f20000 - 0x51fa1000 	C:\WINDOWS\SYSTEM32\DSOUND.DLL
0x74ef0000 - 0x74f30000 	C:\WINDOWS\SYSTEM32\POWRPROF.dll
0x748b0000 - 0x74903000 	C:\WINDOWS\System32\MMDevApi.dll
0x52cd0000 - 0x52cf4000 	C:\Program Files (x86)\Java\jdk1.8.0_45\jre\bin\dcpr.dll
0x74b70000 - 0x74bee000 	C:\WINDOWS\SYSTEM32\DNSAPI.dll
0x74df0000 - 0x74df8000 	C:\Windows\System32\rasadhlp.dll
0x74b20000 - 0x74b66000 	C:\WINDOWS\System32\fwpuclnt.dll
0x5dab0000 - 0x5dab6000 	C:\Program Files (x86)\Java\jdk1.8.0_45\jre\bin\jawt.dll
0x51e50000 - 0x51f15000 	C:\Users\Pontus\Documents\NetBeansProjects\sadoksync\Client\SadokSync\target\classes\VLC\plugins\access\liblive555_plugin.dll
0x72b90000 - 0x72cd1000 	C:\WINDOWS\SYSTEM32\dbghelp.dll

VM Arguments:
java_command: com.sadoksync.sadoksync.Driver
java_class_path (initial): C:\Users\Pontus\Documents\NetBeansProjects\sadoksync\Client\SadokSync\target\classes;C:\Users\Pontus\.m2\repository\uk\co\caprica\vlcj\3.6.0\vlcj-3.6.0.jar;C:\Users\Pontus\.m2\repository\net\java\dev\jna\jna\3.5.2\jna-3.5.2.jar;C:\Users\Pontus\.m2\repository\net\java\dev\jna\platform\3.5.2\platform-3.5.2.jar;C:\Users\Pontus\.m2\repository\org\slf4j\slf4j-api\1.7.10\slf4j-api-1.7.10.jar
Launcher Type: SUN_STANDARD

Environment Variables:
JAVA_HOME=C:\Program Files (x86)\Java\jdk1.8.0_45
CLASSPATH=C:\pontus\Proj_Elevator\elevator\lib\elevator.jar;C:\pontus\Proj_Elevator\elevator\lib\elevator_rmi.jar
PATH=C:\ProgramData\Oracle\Java\javapath;C:\Python27\Lib\site-packages\PyQt4;C:\prog\asf\apache-maven-3.2.3\bin;C:\Program Files\Java\jdk1.7.0_51\bin;C:\pontus\java;C:\Program Files (x86)\Intel\iCLS Client\;C:\Program Files\Intel\iCLS Client\;C:\WINDOWS\system32;C:\WINDOWS;C:\WINDOWS\System32\Wbem;C:\WINDOWS\System32\WindowsPowerShell\v1.0\;C:\Program Files\Intel\Intel(R) Management Engine Components\DAL;C:\Program Files\Intel\Intel(R) Management Engine Components\IPT;C:\Program Files (x86)\Intel\Intel(R) Management Engine Components\DAL;C:\Program Files (x86)\Intel\Intel(R) Management Engine Components\IPT;C:\Program Files (x86)\Intel\OpenCL SDK\2.0\bin\x86;C:\Program Files (x86)\Intel\OpenCL SDK\2.0\bin\x64;C:\Program Files\Lenovo Fingerprint Reader\;C:\Program Files\Lenovo Fingerprint Reader\x86\;C:\ProgramData\Lenovo\ReadyApps;C:\Program Files\Intel\WiFi\bin\;C:\Program Files\Common Files\Intel\WirelessCommon\;C:\cygwin64\bin;C:\Program Files (x86)\Common Files\lenovo\easyplussdk\bin;C:\lib\jblas-1.2.3\jblas-1.2.3.jar;c:\MinGW\bin;c:\MinGW\msys\1.0\bin;C:\Python27;C:\Python27\DLLs;C:\Python27\Scripts;C:\Python27\Lib\site-packages\vtk;C:\Python27\gnuplot\binary;C:\Python27\Lib\site-packages\osgeo;C:\Program Files (x86)\pythonxy\SciTE-3.3.2-3;C:\Program Files (x86)\pythonxy\console;C:\MinGW32-xy\bin;C:\Program Files (x86)\pythonxy\swig;C:\Program Files (x86)\pythonxy\gettext\bin
USERNAME=Pontus
OS=Windows_NT
PROCESSOR_IDENTIFIER=Intel64 Family 6 Model 58 Stepping 9, GenuineIntel



---------------  S Y S T E M  ---------------

OS: Windows 8.1 , 64 bit Build 9600 (6.3.9600.17415)

CPU:total 4 (2 cores per cpu, 2 threads per core) family 6 model 58 stepping 9, cmov, cx8, fxsr, mmx, sse, sse2, sse3, ssse3, sse4.1, sse4.2, popcnt, avx, clmul, erms, ht, tsc, tscinvbit, tscinv

Memory: 4k page, physical 4034788k(914996k free), swap 8130788k(3644976k free)

vm_info: Java HotSpot(TM) Client VM (25.45-b02) for windows-x86 JRE (1.8.0_45-b14), built on Apr 10 2015 10:46:40 by "java_re" with MS VC++ 10.0 (VS2010)

time: Wed Apr 22 15:55:33 2015
elapsed time: 14 seconds (0d 0h 0m 14s)

