#
# A fatal error has been detected by the Java Runtime Environment:
#
#  EXCEPTION_ACCESS_VIOLATION (0xc0000005) at pc=0x770ddf63, pid=3756, tid=5884
#
# JRE version: Java(TM) SE Runtime Environment (8.0_45-b14) (build 1.8.0_45-b14)
# Java VM: Java HotSpot(TM) Client VM (25.45-b02 mixed mode windows-x86 )
# Problematic frame:
# C  [ntdll.dll+0x1df63]
#
# Failed to write core dump. Minidumps are not enabled by default on client versions of Windows
#
# If you would like to submit a bug report, please visit:
#   http://bugreport.java.com/bugreport/crash.jsp
# The crash happened outside the Java Virtual Machine in native code.
# See problematic frame for where to report the bug.
#

---------------  T H R E A D  ---------------

Current thread (0x15b05800):  JavaThread "Thread-25" [_thread_in_native, id=5884, stack(0x17e20000,0x17e70000)]

siginfo: ExceptionCode=0xc0000005, writing address 0x00000014

Registers:
EAX=0x00000000, EBX=0x00000a04, ECX=0xfffffffc, EDX=0x00000000
ESP=0x17e6d9d8, EBP=0x17e6da38, ESI=0x16fa7fe0, EDI=0x00000000
EIP=0x770ddf63, EFLAGS=0x00010213

Top of Stack: (sp=0x17e6d9d8)
0x17e6d9d8:   00000000 16fa7fe4 16fa7fe0 00000000
0x17e6d9e8:   16fa7fe0 00000000 7e879000 00000000
0x17e6d9f8:   00000000 00000000 15c3c070 04c05b40
0x17e6da08:   159b4428 17e6ded0 5c05752e 280e457b
0x17e6da18:   fffffffe 17e6da2c 5bda6ef4 15b00100
0x17e6da28:   17e6de64 17e6da4c 17e6da04 48892de0
0x17e6da38:   17e6da64 770dde0b 17e6e1b0 16fa7f48
0x17e6da48:   16fa7fdc 00000000 16fa7fe0 00000001 

Instructions: (pc=0x770ddf63)
0x770ddf43:   c2 f0 0f b1 0e 8b 75 b0 3b c2 0f 85 cf 5e fe ff
0x770ddf53:   83 65 c0 00 33 c0 89 45 c4 8b 06 83 f8 ff 74 03
0x770ddf63:   ff 40 14 b8 82 03 fe 7f 8a 08 84 c9 0f 85 c8 34
0x770ddf73:   06 00 57 6a 00 83 fb ff 0f 84 0b 35 06 00 53 e8 


Register to memory mapping:

EAX=0x00000000 is an unknown value
EBX=0x00000a04 is an unknown value
ECX=0xfffffffc is an unknown value
EDX=0x00000000 is an unknown value
ESP=0x17e6d9d8 is pointing into the stack for thread: 0x15b05800
EBP=0x17e6da38 is pointing into the stack for thread: 0x15b05800
ESI=0x16fa7fe0 is an unknown value
EDI=0x00000000 is an unknown value


Stack: [0x17e20000,0x17e70000],  sp=0x17e6d9d8,  free space=310k
Native frames: (J=compiled Java code, j=interpreted, Vv=VM code, C=native code)
C  [ntdll.dll+0x1df63]
C  [ntdll.dll+0x1de0b]
C  [ntdll.dll+0x1de35]
C  [libvlccore.dll+0xa3bb0]
C  [jna8420701172054177393.dll+0xd546]
C  [jna8420701172054177393.dll+0x2e5e]
C  [jna8420701172054177393.dll+0x535e]
j  com.sun.jna.Native.invokePointer(JI[Ljava/lang/Object;)J+0
j  com.sun.jna.Function.invokePointer(I[Ljava/lang/Object;)Lcom/sun/jna/Pointer;+6
j  com.sun.jna.Function.invoke([Ljava/lang/Object;Ljava/lang/Class;Z)Ljava/lang/Object;+642
j  com.sun.jna.Function.invoke(Ljava/lang/Class;[Ljava/lang/Object;Ljava/util/Map;)Ljava/lang/Object;+214
j  com.sun.jna.Library$Handler.invoke(Ljava/lang/Object;Ljava/lang/reflect/Method;[Ljava/lang/Object;)Ljava/lang/Object;+341
j  com.sun.proxy.$Proxy0.libvlc_media_get_mrl(Luk/co/caprica/vlcj/binding/internal/libvlc_media_t;)Lcom/sun/jna/Pointer;+16
j  uk.co.caprica.vlcj.player.DefaultMediaPlayer.mrl(Luk/co/caprica/vlcj/binding/internal/libvlc_media_t;)Ljava/lang/String;+22
j  uk.co.caprica.vlcj.player.events.MediaPlayerEventFactory.createEvent(Luk/co/caprica/vlcj/binding/internal/libvlc_event_t;J)Luk/co/caprica/vlcj/player/events/MediaPlayerEvent;+195
j  uk.co.caprica.vlcj.player.DefaultMediaPlayer$EventCallback.callback(Luk/co/caprica/vlcj/binding/internal/libvlc_event_t;Lcom/sun/jna/Pointer;)V+31
v  ~StubRoutines::call_stub
V  [jvm.dll+0x155cb5]
V  [jvm.dll+0x21b12e]
V  [jvm.dll+0x155d4e]
V  [jvm.dll+0x16245a]
V  [jvm.dll+0x1626b3]
V  [jvm.dll+0xffdc3]
C  [java.dll+0x3b22]
j  sun.reflect.NativeMethodAccessorImpl.invoke(Ljava/lang/Object;[Ljava/lang/Object;)Ljava/lang/Object;+100
j  sun.reflect.DelegatingMethodAccessorImpl.invoke(Ljava/lang/Object;[Ljava/lang/Object;)Ljava/lang/Object;+6
j  java.lang.reflect.Method.invoke(Ljava/lang/Object;[Ljava/lang/Object;)Ljava/lang/Object;+56
j  com.sun.jna.CallbackReference$DefaultCallbackProxy.invokeCallback([Ljava/lang/Object;)Ljava/lang/Object;+127
j  com.sun.jna.CallbackReference$DefaultCallbackProxy.callback([Ljava/lang/Object;)Ljava/lang/Object;+2
v  ~StubRoutines::call_stub
V  [jvm.dll+0x155cb5]
V  [jvm.dll+0x21b12e]
V  [jvm.dll+0x155d4e]
V  [jvm.dll+0xdae87]
V  [jvm.dll+0xdc708]
C  [jna8420701172054177393.dll+0xa682]
C  [jna8420701172054177393.dll+0xae0e]
C  [jna8420701172054177393.dll+0xd602]
C  [jna8420701172054177393.dll+0xdd2e]
C  [libvlc.dll+0xa0a0]

Java frames: (J=compiled Java code, j=interpreted, Vv=VM code)
j  com.sun.jna.Native.invokePointer(JI[Ljava/lang/Object;)J+0
j  com.sun.jna.Function.invokePointer(I[Ljava/lang/Object;)Lcom/sun/jna/Pointer;+6
j  com.sun.jna.Function.invoke([Ljava/lang/Object;Ljava/lang/Class;Z)Ljava/lang/Object;+642
j  com.sun.jna.Function.invoke(Ljava/lang/Class;[Ljava/lang/Object;Ljava/util/Map;)Ljava/lang/Object;+214
j  com.sun.jna.Library$Handler.invoke(Ljava/lang/Object;Ljava/lang/reflect/Method;[Ljava/lang/Object;)Ljava/lang/Object;+341
j  com.sun.proxy.$Proxy0.libvlc_media_get_mrl(Luk/co/caprica/vlcj/binding/internal/libvlc_media_t;)Lcom/sun/jna/Pointer;+16
j  uk.co.caprica.vlcj.player.DefaultMediaPlayer.mrl(Luk/co/caprica/vlcj/binding/internal/libvlc_media_t;)Ljava/lang/String;+22
j  uk.co.caprica.vlcj.player.events.MediaPlayerEventFactory.createEvent(Luk/co/caprica/vlcj/binding/internal/libvlc_event_t;J)Luk/co/caprica/vlcj/player/events/MediaPlayerEvent;+195
j  uk.co.caprica.vlcj.player.DefaultMediaPlayer$EventCallback.callback(Luk/co/caprica/vlcj/binding/internal/libvlc_event_t;Lcom/sun/jna/Pointer;)V+31
v  ~StubRoutines::call_stub
j  sun.reflect.NativeMethodAccessorImpl.invoke0(Ljava/lang/reflect/Method;Ljava/lang/Object;[Ljava/lang/Object;)Ljava/lang/Object;+0
j  sun.reflect.NativeMethodAccessorImpl.invoke(Ljava/lang/Object;[Ljava/lang/Object;)Ljava/lang/Object;+100
j  sun.reflect.DelegatingMethodAccessorImpl.invoke(Ljava/lang/Object;[Ljava/lang/Object;)Ljava/lang/Object;+6
j  java.lang.reflect.Method.invoke(Ljava/lang/Object;[Ljava/lang/Object;)Ljava/lang/Object;+56
j  com.sun.jna.CallbackReference$DefaultCallbackProxy.invokeCallback([Ljava/lang/Object;)Ljava/lang/Object;+127
j  com.sun.jna.CallbackReference$DefaultCallbackProxy.callback([Ljava/lang/Object;)Ljava/lang/Object;+2
v  ~StubRoutines::call_stub
j  com.sun.jna.Native.invokeVoid(JI[Ljava/lang/Object;)V+0
j  com.sun.jna.Function.invoke([Ljava/lang/Object;Ljava/lang/Class;Z)Ljava/lang/Object;+48
j  com.sun.jna.Function.invoke(Ljava/lang/Class;[Ljava/lang/Object;Ljava/util/Map;)Ljava/lang/Object;+214
j  com.sun.jna.Library$Handler.invoke(Ljava/lang/Object;Ljava/lang/reflect/Method;[Ljava/lang/Object;)Ljava/lang/Object;+341
j  com.sun.proxy.$Proxy0.libvlc_media_player_set_media(Luk/co/caprica/vlcj/binding/internal/libvlc_media_player_t;Luk/co/caprica/vlcj/binding/internal/libvlc_media_t;)V+20
j  uk.co.caprica.vlcj.player.DefaultMediaPlayer.setMedia(Ljava/lang/String;[Ljava/lang/String;)Z+302
j  uk.co.caprica.vlcj.player.DefaultMediaPlayer.prepareMedia(Ljava/lang/String;[Ljava/lang/String;)Z+19
j  uk.co.caprica.vlcj.player.DefaultMediaPlayer.playMedia(Ljava/lang/String;[Ljava/lang/String;)Z+19
j  com.sadoksync.sadoksync.Client.connectToRtsp()V+12
j  com.sadoksync.sadoksync.ConnectionHandler.run()V+462
v  ~StubRoutines::call_stub

---------------  P R O C E S S  ---------------

Java Threads: ( => current thread )
  0x19732400 JavaThread "Thread-131" [_thread_new, id=6852, stack(0x00000000,0x00000000)]
  0x19731c00 JavaThread "Thread-130" [_thread_in_vm, id=5388, stack(0x1afa0000,0x1aff0000)]
  0x19711000 JavaThread "Thread-128" [_thread_in_native, id=5304, stack(0x1ae70000,0x1aec0000)]
  0x15b08800 JavaThread "Thread-125" [_thread_blocked, id=5996, stack(0x1af10000,0x1af60000)]
  0x19713800 JavaThread "Thread-121" [_thread_in_native, id=4404, stack(0x1a960000,0x1a9b0000)]
  0x1970f000 JavaThread "Thread-119" [_thread_blocked, id=196, stack(0x1a910000,0x1a960000)]
  0x19712400 JavaThread "Thread-115" [_thread_in_native, id=4312, stack(0x1a7a0000,0x1a7f0000)]
  0x19713000 JavaThread "Thread-109" [_thread_in_native, id=6516, stack(0x1a5f0000,0x1a640000)]
  0x19712c00 JavaThread "pool-1-thread-50" [_thread_blocked, id=2352, stack(0x1a830000,0x1a880000)]
  0x1970e400 JavaThread "pool-1-thread-49" [_thread_blocked, id=2512, stack(0x1a710000,0x1a760000)]
  0x19710400 JavaThread "Thread-103" [_thread_in_native, id=4568, stack(0x1a3b0000,0x1a400000)]
  0x19711c00 JavaThread "pool-1-thread-48" [_thread_blocked, id=2612, stack(0x1a680000,0x1a6d0000)]
  0x19710c00 JavaThread "pool-1-thread-47" [_thread_blocked, id=5776, stack(0x1a560000,0x1a5b0000)]
  0x1970f800 JavaThread "Thread-97" [_thread_in_native, id=2344, stack(0x1a4d0000,0x1a520000)]
  0x19711800 JavaThread "pool-1-thread-46" [_thread_blocked, id=8664, stack(0x1a170000,0x1a1c0000)]
  0x1970cc00 JavaThread "pool-1-thread-45" [_thread_blocked, id=6424, stack(0x1a440000,0x1a490000)]
  0x1970d800 JavaThread "pool-1-thread-44" [_thread_blocked, id=6872, stack(0x1a320000,0x1a370000)]
  0x1970ec00 JavaThread "Thread-92" [_thread_in_native, id=8592, stack(0x1a290000,0x1a2e0000)]
  0x1970c400 JavaThread "pool-1-thread-43" [_thread_blocked, id=8988, stack(0x19f30000,0x19f80000)]
  0x1970d400 JavaThread "pool-1-thread-42" [_thread_blocked, id=7472, stack(0x1a200000,0x1a250000)]
  0x19710000 JavaThread "pool-1-thread-41" [_thread_blocked, id=3292, stack(0x1a0e0000,0x1a130000)]
  0x1970e000 JavaThread "pool-1-thread-40" [_thread_blocked, id=3768, stack(0x1a050000,0x1a0a0000)]
  0x15af5800 JavaThread "Thread-85" [_thread_in_native, id=8200, stack(0x194f0000,0x19540000)]
  0x15a34c00 JavaThread "pool-1-thread-39" [_thread_blocked, id=3696, stack(0x19fc0000,0x1a010000)]
  0x15b09000 JavaThread "pool-1-thread-38" [_thread_blocked, id=4960, stack(0x19ea0000,0x19ef0000)]
  0x15af4800 JavaThread "Thread-79" [_thread_in_native, id=4888, stack(0x19610000,0x19660000)]
  0x15af5400 JavaThread "pool-1-thread-37" [_thread_blocked, id=8216, stack(0x192b0000,0x19300000)]
  0x15af4c00 JavaThread "pool-1-thread-36" [_thread_blocked, id=6840, stack(0x19580000,0x195d0000)]
  0x15af3800 JavaThread "pool-1-thread-35" [_thread_blocked, id=7144, stack(0x19460000,0x194b0000)]
  0x15af3400 JavaThread "Thread-73" [_thread_in_native, id=5136, stack(0x19340000,0x19390000)]
  0x15aef400 JavaThread "pool-1-thread-34" [_thread_blocked, id=7800, stack(0x18e50000,0x18ea0000)]
  0x15af2c00 JavaThread "pool-1-thread-33" [_thread_blocked, id=5940, stack(0x193d0000,0x19420000)]
  0x15aef000 JavaThread "pool-1-thread-32" [_thread_blocked, id=2528, stack(0x19190000,0x191e0000)]
  0x15af2800 JavaThread "Thread-67" [_thread_in_native, id=7992, stack(0x18ca0000,0x18cf0000)]
  0x15af1400 JavaThread "pool-1-thread-31" [_thread_blocked, id=3372, stack(0x189d0000,0x18a20000)]
  0x15af4000 JavaThread "pool-1-thread-30" [_thread_blocked, id=8716, stack(0x19100000,0x19150000)]
  0x15af2000 JavaThread "pool-1-thread-29" [_thread_blocked, id=6884, stack(0x18dc0000,0x18e10000)]
  0x15af1c00 JavaThread "Thread-61" [_thread_in_native, id=4052, stack(0x18d30000,0x18d80000)]
  0x15aee000 JavaThread "pool-1-thread-28" [_thread_blocked, id=5004, stack(0x17b50000,0x17ba0000)]
  0x15af0c00 JavaThread "Thread-55" [_thread_in_native, id=6668, stack(0x18820000,0x18870000)]
  0x15aefc00 JavaThread "pool-1-thread-27" [_thread_blocked, id=2244, stack(0x18c10000,0x18c60000)]
  0x15af0800 JavaThread "pool-1-thread-26" [_thread_blocked, id=6876, stack(0x18b80000,0x18bd0000)]
  0x15aee800 JavaThread "pool-1-thread-25" [_thread_blocked, id=8632, stack(0x18700000,0x18750000)]
  0x15af0000 JavaThread "pool-1-thread-24" [_thread_blocked, id=8076, stack(0x18a60000,0x18ab0000)]
  0x15a35800 JavaThread "pool-1-thread-23" [_thread_blocked, id=8124, stack(0x18940000,0x18990000)]
  0x15b09400 JavaThread "Thread-49" [_thread_in_native, id=4664, stack(0x188b0000,0x18900000)]
  0x15b07400 JavaThread "pool-1-thread-22" [_thread_blocked, id=7980, stack(0x185e0000,0x18630000)]
  0x15b08400 JavaThread "pool-1-thread-21" [_thread_blocked, id=8212, stack(0x18790000,0x187e0000)]
  0x15b07c00 JavaThread "pool-1-thread-20" [_thread_blocked, id=4104, stack(0x18670000,0x186c0000)]
  0x15b02400 JavaThread "Thread-43" [_thread_in_native, id=7244, stack(0x18310000,0x18360000)]
  0x15b05c00 JavaThread "pool-1-thread-19" [_thread_blocked, id=5164, stack(0x18180000,0x181d0000)]
  0x15b03800 JavaThread "pool-1-thread-18" [_thread_blocked, id=9212, stack(0x18550000,0x185a0000)]
  0x15b07000 JavaThread "pool-1-thread-17" [_thread_blocked, id=6996, stack(0x184c0000,0x18510000)]
  0x15b06800 JavaThread "Thread-38" [_thread_in_native, id=3540, stack(0x18430000,0x18480000)]
  0x15b02c00 JavaThread "pool-1-thread-16" [_thread_blocked, id=3408, stack(0x183a0000,0x183f0000)]
  0x15b06400 JavaThread "pool-3-thread-1" [_thread_blocked, id=4748, stack(0x17eb0000,0x17f00000)]
  0x15b05000 JavaThread "pool-1-thread-15" [_thread_blocked, id=6608, stack(0x17f40000,0x17f90000)]
  0x15b04800 JavaThread "pool-1-thread-14" [_thread_blocked, id=4884, stack(0x180f0000,0x18140000)]
  0x15b04400 JavaThread "Thread-31" [_thread_in_native, id=4524, stack(0x18060000,0x180b0000)]
  0x15b03c00 JavaThread "pool-1-thread-13" [_thread_blocked, id=1296, stack(0x17c70000,0x17cc0000)]
  0x15b01c00 JavaThread "pool-1-thread-12" [_thread_blocked, id=6500, stack(0x17fd0000,0x18020000)]
=>0x15b05800 JavaThread "Thread-25" [_thread_in_native, id=5884, stack(0x17e20000,0x17e70000)]
  0x15b03000 JavaThread "pool-1-thread-11" [_thread_blocked, id=6620, stack(0x17d90000,0x17de0000)]
  0x15a34400 JavaThread "pool-1-thread-10" [_thread_blocked, id=7788, stack(0x17ac0000,0x17b10000)]
  0x15a32000 JavaThread "pool-1-thread-9" [_thread_blocked, id=5924, stack(0x17d00000,0x17d50000)]
  0x15a35000 JavaThread "pool-1-thread-8" [_thread_blocked, id=5692, stack(0x17be0000,0x17c30000)]
  0x15a32c00 JavaThread "pool-1-thread-7" [_thread_blocked, id=3960, stack(0x179a0000,0x179f0000)]
  0x15a34000 JavaThread "pool-1-thread-6" [_thread_blocked, id=6636, stack(0x17a30000,0x17a80000)]
  0x15a33800 JavaThread "pool-1-thread-5" [_thread_blocked, id=2184, stack(0x16780000,0x167d0000)]
  0x15a33400 JavaThread "pool-1-thread-4" [_thread_blocked, id=2360, stack(0x17910000,0x17960000)]
  0x15a32400 JavaThread "pool-1-thread-3" [_thread_blocked, id=6280, stack(0x17880000,0x178d0000)]
  0x15bec400 JavaThread "TimerQueue" daemon [_thread_blocked, id=4212, stack(0x177f0000,0x17840000)]
  0x0021c400 JavaThread "DestroyJavaVM" [_thread_blocked, id=9068, stack(0x00290000,0x002e0000)]
  0x1592dc00 JavaThread "Swing-Shell" daemon [_thread_blocked, id=5020, stack(0x16830000,0x16880000)]
  0x158c4400 JavaThread "AWT-EventQueue-0" [_thread_in_vm, id=8320, stack(0x15e80000,0x15ed0000)]
  0x158af400 JavaThread "AWT-Shutdown" [_thread_blocked, id=8752, stack(0x14fe0000,0x15030000)]
  0x0102c000 JavaThread "AWT-Windows" daemon [_thread_blocked, id=6296, stack(0x15070000,0x150c0000)]
  0x01028400 JavaThread "Java2D Disposer" daemon [_thread_blocked, id=1144, stack(0x14f50000,0x14fa0000)]
  0x00f66400 JavaThread "pool-1-thread-2" [_thread_blocked, id=5540, stack(0x149d0000,0x14a20000)]
  0x00f65c00 JavaThread "pool-1-thread-1" [_thread_in_native, id=4904, stack(0x14940000,0x14990000)]
  0x00efdc00 JavaThread "Service Thread" daemon [_thread_blocked, id=808, stack(0x14800000,0x14850000)]
  0x00edf000 JavaThread "C1 CompilerThread0" daemon [_thread_blocked, id=2132, stack(0x04770000,0x047c0000)]
  0x00ede000 JavaThread "Attach Listener" daemon [_thread_blocked, id=9016, stack(0x012a0000,0x012f0000)]
  0x00edc000 JavaThread "Signal Dispatcher" daemon [_thread_blocked, id=8824, stack(0x01210000,0x01260000)]
  0x00eb8800 JavaThread "Finalizer" daemon [_thread_blocked, id=6552, stack(0x01180000,0x011d0000)]
  0x0082ec00 JavaThread "Reference Handler" daemon [_thread_blocked, id=8548, stack(0x010f0000,0x01140000)]

Other Threads:
  0x0082d400 VMThread [stack: 0x00e60000,0x00eb0000] [id=1912]
  0x00eeac00 WatcherThread [stack: 0x14890000,0x148e0000] [id=6544]

VM state:at safepoint (normal execution)

VM Mutex/Monitor currently owned by a thread:  ([mutex/lock_event])
[0x0021b7e8] Threads_lock - owner thread: 0x0082d400

Heap:
 def new generation   total 4928K, used 646K [0x04800000, 0x04d50000, 0x09d50000)
  eden space 4416K,   6% used [0x04800000, 0x04843488, 0x04c50000)
  from space 512K,  73% used [0x04c50000, 0x04cae6d8, 0x04cd0000)
  to   space 512K,   0% used [0x04cd0000, 0x04cd0000, 0x04d50000)
 tenured generation   total 10944K, used 7183K [0x09d50000, 0x0a800000, 0x14800000)
   the space 10944K,  65% used [0x09d50000, 0x0a453d70, 0x0a453e00, 0x0a800000)
 Metaspace       used 10891K, capacity 11079K, committed 11264K, reserved 11648K

Card table byte_map: [0x00910000,0x009a0000] byte_map_base: 0x008ec000

Polling page: 0x00270000

CodeCache: size=32768Kb used=1539Kb max_used=1539Kb free=31228Kb
 bounds [0x02770000, 0x028f8000, 0x04770000]
 total_blobs=901 nmethods=654 adapters=178
 compilation: enabled

Compilation events (10 events):
Event: 16.314 Thread 0x00edf000  609             java.io.WinNTFileSystem::isLetter (30 bytes)
Event: 16.315 Thread 0x00edf000 nmethod 609 0x028d61c8 code [0x028d62c0, 0x028d6390]
Event: 16.344 Thread 0x00edf000  610             javax.swing.GroupLayout$Spring::getMinimumSize (27 bytes)
Event: 16.347 Thread 0x00edf000 nmethod 610 0x028d63c8 code [0x028d64d0, 0x028d658c]
Event: 16.348 Thread 0x00edf000  611             javax.swing.GroupLayout$ComponentSpring::getComponent (5 bytes)
Event: 16.348 Thread 0x00edf000 nmethod 611 0x028d6608 code [0x028d6700, 0x028d6780]
Event: 16.352 Thread 0x00edf000  612             javax.swing.GroupLayout$SequentialGroup::operator (12 bytes)
Event: 16.352 Thread 0x00edf000 nmethod 612 0x028d67c8 code [0x028d68c0, 0x028d6960]
Event: 16.353 Thread 0x00edf000  613             sun.nio.cs.SingleByte$Encoder::encodeArrayLoop (236 bytes)
Event: 16.360 Thread 0x00edf000 nmethod 613 0x028d69c8 code [0x028d6ce0, 0x028d77dc]

GC Heap History (8 events):
Event: 2.252 GC heap before
{Heap before GC invocations=0 (full 0):
 def new generation   total 4928K, used 4416K [0x04800000, 0x04d50000, 0x09d50000)
  eden space 4416K, 100% used [0x04800000, 0x04c50000, 0x04c50000)
  from space 512K,   0% used [0x04c50000, 0x04c50000, 0x04cd0000)
  to   space 512K,   0% used [0x04cd0000, 0x04cd0000, 0x04d50000)
 tenured generation   total 10944K, used 0K [0x09d50000, 0x0a800000, 0x14800000)
   the space 10944K,   0% used [0x09d50000, 0x09d50000, 0x09d50200, 0x0a800000)
 Metaspace       used 6588K, capacity 6768K, committed 6912K, reserved 7552K
Event: 2.267 GC heap after
Heap after GC invocations=1 (full 0):
 def new generation   total 4928K, used 512K [0x04800000, 0x04d50000, 0x09d50000)
  eden space 4416K,   0% used [0x04800000, 0x04800000, 0x04c50000)
  from space 512K, 100% used [0x04cd0000, 0x04d50000, 0x04d50000)
  to   space 512K,   0% used [0x04c50000, 0x04c50000, 0x04cd0000)
 tenured generation   total 10944K, used 1013K [0x09d50000, 0x0a800000, 0x14800000)
   the space 10944K,   9% used [0x09d50000, 0x09e4d750, 0x09e4d800, 0x0a800000)
 Metaspace       used 6588K, capacity 6768K, committed 6912K, reserved 7552K
}
Event: 3.657 GC heap before
{Heap before GC invocations=1 (full 0):
 def new generation   total 4928K, used 4928K [0x04800000, 0x04d50000, 0x09d50000)
  eden space 4416K, 100% used [0x04800000, 0x04c50000, 0x04c50000)
  from space 512K, 100% used [0x04cd0000, 0x04d50000, 0x04d50000)
  to   space 512K,   0% used [0x04c50000, 0x04c50000, 0x04cd0000)
 tenured generation   total 10944K, used 1013K [0x09d50000, 0x0a800000, 0x14800000)
   the space 10944K,   9% used [0x09d50000, 0x09e4d750, 0x09e4d800, 0x0a800000)
 Metaspace       used 9198K, capacity 9390K, committed 9600K, reserved 9600K
Event: 3.680 GC heap after
Heap after GC invocations=2 (full 0):
 def new generation   total 4928K, used 512K [0x04800000, 0x04d50000, 0x09d50000)
  eden space 4416K,   0% used [0x04800000, 0x04800000, 0x04c50000)
  from space 512K, 100% used [0x04c50000, 0x04cd0000, 0x04cd0000)
  to   space 512K,   0% used [0x04cd0000, 0x04cd0000, 0x04d50000)
 tenured generation   total 10944K, used 2495K [0x09d50000, 0x0a800000, 0x14800000)
   the space 10944K,  22% used [0x09d50000, 0x09fbfc18, 0x09fbfe00, 0x0a800000)
 Metaspace       used 9198K, capacity 9390K, committed 9600K, reserved 9600K
}
Event: 4.624 GC heap before
{Heap before GC invocations=2 (full 0):
 def new generation   total 4928K, used 4928K [0x04800000, 0x04d50000, 0x09d50000)
  eden space 4416K, 100% used [0x04800000, 0x04c50000, 0x04c50000)
  from space 512K, 100% used [0x04c50000, 0x04cd0000, 0x04cd0000)
  to   space 512K,   0% used [0x04cd0000, 0x04cd0000, 0x04d50000)
 tenured generation   total 10944K, used 2495K [0x09d50000, 0x0a800000, 0x14800000)
   the space 10944K,  22% used [0x09d50000, 0x09fbfc18, 0x09fbfe00, 0x0a800000)
 Metaspace       used 9803K, capacity 9998K, committed 10112K, reserved 10624K
Event: 4.634 GC heap after
Heap after GC invocations=3 (full 0):
 def new generation   total 4928K, used 512K [0x04800000, 0x04d50000, 0x09d50000)
  eden space 4416K,   0% used [0x04800000, 0x04800000, 0x04c50000)
  from space 512K, 100% used [0x04cd0000, 0x04d50000, 0x04d50000)
  to   space 512K,   0% used [0x04c50000, 0x04c50000, 0x04cd0000)
 tenured generation   total 10944K, used 2940K [0x09d50000, 0x0a800000, 0x14800000)
   the space 10944K,  26% used [0x09d50000, 0x0a02f2e8, 0x0a02f400, 0x0a800000)
 Metaspace       used 9803K, capacity 9998K, committed 10112K, reserved 10624K
}
Event: 5.146 GC heap before
{Heap before GC invocations=3 (full 0):
 def new generation   total 4928K, used 4928K [0x04800000, 0x04d50000, 0x09d50000)
  eden space 4416K, 100% used [0x04800000, 0x04c50000, 0x04c50000)
  from space 512K, 100% used [0x04cd0000, 0x04d50000, 0x04d50000)
  to   space 512K,   0% used [0x04c50000, 0x04c50000, 0x04cd0000)
 tenured generation   total 10944K, used 2940K [0x09d50000, 0x0a800000, 0x14800000)
   the space 10944K,  26% used [0x09d50000, 0x0a02f2e8, 0x0a02f400, 0x0a800000)
 Metaspace       used 10274K, capacity 10448K, committed 10624K, reserved 10624K
Event: 5.152 GC heap after
Heap after GC invocations=4 (full 0):
 def new generation   total 4928K, used 512K [0x04800000, 0x04d50000, 0x09d50000)
  eden space 4416K,   0% used [0x04800000, 0x04800000, 0x04c50000)
  from space 512K, 100% used [0x04c50000, 0x04cd0000, 0x04cd0000)
  to   space 512K,   0% used [0x04cd0000, 0x04cd0000, 0x04d50000)
 tenured generation   total 10944K, used 3207K [0x09d50000, 0x0a800000, 0x14800000)
   the space 10944K,  29% used [0x09d50000, 0x0a071ce0, 0x0a071e00, 0x0a800000)
 Metaspace       used 10274K, capacity 10448K, committed 10624K, reserved 10624K
}

Deoptimization events (0 events):
No events

Internal exceptions (10 events):
Event: 3.451 Thread 0x15980800 Exception <a 'java/security/PrivilegedActionException'> (0x04ae8e28) thrown at [C:\re\workspace\8-2-build-windows-i586-cygwin\jdk8u45\3457\hotspot\src\share\vm\prims\jvm.cpp, line 1382]
Event: 4.618 Thread 0x0021c400 Exception <a 'java/lang/NoClassDefFoundError': org/slf4j/impl/StaticLoggerBinder> (0x04c428a0) thrown at [C:\re\workspace\8-2-build-windows-i586-cygwin\jdk8u45\3457\hotspot\src\share\vm\classfile\systemDictionary.cpp, line 199]
Event: 4.658 Thread 0x0021c400 Exception <a 'java/lang/NullPointerException'> (0x04848840) thrown at [C:\re\workspace\8-2-build-windows-i586-cygwin\jdk8u45\3457\hotspot\src\share\vm\interpreter\linkResolver.cpp, line 1178]
Event: 4.660 Thread 0x0021c400 Exception <a 'java/lang/UnsatisfiedLinkError': Det går inte att hitta den angivna modulen.
> (0x04848de8) thrown at [C:\re\workspace\8-2-build-windows-i586-cygwin\jdk8u45\3457\hotspot\src\share\vm\prims\jni.cpp, line 735]
Event: 4.662 Thread 0x0021c400 Exception <a 'java/lang/UnsatisfiedLinkError': Det går inte att hitta den angivna modulen.
> (0x048490a8) thrown at [C:\re\workspace\8-2-build-windows-i586-cygwin\jdk8u45\3457\hotspot\src\share\vm\prims\jni.cpp, line 735]
Event: 4.663 Thread 0x0021c400 Exception <a 'java/lang/UnsatisfiedLinkError': Det går inte att hitta den angivna modulen.
> (0x048493e0) thrown at [C:\re\workspace\8-2-build-windows-i586-cygwin\jdk8u45\3457\hotspot\src\share\vm\prims\jni.cpp, line 735]
Event: 4.664 Thread 0x0021c400 Exception <a 'java/lang/UnsatisfiedLinkError'> (0x0484b810) thrown at [C:\re\workspace\8-2-build-windows-i586-cygwin\jdk8u45\3457\hotspot\src\share\vm\oops\instanceKlass.cpp, line 938]
Event: 4.679 Thread 0x0021c400 Exception <a 'java/lang/NullPointerException'> (0x04880b68) thrown at [C:\re\workspace\8-2-build-windows-i586-cygwin\jdk8u45\3457\hotspot\src\share\vm\interpreter\linkResolver.cpp, line 1178]
Event: 14.077 Thread 0x15a32400 Exception <a 'java/lang/NoSuchMethodError': <clinit>> (0x04aa4998) thrown at [C:\re\workspace\8-2-build-windows-i586-cygwin\jdk8u45\3457\hotspot\src\share\vm\prims\jni.cpp, line 1598]
Event: 15.237 Thread 0x15a33800 Exception <a 'java/lang/NoSuchMethodError': <clinit>> (0x04b03520) thrown at [C:\re\workspace\8-2-build-windows-i586-cygwin\jdk8u45\3457\hotspot\src\share\vm\prims\jni.cpp, line 1598]

Events (10 events):
Event: 16.360 Thread 0x15b07400 Thread added: 0x15b07400
Event: 16.361 Thread 0x15b07c00 Thread added: 0x15b07c00
Event: 16.361 Executing VM operation: RevokeBias
Event: 16.365 Executing VM operation: RevokeBias done
Event: 16.365 Thread 0x15b05c00 Thread exited: 0x15b05c00
Event: 16.366 Executing VM operation: RevokeBias
Event: 16.366 Executing VM operation: RevokeBias done
Event: 16.367 Executing VM operation: RevokeBias
Event: 16.367 Executing VM operation: RevokeBias done
Event: 16.367 Thread 0x15b02400 Thread exited: 0x15b02400


Dynamic libraries:
0x01330000 - 0x01363000 	C:\Program Files (x86)\Java\jdk1.8.0_45\bin\java.exe
0x770c0000 - 0x7722e000 	C:\WINDOWS\SYSTEM32\ntdll.dll
0x76b90000 - 0x76cd0000 	C:\WINDOWS\SYSTEM32\KERNEL32.DLL
0x74f80000 - 0x75057000 	C:\WINDOWS\SYSTEM32\KERNELBASE.dll
0x746f0000 - 0x74790000 	C:\WINDOWS\system32\apphelp.dll
0x71670000 - 0x718d5000 	C:\WINDOWS\AppPatch\AcGenral.DLL
0x76ac0000 - 0x76b83000 	C:\WINDOWS\SYSTEM32\msvcrt.dll
0x75530000 - 0x75571000 	C:\WINDOWS\SYSTEM32\sechost.dll
0x748c0000 - 0x748de000 	C:\WINDOWS\SYSTEM32\SspiCli.dll
0x769c0000 - 0x76a05000 	C:\WINDOWS\SYSTEM32\SHLWAPI.dll
0x73f10000 - 0x73ffd000 	C:\WINDOWS\SYSTEM32\UxTheme.dll
0x75230000 - 0x75383000 	C:\WINDOWS\SYSTEM32\USER32.dll
0x76cd0000 - 0x76dde000 	C:\WINDOWS\SYSTEM32\GDI32.dll
0x74100000 - 0x74123000 	C:\WINDOWS\SYSTEM32\WINMM.dll
0x72920000 - 0x72933000 	C:\WINDOWS\SYSTEM32\samcli.dll
0x75070000 - 0x75198000 	C:\WINDOWS\SYSTEM32\ole32.dll
0x74900000 - 0x74995000 	C:\WINDOWS\SYSTEM32\OLEAUT32.dll
0x72d70000 - 0x72d87000 	C:\WINDOWS\SYSTEM32\MSACM32.dll
0x72d60000 - 0x72d68000 	C:\WINDOWS\SYSTEM32\VERSION.dll
0x75580000 - 0x7682c000 	C:\WINDOWS\SYSTEM32\SHELL32.dll
0x74300000 - 0x7431b000 	C:\WINDOWS\SYSTEM32\USERENV.dll
0x73ef0000 - 0x73f0a000 	C:\WINDOWS\SYSTEM32\dwmapi.dll
0x71350000 - 0x7149b000 	C:\WINDOWS\SYSTEM32\urlmon.dll
0x751a0000 - 0x7521c000 	C:\WINDOWS\SYSTEM32\ADVAPI32.dll
0x743d0000 - 0x74435000 	C:\WINDOWS\SYSTEM32\WINSPOOL.DRV
0x74450000 - 0x74466000 	C:\WINDOWS\SYSTEM32\MPR.dll
0x76870000 - 0x7692a000 	C:\WINDOWS\SYSTEM32\RPCRT4.dll
0x748b0000 - 0x748ba000 	C:\WINDOWS\SYSTEM32\CRYPTBASE.dll
0x74bc0000 - 0x74d3d000 	C:\WINDOWS\SYSTEM32\combase.dll
0x740c0000 - 0x740e3000 	C:\WINDOWS\SYSTEM32\WINMMBASE.dll
0x740f0000 - 0x740ff000 	C:\WINDOWS\SYSTEM32\profapi.dll
0x73210000 - 0x73442000 	C:\WINDOWS\SYSTEM32\iertutil.dll
0x73490000 - 0x73665000 	C:\WINDOWS\SYSTEM32\WININET.dll
0x74850000 - 0x748a4000 	C:\WINDOWS\SYSTEM32\bcryptPrimitives.dll
0x76a70000 - 0x76aac000 	C:\WINDOWS\SYSTEM32\cfgmgr32.dll
0x74000000 - 0x74021000 	C:\WINDOWS\SYSTEM32\DEVOBJ.dll
0x74030000 - 0x740bb000 	C:\WINDOWS\SYSTEM32\SHCORE.DLL
0x76840000 - 0x76867000 	C:\WINDOWS\system32\IMM32.DLL
0x74e60000 - 0x74f72000 	C:\WINDOWS\SYSTEM32\MSCTF.dll
0x73710000 - 0x73916000 	C:\WINDOWS\WinSxS\x86_microsoft.windows.common-controls_6595b64144ccf1df_6.0.9600.17415_none_a9ed7f470139b3c1\COMCTL32.dll
0x5c160000 - 0x5c21f000 	C:\Program Files (x86)\Java\jdk1.8.0_45\jre\bin\msvcr100.dll
0x5bda0000 - 0x5c160000 	C:\Program Files (x86)\Java\jdk1.8.0_45\jre\bin\client\jvm.dll
0x6e840000 - 0x6e848000 	C:\WINDOWS\SYSTEM32\WSOCK32.dll
0x75220000 - 0x75226000 	C:\WINDOWS\SYSTEM32\PSAPI.DLL
0x74d40000 - 0x74d90000 	C:\WINDOWS\SYSTEM32\WS2_32.dll
0x75520000 - 0x75527000 	C:\WINDOWS\SYSTEM32\NSI.dll
0x69ad0000 - 0x69adc000 	C:\Program Files (x86)\Java\jdk1.8.0_45\jre\bin\verify.dll
0x69aa0000 - 0x69ac1000 	C:\Program Files (x86)\Java\jdk1.8.0_45\jre\bin\java.dll
0x693c0000 - 0x693d3000 	C:\Program Files (x86)\Java\jdk1.8.0_45\jre\bin\zip.dll
0x693a0000 - 0x693b5000 	C:\Program Files (x86)\Java\jdk1.8.0_45\jre\bin\net.dll
0x73d70000 - 0x73dbb000 	C:\WINDOWS\system32\mswsock.dll
0x5bc50000 - 0x5bd95000 	C:\Program Files (x86)\Java\jdk1.8.0_45\jre\bin\awt.dll
0x150c0000 - 0x150f9000 	C:\Program Files (x86)\Samsung\Settings\CmdServer\WinCRT.dll
0x74790000 - 0x74799000 	C:\WINDOWS\SYSTEM32\kernel.appcore.dll
0x63080000 - 0x630b9000 	C:\Program Files (x86)\Java\jdk1.8.0_45\jre\bin\fontmanager.dll
0x69a90000 - 0x69a9f000 	C:\Program Files (x86)\Java\jdk1.8.0_45\jre\bin\nio.dll
0x61fa0000 - 0x61fd0000 	C:\Program Files (x86)\Java\jdk1.8.0_45\jre\bin\t2k.dll
0x73940000 - 0x73960000 	C:\WINDOWS\SYSTEM32\IPHLPAPI.DLL
0x730f0000 - 0x730f8000 	C:\WINDOWS\SYSTEM32\WINNSI.DLL
0x72730000 - 0x72743000 	C:\WINDOWS\SYSTEM32\dhcpcsvc6.DLL
0x72710000 - 0x72724000 	C:\WINDOWS\SYSTEM32\dhcpcsvc.DLL
0x76930000 - 0x769bd000 	C:\WINDOWS\SYSTEM32\clbcatq.dll
0x708c0000 - 0x70a2b000 	C:\WINDOWS\SYSTEM32\WindowsCodecs.dll
0x72670000 - 0x72689000 	C:\WINDOWS\SYSTEM32\CRYPTSP.dll
0x72640000 - 0x72670000 	C:\WINDOWS\system32\rsaenh.dll
0x72620000 - 0x7263e000 	C:\WINDOWS\SYSTEM32\bcrypt.dll
0x74320000 - 0x743a9000 	C:\WINDOWS\WinSxS\x86_microsoft.windows.common-controls_6595b64144ccf1df_5.82.9600.17415_none_7c5769eaaa0aa358\comctl32.dll
0x749a0000 - 0x74b51000 	C:\WINDOWS\SYSTEM32\SETUPAPI.dll
0x70a40000 - 0x70b7a000 	C:\WINDOWS\system32\propsys.dll
0x5bab0000 - 0x5bc4a000 	C:\WINDOWS\system32\NetworkExplorer.dll
0x6f290000 - 0x6f2b3000 	C:\Windows\SYSTEM32\thumbcache.dll
0x57770000 - 0x57779000 	C:\WINDOWS\System32\drprov.dll
0x73c40000 - 0x73c85000 	C:\WINDOWS\System32\WINSTA.dll
0x57750000 - 0x57762000 	C:\WINDOWS\System32\ntlanman.dll
0x57590000 - 0x575aa000 	C:\WINDOWS\System32\davclnt.dll
0x57580000 - 0x5758a000 	C:\WINDOWS\System32\DAVHLPR.dll
0x730a0000 - 0x730b1000 	C:\WINDOWS\System32\wkscli.dll
0x70450000 - 0x7045f000 	C:\WINDOWS\SYSTEM32\cscapi.dll
0x730e0000 - 0x730ea000 	C:\WINDOWS\System32\netutils.dll
0x57510000 - 0x5757e000 	C:\Windows\SYSTEM32\dlnashext.dll
0x5d5c0000 - 0x5d5f9000 	C:\Windows\System32\PlayToDevice.dll
0x61f10000 - 0x61f2a000 	C:\Windows\System32\DevDispItemProvider.dll
0x6f000000 - 0x6f103000 	C:\Windows\SYSTEM32\actxprxy.dll
0x5ba70000 - 0x5baa7000 	C:\WINDOWS\System32\netprofm.dll
0x69390000 - 0x69399000 	C:\WINDOWS\System32\npmproxy.dll
0x5b880000 - 0x5ba66000 	C:\WINDOWS\system32\wpdshext.dll
0x74130000 - 0x742a0000 	C:\WINDOWS\WinSxS\x86_microsoft.windows.gdiplus_6595b64144ccf1df_1.1.9600.17415_none_dad8722c5bcc2d8f\gdiplus.dll
0x5b7f0000 - 0x5b880000 	C:\Windows\SYSTEM32\PortableDeviceApi.dll
0x74e20000 - 0x74e5d000 	C:\WINDOWS\SYSTEM32\WINTRUST.dll
0x75390000 - 0x75518000 	C:\WINDOWS\SYSTEM32\CRYPT32.dll
0x76ab0000 - 0x76abe000 	C:\WINDOWS\SYSTEM32\MSASN1.dll
0x5b7b0000 - 0x5b7f0000 	C:\WINDOWS\system32\audiodev.dll
0x5b360000 - 0x5b5f1000 	C:\WINDOWS\system32\WMVCore.DLL
0x5b770000 - 0x5b7ad000 	C:\WINDOWS\system32\WMASF.DLL
0x6e850000 - 0x6e85b000 	C:\WINDOWS\SYSTEM32\LINKINFO.dll
0x72900000 - 0x72914000 	C:\WINDOWS\SYSTEM32\SAMLIB.dll
0x17620000 - 0x1765d000 	C:\Users\Alexander\AppData\Local\Temp\jna-Alexander\jna8420701172054177393.dll
0x61f30000 - 0x61f59000 	C:\Users\Alexander\Documents\GitHub\sadoksync\Client\SadokSync\target\classes\VLC\libvlc.dll
0x5b0d0000 - 0x5b359000 	C:\Users\Alexander\Documents\GitHub\sadoksync\Client\SadokSync\target\classes\VLC\libvlccore.dll
0x5b040000 - 0x5b0cd000 	C:\Users\Alexander\Documents\GitHub\sadoksync\Client\SadokSync\target\classes\VLC\plugins\access\libdshow_plugin.dll
0x61f80000 - 0x61f91000 	C:\Users\Alexander\Documents\GitHub\sadoksync\Client\SadokSync\target\classes\VLC\plugins\audio_output\libdirectsound_plugin.dll
0x5b750000 - 0x5b761000 	C:\Users\Alexander\Documents\GitHub\sadoksync\Client\SadokSync\target\classes\VLC\plugins\audio_output\libwaveout_plugin.dll
0x5b730000 - 0x5b74d000 	C:\Users\Alexander\Documents\GitHub\sadoksync\Client\SadokSync\target\classes\VLC\plugins\video_output\libdirect3d_plugin.dll
0x5b020000 - 0x5b03a000 	C:\Users\Alexander\Documents\GitHub\sadoksync\Client\SadokSync\target\classes\VLC\plugins\video_output\libdirectdraw_plugin.dll
0x5af90000 - 0x5b011000 	C:\WINDOWS\SYSTEM32\DSOUND.DLL
0x72980000 - 0x729c0000 	C:\WINDOWS\SYSTEM32\POWRPROF.dll
0x72cb0000 - 0x72d03000 	C:\WINDOWS\System32\MMDevApi.dll
0x5af60000 - 0x5af84000 	C:\Program Files (x86)\Java\jdk1.8.0_45\jre\bin\dcpr.dll
0x73cf0000 - 0x73d6e000 	C:\WINDOWS\SYSTEM32\DNSAPI.dll
0x73ce0000 - 0x73ce8000 	C:\Windows\System32\rasadhlp.dll
0x73c90000 - 0x73cd6000 	C:\WINDOWS\System32\fwpuclnt.dll
0x69550000 - 0x69691000 	C:\WINDOWS\SYSTEM32\dbghelp.dll
0x63070000 - 0x63076000 	C:\Program Files (x86)\Java\jdk1.8.0_45\jre\bin\jawt.dll
0x5ae90000 - 0x5af55000 	C:\Users\Alexander\Documents\GitHub\sadoksync\Client\SadokSync\target\classes\VLC\plugins\access\liblive555_plugin.dll

VM Arguments:
java_command: com.sadoksync.sadoksync.Driver
java_class_path (initial): C:\Users\Alexander\Documents\GitHub\sadoksync\Client\SadokSync\target\classes;C:\Users\Alexander\.m2\repository\uk\co\caprica\vlcj\3.6.0\vlcj-3.6.0.jar;C:\Users\Alexander\.m2\repository\net\java\dev\jna\jna\3.5.2\jna-3.5.2.jar;C:\Users\Alexander\.m2\repository\net\java\dev\jna\platform\3.5.2\platform-3.5.2.jar;C:\Users\Alexander\.m2\repository\org\slf4j\slf4j-api\1.7.10\slf4j-api-1.7.10.jar
Launcher Type: SUN_STANDARD

Environment Variables:
JAVA_HOME=C:\Program Files (x86)\Java\jdk1.8.0_45
PATH=C:\Program Files (x86)\NVIDIA Corporation\PhysX\Common;C:\Program Files (x86)\Intel\iCLS Client\;C:\Program Files\Intel\iCLS Client\;C:\WINDOWS\system32;C:\WINDOWS;C:\WINDOWS\System32\Wbem;C:\WINDOWS\System32\WindowsPowerShell\v1.0\;C:\Program Files\Intel\WiFi\bin\;C:\Program Files\Common Files\Intel\WirelessCommon\;C:\Program Files\Intel\Intel(R) Management Engine Components\DAL;C:\Program Files\Intel\Intel(R) Management Engine Components\IPT;C:\Program Files (x86)\Intel\Intel(R) Management Engine Components\DAL;C:\Program Files (x86)\Intel\Intel(R) Management Engine Components\IPT;C:\Program Files (x86)\Intel\OpenCL SDK\2.0\bin\x86;C:\Program Files (x86)\Intel\OpenCL SDK\2.0\bin\x64;C:\Program Files (x86)\Windows Live\Shared;C:\Program Files\Condusiv Technologies\IntelliMemory\;C:\Program Files\Java\jdk1.7.0_45\bin;C:\VXIPNP\WinNT\Bin;;C:\Program Files\Samsung\AllShare Framework DMS\1.3.23\64bit\???;C:\Program Files (x86)\MiKTeX 2.9\miktex\bin\;C:\Program Files (x86)\OpenVPN\bin
USERNAME=Alexander
OS=Windows_NT
PROCESSOR_IDENTIFIER=Intel64 Family 6 Model 58 Stepping 9, GenuineIntel



---------------  S Y S T E M  ---------------

OS: Windows 8.1 , 64 bit Build 9600 (6.3.9600.17415)

CPU:total 4 (2 cores per cpu, 2 threads per core) family 6 model 58 stepping 9, cmov, cx8, fxsr, mmx, sse, sse2, sse3, ssse3, sse4.1, sse4.2, popcnt, avx, clmul, erms, ht, tsc, tscinvbit, tscinv

Memory: 4k page, physical 8001056k(540764k free), swap 11146788k(1764008k free)

vm_info: Java HotSpot(TM) Client VM (25.45-b02) for windows-x86 JRE (1.8.0_45-b14), built on Apr 10 2015 10:46:40 by "java_re" with MS VC++ 10.0 (VS2010)

time: Thu Apr 23 15:10:08 2015
elapsed time: 16 seconds (0d 0h 0m 16s)

