#
# A fatal error has been detected by the Java Runtime Environment:
#
#  EXCEPTION_ACCESS_VIOLATION (0xc0000005) at pc=0x770ddf63, pid=5504, tid=7776
#
# JRE version: Java(TM) SE Runtime Environment (8.0_45-b14) (build 1.8.0_45-b14)
# Java VM: Java HotSpot(TM) Client VM (25.45-b02 mixed mode windows-x86 )
# Problematic frame:
# C  [ntdll.dll+0x1df63]
#
# Failed to write core dump. Minidumps are not enabled by default on client versions of Windows
#
# If you would like to submit a bug report, please visit:
#   http://bugreport.java.com/bugreport/crash.jsp
# The crash happened outside the Java Virtual Machine in native code.
# See problematic frame for where to report the bug.
#

---------------  T H R E A D  ---------------

Current thread (0x16472c00):  JavaThread "Thread-25" [_thread_in_native, id=7776, stack(0x19040000,0x19090000)]

siginfo: ExceptionCode=0xc0000005, writing address 0x00000014

Registers:
EAX=0x00000000, EBX=0x00000b38, ECX=0xfffffffc, EDX=0x00000000
ESP=0x1908d918, EBP=0x1908d978, ESI=0x179cdc18, EDI=0x00000000
EIP=0x770ddf63, EFLAGS=0x00010213

Top of Stack: (sp=0x1908d918)
0x1908d918:   00000000 179cdc1c 179cdc18 00000000
0x1908d928:   179cdc18 00000000 7fb89000 00000000
0x1908d938:   00000000 00000000 16635b60 04caac38
0x1908d948:   1643af58 1908de10 5c05752e 28f8804f
0x1908d958:   fffffffe 1908d96c 5bda6ef4 16470100
0x1908d968:   1908dda4 1908d98c 1908d944 46f8e75a
0x1908d978:   1908d9a4 770dde0b 1908e0f0 179cdb80
0x1908d988:   179cdc14 00000000 179cdc18 00000001 

Instructions: (pc=0x770ddf63)
0x770ddf43:   c2 f0 0f b1 0e 8b 75 b0 3b c2 0f 85 cf 5e fe ff
0x770ddf53:   83 65 c0 00 33 c0 89 45 c4 8b 06 83 f8 ff 74 03
0x770ddf63:   ff 40 14 b8 82 03 fe 7f 8a 08 84 c9 0f 85 c8 34
0x770ddf73:   06 00 57 6a 00 83 fb ff 0f 84 0b 35 06 00 53 e8 


Register to memory mapping:

EAX=0x00000000 is an unknown value
EBX=0x00000b38 is an unknown value
ECX=0xfffffffc is an unknown value
EDX=0x00000000 is an unknown value
ESP=0x1908d918 is pointing into the stack for thread: 0x16472c00
EBP=0x1908d978 is pointing into the stack for thread: 0x16472c00
ESI=0x179cdc18 is an unknown value
EDI=0x00000000 is an unknown value


Stack: [0x19040000,0x19090000],  sp=0x1908d918,  free space=310k
Native frames: (J=compiled Java code, j=interpreted, Vv=VM code, C=native code)
C  [ntdll.dll+0x1df63]
C  [ntdll.dll+0x1de0b]
C  [ntdll.dll+0x1de35]
C  [libvlccore.dll+0xa3bb0]
C  [jna7502238888239732970.dll+0xd546]
C  [jna7502238888239732970.dll+0x2e5e]
C  [jna7502238888239732970.dll+0x535e]
j  com.sun.jna.Native.invokePointer(JI[Ljava/lang/Object;)J+0
j  com.sun.jna.Function.invokePointer(I[Ljava/lang/Object;)Lcom/sun/jna/Pointer;+6
j  com.sun.jna.Function.invoke([Ljava/lang/Object;Ljava/lang/Class;Z)Ljava/lang/Object;+642
j  com.sun.jna.Function.invoke(Ljava/lang/Class;[Ljava/lang/Object;Ljava/util/Map;)Ljava/lang/Object;+214
j  com.sun.jna.Library$Handler.invoke(Ljava/lang/Object;Ljava/lang/reflect/Method;[Ljava/lang/Object;)Ljava/lang/Object;+341
j  com.sun.proxy.$Proxy0.libvlc_media_get_mrl(Luk/co/caprica/vlcj/binding/internal/libvlc_media_t;)Lcom/sun/jna/Pointer;+16
j  uk.co.caprica.vlcj.player.DefaultMediaPlayer.mrl(Luk/co/caprica/vlcj/binding/internal/libvlc_media_t;)Ljava/lang/String;+22
j  uk.co.caprica.vlcj.player.events.MediaPlayerEventFactory.createEvent(Luk/co/caprica/vlcj/binding/internal/libvlc_event_t;J)Luk/co/caprica/vlcj/player/events/MediaPlayerEvent;+195
j  uk.co.caprica.vlcj.player.DefaultMediaPlayer$EventCallback.callback(Luk/co/caprica/vlcj/binding/internal/libvlc_event_t;Lcom/sun/jna/Pointer;)V+31
v  ~StubRoutines::call_stub
V  [jvm.dll+0x155cb5]
V  [jvm.dll+0x21b12e]
V  [jvm.dll+0x155d4e]
V  [jvm.dll+0x16245a]
V  [jvm.dll+0x1626b3]
V  [jvm.dll+0xffdc3]
C  [java.dll+0x3b22]
j  sun.reflect.NativeMethodAccessorImpl.invoke(Ljava/lang/Object;[Ljava/lang/Object;)Ljava/lang/Object;+100
j  sun.reflect.DelegatingMethodAccessorImpl.invoke(Ljava/lang/Object;[Ljava/lang/Object;)Ljava/lang/Object;+6
j  java.lang.reflect.Method.invoke(Ljava/lang/Object;[Ljava/lang/Object;)Ljava/lang/Object;+56
j  com.sun.jna.CallbackReference$DefaultCallbackProxy.invokeCallback([Ljava/lang/Object;)Ljava/lang/Object;+127
j  com.sun.jna.CallbackReference$DefaultCallbackProxy.callback([Ljava/lang/Object;)Ljava/lang/Object;+2
v  ~StubRoutines::call_stub
V  [jvm.dll+0x155cb5]
V  [jvm.dll+0x21b12e]
V  [jvm.dll+0x155d4e]
V  [jvm.dll+0xdae87]
V  [jvm.dll+0xdc708]
C  [jna7502238888239732970.dll+0xa682]
C  [jna7502238888239732970.dll+0xae0e]
C  [jna7502238888239732970.dll+0xd602]
C  [jna7502238888239732970.dll+0xdd2e]
C  [libvlc.dll+0xa0a0]

Java frames: (J=compiled Java code, j=interpreted, Vv=VM code)
j  com.sun.jna.Native.invokePointer(JI[Ljava/lang/Object;)J+0
j  com.sun.jna.Function.invokePointer(I[Ljava/lang/Object;)Lcom/sun/jna/Pointer;+6
j  com.sun.jna.Function.invoke([Ljava/lang/Object;Ljava/lang/Class;Z)Ljava/lang/Object;+642
j  com.sun.jna.Function.invoke(Ljava/lang/Class;[Ljava/lang/Object;Ljava/util/Map;)Ljava/lang/Object;+214
j  com.sun.jna.Library$Handler.invoke(Ljava/lang/Object;Ljava/lang/reflect/Method;[Ljava/lang/Object;)Ljava/lang/Object;+341
j  com.sun.proxy.$Proxy0.libvlc_media_get_mrl(Luk/co/caprica/vlcj/binding/internal/libvlc_media_t;)Lcom/sun/jna/Pointer;+16
j  uk.co.caprica.vlcj.player.DefaultMediaPlayer.mrl(Luk/co/caprica/vlcj/binding/internal/libvlc_media_t;)Ljava/lang/String;+22
j  uk.co.caprica.vlcj.player.events.MediaPlayerEventFactory.createEvent(Luk/co/caprica/vlcj/binding/internal/libvlc_event_t;J)Luk/co/caprica/vlcj/player/events/MediaPlayerEvent;+195
j  uk.co.caprica.vlcj.player.DefaultMediaPlayer$EventCallback.callback(Luk/co/caprica/vlcj/binding/internal/libvlc_event_t;Lcom/sun/jna/Pointer;)V+31
v  ~StubRoutines::call_stub
j  sun.reflect.NativeMethodAccessorImpl.invoke0(Ljava/lang/reflect/Method;Ljava/lang/Object;[Ljava/lang/Object;)Ljava/lang/Object;+0
j  sun.reflect.NativeMethodAccessorImpl.invoke(Ljava/lang/Object;[Ljava/lang/Object;)Ljava/lang/Object;+100
j  sun.reflect.DelegatingMethodAccessorImpl.invoke(Ljava/lang/Object;[Ljava/lang/Object;)Ljava/lang/Object;+6
j  java.lang.reflect.Method.invoke(Ljava/lang/Object;[Ljava/lang/Object;)Ljava/lang/Object;+56
j  com.sun.jna.CallbackReference$DefaultCallbackProxy.invokeCallback([Ljava/lang/Object;)Ljava/lang/Object;+127
j  com.sun.jna.CallbackReference$DefaultCallbackProxy.callback([Ljava/lang/Object;)Ljava/lang/Object;+2
v  ~StubRoutines::call_stub
j  com.sun.jna.Native.invokeVoid(JI[Ljava/lang/Object;)V+0
j  com.sun.jna.Function.invoke([Ljava/lang/Object;Ljava/lang/Class;Z)Ljava/lang/Object;+48
j  com.sun.jna.Function.invoke(Ljava/lang/Class;[Ljava/lang/Object;Ljava/util/Map;)Ljava/lang/Object;+214
j  com.sun.jna.Library$Handler.invoke(Ljava/lang/Object;Ljava/lang/reflect/Method;[Ljava/lang/Object;)Ljava/lang/Object;+341
j  com.sun.proxy.$Proxy0.libvlc_media_player_set_media(Luk/co/caprica/vlcj/binding/internal/libvlc_media_player_t;Luk/co/caprica/vlcj/binding/internal/libvlc_media_t;)V+20
j  uk.co.caprica.vlcj.player.DefaultMediaPlayer.setMedia(Ljava/lang/String;[Ljava/lang/String;)Z+302
j  uk.co.caprica.vlcj.player.DefaultMediaPlayer.prepareMedia(Ljava/lang/String;[Ljava/lang/String;)Z+19
j  uk.co.caprica.vlcj.player.DefaultMediaPlayer.playMedia(Ljava/lang/String;[Ljava/lang/String;)Z+19
j  com.sadoksync.sadoksync.Client.connectToRtsp()V+12
j  com.sadoksync.sadoksync.ConnectionHandler.run()V+462
v  ~StubRoutines::call_stub

---------------  P R O C E S S  ---------------

Java Threads: ( => current thread )
  0x181bc000 JavaThread "pool-1-thread-45" [_thread_blocked, id=7568, stack(0x1aef0000,0x1af40000)]
  0x181bec00 JavaThread "pool-1-thread-44" [_thread_in_native, id=5268, stack(0x1ae60000,0x1aeb0000)]
  0x181bfc00 JavaThread "Thread-93" [_thread_in_Java, id=8336, stack(0x1ad40000,0x1ad90000)]
  0x181bf400 JavaThread "Thread-91" [_thread_in_native, id=5320, stack(0x1add0000,0x1ae20000)]
  0x181bdc00 JavaThread "pool-1-thread-43" [_thread_blocked, id=2384, stack(0x1a9e0000,0x1aa30000)]
  0x181be800 JavaThread "pool-1-thread-42" [_thread_blocked, id=8764, stack(0x1acb0000,0x1ad00000)]
  0x181bd000 JavaThread "pool-1-thread-41" [_thread_blocked, id=8728, stack(0x1ab00000,0x1ab50000)]
  0x181be000 JavaThread "Thread-85" [_thread_in_native, id=3028, stack(0x1ab90000,0x1abe0000)]
  0x1663c800 JavaThread "pool-1-thread-40" [_thread_blocked, id=7280, stack(0x1a7a0000,0x1a7f0000)]
  0x16472000 JavaThread "pool-1-thread-39" [_thread_blocked, id=8260, stack(0x1aa70000,0x1aac0000)]
  0x16470800 JavaThread "pool-1-thread-38" [_thread_blocked, id=6956, stack(0x1a950000,0x1a9a0000)]
  0x1663c000 JavaThread "Thread-79" [_thread_in_native, id=3652, stack(0x1a8c0000,0x1a910000)]
  0x1663ec00 JavaThread "pool-1-thread-37" [_thread_blocked, id=5612, stack(0x1a240000,0x1a290000)]
  0x1663f800 JavaThread "pool-1-thread-36" [_thread_blocked, id=8900, stack(0x1a830000,0x1a880000)]
  0x1663e000 JavaThread "pool-1-thread-35" [_thread_blocked, id=6084, stack(0x1a710000,0x1a760000)]
  0x1663f400 JavaThread "Thread-73" [_thread_in_native, id=9104, stack(0x1a680000,0x1a6d0000)]
  0x1663ac00 JavaThread "pool-1-thread-34" [_thread_blocked, id=7664, stack(0x19f50000,0x19fa0000)]
  0x1663e400 JavaThread "pool-1-thread-33" [_thread_blocked, id=2488, stack(0x1a5f0000,0x1a640000)]
  0x1663d800 JavaThread "pool-1-thread-32" [_thread_blocked, id=2508, stack(0x1a070000,0x1a0c0000)]
  0x1663b800 JavaThread "Thread-67" [_thread_in_native, id=5152, stack(0x19c80000,0x19cd0000)]
  0x1663a000 JavaThread "pool-1-thread-31" [_thread_blocked, id=8912, stack(0x19bf0000,0x19c40000)]
  0x1663d400 JavaThread "pool-1-thread-30" [_thread_blocked, id=6672, stack(0x19fe0000,0x1a030000)]
  0x16639c00 JavaThread "pool-1-thread-29" [_thread_blocked, id=3136, stack(0x19ec0000,0x19f10000)]
  0x1663cc00 JavaThread "Thread-61" [_thread_in_native, id=5988, stack(0x19e30000,0x19e80000)]
  0x1663b400 JavaThread "pool-1-thread-28" [_thread_blocked, id=7092, stack(0x18e00000,0x18e50000)]
  0x16639000 JavaThread "pool-1-thread-27" [_thread_blocked, id=6108, stack(0x19d10000,0x19d60000)]
  0x16638000 JavaThread "pool-1-thread-26" [_thread_blocked, id=6312, stack(0x19b60000,0x19bb0000)]
  0x16638800 JavaThread "pool-1-thread-25" [_thread_blocked, id=3132, stack(0x19ad0000,0x19b20000)]
  0x16639400 JavaThread "Thread-55" [_thread_in_native, id=5556, stack(0x19920000,0x19970000)]
  0x1663a800 JavaThread "pool-1-thread-24" [_thread_blocked, id=6092, stack(0x199b0000,0x19a00000)]
  0x163c1000 JavaThread "pool-1-thread-23" [_thread_blocked, id=3428, stack(0x1a560000,0x1a5b0000)]
  0x163c2800 JavaThread "Thread-49" [_thread_in_native, id=7948, stack(0x19800000,0x19850000)]
  0x163bc400 JavaThread "pool-1-thread-22" [_thread_blocked, id=6228, stack(0x19770000,0x197c0000)]
  0x163be400 JavaThread "pool-1-thread-21" [_thread_blocked, id=5204, stack(0x1a2d0000,0x1a320000)]
  0x163c1400 JavaThread "pool-1-thread-20" [_thread_blocked, id=3764, stack(0x1a1b0000,0x1a200000)]
  0x163c0800 JavaThread "Thread-43" [_thread_in_native, id=8312, stack(0x1a120000,0x1a170000)]
  0x163c0000 JavaThread "pool-1-thread-19" [_thread_blocked, id=4640, stack(0x193a0000,0x193f0000)]
  0x163c2000 JavaThread "pool-1-thread-18" [_thread_blocked, id=8268, stack(0x19890000,0x198e0000)]
  0x163bfc00 JavaThread "pool-1-thread-17" [_thread_blocked, id=6556, stack(0x196e0000,0x19730000)]
  0x163bf400 JavaThread "pool-1-thread-16" [_thread_blocked, id=3784, stack(0x19550000,0x195a0000)]
  0x163bb800 JavaThread "Thread-37" [_thread_in_native, id=7840, stack(0x191f0000,0x19240000)]
  0x163bf000 JavaThread "pool-1-thread-15" [_thread_blocked, id=5828, stack(0x194c0000,0x19510000)]
  0x163bbc00 JavaThread "pool-1-thread-14" [_thread_blocked, id=6184, stack(0x19430000,0x19480000)]
  0x163bd400 JavaThread "Thread-31" [_thread_in_native, id=132, stack(0x19310000,0x19360000)]
  0x163bd000 JavaThread "pool-1-thread-13" [_thread_blocked, id=7616, stack(0x18f20000,0x18f70000)]
  0x163bc800 JavaThread "pool-3-thread-1" [_thread_blocked, id=8860, stack(0x18d70000,0x18dc0000)]
  0x163bb000 JavaThread "pool-1-thread-12" [_thread_blocked, id=8560, stack(0x19280000,0x192d0000)]
  0x163bdc00 JavaThread "pool-1-thread-11" [_thread_blocked, id=8424, stack(0x19160000,0x191b0000)]
  0x163be800 JavaThread "pool-1-thread-10" [_thread_blocked, id=6468, stack(0x190d0000,0x19120000)]
=>0x16472c00 JavaThread "Thread-25" [_thread_in_native, id=7776, stack(0x19040000,0x19090000)]
  0x16471400 JavaThread "pool-1-thread-9" [_thread_blocked, id=6440, stack(0x18fb0000,0x19000000)]
  0x16473400 JavaThread "pool-1-thread-8" [_thread_blocked, id=5640, stack(0x18e90000,0x18ee0000)]
  0x16470000 JavaThread "pool-1-thread-7" [_thread_blocked, id=4680, stack(0x18c40000,0x18c90000)]
  0x1646fc00 JavaThread "pool-1-thread-6" [_thread_blocked, id=2948, stack(0x18ce0000,0x18d30000)]
  0x16472800 JavaThread "pool-1-thread-5" [_thread_blocked, id=7476, stack(0x171a0000,0x171f0000)]
  0x16470c00 JavaThread "pool-1-thread-4" [_thread_blocked, id=6056, stack(0x18bb0000,0x18c00000)]
  0x1646f400 JavaThread "pool-1-thread-3" [_thread_in_vm, id=8668, stack(0x18b20000,0x18b70000)]
  0x16607400 JavaThread "TimerQueue" daemon [_thread_blocked, id=8448, stack(0x18a90000,0x18ae0000)]
  0x0123c400 JavaThread "DestroyJavaVM" [_thread_blocked, id=9072, stack(0x010d0000,0x01120000)]
  0x163db800 JavaThread "Swing-Shell" daemon [_thread_blocked, id=5996, stack(0x17250000,0x172a0000)]
  0x162f3800 JavaThread "AWT-EventQueue-0" [_thread_blocked, id=4312, stack(0x168b0000,0x16900000)]
  0x14fda000 JavaThread "AWT-Shutdown" [_thread_blocked, id=7148, stack(0x15a00000,0x15a50000)]
  0x14fdf000 JavaThread "AWT-Windows" daemon [_thread_in_native, id=4608, stack(0x15a90000,0x15ae0000)]
  0x14fd9400 JavaThread "Java2D Disposer" daemon [_thread_blocked, id=6516, stack(0x15970000,0x159c0000)]
  0x14f17800 JavaThread "pool-1-thread-2" [_thread_in_vm, id=476, stack(0x15400000,0x15450000)]
  0x14f16c00 JavaThread "pool-1-thread-1" [_thread_in_native, id=2352, stack(0x15370000,0x153c0000)]
  0x14e96400 JavaThread "Service Thread" daemon [_thread_blocked, id=2512, stack(0x15250000,0x152a0000)]
  0x14e9a400 JavaThread "C1 CompilerThread0" daemon [_thread_blocked, id=4568, stack(0x151c0000,0x15210000)]
  0x14e99400 JavaThread "Attach Listener" daemon [_thread_blocked, id=5888, stack(0x15130000,0x15180000)]
  0x14e97000 JavaThread "Signal Dispatcher" daemon [_thread_blocked, id=2612, stack(0x150a0000,0x150f0000)]
  0x14e66800 JavaThread "Finalizer" daemon [_thread_blocked, id=6756, stack(0x04990000,0x049e0000)]
  0x0286ec00 JavaThread "Reference Handler" daemon [_thread_blocked, id=5776, stack(0x04900000,0x04950000)]

Other Threads:
  0x0286d400 VMThread [stack: 0x04870000,0x048c0000] [id=2344]
  0x14eb5400 WatcherThread [stack: 0x152e0000,0x15330000] [id=3344]

VM state:not at safepoint (normal execution)

VM Mutex/Monitor currently owned by a thread: None

Heap:
 def new generation   total 4928K, used 510K [0x04a00000, 0x04f50000, 0x09f50000)
  eden space 4416K,   4% used [0x04a00000, 0x04a30a08, 0x04e50000)
  from space 512K,  61% used [0x04e50000, 0x04e9f1c0, 0x04ed0000)
  to   space 512K,   0% used [0x04ed0000, 0x04ed0000, 0x04f50000)
 tenured generation   total 10944K, used 7185K [0x09f50000, 0x0aa00000, 0x14a00000)
   the space 10944K,  65% used [0x09f50000, 0x0a654518, 0x0a654600, 0x0aa00000)
 Metaspace       used 10905K, capacity 11106K, committed 11264K, reserved 11648K

Card table byte_map: [0x01240000,0x012d0000] byte_map_base: 0x0121b000

Polling page: 0x00e30000

CodeCache: size=32768Kb used=1536Kb max_used=1536Kb free=31231Kb
 bounds [0x02870000, 0x029f8000, 0x04870000]
 total_blobs=901 nmethods=651 adapters=180
 compilation: enabled

Compilation events (10 events):
Event: 22.883 Thread 0x14e9a400 nmethod 609 0x029d6008 code [0x029d6100, 0x029d6180]
Event: 22.883 Thread 0x14e9a400  610             java.io.WinNTFileSystem::isLetter (30 bytes)
Event: 22.884 Thread 0x14e9a400 nmethod 610 0x029d61c8 code [0x029d62c0, 0x029d6390]
Event: 22.910 Thread 0x14e9a400  611             com.sun.jna.Structure::getFieldList (132 bytes)
Event: 22.916 Thread 0x14e9a400 nmethod 611 0x029d63c8 code [0x029d6580, 0x029d6950]
Event: 22.917 Thread 0x14e9a400  612             java.net.URI$Parser::charAt (9 bytes)
Event: 22.917 Thread 0x14e9a400 nmethod 612 0x029d6e48 code [0x029d6f50, 0x029d704c]
Event: 22.932 Thread 0x14e9a400  613             java.util.HashMap$HashIterator::<init> (79 bytes)
Event: 22.935 Thread 0x14e9a400 nmethod 613 0x029d7188 code [0x029d7280, 0x029d73b0]
Event: 22.936 Thread 0x14e9a400  614             sun.nio.cs.SingleByte$Encoder::encodeArrayLoop (236 bytes)

GC Heap History (10 events):
Event: 2.462 GC heap before
{Heap before GC invocations=0 (full 0):
 def new generation   total 4928K, used 4416K [0x04a00000, 0x04f50000, 0x09f50000)
  eden space 4416K, 100% used [0x04a00000, 0x04e50000, 0x04e50000)
  from space 512K,   0% used [0x04e50000, 0x04e50000, 0x04ed0000)
  to   space 512K,   0% used [0x04ed0000, 0x04ed0000, 0x04f50000)
 tenured generation   total 10944K, used 0K [0x09f50000, 0x0aa00000, 0x14a00000)
   the space 10944K,   0% used [0x09f50000, 0x09f50000, 0x09f50200, 0x0aa00000)
 Metaspace       used 6590K, capacity 6768K, committed 6912K, reserved 7552K
Event: 2.477 GC heap after
Heap after GC invocations=1 (full 0):
 def new generation   total 4928K, used 512K [0x04a00000, 0x04f50000, 0x09f50000)
  eden space 4416K,   0% used [0x04a00000, 0x04a00000, 0x04e50000)
  from space 512K, 100% used [0x04ed0000, 0x04f50000, 0x04f50000)
  to   space 512K,   0% used [0x04e50000, 0x04e50000, 0x04ed0000)
 tenured generation   total 10944K, used 1014K [0x09f50000, 0x0aa00000, 0x14a00000)
   the space 10944K,   9% used [0x09f50000, 0x0a04d808, 0x0a04da00, 0x0aa00000)
 Metaspace       used 6590K, capacity 6768K, committed 6912K, reserved 7552K
}
Event: 3.844 GC heap before
{Heap before GC invocations=1 (full 0):
 def new generation   total 4928K, used 4928K [0x04a00000, 0x04f50000, 0x09f50000)
  eden space 4416K, 100% used [0x04a00000, 0x04e50000, 0x04e50000)
  from space 512K, 100% used [0x04ed0000, 0x04f50000, 0x04f50000)
  to   space 512K,   0% used [0x04e50000, 0x04e50000, 0x04ed0000)
 tenured generation   total 10944K, used 1014K [0x09f50000, 0x0aa00000, 0x14a00000)
   the space 10944K,   9% used [0x09f50000, 0x0a04d808, 0x0a04da00, 0x0aa00000)
 Metaspace       used 9197K, capacity 9390K, committed 9600K, reserved 9600K
Event: 3.866 GC heap after
Heap after GC invocations=2 (full 0):
 def new generation   total 4928K, used 512K [0x04a00000, 0x04f50000, 0x09f50000)
  eden space 4416K,   0% used [0x04a00000, 0x04a00000, 0x04e50000)
  from space 512K, 100% used [0x04e50000, 0x04ed0000, 0x04ed0000)
  to   space 512K,   0% used [0x04ed0000, 0x04ed0000, 0x04f50000)
 tenured generation   total 10944K, used 2495K [0x09f50000, 0x0aa00000, 0x14a00000)
   the space 10944K,  22% used [0x09f50000, 0x0a1bfd98, 0x0a1bfe00, 0x0aa00000)
 Metaspace       used 9197K, capacity 9390K, committed 9600K, reserved 9600K
}
Event: 4.832 GC heap before
{Heap before GC invocations=2 (full 0):
 def new generation   total 4928K, used 4928K [0x04a00000, 0x04f50000, 0x09f50000)
  eden space 4416K, 100% used [0x04a00000, 0x04e50000, 0x04e50000)
  from space 512K, 100% used [0x04e50000, 0x04ed0000, 0x04ed0000)
  to   space 512K,   0% used [0x04ed0000, 0x04ed0000, 0x04f50000)
 tenured generation   total 10944K, used 2495K [0x09f50000, 0x0aa00000, 0x14a00000)
   the space 10944K,  22% used [0x09f50000, 0x0a1bfd98, 0x0a1bfe00, 0x0aa00000)
 Metaspace       used 9803K, capacity 9998K, committed 10112K, reserved 10624K
Event: 4.843 GC heap after
Heap after GC invocations=3 (full 0):
 def new generation   total 4928K, used 511K [0x04a00000, 0x04f50000, 0x09f50000)
  eden space 4416K,   0% used [0x04a00000, 0x04a00000, 0x04e50000)
  from space 512K,  99% used [0x04ed0000, 0x04f4fff8, 0x04f50000)
  to   space 512K,   0% used [0x04e50000, 0x04e50000, 0x04ed0000)
 tenured generation   total 10944K, used 2941K [0x09f50000, 0x0aa00000, 0x14a00000)
   the space 10944K,  26% used [0x09f50000, 0x0a22f520, 0x0a22f600, 0x0aa00000)
 Metaspace       used 9803K, capacity 9998K, committed 10112K, reserved 10624K
}
Event: 5.413 GC heap before
{Heap before GC invocations=3 (full 0):
 def new generation   total 4928K, used 4927K [0x04a00000, 0x04f50000, 0x09f50000)
  eden space 4416K, 100% used [0x04a00000, 0x04e50000, 0x04e50000)
  from space 512K,  99% used [0x04ed0000, 0x04f4fff8, 0x04f50000)
  to   space 512K,   0% used [0x04e50000, 0x04e50000, 0x04ed0000)
 tenured generation   total 10944K, used 2941K [0x09f50000, 0x0aa00000, 0x14a00000)
   the space 10944K,  26% used [0x09f50000, 0x0a22f520, 0x0a22f600, 0x0aa00000)
 Metaspace       used 10279K, capacity 10448K, committed 10624K, reserved 10624K
Event: 5.419 GC heap after
Heap after GC invocations=4 (full 0):
 def new generation   total 4928K, used 511K [0x04a00000, 0x04f50000, 0x09f50000)
  eden space 4416K,   0% used [0x04a00000, 0x04a00000, 0x04e50000)
  from space 512K,  99% used [0x04e50000, 0x04ecff68, 0x04ed0000)
  to   space 512K,   0% used [0x04ed0000, 0x04ed0000, 0x04f50000)
 tenured generation   total 10944K, used 3209K [0x09f50000, 0x0aa00000, 0x14a00000)
   the space 10944K,  29% used [0x09f50000, 0x0a272408, 0x0a272600, 0x0aa00000)
 Metaspace       used 10279K, capacity 10448K, committed 10624K, reserved 10624K
}
Event: 22.884 GC heap before
{Heap before GC invocations=4 (full 0):
 def new generation   total 4928K, used 4387K [0x04a00000, 0x04f50000, 0x09f50000)
  eden space 4416K,  87% used [0x04a00000, 0x04dc8f90, 0x04e50000)
  from space 512K,  99% used [0x04e50000, 0x04ecff68, 0x04ed0000)
  to   space 512K,   0% used [0x04ed0000, 0x04ed0000, 0x04f50000)
 tenured generation   total 10944K, used 3209K [0x09f50000, 0x0aa00000, 0x14a00000)
   the space 10944K,  29% used [0x09f50000, 0x0a272408, 0x0a272600, 0x0aa00000)
 Metaspace       used 10838K, capacity 11037K, committed 11264K, reserved 11648K
Event: 22.903 GC heap after
Heap after GC invocations=5 (full 0):
 def new generation   total 4928K, used 229K [0x04a00000, 0x04f50000, 0x09f50000)
  eden space 4416K,   0% used [0x04a00000, 0x04a00000, 0x04e50000)
  from space 512K,  44% used [0x04ed0000, 0x04f09540, 0x04f50000)
  to   space 512K,   0% used [0x04e50000, 0x04e50000, 0x04ed0000)
 tenured generation   total 10944K, used 4834K [0x09f50000, 0x0aa00000, 0x14a00000)
   the space 10944K,  44% used [0x09f50000, 0x0a408ab8, 0x0a408c00, 0x0aa00000)
 Metaspace       used 10838K, capacity 11037K, committed 11264K, reserved 11648K
}

Deoptimization events (0 events):
No events

Internal exceptions (10 events):
Event: 3.652 Thread 0x16359000 Exception <a 'java/security/PrivilegedActionException'> (0x04ce8cb0) thrown at [C:\re\workspace\8-2-build-windows-i586-cygwin\jdk8u45\3457\hotspot\src\share\vm\prims\jvm.cpp, line 1382]
Event: 4.826 Thread 0x0123c400 Exception <a 'java/lang/NoClassDefFoundError': org/slf4j/impl/StaticLoggerBinder> (0x04e41730) thrown at [C:\re\workspace\8-2-build-windows-i586-cygwin\jdk8u45\3457\hotspot\src\share\vm\classfile\systemDictionary.cpp, line 199]
Event: 4.875 Thread 0x0123c400 Exception <a 'java/lang/NullPointerException'> (0x04a47640) thrown at [C:\re\workspace\8-2-build-windows-i586-cygwin\jdk8u45\3457\hotspot\src\share\vm\interpreter\linkResolver.cpp, line 1178]
Event: 4.877 Thread 0x0123c400 Exception <a 'java/lang/UnsatisfiedLinkError': Det går inte att hitta den angivna modulen.
> (0x04a47be8) thrown at [C:\re\workspace\8-2-build-windows-i586-cygwin\jdk8u45\3457\hotspot\src\share\vm\prims\jni.cpp, line 735]
Event: 4.878 Thread 0x0123c400 Exception <a 'java/lang/UnsatisfiedLinkError': Det går inte att hitta den angivna modulen.
> (0x04a47ea8) thrown at [C:\re\workspace\8-2-build-windows-i586-cygwin\jdk8u45\3457\hotspot\src\share\vm\prims\jni.cpp, line 735]
Event: 4.879 Thread 0x0123c400 Exception <a 'java/lang/UnsatisfiedLinkError': Det går inte att hitta den angivna modulen.
> (0x04a481e0) thrown at [C:\re\workspace\8-2-build-windows-i586-cygwin\jdk8u45\3457\hotspot\src\share\vm\prims\jni.cpp, line 735]
Event: 4.880 Thread 0x0123c400 Exception <a 'java/lang/UnsatisfiedLinkError'> (0x04a4a610) thrown at [C:\re\workspace\8-2-build-windows-i586-cygwin\jdk8u45\3457\hotspot\src\share\vm\oops\instanceKlass.cpp, line 938]
Event: 4.898 Thread 0x0123c400 Exception <a 'java/lang/NullPointerException'> (0x04a7fbf8) thrown at [C:\re\workspace\8-2-build-windows-i586-cygwin\jdk8u45\3457\hotspot\src\share\vm\interpreter\linkResolver.cpp, line 1178]
Event: 20.641 Thread 0x1646f400 Exception <a 'java/lang/NoSuchMethodError': <clinit>> (0x04c94898) thrown at [C:\re\workspace\8-2-build-windows-i586-cygwin\jdk8u45\3457\hotspot\src\share\vm\prims\jni.cpp, line 1598]
Event: 21.597 Thread 0x16472800 Exception <a 'java/lang/NoSuchMethodError': <clinit>> (0x04cf3498) thrown at [C:\re\workspace\8-2-build-windows-i586-cygwin\jdk8u45\3457\hotspot\src\share\vm\prims\jni.cpp, line 1598]

Events (10 events):
Event: 22.935 Thread 0x163bf400 Thread added: 0x163bf400
Event: 22.935 loading class java/awt/geom/Rectangle2D$Double done
Event: 22.937 Thread 0x163bfc00 Thread added: 0x163bfc00
Event: 22.937 loading class java/awt/LinearGradientPaintContext
Event: 22.937 Thread 0x163bc400 Thread added: 0x163bc400
Event: 22.938 loading class java/awt/MultipleGradientPaintContext
Event: 22.938 loading class java/awt/PaintContext
Event: 22.938 loading class java/awt/PaintContext done
Event: 22.938 loading class java/awt/MultipleGradientPaintContext done
Event: 22.938 loading class java/awt/LinearGradientPaintContext done


Dynamic libraries:
0x01330000 - 0x01363000 	C:\Program Files (x86)\Java\jdk1.8.0_45\bin\java.exe
0x770c0000 - 0x7722e000 	C:\WINDOWS\SYSTEM32\ntdll.dll
0x76b90000 - 0x76cd0000 	C:\WINDOWS\SYSTEM32\KERNEL32.DLL
0x74f80000 - 0x75057000 	C:\WINDOWS\SYSTEM32\KERNELBASE.dll
0x746f0000 - 0x74790000 	C:\WINDOWS\system32\apphelp.dll
0x71670000 - 0x718d5000 	C:\WINDOWS\AppPatch\AcGenral.DLL
0x76ac0000 - 0x76b83000 	C:\WINDOWS\SYSTEM32\msvcrt.dll
0x75530000 - 0x75571000 	C:\WINDOWS\SYSTEM32\sechost.dll
0x748c0000 - 0x748de000 	C:\WINDOWS\SYSTEM32\SspiCli.dll
0x769c0000 - 0x76a05000 	C:\WINDOWS\SYSTEM32\SHLWAPI.dll
0x73f10000 - 0x73ffd000 	C:\WINDOWS\SYSTEM32\UxTheme.dll
0x75230000 - 0x75383000 	C:\WINDOWS\SYSTEM32\USER32.dll
0x76cd0000 - 0x76dde000 	C:\WINDOWS\SYSTEM32\GDI32.dll
0x74100000 - 0x74123000 	C:\WINDOWS\SYSTEM32\WINMM.dll
0x72920000 - 0x72933000 	C:\WINDOWS\SYSTEM32\samcli.dll
0x75070000 - 0x75198000 	C:\WINDOWS\SYSTEM32\ole32.dll
0x74900000 - 0x74995000 	C:\WINDOWS\SYSTEM32\OLEAUT32.dll
0x72d70000 - 0x72d87000 	C:\WINDOWS\SYSTEM32\MSACM32.dll
0x72d60000 - 0x72d68000 	C:\WINDOWS\SYSTEM32\VERSION.dll
0x75580000 - 0x7682c000 	C:\WINDOWS\SYSTEM32\SHELL32.dll
0x74300000 - 0x7431b000 	C:\WINDOWS\SYSTEM32\USERENV.dll
0x73ef0000 - 0x73f0a000 	C:\WINDOWS\SYSTEM32\dwmapi.dll
0x71350000 - 0x7149b000 	C:\WINDOWS\SYSTEM32\urlmon.dll
0x751a0000 - 0x7521c000 	C:\WINDOWS\SYSTEM32\ADVAPI32.dll
0x743d0000 - 0x74435000 	C:\WINDOWS\SYSTEM32\WINSPOOL.DRV
0x74450000 - 0x74466000 	C:\WINDOWS\SYSTEM32\MPR.dll
0x76870000 - 0x7692a000 	C:\WINDOWS\SYSTEM32\RPCRT4.dll
0x748b0000 - 0x748ba000 	C:\WINDOWS\SYSTEM32\CRYPTBASE.dll
0x74bc0000 - 0x74d3d000 	C:\WINDOWS\SYSTEM32\combase.dll
0x740c0000 - 0x740e3000 	C:\WINDOWS\SYSTEM32\WINMMBASE.dll
0x740f0000 - 0x740ff000 	C:\WINDOWS\SYSTEM32\profapi.dll
0x73210000 - 0x73442000 	C:\WINDOWS\SYSTEM32\iertutil.dll
0x73490000 - 0x73665000 	C:\WINDOWS\SYSTEM32\WININET.dll
0x74850000 - 0x748a4000 	C:\WINDOWS\SYSTEM32\bcryptPrimitives.dll
0x76a70000 - 0x76aac000 	C:\WINDOWS\SYSTEM32\cfgmgr32.dll
0x74000000 - 0x74021000 	C:\WINDOWS\SYSTEM32\DEVOBJ.dll
0x74030000 - 0x740bb000 	C:\WINDOWS\SYSTEM32\SHCORE.DLL
0x76840000 - 0x76867000 	C:\WINDOWS\system32\IMM32.DLL
0x74e60000 - 0x74f72000 	C:\WINDOWS\SYSTEM32\MSCTF.dll
0x73710000 - 0x73916000 	C:\WINDOWS\WinSxS\x86_microsoft.windows.common-controls_6595b64144ccf1df_6.0.9600.17415_none_a9ed7f470139b3c1\COMCTL32.dll
0x5c160000 - 0x5c21f000 	C:\Program Files (x86)\Java\jdk1.8.0_45\jre\bin\msvcr100.dll
0x5bda0000 - 0x5c160000 	C:\Program Files (x86)\Java\jdk1.8.0_45\jre\bin\client\jvm.dll
0x6e840000 - 0x6e848000 	C:\WINDOWS\SYSTEM32\WSOCK32.dll
0x75220000 - 0x75226000 	C:\WINDOWS\SYSTEM32\PSAPI.DLL
0x74d40000 - 0x74d90000 	C:\WINDOWS\SYSTEM32\WS2_32.dll
0x75520000 - 0x75527000 	C:\WINDOWS\SYSTEM32\NSI.dll
0x69ad0000 - 0x69adc000 	C:\Program Files (x86)\Java\jdk1.8.0_45\jre\bin\verify.dll
0x69aa0000 - 0x69ac1000 	C:\Program Files (x86)\Java\jdk1.8.0_45\jre\bin\java.dll
0x693c0000 - 0x693d3000 	C:\Program Files (x86)\Java\jdk1.8.0_45\jre\bin\zip.dll
0x693a0000 - 0x693b5000 	C:\Program Files (x86)\Java\jdk1.8.0_45\jre\bin\net.dll
0x73d70000 - 0x73dbb000 	C:\WINDOWS\system32\mswsock.dll
0x5bc50000 - 0x5bd95000 	C:\Program Files (x86)\Java\jdk1.8.0_45\jre\bin\awt.dll
0x15ae0000 - 0x15b19000 	C:\Program Files (x86)\Samsung\Settings\CmdServer\WinCRT.dll
0x74790000 - 0x74799000 	C:\WINDOWS\SYSTEM32\kernel.appcore.dll
0x63080000 - 0x630b9000 	C:\Program Files (x86)\Java\jdk1.8.0_45\jre\bin\fontmanager.dll
0x69a90000 - 0x69a9f000 	C:\Program Files (x86)\Java\jdk1.8.0_45\jre\bin\nio.dll
0x61fa0000 - 0x61fd0000 	C:\Program Files (x86)\Java\jdk1.8.0_45\jre\bin\t2k.dll
0x73940000 - 0x73960000 	C:\WINDOWS\SYSTEM32\IPHLPAPI.DLL
0x730f0000 - 0x730f8000 	C:\WINDOWS\SYSTEM32\WINNSI.DLL
0x72730000 - 0x72743000 	C:\WINDOWS\SYSTEM32\dhcpcsvc6.DLL
0x72710000 - 0x72724000 	C:\WINDOWS\SYSTEM32\dhcpcsvc.DLL
0x76930000 - 0x769bd000 	C:\WINDOWS\SYSTEM32\clbcatq.dll
0x708c0000 - 0x70a2b000 	C:\WINDOWS\SYSTEM32\WindowsCodecs.dll
0x72670000 - 0x72689000 	C:\WINDOWS\SYSTEM32\CRYPTSP.dll
0x72640000 - 0x72670000 	C:\WINDOWS\system32\rsaenh.dll
0x72620000 - 0x7263e000 	C:\WINDOWS\SYSTEM32\bcrypt.dll
0x74320000 - 0x743a9000 	C:\WINDOWS\WinSxS\x86_microsoft.windows.common-controls_6595b64144ccf1df_5.82.9600.17415_none_7c5769eaaa0aa358\comctl32.dll
0x749a0000 - 0x74b51000 	C:\WINDOWS\SYSTEM32\SETUPAPI.dll
0x70a40000 - 0x70b7a000 	C:\WINDOWS\system32\propsys.dll
0x5bab0000 - 0x5bc4a000 	C:\WINDOWS\system32\NetworkExplorer.dll
0x6f290000 - 0x6f2b3000 	C:\Windows\SYSTEM32\thumbcache.dll
0x57770000 - 0x57779000 	C:\WINDOWS\System32\drprov.dll
0x73c40000 - 0x73c85000 	C:\WINDOWS\System32\WINSTA.dll
0x57750000 - 0x57762000 	C:\WINDOWS\System32\ntlanman.dll
0x57590000 - 0x575aa000 	C:\WINDOWS\System32\davclnt.dll
0x57580000 - 0x5758a000 	C:\WINDOWS\System32\DAVHLPR.dll
0x730a0000 - 0x730b1000 	C:\WINDOWS\System32\wkscli.dll
0x70450000 - 0x7045f000 	C:\WINDOWS\SYSTEM32\cscapi.dll
0x730e0000 - 0x730ea000 	C:\WINDOWS\System32\netutils.dll
0x57510000 - 0x5757e000 	C:\Windows\SYSTEM32\dlnashext.dll
0x5d5c0000 - 0x5d5f9000 	C:\Windows\System32\PlayToDevice.dll
0x61f10000 - 0x61f2a000 	C:\Windows\System32\DevDispItemProvider.dll
0x6f000000 - 0x6f103000 	C:\Windows\SYSTEM32\actxprxy.dll
0x5ba70000 - 0x5baa7000 	C:\WINDOWS\System32\netprofm.dll
0x69390000 - 0x69399000 	C:\WINDOWS\System32\npmproxy.dll
0x5b880000 - 0x5ba66000 	C:\WINDOWS\system32\wpdshext.dll
0x74130000 - 0x742a0000 	C:\WINDOWS\WinSxS\x86_microsoft.windows.gdiplus_6595b64144ccf1df_1.1.9600.17415_none_dad8722c5bcc2d8f\gdiplus.dll
0x5b7f0000 - 0x5b880000 	C:\Windows\SYSTEM32\PortableDeviceApi.dll
0x74e20000 - 0x74e5d000 	C:\WINDOWS\SYSTEM32\WINTRUST.dll
0x75390000 - 0x75518000 	C:\WINDOWS\SYSTEM32\CRYPT32.dll
0x76ab0000 - 0x76abe000 	C:\WINDOWS\SYSTEM32\MSASN1.dll
0x5b7b0000 - 0x5b7f0000 	C:\WINDOWS\system32\audiodev.dll
0x5b360000 - 0x5b5f1000 	C:\WINDOWS\system32\WMVCore.DLL
0x5b770000 - 0x5b7ad000 	C:\WINDOWS\system32\WMASF.DLL
0x6e850000 - 0x6e85b000 	C:\WINDOWS\SYSTEM32\LINKINFO.dll
0x72900000 - 0x72914000 	C:\WINDOWS\SYSTEM32\SAMLIB.dll
0x180d0000 - 0x1810d000 	C:\Users\Alexander\AppData\Local\Temp\jna-Alexander\jna7502238888239732970.dll
0x61f30000 - 0x61f59000 	C:\Users\Alexander\Documents\GitHub\sadoksync\Client\SadokSync\target\classes\VLC\libvlc.dll
0x5b0d0000 - 0x5b359000 	C:\Users\Alexander\Documents\GitHub\sadoksync\Client\SadokSync\target\classes\VLC\libvlccore.dll
0x5b040000 - 0x5b0cd000 	C:\Users\Alexander\Documents\GitHub\sadoksync\Client\SadokSync\target\classes\VLC\plugins\access\libdshow_plugin.dll
0x61f80000 - 0x61f91000 	C:\Users\Alexander\Documents\GitHub\sadoksync\Client\SadokSync\target\classes\VLC\plugins\audio_output\libdirectsound_plugin.dll
0x5b750000 - 0x5b761000 	C:\Users\Alexander\Documents\GitHub\sadoksync\Client\SadokSync\target\classes\VLC\plugins\audio_output\libwaveout_plugin.dll
0x5b730000 - 0x5b74d000 	C:\Users\Alexander\Documents\GitHub\sadoksync\Client\SadokSync\target\classes\VLC\plugins\video_output\libdirect3d_plugin.dll
0x5b020000 - 0x5b03a000 	C:\Users\Alexander\Documents\GitHub\sadoksync\Client\SadokSync\target\classes\VLC\plugins\video_output\libdirectdraw_plugin.dll
0x5af90000 - 0x5b011000 	C:\WINDOWS\SYSTEM32\DSOUND.DLL
0x72980000 - 0x729c0000 	C:\WINDOWS\SYSTEM32\POWRPROF.dll
0x72cb0000 - 0x72d03000 	C:\WINDOWS\System32\MMDevApi.dll
0x5af60000 - 0x5af84000 	C:\Program Files (x86)\Java\jdk1.8.0_45\jre\bin\dcpr.dll
0x73cf0000 - 0x73d6e000 	C:\WINDOWS\SYSTEM32\DNSAPI.dll
0x73ce0000 - 0x73ce8000 	C:\Windows\System32\rasadhlp.dll
0x73c90000 - 0x73cd6000 	C:\WINDOWS\System32\fwpuclnt.dll
0x69550000 - 0x69691000 	C:\WINDOWS\SYSTEM32\dbghelp.dll
0x63070000 - 0x63076000 	C:\Program Files (x86)\Java\jdk1.8.0_45\jre\bin\jawt.dll
0x5ae90000 - 0x5af55000 	C:\Users\Alexander\Documents\GitHub\sadoksync\Client\SadokSync\target\classes\VLC\plugins\access\liblive555_plugin.dll

VM Arguments:
java_command: com.sadoksync.sadoksync.Driver
java_class_path (initial): C:\Users\Alexander\Documents\GitHub\sadoksync\Client\SadokSync\target\classes;C:\Users\Alexander\.m2\repository\uk\co\caprica\vlcj\3.6.0\vlcj-3.6.0.jar;C:\Users\Alexander\.m2\repository\net\java\dev\jna\jna\3.5.2\jna-3.5.2.jar;C:\Users\Alexander\.m2\repository\net\java\dev\jna\platform\3.5.2\platform-3.5.2.jar;C:\Users\Alexander\.m2\repository\org\slf4j\slf4j-api\1.7.10\slf4j-api-1.7.10.jar
Launcher Type: SUN_STANDARD

Environment Variables:
JAVA_HOME=C:\Program Files (x86)\Java\jdk1.8.0_45
PATH=C:\Program Files (x86)\NVIDIA Corporation\PhysX\Common;C:\Program Files (x86)\Intel\iCLS Client\;C:\Program Files\Intel\iCLS Client\;C:\WINDOWS\system32;C:\WINDOWS;C:\WINDOWS\System32\Wbem;C:\WINDOWS\System32\WindowsPowerShell\v1.0\;C:\Program Files\Intel\WiFi\bin\;C:\Program Files\Common Files\Intel\WirelessCommon\;C:\Program Files\Intel\Intel(R) Management Engine Components\DAL;C:\Program Files\Intel\Intel(R) Management Engine Components\IPT;C:\Program Files (x86)\Intel\Intel(R) Management Engine Components\DAL;C:\Program Files (x86)\Intel\Intel(R) Management Engine Components\IPT;C:\Program Files (x86)\Intel\OpenCL SDK\2.0\bin\x86;C:\Program Files (x86)\Intel\OpenCL SDK\2.0\bin\x64;C:\Program Files (x86)\Windows Live\Shared;C:\Program Files\Condusiv Technologies\IntelliMemory\;C:\Program Files\Java\jdk1.7.0_45\bin;C:\VXIPNP\WinNT\Bin;;C:\Program Files\Samsung\AllShare Framework DMS\1.3.23\64bit\???;C:\Program Files (x86)\MiKTeX 2.9\miktex\bin\;C:\Program Files (x86)\OpenVPN\bin
USERNAME=Alexander
OS=Windows_NT
PROCESSOR_IDENTIFIER=Intel64 Family 6 Model 58 Stepping 9, GenuineIntel



---------------  S Y S T E M  ---------------

OS: Windows 8.1 , 64 bit Build 9600 (6.3.9600.17415)

CPU:total 4 (2 cores per cpu, 2 threads per core) family 6 model 58 stepping 9, cmov, cx8, fxsr, mmx, sse, sse2, sse3, ssse3, sse4.1, sse4.2, popcnt, avx, clmul, erms, ht, tsc, tscinvbit, tscinv

Memory: 4k page, physical 8001056k(543608k free), swap 11146788k(1765944k free)

vm_info: Java HotSpot(TM) Client VM (25.45-b02) for windows-x86 JRE (1.8.0_45-b14), built on Apr 10 2015 10:46:40 by "java_re" with MS VC++ 10.0 (VS2010)

time: Thu Apr 23 15:07:33 2015
elapsed time: 23 seconds (0d 0h 0m 23s)

